[0.225s] Invoking command in '/home/ryanl/4231/MTRN4231_Project/build/arm_controller': CMAKE_PREFIX_PATH=/home/ryanl/4231/MTRN4231_Project/install/custom_interfaces:/home/ryanl/4231/MTRN4231_Project/install/ur5e_robot_config:/home/ryanl/4231/MTRN4231_Project/install/end_effector_description:/home/ryanl/4231/MTRN4231_Project/install/arm_controller:/opt/ros/humble /usr/bin/cmake --build /home/ryanl/4231/MTRN4231_Project/build/arm_controller -- -j16 -l16
[0.332s] [35m[1mConsolidate compiler generated dependencies of target arm_controller_node[0m
[0.402s] [ 50%] [32mBuilding CXX object CMakeFiles/arm_controller_node.dir/src/arm_controller_node.cpp.o[0m
[17.163s] [100%] [32m[1mLinking CXX executable arm_controller_node[0m
[18.292s] [100%] Built target arm_controller_node
[18.316s] Invoked command in '/home/ryanl/4231/MTRN4231_Project/build/arm_controller' returned '0': CMAKE_PREFIX_PATH=/home/ryanl/4231/MTRN4231_Project/install/custom_interfaces:/home/ryanl/4231/MTRN4231_Project/install/ur5e_robot_config:/home/ryanl/4231/MTRN4231_Project/install/end_effector_description:/home/ryanl/4231/MTRN4231_Project/install/arm_controller:/opt/ros/humble /usr/bin/cmake --build /home/ryanl/4231/MTRN4231_Project/build/arm_controller -- -j16 -l16
[18.320s] Invoking command in '/home/ryanl/4231/MTRN4231_Project/build/arm_controller': CMAKE_PREFIX_PATH=/home/ryanl/4231/MTRN4231_Project/install/custom_interfaces:/home/ryanl/4231/MTRN4231_Project/install/ur5e_robot_config:/home/ryanl/4231/MTRN4231_Project/install/end_effector_description:/home/ryanl/4231/MTRN4231_Project/install/arm_controller:/opt/ros/humble /usr/bin/cmake --install /home/ryanl/4231/MTRN4231_Project/build/arm_controller
[18.336s] -- Install configuration: ""
[18.337s] -- Execute custom install script
[18.338s] -- Up-to-date symlink: /home/ryanl/4231/MTRN4231_Project/install/arm_controller/lib/arm_controller/arm_controller_node
[18.339s] -- Up-to-date symlink: /home/ryanl/4231/MTRN4231_Project/install/arm_controller/share/arm_controller/launch/arm_controller.launch.py
[18.339s] -- Up-to-date symlink: /home/ryanl/4231/MTRN4231_Project/install/arm_controller/share/arm_controller/launch/moveit_rviz.launch.py
[18.339s] -- Up-to-date symlink: /home/ryanl/4231/MTRN4231_Project/install/arm_controller/share/arm_controller/urdf/ur5e_with_tool.urdf.xacro
[18.340s] -- Up-to-date symlink: /home/ryanl/4231/MTRN4231_Project/install/arm_controller/share/arm_controller/srdf/ur5e_with_tool.srdf
[18.341s] -- Up-to-date symlink: /home/ryanl/4231/MTRN4231_Project/install/arm_controller/share/arm_controller/config/controllers.yaml
[18.341s] -- Up-to-date symlink: /home/ryanl/4231/MTRN4231_Project/install/arm_controller/share/arm_controller/config/end_effector_withDriverSupport.srdf
[18.341s] -- Up-to-date symlink: /home/ryanl/4231/MTRN4231_Project/install/arm_controller/share/arm_controller/config/joint_limits.yaml
[18.341s] -- Up-to-date symlink: /home/ryanl/4231/MTRN4231_Project/install/arm_controller/share/arm_controller/config/kinematics.yaml
[18.342s] -- Up-to-date symlink: /home/ryanl/4231/MTRN4231_Project/install/arm_controller/share/arm_controller/config/moveit.rviz
[18.342s] -- Up-to-date symlink: /home/ryanl/4231/MTRN4231_Project/install/arm_controller/share/arm_controller/config/moveit_controllers.yaml
[18.342s] -- Up-to-date symlink: /home/ryanl/4231/MTRN4231_Project/install/arm_controller/share/arm_controller/config/params.yaml
[18.342s] -- Up-to-date symlink: /home/ryanl/4231/MTRN4231_Project/install/arm_controller/share/arm_controller/config/pilz_cartesian_limits.yaml
[18.343s] -- Up-to-date symlink: /home/ryanl/4231/MTRN4231_Project/install/arm_controller/share/ament_index/resource_index/package_run_dependencies/arm_controller
[18.343s] -- Up-to-date symlink: /home/ryanl/4231/MTRN4231_Project/install/arm_controller/share/ament_index/resource_index/parent_prefix_path/arm_controller
[18.344s] -- Up-to-date symlink: /home/ryanl/4231/MTRN4231_Project/install/arm_controller/share/arm_controller/environment/ament_prefix_path.sh
[18.344s] -- Up-to-date symlink: /home/ryanl/4231/MTRN4231_Project/install/arm_controller/share/arm_controller/environment/ament_prefix_path.dsv
[18.345s] -- Up-to-date symlink: /home/ryanl/4231/MTRN4231_Project/install/arm_controller/share/arm_controller/environment/path.sh
[18.345s] -- Up-to-date symlink: /home/ryanl/4231/MTRN4231_Project/install/arm_controller/share/arm_controller/environment/path.dsv
[18.345s] -- Up-to-date symlink: /home/ryanl/4231/MTRN4231_Project/install/arm_controller/share/arm_controller/local_setup.bash
[18.346s] -- Up-to-date symlink: /home/ryanl/4231/MTRN4231_Project/install/arm_controller/share/arm_controller/local_setup.sh
[18.346s] -- Up-to-date symlink: /home/ryanl/4231/MTRN4231_Project/install/arm_controller/share/arm_controller/local_setup.zsh
[18.347s] -- Up-to-date symlink: /home/ryanl/4231/MTRN4231_Project/install/arm_controller/share/arm_controller/local_setup.dsv
[18.347s] -- Symlinking: /home/ryanl/4231/MTRN4231_Project/install/arm_controller/share/arm_controller/package.dsv
[18.366s] -- Up-to-date symlink: /home/ryanl/4231/MTRN4231_Project/install/arm_controller/share/ament_index/resource_index/packages/arm_controller
[18.367s] -- Up-to-date symlink: /home/ryanl/4231/MTRN4231_Project/install/arm_controller/share/arm_controller/cmake/arm_controllerConfig.cmake
[18.367s] -- Up-to-date symlink: /home/ryanl/4231/MTRN4231_Project/install/arm_controller/share/arm_controller/cmake/arm_controllerConfig-version.cmake
[18.367s] -- Up-to-date symlink: /home/ryanl/4231/MTRN4231_Project/install/arm_controller/share/arm_controller/package.xml
[18.373s] Invoked command in '/home/ryanl/4231/MTRN4231_Project/build/arm_controller' returned '0': CMAKE_PREFIX_PATH=/home/ryanl/4231/MTRN4231_Project/install/custom_interfaces:/home/ryanl/4231/MTRN4231_Project/install/ur5e_robot_config:/home/ryanl/4231/MTRN4231_Project/install/end_effector_description:/home/ryanl/4231/MTRN4231_Project/install/arm_controller:/opt/ros/humble /usr/bin/cmake --install /home/ryanl/4231/MTRN4231_Project/build/arm_controller
