[35m[1mConsolidate compiler generated dependencies of target chess_arm_executor__rosidl_generator_c[0m
[  3%] Built target chess_arm_executor__cpp
[ 12%] Built target chess_arm_executor__rosidl_generator_c
[ 12%] Built target ament_cmake_python_symlink_chess_arm_executor
[35m[1mConsolidate compiler generated dependencies of target chess_arm_executor__rosidl_typesupport_c[0m
[35m[1mConsolidate compiler generated dependencies of target chess_arm_executor__rosidl_typesupport_introspection_c[0m
[35m[1mConsolidate compiler generated dependencies of target chess_arm_executor__rosidl_typesupport_cpp[0m
[35m[1mConsolidate compiler generated dependencies of target chess_arm_executor__rosidl_typesupport_fastrtps_c[0m
[35m[1mConsolidate compiler generated dependencies of target chess_arm_executor__rosidl_typesupport_introspection_cpp[0m
[35m[1mConsolidate compiler generated dependencies of target chess_arm_executor__rosidl_typesupport_fastrtps_cpp[0m
[ 21%] Built target chess_arm_executor__rosidl_typesupport_introspection_c
[ 30%] Built target chess_arm_executor__rosidl_typesupport_cpp
[ 39%] Built target chess_arm_executor__rosidl_typesupport_c
[ 48%] Built target chess_arm_executor__rosidl_typesupport_introspection_cpp
[ 57%] Built target chess_arm_executor__rosidl_typesupport_fastrtps_c
[ 66%] Built target chess_arm_executor__rosidl_typesupport_fastrtps_cpp
[35m[1mConsolidate compiler generated dependencies of target arm_controller_node[0m
[ 66%] Built target chess_arm_executor
[ 69%] [32mBuilding CXX object CMakeFiles/arm_controller_node.dir/src/arm_controller_node.cpp.o[0m
[ 72%] Built target chess_arm_executor__py
[35m[1mConsolidate compiler generated dependencies of target chess_arm_executor__rosidl_generator_py[0m
[ 78%] Built target chess_arm_executor__rosidl_generator_py
[35m[1mConsolidate compiler generated dependencies of target chess_arm_executor__rosidl_typesupport_fastrtps_c__pyext[0m
[35m[1mConsolidate compiler generated dependencies of target chess_arm_executor__rosidl_typesupport_introspection_c__pyext[0m
[35m[1mConsolidate compiler generated dependencies of target chess_arm_executor__rosidl_typesupport_c__pyext[0m
[ 96%] Built target chess_arm_executor__rosidl_typesupport_fastrtps_c__pyext
[ 96%] Built target chess_arm_executor__rosidl_typesupport_introspection_c__pyext
[ 96%] Built target chess_arm_executor__rosidl_typesupport_c__pyext
running egg_info
writing chess_arm_executor.egg-info/PKG-INFO
writing dependency_links to chess_arm_executor.egg-info/dependency_links.txt
writing top-level names to chess_arm_executor.egg-info/top_level.txt
reading manifest file 'chess_arm_executor.egg-info/SOURCES.txt'
writing manifest file 'chess_arm_executor.egg-info/SOURCES.txt'
[ 96%] Built target ament_cmake_python_build_chess_arm_executor_egg
In file included from [01m[K/opt/ros/humble/include/rclcpp/rclcpp/client.hpp:39[m[K,
                 from [01m[K/opt/ros/humble/include/rclcpp/rclcpp/callback_group.hpp:24[m[K,
                 from [01m[K/opt/ros/humble/include/rclcpp/rclcpp/any_executable.hpp:20[m[K,
                 from [01m[K/opt/ros/humble/include/rclcpp/rclcpp/memory_strategy.hpp:25[m[K,
                 from [01m[K/opt/ros/humble/include/rclcpp/rclcpp/memory_strategies.hpp:18[m[K,
                 from [01m[K/opt/ros/humble/include/rclcpp/rclcpp/executor_options.hpp:20[m[K,
                 from [01m[K/opt/ros/humble/include/rclcpp/rclcpp/executor.hpp:37[m[K,
                 from [01m[K/opt/ros/humble/include/rclcpp/rclcpp/executors/multi_threaded_executor.hpp:25[m[K,
                 from [01m[K/opt/ros/humble/include/rclcpp/rclcpp/executors.hpp:21[m[K,
                 from [01m[K/opt/ros/humble/include/rclcpp/rclcpp/rclcpp.hpp:155[m[K,
                 from [01m[K/home/ryanl/4231/MTRN4231_Project/src/chess_arm_executor/src/arm_controller_node.cpp:1[m[K:
/opt/ros/humble/include/rclcpp/rclcpp/function_traits.hpp: In instantiation of ‘[01m[Kstruct rclcpp::function_traits::function_traits<void (ChessArmExecutor::ChessArmExecutor()::<lambda()>::*)()>[m[K’:
[01m[K/opt/ros/humble/include/rclcpp/rclcpp/function_traits.hpp:51:9:[m[K   required from ‘[01m[Kstruct rclcpp::function_traits::function_traits<ChessArmExecutor::ChessArmExecutor()::<lambda()> >[m[K’
[01m[K/opt/ros/humble/include/rclcpp/rclcpp/function_traits.hpp:165:8:[m[K   required from ‘[01m[Kstruct rclcpp::function_traits::same_arguments<ChessArmExecutor::ChessArmExecutor()::<lambda()>, std::function<void()> >[m[K’
[01m[K/opt/ros/humble/include/rclcpp/rclcpp/timer.hpp:167:80:[m[K   required by substitution of ‘[01m[Ktemplate<class DurationRepT, class DurationT, class CallbackT> typename rclcpp::WallTimer<CallbackT>::SharedPtr rclcpp::Node::create_wall_timer(std::chrono::duration<_Rep1, _Period1>, CallbackT, rclcpp::CallbackGroup::SharedPtr) [with DurationRepT = long int; DurationT = std::ratio<1, 1000>; CallbackT = ChessArmExecutor::ChessArmExecutor()::<lambda()>][m[K’
[01m[K/home/ryanl/4231/MTRN4231_Project/src/chess_arm_executor/src/arm_controller_node.cpp:25:41:[m[K   required from here
[01m[K/opt/ros/humble/include/rclcpp/rclcpp/function_traits.hpp:52:40:[m[K [01;31m[Kerror: [m[K‘[01m[Koperator()[m[K’ is not a member of ‘[01m[Kvoid (ChessArmExecutor::ChessArmExecutor()::<lambda()>::*)()[m[K’
   52 |     typename function_traits<decltype( [01;31m[K&FunctionT::operator()[m[K)>::arguments>::type;
      |                                        [01;31m[K^~~~~~~~~~~~~~~~~~~~~~[m[K
[01m[K/opt/ros/humble/include/rclcpp/rclcpp/function_traits.hpp:52:40:[m[K [01;31m[Kerror: [m[K‘[01m[Koperator()[m[K’ is not a member of ‘[01m[Kvoid (ChessArmExecutor::ChessArmExecutor()::<lambda()>::*)()[m[K’
[01m[K/opt/ros/humble/include/rclcpp/rclcpp/function_traits.hpp:52:40:[m[K [01;31m[Kerror: [m[K‘[01m[Koperator()[m[K’ is not a member of ‘[01m[Kvoid (ChessArmExecutor::ChessArmExecutor()::<lambda()>::*)()[m[K’
[01m[K/home/ryanl/4231/MTRN4231_Project/src/chess_arm_executor/src/arm_controller_node.cpp:[m[K In constructor ‘[01m[KChessArmExecutor::ChessArmExecutor()[m[K’:
[01m[K/home/ryanl/4231/MTRN4231_Project/src/chess_arm_executor/src/arm_controller_node.cpp:25:41:[m[K [01;31m[Kerror: [m[Kno matching function for call to ‘[01m[KChessArmExecutor::create_wall_timer(std::chrono::milliseconds, ChessArmExecutor::ChessArmExecutor()::<lambda()>)[m[K’
   25 |     auto timer = [01;31m[Kthis->create_wall_timer([m[K
      |                  [01;31m[K~~~~~~~~~~~~~~~~~~~~~~~^[m[K
   26 | [01;31m[K      std::chrono::milliseconds(100),[m[K
      |       [01;31m[K~~~~~~~~~~~~~~~~~~~~~~~~~~~~~~~[m[K    
   27 | [01;31m[K      [this, timer_weak = std::weak_ptr<rclcpp::TimerBase>()]() mutable {[m[K
      |       [01;31m[K~~~~~~~~~~~~~~~~~~~~~~~~~~~~~~~~~~~~~~~~~~~~~~~~~~~~~~~~~~~~~~~~~~~[m[K
   28 | [01;31m[K        if (move_group_) return;[m[K
      |         [01;31m[K~~~~~~~~~~~~~~~~~~~~~~~~[m[K         
   29 | [01;31m[K        try {[m[K
      |         [01;31m[K~~~~~[m[K                            
   30 | [01;31m[K          move_group_ = std::make_shared<moveit::planning_interface::MoveGroupInterface>([m[K
      |           [01;31m[K~~~~~~~~~~~~~~~~~~~~~~~~~~~~~~~~~~~~~~~~~~~~~~~~~~~~~~~~~~~~~~~~~~~~~~~~~~~~~~~[m[K
   31 | [01;31m[K            shared_from_this(), "ur_manipulator");[m[K
      |             [01;31m[K~~~~~~~~~~~~~~~~~~~~~~~~~~~~~~~~~~~~~~[m[K
   32 | [01;31m[K          move_group_->setPlannerId("RRTConnectkConfigDefault");[m[K
      |           [01;31m[K~~~~~~~~~~~~~~~~~~~~~~~~~~~~~~~~~~~~~~~~~~~~~~~~~~~~~~[m[K
   33 | [01;31m[K          move_group_->setMaxVelocityScalingFactor(0.5);[m[K
      |           [01;31m[K~~~~~~~~~~~~~~~~~~~~~~~~~~~~~~~~~~~~~~~~~~~~~~[m[K
   34 | [01;31m[K          move_group_->setMaxAccelerationScalingFactor(0.5);[m[K
      |           [01;31m[K~~~~~~~~~~~~~~~~~~~~~~~~~~~~~~~~~~~~~~~~~~~~~~~~~~[m[K
   35 | [01;31m[K          RCLCPP_INFO(get_logger(), "MoveIt MoveGroup ready.");[m[K
      |           [01;31m[K~~~~~~~~~~~~~~~~~~~~~~~~~~~~~~~~~~~~~~~~~~~~~~~~~~~~~[m[K
   36 | [01;31m[K        } catch (...) {[m[K
      |         [01;31m[K~~~~~~~~~~~~~~~[m[K                  
   37 | [01;31m[K          RCLCPP_WARN(get_logger(), "MoveGroup not ready yet, retrying...");[m[K
      |           [01;31m[K~~~~~~~~~~~~~~~~~~~~~~~~~~~~~~~~~~~~~~~~~~~~~~~~~~~~~~~~~~~~~~~~~~[m[K
   38 | [01;31m[K          return;[m[K
      |           [01;31m[K~~~~~~~[m[K                        
   39 | [01;31m[K        }[m[K
      |         [01;31m[K~[m[K                                
   40 | [01;31m[K        if (auto t = timer_weak.lock()) t->cancel();[m[K
      |         [01;31m[K~~~~~~~~~~~~~~~~~~~~~~~~~~~~~~~~~~~~~~~~~~~~[m[K
   41 | [01;31m[K      })[m[K;
      |       [01;31m[K~~[m[K                                 
In file included from [01m[K/opt/ros/humble/include/rclcpp/rclcpp/executors/single_threaded_executor.hpp:28[m[K,
                 from [01m[K/opt/ros/humble/include/rclcpp/rclcpp/executors.hpp:22[m[K,
                 from [01m[K/opt/ros/humble/include/rclcpp/rclcpp/rclcpp.hpp:155[m[K,
                 from [01m[K/home/ryanl/4231/MTRN4231_Project/src/chess_arm_executor/src/arm_controller_node.cpp:1[m[K:
[01m[K/opt/ros/humble/include/rclcpp/rclcpp/node.hpp:238:3:[m[K [01;36m[Knote: [m[Kcandidate: ‘[01m[Ktemplate<class DurationRepT, class DurationT, class CallbackT> typename rclcpp::WallTimer<CallbackT>::SharedPtr rclcpp::Node::create_wall_timer(std::chrono::duration<_Rep1, _Period1>, CallbackT, rclcpp::CallbackGroup::SharedPtr)[m[K’
  238 |   [01;36m[Kcreate_wall_timer[m[K(
      |   [01;36m[K^~~~~~~~~~~~~~~~~[m[K
[01m[K/opt/ros/humble/include/rclcpp/rclcpp/node.hpp:238:3:[m[K [01;36m[Knote: [m[K  substitution of deduced template arguments resulted in errors seen above
gmake[2]: *** [CMakeFiles/arm_controller_node.dir/build.make:76: CMakeFiles/arm_controller_node.dir/src/arm_controller_node.cpp.o] Error 1
gmake[1]: *** [CMakeFiles/Makefile2:593: CMakeFiles/arm_controller_node.dir/all] Error 2
gmake: *** [Makefile:146: all] Error 2
