[0.095s] Invoking command in '/home/ryanl/4231/MTRN4231_Project/build/ur5e_robot_config': CMAKE_PREFIX_PATH=/home/ryanl/4231/MTRN4231_Project/install/end_effector_description:/opt/ros/humble:/home/ryanl/4231/MTRN4231_Project/install/ur5e_robot_config:/home/ryanl/4231/MTRN4231_Project/install/arm_controller:/home/ryanl/4231/MTRN4231_Project/install/arm_interfaces /usr/bin/cmake --build /home/ryanl/4231/MTRN4231_Project/build/ur5e_robot_config -- -j16 -l16
[0.172s] Invoked command in '/home/ryanl/4231/MTRN4231_Project/build/ur5e_robot_config' returned '0': CMAKE_PREFIX_PATH=/home/ryanl/4231/MTRN4231_Project/install/end_effector_description:/opt/ros/humble:/home/ryanl/4231/MTRN4231_Project/install/ur5e_robot_config:/home/ryanl/4231/MTRN4231_Project/install/arm_controller:/home/ryanl/4231/MTRN4231_Project/install/arm_interfaces /usr/bin/cmake --build /home/ryanl/4231/MTRN4231_Project/build/ur5e_robot_config -- -j16 -l16
[0.177s] Invoking command in '/home/ryanl/4231/MTRN4231_Project/build/ur5e_robot_config': CMAKE_PREFIX_PATH=/home/ryanl/4231/MTRN4231_Project/install/end_effector_description:/opt/ros/humble:/home/ryanl/4231/MTRN4231_Project/install/ur5e_robot_config:/home/ryanl/4231/MTRN4231_Project/install/arm_controller:/home/ryanl/4231/MTRN4231_Project/install/arm_interfaces /usr/bin/cmake --install /home/ryanl/4231/MTRN4231_Project/build/ur5e_robot_config
[0.191s] -- Install configuration: ""
[0.191s] -- Execute custom install script
[0.192s] -- Up-to-date symlink: /home/ryanl/4231/MTRN4231_Project/install/ur5e_robot_config/share/ament_index/resource_index/package_run_dependencies/ur5e_robot_config
[0.193s] -- Up-to-date symlink: /home/ryanl/4231/MTRN4231_Project/install/ur5e_robot_config/share/ament_index/resource_index/parent_prefix_path/ur5e_robot_config
[0.194s] -- Up-to-date symlink: /home/ryanl/4231/MTRN4231_Project/install/ur5e_robot_config/share/ur5e_robot_config/environment/ament_prefix_path.sh
[0.194s] -- Up-to-date symlink: /home/ryanl/4231/MTRN4231_Project/install/ur5e_robot_config/share/ur5e_robot_config/environment/ament_prefix_path.dsv
[0.195s] -- Up-to-date symlink: /home/ryanl/4231/MTRN4231_Project/install/ur5e_robot_config/share/ur5e_robot_config/environment/path.sh
[0.195s] -- Up-to-date symlink: /home/ryanl/4231/MTRN4231_Project/install/ur5e_robot_config/share/ur5e_robot_config/environment/path.dsv
[0.196s] -- Up-to-date symlink: /home/ryanl/4231/MTRN4231_Project/install/ur5e_robot_config/share/ur5e_robot_config/local_setup.bash
[0.197s] -- Up-to-date symlink: /home/ryanl/4231/MTRN4231_Project/install/ur5e_robot_config/share/ur5e_robot_config/local_setup.sh
[0.198s] -- Up-to-date symlink: /home/ryanl/4231/MTRN4231_Project/install/ur5e_robot_config/share/ur5e_robot_config/local_setup.zsh
[0.198s] -- Up-to-date symlink: /home/ryanl/4231/MTRN4231_Project/install/ur5e_robot_config/share/ur5e_robot_config/local_setup.dsv
[0.198s] -- Symlinking: /home/ryanl/4231/MTRN4231_Project/install/ur5e_robot_config/share/ur5e_robot_config/package.dsv
[0.220s] -- Up-to-date symlink: /home/ryanl/4231/MTRN4231_Project/install/ur5e_robot_config/share/ament_index/resource_index/packages/ur5e_robot_config
[0.220s] -- Up-to-date symlink: /home/ryanl/4231/MTRN4231_Project/install/ur5e_robot_config/share/ur5e_robot_config/cmake/ur5e_robot_configConfig.cmake
[0.221s] -- Up-to-date symlink: /home/ryanl/4231/MTRN4231_Project/install/ur5e_robot_config/share/ur5e_robot_config/cmake/ur5e_robot_configConfig-version.cmake
[0.222s] -- Up-to-date symlink: /home/ryanl/4231/MTRN4231_Project/install/ur5e_robot_config/share/ur5e_robot_config/package.xml
[0.222s] -- Symlinking: /home/ryanl/4231/MTRN4231_Project/install/ur5e_robot_config/share/ur5e_robot_config/launch/__pycache__/moveit_rviz.launch.cpython-310.pyc
[0.246s] -- Up-to-date symlink: /home/ryanl/4231/MTRN4231_Project/install/ur5e_robot_config/share/ur5e_robot_config/launch/bringup.launch.py
[0.247s] -- Up-to-date symlink: /home/ryanl/4231/MTRN4231_Project/install/ur5e_robot_config/share/ur5e_robot_config/launch/move_group.launch.py
[0.247s] -- Up-to-date symlink: /home/ryanl/4231/MTRN4231_Project/install/ur5e_robot_config/share/ur5e_robot_config/launch/moveit_rviz.launch.py
[0.248s] -- Up-to-date symlink: /home/ryanl/4231/MTRN4231_Project/install/ur5e_robot_config/share/ur5e_robot_config/launch/setup_assistant.launch.py
[0.249s] -- Up-to-date symlink: /home/ryanl/4231/MTRN4231_Project/install/ur5e_robot_config/share/ur5e_robot_config/config/controllers.yaml
[0.250s] -- Up-to-date symlink: /home/ryanl/4231/MTRN4231_Project/install/ur5e_robot_config/share/ur5e_robot_config/config/end_effector_withDriverSupport.srdf
[0.251s] -- Up-to-date symlink: /home/ryanl/4231/MTRN4231_Project/install/ur5e_robot_config/share/ur5e_robot_config/config/joint_limits.yaml
[0.251s] -- Up-to-date symlink: /home/ryanl/4231/MTRN4231_Project/install/ur5e_robot_config/share/ur5e_robot_config/config/kinematics.yaml
[0.251s] -- Up-to-date symlink: /home/ryanl/4231/MTRN4231_Project/install/ur5e_robot_config/share/ur5e_robot_config/config/moveit.rviz
[0.252s] -- Up-to-date symlink: /home/ryanl/4231/MTRN4231_Project/install/ur5e_robot_config/share/ur5e_robot_config/config/moveit_controllers.yaml
[0.253s] -- Up-to-date symlink: /home/ryanl/4231/MTRN4231_Project/install/ur5e_robot_config/share/ur5e_robot_config/config/pilz_cartesian_limits.yaml
[0.253s] -- Up-to-date symlink: /home/ryanl/4231/MTRN4231_Project/install/ur5e_robot_config/share/ur5e_robot_config/.setup_assistant
[0.259s] Invoked command in '/home/ryanl/4231/MTRN4231_Project/build/ur5e_robot_config' returned '0': CMAKE_PREFIX_PATH=/home/ryanl/4231/MTRN4231_Project/install/end_effector_description:/opt/ros/humble:/home/ryanl/4231/MTRN4231_Project/install/ur5e_robot_config:/home/ryanl/4231/MTRN4231_Project/install/arm_controller:/home/ryanl/4231/MTRN4231_Project/install/arm_interfaces /usr/bin/cmake --install /home/ryanl/4231/MTRN4231_Project/build/ur5e_robot_config
