[0.037s] Invoking command in '/home/ryanl/4231/MTRN4231_Project/build/arm_interfaces': /usr/bin/cmake --build /home/ryanl/4231/MTRN4231_Project/build/arm_interfaces -- -j16 -l16
[0.144s] [  3%] Built target arm_interfaces__cpp
[0.147s] [ 12%] Built target arm_interfaces__rosidl_generator_c
[0.169s] [ 12%] Built target ament_cmake_python_copy_arm_interfaces
[0.200s] [ 38%] Built target arm_interfaces__rosidl_typesupport_fastrtps_cpp
[0.200s] [ 38%] Built target arm_interfaces__rosidl_typesupport_c
[0.200s] [ 41%] Built target arm_interfaces__rosidl_typesupport_cpp
[0.201s] [ 70%] Built target arm_interfaces__rosidl_typesupport_fastrtps_c
[0.201s] [ 70%] Built target arm_interfaces__rosidl_typesupport_introspection_c
[0.202s] [ 70%] Built target arm_interfaces__rosidl_typesupport_introspection_cpp
[0.246s] [ 70%] Built target arm_interfaces
[0.292s] [ 74%] Built target arm_interfaces__py
[0.337s] [ 80%] Built target arm_interfaces__rosidl_generator_py
[0.381s] [100%] Built target arm_interfaces__rosidl_typesupport_introspection_c__pyext
[0.382s] [100%] Built target arm_interfaces__rosidl_typesupport_fastrtps_c__pyext
[0.382s] [100%] Built target arm_interfaces__rosidl_typesupport_c__pyext
[0.611s] running egg_info
[0.612s] writing arm_interfaces.egg-info/PKG-INFO
[0.612s] writing dependency_links to arm_interfaces.egg-info/dependency_links.txt
[0.612s] writing top-level names to arm_interfaces.egg-info/top_level.txt
[0.618s] reading manifest file 'arm_interfaces.egg-info/SOURCES.txt'
[0.619s] writing manifest file 'arm_interfaces.egg-info/SOURCES.txt'
[0.674s] [100%] Built target ament_cmake_python_build_arm_interfaces_egg
[0.698s] Invoked command in '/home/ryanl/4231/MTRN4231_Project/build/arm_interfaces' returned '0': /usr/bin/cmake --build /home/ryanl/4231/MTRN4231_Project/build/arm_interfaces -- -j16 -l16
[0.719s] Invoking command in '/home/ryanl/4231/MTRN4231_Project/build/arm_interfaces': /usr/bin/cmake --install /home/ryanl/4231/MTRN4231_Project/build/arm_interfaces
[0.732s] -- Install configuration: ""
[0.733s] -- Up-to-date: /home/ryanl/4231/MTRN4231_Project/install/arm_interfaces/share/ament_index/resource_index/rosidl_interfaces/arm_interfaces
[0.733s] -- Up-to-date: /home/ryanl/4231/MTRN4231_Project/install/arm_interfaces/include/arm_interfaces/arm_interfaces
[0.733s] -- Up-to-date: /home/ryanl/4231/MTRN4231_Project/install/arm_interfaces/include/arm_interfaces/arm_interfaces/action
[0.733s] -- Up-to-date: /home/ryanl/4231/MTRN4231_Project/install/arm_interfaces/include/arm_interfaces/arm_interfaces/action/detail
[0.734s] -- Up-to-date: /home/ryanl/4231/MTRN4231_Project/install/arm_interfaces/include/arm_interfaces/arm_interfaces/action/detail/pick_place__functions.h
[0.734s] -- Up-to-date: /home/ryanl/4231/MTRN4231_Project/install/arm_interfaces/include/arm_interfaces/arm_interfaces/action/detail/pick_place__struct.h
[0.734s] -- Up-to-date: /home/ryanl/4231/MTRN4231_Project/install/arm_interfaces/include/arm_interfaces/arm_interfaces/action/detail/pick_place__type_support.h
[0.734s] -- Up-to-date: /home/ryanl/4231/MTRN4231_Project/install/arm_interfaces/include/arm_interfaces/arm_interfaces/action/detail/pick_place__functions.c
[0.734s] -- Up-to-date: /home/ryanl/4231/MTRN4231_Project/install/arm_interfaces/include/arm_interfaces/arm_interfaces/action/pick_place.h
[0.735s] -- Up-to-date: /home/ryanl/4231/MTRN4231_Project/install/arm_interfaces/include/arm_interfaces/arm_interfaces/msg
[0.735s] -- Up-to-date: /home/ryanl/4231/MTRN4231_Project/install/arm_interfaces/include/arm_interfaces/arm_interfaces/msg/rosidl_generator_c__visibility_control.h
[0.735s] -- Up-to-date: /home/ryanl/4231/MTRN4231_Project/install/arm_interfaces/share/arm_interfaces/environment/library_path.sh
[0.735s] -- Up-to-date: /home/ryanl/4231/MTRN4231_Project/install/arm_interfaces/share/arm_interfaces/environment/library_path.dsv
[0.736s] -- Up-to-date: /home/ryanl/4231/MTRN4231_Project/install/arm_interfaces/lib/libarm_interfaces__rosidl_generator_c.so
[0.736s] -- Up-to-date: /home/ryanl/4231/MTRN4231_Project/install/arm_interfaces/include/arm_interfaces/arm_interfaces
[0.736s] -- Up-to-date: /home/ryanl/4231/MTRN4231_Project/install/arm_interfaces/include/arm_interfaces/arm_interfaces/action
[0.737s] -- Up-to-date: /home/ryanl/4231/MTRN4231_Project/install/arm_interfaces/include/arm_interfaces/arm_interfaces/action/detail
[0.737s] -- Up-to-date: /home/ryanl/4231/MTRN4231_Project/install/arm_interfaces/include/arm_interfaces/arm_interfaces/action/detail/pick_place__rosidl_typesupport_fastrtps_c.h
[0.737s] -- Up-to-date: /home/ryanl/4231/MTRN4231_Project/install/arm_interfaces/include/arm_interfaces/arm_interfaces/msg
[0.738s] -- Up-to-date: /home/ryanl/4231/MTRN4231_Project/install/arm_interfaces/include/arm_interfaces/arm_interfaces/msg/rosidl_typesupport_fastrtps_c__visibility_control.h
[0.738s] -- Up-to-date: /home/ryanl/4231/MTRN4231_Project/install/arm_interfaces/lib/libarm_interfaces__rosidl_typesupport_fastrtps_c.so
[0.738s] -- Up-to-date: /home/ryanl/4231/MTRN4231_Project/install/arm_interfaces/include/arm_interfaces/arm_interfaces
[0.738s] -- Up-to-date: /home/ryanl/4231/MTRN4231_Project/install/arm_interfaces/include/arm_interfaces/arm_interfaces/action
[0.738s] -- Up-to-date: /home/ryanl/4231/MTRN4231_Project/install/arm_interfaces/include/arm_interfaces/arm_interfaces/action/detail
[0.738s] -- Up-to-date: /home/ryanl/4231/MTRN4231_Project/install/arm_interfaces/include/arm_interfaces/arm_interfaces/action/detail/pick_place__type_support.c
[0.738s] -- Up-to-date: /home/ryanl/4231/MTRN4231_Project/install/arm_interfaces/include/arm_interfaces/arm_interfaces/action/detail/pick_place__rosidl_typesupport_introspection_c.h
[0.739s] -- Up-to-date: /home/ryanl/4231/MTRN4231_Project/install/arm_interfaces/include/arm_interfaces/arm_interfaces/msg
[0.739s] -- Up-to-date: /home/ryanl/4231/MTRN4231_Project/install/arm_interfaces/include/arm_interfaces/arm_interfaces/msg/rosidl_typesupport_introspection_c__visibility_control.h
[0.739s] -- Up-to-date: /home/ryanl/4231/MTRN4231_Project/install/arm_interfaces/lib/libarm_interfaces__rosidl_typesupport_introspection_c.so
[0.739s] -- Up-to-date: /home/ryanl/4231/MTRN4231_Project/install/arm_interfaces/lib/libarm_interfaces__rosidl_typesupport_c.so
[0.739s] -- Up-to-date: /home/ryanl/4231/MTRN4231_Project/install/arm_interfaces/include/arm_interfaces/arm_interfaces
[0.740s] -- Up-to-date: /home/ryanl/4231/MTRN4231_Project/install/arm_interfaces/include/arm_interfaces/arm_interfaces/action
[0.740s] -- Up-to-date: /home/ryanl/4231/MTRN4231_Project/install/arm_interfaces/include/arm_interfaces/arm_interfaces/action/pick_place.hpp
[0.740s] -- Up-to-date: /home/ryanl/4231/MTRN4231_Project/install/arm_interfaces/include/arm_interfaces/arm_interfaces/action/detail
[0.740s] -- Up-to-date: /home/ryanl/4231/MTRN4231_Project/install/arm_interfaces/include/arm_interfaces/arm_interfaces/action/detail/pick_place__traits.hpp
[0.741s] -- Up-to-date: /home/ryanl/4231/MTRN4231_Project/install/arm_interfaces/include/arm_interfaces/arm_interfaces/action/detail/pick_place__struct.hpp
[0.741s] -- Up-to-date: /home/ryanl/4231/MTRN4231_Project/install/arm_interfaces/include/arm_interfaces/arm_interfaces/action/detail/pick_place__builder.hpp
[0.741s] -- Up-to-date: /home/ryanl/4231/MTRN4231_Project/install/arm_interfaces/include/arm_interfaces/arm_interfaces/action/detail/pick_place__type_support.hpp
[0.741s] -- Up-to-date: /home/ryanl/4231/MTRN4231_Project/install/arm_interfaces/include/arm_interfaces/arm_interfaces/msg
[0.741s] -- Up-to-date: /home/ryanl/4231/MTRN4231_Project/install/arm_interfaces/include/arm_interfaces/arm_interfaces/msg/rosidl_generator_cpp__visibility_control.hpp
[0.741s] -- Up-to-date: /home/ryanl/4231/MTRN4231_Project/install/arm_interfaces/include/arm_interfaces/arm_interfaces
[0.742s] -- Up-to-date: /home/ryanl/4231/MTRN4231_Project/install/arm_interfaces/include/arm_interfaces/arm_interfaces/action
[0.742s] -- Up-to-date: /home/ryanl/4231/MTRN4231_Project/install/arm_interfaces/include/arm_interfaces/arm_interfaces/action/detail
[0.742s] -- Up-to-date: /home/ryanl/4231/MTRN4231_Project/install/arm_interfaces/include/arm_interfaces/arm_interfaces/action/detail/pick_place__rosidl_typesupport_fastrtps_cpp.hpp
[0.742s] -- Up-to-date: /home/ryanl/4231/MTRN4231_Project/install/arm_interfaces/include/arm_interfaces/arm_interfaces/action/detail/dds_fastrtps
[0.742s] -- Up-to-date: /home/ryanl/4231/MTRN4231_Project/install/arm_interfaces/include/arm_interfaces/arm_interfaces/msg
[0.742s] -- Up-to-date: /home/ryanl/4231/MTRN4231_Project/install/arm_interfaces/include/arm_interfaces/arm_interfaces/msg/rosidl_typesupport_fastrtps_cpp__visibility_control.h
[0.743s] -- Up-to-date: /home/ryanl/4231/MTRN4231_Project/install/arm_interfaces/lib/libarm_interfaces__rosidl_typesupport_fastrtps_cpp.so
[0.743s] -- Up-to-date: /home/ryanl/4231/MTRN4231_Project/install/arm_interfaces/include/arm_interfaces/arm_interfaces
[0.743s] -- Up-to-date: /home/ryanl/4231/MTRN4231_Project/install/arm_interfaces/include/arm_interfaces/arm_interfaces/action
[0.743s] -- Up-to-date: /home/ryanl/4231/MTRN4231_Project/install/arm_interfaces/include/arm_interfaces/arm_interfaces/action/detail
[0.744s] -- Up-to-date: /home/ryanl/4231/MTRN4231_Project/install/arm_interfaces/include/arm_interfaces/arm_interfaces/action/detail/pick_place__rosidl_typesupport_introspection_cpp.hpp
[0.744s] -- Up-to-date: /home/ryanl/4231/MTRN4231_Project/install/arm_interfaces/include/arm_interfaces/arm_interfaces/action/detail/pick_place__type_support.cpp
[0.744s] -- Up-to-date: /home/ryanl/4231/MTRN4231_Project/install/arm_interfaces/lib/libarm_interfaces__rosidl_typesupport_introspection_cpp.so
[0.744s] -- Up-to-date: /home/ryanl/4231/MTRN4231_Project/install/arm_interfaces/lib/libarm_interfaces__rosidl_typesupport_cpp.so
[0.744s] -- Up-to-date: /home/ryanl/4231/MTRN4231_Project/install/arm_interfaces/share/arm_interfaces/environment/pythonpath.sh
[0.745s] -- Up-to-date: /home/ryanl/4231/MTRN4231_Project/install/arm_interfaces/share/arm_interfaces/environment/pythonpath.dsv
[0.745s] -- Up-to-date: /home/ryanl/4231/MTRN4231_Project/install/arm_interfaces/local/lib/python3.10/dist-packages/arm_interfaces-0.0.0-py3.10.egg-info
[0.745s] -- Installing: /home/ryanl/4231/MTRN4231_Project/install/arm_interfaces/local/lib/python3.10/dist-packages/arm_interfaces-0.0.0-py3.10.egg-info/top_level.txt
[0.746s] -- Installing: /home/ryanl/4231/MTRN4231_Project/install/arm_interfaces/local/lib/python3.10/dist-packages/arm_interfaces-0.0.0-py3.10.egg-info/SOURCES.txt
[0.746s] -- Installing: /home/ryanl/4231/MTRN4231_Project/install/arm_interfaces/local/lib/python3.10/dist-packages/arm_interfaces-0.0.0-py3.10.egg-info/dependency_links.txt
[0.746s] -- Installing: /home/ryanl/4231/MTRN4231_Project/install/arm_interfaces/local/lib/python3.10/dist-packages/arm_interfaces-0.0.0-py3.10.egg-info/PKG-INFO
[0.746s] -- Up-to-date: /home/ryanl/4231/MTRN4231_Project/install/arm_interfaces/local/lib/python3.10/dist-packages/arm_interfaces
[0.746s] -- Up-to-date: /home/ryanl/4231/MTRN4231_Project/install/arm_interfaces/local/lib/python3.10/dist-packages/arm_interfaces/_arm_interfaces_s.ep.rosidl_typesupport_fastrtps_c.c
[0.747s] -- Up-to-date: /home/ryanl/4231/MTRN4231_Project/install/arm_interfaces/local/lib/python3.10/dist-packages/arm_interfaces/arm_interfaces_s__rosidl_typesupport_fastrtps_c.cpython-310-x86_64-linux-gnu.so
[0.747s] -- Up-to-date: /home/ryanl/4231/MTRN4231_Project/install/arm_interfaces/local/lib/python3.10/dist-packages/arm_interfaces/__init__.py
[0.747s] -- Up-to-date: /home/ryanl/4231/MTRN4231_Project/install/arm_interfaces/local/lib/python3.10/dist-packages/arm_interfaces/libarm_interfaces__rosidl_generator_py.so
[0.747s] -- Up-to-date: /home/ryanl/4231/MTRN4231_Project/install/arm_interfaces/local/lib/python3.10/dist-packages/arm_interfaces/arm_interfaces_s__rosidl_typesupport_introspection_c.cpython-310-x86_64-linux-gnu.so
[0.747s] -- Up-to-date: /home/ryanl/4231/MTRN4231_Project/install/arm_interfaces/local/lib/python3.10/dist-packages/arm_interfaces/action
[0.747s] -- Up-to-date: /home/ryanl/4231/MTRN4231_Project/install/arm_interfaces/local/lib/python3.10/dist-packages/arm_interfaces/action/_pick_place.py
[0.747s] -- Up-to-date: /home/ryanl/4231/MTRN4231_Project/install/arm_interfaces/local/lib/python3.10/dist-packages/arm_interfaces/action/__init__.py
[0.747s] -- Up-to-date: /home/ryanl/4231/MTRN4231_Project/install/arm_interfaces/local/lib/python3.10/dist-packages/arm_interfaces/action/_pick_place_s.c
[0.747s] -- Up-to-date: /home/ryanl/4231/MTRN4231_Project/install/arm_interfaces/local/lib/python3.10/dist-packages/arm_interfaces/_arm_interfaces_s.ep.rosidl_typesupport_introspection_c.c
[0.747s] -- Up-to-date: /home/ryanl/4231/MTRN4231_Project/install/arm_interfaces/local/lib/python3.10/dist-packages/arm_interfaces/arm_interfaces_s__rosidl_typesupport_c.cpython-310-x86_64-linux-gnu.so
[0.748s] -- Up-to-date: /home/ryanl/4231/MTRN4231_Project/install/arm_interfaces/local/lib/python3.10/dist-packages/arm_interfaces/_arm_interfaces_s.ep.rosidl_typesupport_c.c
[0.797s] Listing '/home/ryanl/4231/MTRN4231_Project/install/arm_interfaces/local/lib/python3.10/dist-packages/arm_interfaces'...
[0.797s] Listing '/home/ryanl/4231/MTRN4231_Project/install/arm_interfaces/local/lib/python3.10/dist-packages/arm_interfaces/action'...
[0.804s] -- Up-to-date: /home/ryanl/4231/MTRN4231_Project/install/arm_interfaces/local/lib/python3.10/dist-packages/arm_interfaces/arm_interfaces_s__rosidl_typesupport_fastrtps_c.cpython-310-x86_64-linux-gnu.so
[0.804s] -- Up-to-date: /home/ryanl/4231/MTRN4231_Project/install/arm_interfaces/local/lib/python3.10/dist-packages/arm_interfaces/arm_interfaces_s__rosidl_typesupport_introspection_c.cpython-310-x86_64-linux-gnu.so
[0.805s] -- Up-to-date: /home/ryanl/4231/MTRN4231_Project/install/arm_interfaces/local/lib/python3.10/dist-packages/arm_interfaces/arm_interfaces_s__rosidl_typesupport_c.cpython-310-x86_64-linux-gnu.so
[0.805s] -- Up-to-date: /home/ryanl/4231/MTRN4231_Project/install/arm_interfaces/lib/libarm_interfaces__rosidl_generator_py.so
[0.806s] -- Up-to-date: /home/ryanl/4231/MTRN4231_Project/install/arm_interfaces/share/arm_interfaces/action/PickPlace.idl
[0.806s] -- Up-to-date: /home/ryanl/4231/MTRN4231_Project/install/arm_interfaces/share/arm_interfaces/action/PickPlace.action
[0.806s] -- Up-to-date: /home/ryanl/4231/MTRN4231_Project/install/arm_interfaces/share/ament_index/resource_index/package_run_dependencies/arm_interfaces
[0.807s] -- Up-to-date: /home/ryanl/4231/MTRN4231_Project/install/arm_interfaces/share/ament_index/resource_index/parent_prefix_path/arm_interfaces
[0.807s] -- Up-to-date: /home/ryanl/4231/MTRN4231_Project/install/arm_interfaces/share/arm_interfaces/environment/ament_prefix_path.sh
[0.807s] -- Up-to-date: /home/ryanl/4231/MTRN4231_Project/install/arm_interfaces/share/arm_interfaces/environment/ament_prefix_path.dsv
[0.808s] -- Up-to-date: /home/ryanl/4231/MTRN4231_Project/install/arm_interfaces/share/arm_interfaces/environment/path.sh
[0.808s] -- Up-to-date: /home/ryanl/4231/MTRN4231_Project/install/arm_interfaces/share/arm_interfaces/environment/path.dsv
[0.808s] -- Up-to-date: /home/ryanl/4231/MTRN4231_Project/install/arm_interfaces/share/arm_interfaces/local_setup.bash
[0.809s] -- Up-to-date: /home/ryanl/4231/MTRN4231_Project/install/arm_interfaces/share/arm_interfaces/local_setup.sh
[0.809s] -- Up-to-date: /home/ryanl/4231/MTRN4231_Project/install/arm_interfaces/share/arm_interfaces/local_setup.zsh
[0.809s] -- Up-to-date: /home/ryanl/4231/MTRN4231_Project/install/arm_interfaces/share/arm_interfaces/local_setup.dsv
[0.809s] -- Installing: /home/ryanl/4231/MTRN4231_Project/install/arm_interfaces/share/arm_interfaces/package.dsv
[0.810s] -- Up-to-date: /home/ryanl/4231/MTRN4231_Project/install/arm_interfaces/share/ament_index/resource_index/packages/arm_interfaces
[0.810s] -- Up-to-date: /home/ryanl/4231/MTRN4231_Project/install/arm_interfaces/share/arm_interfaces/cmake/export_arm_interfaces__rosidl_generator_cExport.cmake
[0.810s] -- Up-to-date: /home/ryanl/4231/MTRN4231_Project/install/arm_interfaces/share/arm_interfaces/cmake/export_arm_interfaces__rosidl_generator_cExport-noconfig.cmake
[0.810s] -- Up-to-date: /home/ryanl/4231/MTRN4231_Project/install/arm_interfaces/share/arm_interfaces/cmake/export_arm_interfaces__rosidl_typesupport_fastrtps_cExport.cmake
[0.811s] -- Up-to-date: /home/ryanl/4231/MTRN4231_Project/install/arm_interfaces/share/arm_interfaces/cmake/export_arm_interfaces__rosidl_typesupport_fastrtps_cExport-noconfig.cmake
[0.811s] -- Up-to-date: /home/ryanl/4231/MTRN4231_Project/install/arm_interfaces/share/arm_interfaces/cmake/arm_interfaces__rosidl_typesupport_introspection_cExport.cmake
[0.811s] -- Up-to-date: /home/ryanl/4231/MTRN4231_Project/install/arm_interfaces/share/arm_interfaces/cmake/arm_interfaces__rosidl_typesupport_introspection_cExport-noconfig.cmake
[0.811s] -- Up-to-date: /home/ryanl/4231/MTRN4231_Project/install/arm_interfaces/share/arm_interfaces/cmake/arm_interfaces__rosidl_typesupport_cExport.cmake
[0.811s] -- Up-to-date: /home/ryanl/4231/MTRN4231_Project/install/arm_interfaces/share/arm_interfaces/cmake/arm_interfaces__rosidl_typesupport_cExport-noconfig.cmake
[0.812s] -- Up-to-date: /home/ryanl/4231/MTRN4231_Project/install/arm_interfaces/share/arm_interfaces/cmake/export_arm_interfaces__rosidl_generator_cppExport.cmake
[0.812s] -- Up-to-date: /home/ryanl/4231/MTRN4231_Project/install/arm_interfaces/share/arm_interfaces/cmake/export_arm_interfaces__rosidl_typesupport_fastrtps_cppExport.cmake
[0.812s] -- Up-to-date: /home/ryanl/4231/MTRN4231_Project/install/arm_interfaces/share/arm_interfaces/cmake/export_arm_interfaces__rosidl_typesupport_fastrtps_cppExport-noconfig.cmake
[0.812s] -- Up-to-date: /home/ryanl/4231/MTRN4231_Project/install/arm_interfaces/share/arm_interfaces/cmake/arm_interfaces__rosidl_typesupport_introspection_cppExport.cmake
[0.812s] -- Up-to-date: /home/ryanl/4231/MTRN4231_Project/install/arm_interfaces/share/arm_interfaces/cmake/arm_interfaces__rosidl_typesupport_introspection_cppExport-noconfig.cmake
[0.813s] -- Up-to-date: /home/ryanl/4231/MTRN4231_Project/install/arm_interfaces/share/arm_interfaces/cmake/arm_interfaces__rosidl_typesupport_cppExport.cmake
[0.813s] -- Up-to-date: /home/ryanl/4231/MTRN4231_Project/install/arm_interfaces/share/arm_interfaces/cmake/arm_interfaces__rosidl_typesupport_cppExport-noconfig.cmake
[0.813s] -- Up-to-date: /home/ryanl/4231/MTRN4231_Project/install/arm_interfaces/share/arm_interfaces/cmake/export_arm_interfaces__rosidl_generator_pyExport.cmake
[0.813s] -- Up-to-date: /home/ryanl/4231/MTRN4231_Project/install/arm_interfaces/share/arm_interfaces/cmake/export_arm_interfaces__rosidl_generator_pyExport-noconfig.cmake
[0.813s] -- Up-to-date: /home/ryanl/4231/MTRN4231_Project/install/arm_interfaces/share/arm_interfaces/cmake/rosidl_cmake-extras.cmake
[0.813s] -- Up-to-date: /home/ryanl/4231/MTRN4231_Project/install/arm_interfaces/share/arm_interfaces/cmake/ament_cmake_export_dependencies-extras.cmake
[0.813s] -- Up-to-date: /home/ryanl/4231/MTRN4231_Project/install/arm_interfaces/share/arm_interfaces/cmake/ament_cmake_export_include_directories-extras.cmake
[0.813s] -- Up-to-date: /home/ryanl/4231/MTRN4231_Project/install/arm_interfaces/share/arm_interfaces/cmake/ament_cmake_export_libraries-extras.cmake
[0.814s] -- Up-to-date: /home/ryanl/4231/MTRN4231_Project/install/arm_interfaces/share/arm_interfaces/cmake/ament_cmake_export_targets-extras.cmake
[0.814s] -- Up-to-date: /home/ryanl/4231/MTRN4231_Project/install/arm_interfaces/share/arm_interfaces/cmake/rosidl_cmake_export_typesupport_targets-extras.cmake
[0.814s] -- Up-to-date: /home/ryanl/4231/MTRN4231_Project/install/arm_interfaces/share/arm_interfaces/cmake/rosidl_cmake_export_typesupport_libraries-extras.cmake
[0.814s] -- Up-to-date: /home/ryanl/4231/MTRN4231_Project/install/arm_interfaces/share/arm_interfaces/cmake/arm_interfacesConfig.cmake
[0.814s] -- Up-to-date: /home/ryanl/4231/MTRN4231_Project/install/arm_interfaces/share/arm_interfaces/cmake/arm_interfacesConfig-version.cmake
[0.814s] -- Up-to-date: /home/ryanl/4231/MTRN4231_Project/install/arm_interfaces/share/arm_interfaces/package.xml
[0.818s] Invoked command in '/home/ryanl/4231/MTRN4231_Project/build/arm_interfaces' returned '0': /usr/bin/cmake --install /home/ryanl/4231/MTRN4231_Project/build/arm_interfaces
