[35m[1mConsolidate compiler generated dependencies of target arm_interfaces__rosidl_generator_c[0m
[  3%] Built target arm_interfaces__cpp
[  6%] Built target ament_cmake_python_copy_arm_interfaces
[ 12%] Built target arm_interfaces__rosidl_generator_c
[35m[1mConsolidate compiler generated dependencies of target arm_interfaces__rosidl_typesupport_fastrtps_cpp[0m
[35m[1mConsolidate compiler generated dependencies of target arm_interfaces__rosidl_typesupport_cpp[0m
[35m[1mConsolidate compiler generated dependencies of target arm_interfaces__rosidl_typesupport_introspection_cpp[0m
[35m[1mConsolidate compiler generated dependencies of target arm_interfaces__rosidl_typesupport_introspection_c[0m
[35m[1mConsolidate compiler generated dependencies of target arm_interfaces__rosidl_typesupport_c[0m
[35m[1mConsolidate compiler generated dependencies of target arm_interfaces__rosidl_typesupport_fastrtps_c[0m
[ 35%] Built target arm_interfaces__rosidl_typesupport_introspection_cpp
[ 35%] Built target arm_interfaces__rosidl_typesupport_fastrtps_cpp
[ 41%] Built target arm_interfaces__rosidl_typesupport_cpp
[ 61%] Built target arm_interfaces__rosidl_typesupport_introspection_c
[ 61%] Built target arm_interfaces__rosidl_typesupport_c
[ 70%] Built target arm_interfaces__rosidl_typesupport_fastrtps_c
[ 70%] Built target arm_interfaces
[ 74%] Built target arm_interfaces__py
[35m[1mConsolidate compiler generated dependencies of target arm_interfaces__rosidl_generator_py[0m
[ 80%] Built target arm_interfaces__rosidl_generator_py
[35m[1mConsolidate compiler generated dependencies of target arm_interfaces__rosidl_typesupport_fastrtps_c__pyext[0m
[35m[1mConsolidate compiler generated dependencies of target arm_interfaces__rosidl_typesupport_introspection_c__pyext[0m
[35m[1mConsolidate compiler generated dependencies of target arm_interfaces__rosidl_typesupport_c__pyext[0m
[ 87%] Built target arm_interfaces__rosidl_typesupport_fastrtps_c__pyext
[ 93%] Built target arm_interfaces__rosidl_typesupport_introspection_c__pyext
[100%] Built target arm_interfaces__rosidl_typesupport_c__pyext
running egg_info
writing arm_interfaces.egg-info/PKG-INFO
writing dependency_links to arm_interfaces.egg-info/dependency_links.txt
writing top-level names to arm_interfaces.egg-info/top_level.txt
reading manifest file 'arm_interfaces.egg-info/SOURCES.txt'
writing manifest file 'arm_interfaces.egg-info/SOURCES.txt'
[100%] Built target ament_cmake_python_build_arm_interfaces_egg
