[0.071s] Invoking command in '/home/ryanl/4231/MTRN4231_Project/build/arm_interfaces': /usr/bin/cmake --build /home/ryanl/4231/MTRN4231_Project/build/arm_interfaces -- -j16 -l16
[0.243s] [35m[1mConsolidate compiler generated dependencies of target arm_interfaces__rosidl_generator_c[0m
[0.257s] [  3%] Built target arm_interfaces__cpp
[0.285s] [  6%] Built target ament_cmake_python_copy_arm_interfaces
[0.285s] [ 12%] Built target arm_interfaces__rosidl_generator_c
[0.288s] [35m[1mConsolidate compiler generated dependencies of target arm_interfaces__rosidl_typesupport_fastrtps_cpp[0m
[0.290s] [35m[1mConsolidate compiler generated dependencies of target arm_interfaces__rosidl_typesupport_cpp[0m
[0.290s] [35m[1mConsolidate compiler generated dependencies of target arm_interfaces__rosidl_typesupport_introspection_cpp[0m
[0.317s] [35m[1mConsolidate compiler generated dependencies of target arm_interfaces__rosidl_typesupport_introspection_c[0m
[0.317s] [35m[1mConsolidate compiler generated dependencies of target arm_interfaces__rosidl_typesupport_c[0m
[0.318s] [35m[1mConsolidate compiler generated dependencies of target arm_interfaces__rosidl_typesupport_fastrtps_c[0m
[0.333s] [ 35%] Built target arm_interfaces__rosidl_typesupport_introspection_cpp
[0.333s] [ 35%] Built target arm_interfaces__rosidl_typesupport_fastrtps_cpp
[0.333s] [ 41%] Built target arm_interfaces__rosidl_typesupport_cpp
[0.346s] [ 61%] Built target arm_interfaces__rosidl_typesupport_introspection_c
[0.346s] [ 61%] Built target arm_interfaces__rosidl_typesupport_c
[0.352s] [ 70%] Built target arm_interfaces__rosidl_typesupport_fastrtps_c
[0.394s] [ 70%] Built target arm_interfaces
[0.444s] [ 74%] Built target arm_interfaces__py
[0.471s] [35m[1mConsolidate compiler generated dependencies of target arm_interfaces__rosidl_generator_py[0m
[0.500s] [ 80%] Built target arm_interfaces__rosidl_generator_py
[0.528s] [35m[1mConsolidate compiler generated dependencies of target arm_interfaces__rosidl_typesupport_fastrtps_c__pyext[0m
[0.528s] [35m[1mConsolidate compiler generated dependencies of target arm_interfaces__rosidl_typesupport_introspection_c__pyext[0m
[0.530s] [35m[1mConsolidate compiler generated dependencies of target arm_interfaces__rosidl_typesupport_c__pyext[0m
[0.558s] [ 87%] Built target arm_interfaces__rosidl_typesupport_fastrtps_c__pyext
[0.559s] [ 93%] Built target arm_interfaces__rosidl_typesupport_introspection_c__pyext
[0.560s] [100%] Built target arm_interfaces__rosidl_typesupport_c__pyext
[0.787s] running egg_info
[0.788s] writing arm_interfaces.egg-info/PKG-INFO
[0.789s] writing dependency_links to arm_interfaces.egg-info/dependency_links.txt
[0.789s] writing top-level names to arm_interfaces.egg-info/top_level.txt
[0.795s] reading manifest file 'arm_interfaces.egg-info/SOURCES.txt'
[0.797s] writing manifest file 'arm_interfaces.egg-info/SOURCES.txt'
[0.843s] [100%] Built target ament_cmake_python_build_arm_interfaces_egg
