[0.037s] Invoking command in '/home/ryanl/4231/MTRN4231_Project/build/arm_interfaces': /usr/bin/cmake --build /home/ryanl/4231/MTRN4231_Project/build/arm_interfaces -- -j16 -l16
[0.224s] [  3%] Built target arm_interfaces__cpp
[0.225s] [ 12%] Built target arm_interfaces__rosidl_generator_c
[0.269s] [ 12%] Built target ament_cmake_python_copy_arm_interfaces
[0.283s] [ 32%] Built target arm_interfaces__rosidl_typesupport_introspection_c
[0.283s] [ 32%] Built target arm_interfaces__rosidl_typesupport_introspection_cpp
[0.283s] [ 41%] Built target arm_interfaces__rosidl_typesupport_fastrtps_c
[0.283s] [ 51%] Built target arm_interfaces__rosidl_typesupport_cpp
[0.284s] [ 61%] Built target arm_interfaces__rosidl_typesupport_c
[0.285s] [ 70%] Built target arm_interfaces__rosidl_typesupport_fastrtps_cpp
[0.328s] [ 70%] Built target arm_interfaces
[0.371s] [ 74%] Built target arm_interfaces__py
[0.422s] [ 80%] Built target arm_interfaces__rosidl_generator_py
[0.467s] [ 87%] Built target arm_interfaces__rosidl_typesupport_introspection_c__pyext
[0.468s] [ 93%] Built target arm_interfaces__rosidl_typesupport_c__pyext
[0.469s] [100%] Built target arm_interfaces__rosidl_typesupport_fastrtps_c__pyext
[0.740s] running egg_info
[0.741s] writing arm_interfaces.egg-info/PKG-INFO
[0.741s] writing dependency_links to arm_interfaces.egg-info/dependency_links.txt
[0.742s] writing top-level names to arm_interfaces.egg-info/top_level.txt
[0.749s] reading manifest file 'arm_interfaces.egg-info/SOURCES.txt'
[0.749s] writing manifest file 'arm_interfaces.egg-info/SOURCES.txt'
[0.794s] [100%] Built target ament_cmake_python_build_arm_interfaces_egg
[0.821s] Invoked command in '/home/ryanl/4231/MTRN4231_Project/build/arm_interfaces' returned '0': /usr/bin/cmake --build /home/ryanl/4231/MTRN4231_Project/build/arm_interfaces -- -j16 -l16
[0.826s] Invoking command in '/home/ryanl/4231/MTRN4231_Project/build/arm_interfaces': /usr/bin/cmake --install /home/ryanl/4231/MTRN4231_Project/build/arm_interfaces
[0.844s] -- Install configuration: ""
[0.844s] -- Up-to-date: /home/ryanl/4231/MTRN4231_Project/install/arm_interfaces/share/ament_index/resource_index/rosidl_interfaces/arm_interfaces
[0.844s] -- Up-to-date: /home/ryanl/4231/MTRN4231_Project/install/arm_interfaces/include/arm_interfaces/arm_interfaces
[0.845s] -- Up-to-date: /home/ryanl/4231/MTRN4231_Project/install/arm_interfaces/include/arm_interfaces/arm_interfaces/action
[0.845s] -- Up-to-date: /home/ryanl/4231/MTRN4231_Project/install/arm_interfaces/include/arm_interfaces/arm_interfaces/action/detail
[0.845s] -- Up-to-date: /home/ryanl/4231/MTRN4231_Project/install/arm_interfaces/include/arm_interfaces/arm_interfaces/action/detail/pick_place__functions.h
[0.846s] -- Up-to-date: /home/ryanl/4231/MTRN4231_Project/install/arm_interfaces/include/arm_interfaces/arm_interfaces/action/detail/pick_place__struct.h
[0.846s] -- Up-to-date: /home/ryanl/4231/MTRN4231_Project/install/arm_interfaces/include/arm_interfaces/arm_interfaces/action/detail/pick_place__type_support.h
[0.846s] -- Up-to-date: /home/ryanl/4231/MTRN4231_Project/install/arm_interfaces/include/arm_interfaces/arm_interfaces/action/detail/pick_place__functions.c
[0.846s] -- Up-to-date: /home/ryanl/4231/MTRN4231_Project/install/arm_interfaces/include/arm_interfaces/arm_interfaces/action/pick_place.h
[0.847s] -- Up-to-date: /home/ryanl/4231/MTRN4231_Project/install/arm_interfaces/include/arm_interfaces/arm_interfaces/msg
[0.847s] -- Up-to-date: /home/ryanl/4231/MTRN4231_Project/install/arm_interfaces/include/arm_interfaces/arm_interfaces/msg/rosidl_generator_c__visibility_control.h
[0.847s] -- Up-to-date: /home/ryanl/4231/MTRN4231_Project/install/arm_interfaces/share/arm_interfaces/environment/library_path.sh
[0.847s] -- Up-to-date: /home/ryanl/4231/MTRN4231_Project/install/arm_interfaces/share/arm_interfaces/environment/library_path.dsv
[0.847s] -- Up-to-date: /home/ryanl/4231/MTRN4231_Project/install/arm_interfaces/lib/libarm_interfaces__rosidl_generator_c.so
[0.848s] -- Up-to-date: /home/ryanl/4231/MTRN4231_Project/install/arm_interfaces/include/arm_interfaces/arm_interfaces
[0.848s] -- Up-to-date: /home/ryanl/4231/MTRN4231_Project/install/arm_interfaces/include/arm_interfaces/arm_interfaces/action
[0.848s] -- Up-to-date: /home/ryanl/4231/MTRN4231_Project/install/arm_interfaces/include/arm_interfaces/arm_interfaces/action/detail
[0.848s] -- Up-to-date: /home/ryanl/4231/MTRN4231_Project/install/arm_interfaces/include/arm_interfaces/arm_interfaces/action/detail/pick_place__rosidl_typesupport_fastrtps_c.h
[0.848s] -- Up-to-date: /home/ryanl/4231/MTRN4231_Project/install/arm_interfaces/include/arm_interfaces/arm_interfaces/msg
[0.849s] -- Up-to-date: /home/ryanl/4231/MTRN4231_Project/install/arm_interfaces/include/arm_interfaces/arm_interfaces/msg/rosidl_typesupport_fastrtps_c__visibility_control.h
[0.849s] -- Up-to-date: /home/ryanl/4231/MTRN4231_Project/install/arm_interfaces/lib/libarm_interfaces__rosidl_typesupport_fastrtps_c.so
[0.849s] -- Up-to-date: /home/ryanl/4231/MTRN4231_Project/install/arm_interfaces/include/arm_interfaces/arm_interfaces
[0.849s] -- Up-to-date: /home/ryanl/4231/MTRN4231_Project/install/arm_interfaces/include/arm_interfaces/arm_interfaces/action
[0.849s] -- Up-to-date: /home/ryanl/4231/MTRN4231_Project/install/arm_interfaces/include/arm_interfaces/arm_interfaces/action/detail
[0.850s] -- Up-to-date: /home/ryanl/4231/MTRN4231_Project/install/arm_interfaces/include/arm_interfaces/arm_interfaces/action/detail/pick_place__type_support.c
[0.850s] -- Up-to-date: /home/ryanl/4231/MTRN4231_Project/install/arm_interfaces/include/arm_interfaces/arm_interfaces/action/detail/pick_place__rosidl_typesupport_introspection_c.h
[0.850s] -- Up-to-date: /home/ryanl/4231/MTRN4231_Project/install/arm_interfaces/include/arm_interfaces/arm_interfaces/msg
[0.850s] -- Up-to-date: /home/ryanl/4231/MTRN4231_Project/install/arm_interfaces/include/arm_interfaces/arm_interfaces/msg/rosidl_typesupport_introspection_c__visibility_control.h
[0.850s] -- Up-to-date: /home/ryanl/4231/MTRN4231_Project/install/arm_interfaces/lib/libarm_interfaces__rosidl_typesupport_introspection_c.so
[0.850s] -- Up-to-date: /home/ryanl/4231/MTRN4231_Project/install/arm_interfaces/lib/libarm_interfaces__rosidl_typesupport_c.so
[0.852s] -- Up-to-date: /home/ryanl/4231/MTRN4231_Project/install/arm_interfaces/include/arm_interfaces/arm_interfaces
[0.852s] -- Up-to-date: /home/ryanl/4231/MTRN4231_Project/install/arm_interfaces/include/arm_interfaces/arm_interfaces/action
[0.852s] -- Up-to-date: /home/ryanl/4231/MTRN4231_Project/install/arm_interfaces/include/arm_interfaces/arm_interfaces/action/pick_place.hpp
[0.853s] -- Up-to-date: /home/ryanl/4231/MTRN4231_Project/install/arm_interfaces/include/arm_interfaces/arm_interfaces/action/detail
[0.853s] -- Up-to-date: /home/ryanl/4231/MTRN4231_Project/install/arm_interfaces/include/arm_interfaces/arm_interfaces/action/detail/pick_place__traits.hpp
[0.853s] -- Up-to-date: /home/ryanl/4231/MTRN4231_Project/install/arm_interfaces/include/arm_interfaces/arm_interfaces/action/detail/pick_place__struct.hpp
[0.853s] -- Up-to-date: /home/ryanl/4231/MTRN4231_Project/install/arm_interfaces/include/arm_interfaces/arm_interfaces/action/detail/pick_place__builder.hpp
[0.854s] -- Up-to-date: /home/ryanl/4231/MTRN4231_Project/install/arm_interfaces/include/arm_interfaces/arm_interfaces/action/detail/pick_place__type_support.hpp
[0.854s] -- Up-to-date: /home/ryanl/4231/MTRN4231_Project/install/arm_interfaces/include/arm_interfaces/arm_interfaces/msg
[0.854s] -- Up-to-date: /home/ryanl/4231/MTRN4231_Project/install/arm_interfaces/include/arm_interfaces/arm_interfaces/msg/rosidl_generator_cpp__visibility_control.hpp
[0.855s] -- Up-to-date: /home/ryanl/4231/MTRN4231_Project/install/arm_interfaces/include/arm_interfaces/arm_interfaces
[0.855s] -- Up-to-date: /home/ryanl/4231/MTRN4231_Project/install/arm_interfaces/include/arm_interfaces/arm_interfaces/action
[0.855s] -- Up-to-date: /home/ryanl/4231/MTRN4231_Project/install/arm_interfaces/include/arm_interfaces/arm_interfaces/action/detail
[0.855s] -- Up-to-date: /home/ryanl/4231/MTRN4231_Project/install/arm_interfaces/include/arm_interfaces/arm_interfaces/action/detail/pick_place__rosidl_typesupport_fastrtps_cpp.hpp
[0.856s] -- Up-to-date: /home/ryanl/4231/MTRN4231_Project/install/arm_interfaces/include/arm_interfaces/arm_interfaces/action/detail/dds_fastrtps
[0.856s] -- Up-to-date: /home/ryanl/4231/MTRN4231_Project/install/arm_interfaces/include/arm_interfaces/arm_interfaces/msg
[0.856s] -- Up-to-date: /home/ryanl/4231/MTRN4231_Project/install/arm_interfaces/include/arm_interfaces/arm_interfaces/msg/rosidl_typesupport_fastrtps_cpp__visibility_control.h
[0.856s] -- Up-to-date: /home/ryanl/4231/MTRN4231_Project/install/arm_interfaces/lib/libarm_interfaces__rosidl_typesupport_fastrtps_cpp.so
[0.857s] -- Up-to-date: /home/ryanl/4231/MTRN4231_Project/install/arm_interfaces/include/arm_interfaces/arm_interfaces
[0.857s] -- Up-to-date: /home/ryanl/4231/MTRN4231_Project/install/arm_interfaces/include/arm_interfaces/arm_interfaces/action
[0.857s] -- Up-to-date: /home/ryanl/4231/MTRN4231_Project/install/arm_interfaces/include/arm_interfaces/arm_interfaces/action/detail
[0.857s] -- Up-to-date: /home/ryanl/4231/MTRN4231_Project/install/arm_interfaces/include/arm_interfaces/arm_interfaces/action/detail/pick_place__rosidl_typesupport_introspection_cpp.hpp
[0.857s] -- Up-to-date: /home/ryanl/4231/MTRN4231_Project/install/arm_interfaces/include/arm_interfaces/arm_interfaces/action/detail/pick_place__type_support.cpp
[0.858s] -- Up-to-date: /home/ryanl/4231/MTRN4231_Project/install/arm_interfaces/lib/libarm_interfaces__rosidl_typesupport_introspection_cpp.so
[0.858s] -- Up-to-date: /home/ryanl/4231/MTRN4231_Project/install/arm_interfaces/lib/libarm_interfaces__rosidl_typesupport_cpp.so
[0.858s] -- Up-to-date: /home/ryanl/4231/MTRN4231_Project/install/arm_interfaces/share/arm_interfaces/environment/pythonpath.sh
[0.858s] -- Up-to-date: /home/ryanl/4231/MTRN4231_Project/install/arm_interfaces/share/arm_interfaces/environment/pythonpath.dsv
[0.859s] -- Up-to-date: /home/ryanl/4231/MTRN4231_Project/install/arm_interfaces/local/lib/python3.10/dist-packages/arm_interfaces-0.0.1-py3.10.egg-info
[0.859s] -- Installing: /home/ryanl/4231/MTRN4231_Project/install/arm_interfaces/local/lib/python3.10/dist-packages/arm_interfaces-0.0.1-py3.10.egg-info/top_level.txt
[0.860s] -- Installing: /home/ryanl/4231/MTRN4231_Project/install/arm_interfaces/local/lib/python3.10/dist-packages/arm_interfaces-0.0.1-py3.10.egg-info/SOURCES.txt
[0.860s] -- Installing: /home/ryanl/4231/MTRN4231_Project/install/arm_interfaces/local/lib/python3.10/dist-packages/arm_interfaces-0.0.1-py3.10.egg-info/dependency_links.txt
[0.860s] -- Installing: /home/ryanl/4231/MTRN4231_Project/install/arm_interfaces/local/lib/python3.10/dist-packages/arm_interfaces-0.0.1-py3.10.egg-info/PKG-INFO
[0.861s] -- Up-to-date: /home/ryanl/4231/MTRN4231_Project/install/arm_interfaces/local/lib/python3.10/dist-packages/arm_interfaces
[0.861s] -- Up-to-date: /home/ryanl/4231/MTRN4231_Project/install/arm_interfaces/local/lib/python3.10/dist-packages/arm_interfaces/_arm_interfaces_s.ep.rosidl_typesupport_fastrtps_c.c
[0.862s] -- Up-to-date: /home/ryanl/4231/MTRN4231_Project/install/arm_interfaces/local/lib/python3.10/dist-packages/arm_interfaces/arm_interfaces_s__rosidl_typesupport_fastrtps_c.cpython-310-x86_64-linux-gnu.so
[0.862s] -- Up-to-date: /home/ryanl/4231/MTRN4231_Project/install/arm_interfaces/local/lib/python3.10/dist-packages/arm_interfaces/__init__.py
[0.862s] -- Up-to-date: /home/ryanl/4231/MTRN4231_Project/install/arm_interfaces/local/lib/python3.10/dist-packages/arm_interfaces/libarm_interfaces__rosidl_generator_py.so
[0.862s] -- Up-to-date: /home/ryanl/4231/MTRN4231_Project/install/arm_interfaces/local/lib/python3.10/dist-packages/arm_interfaces/arm_interfaces_s__rosidl_typesupport_introspection_c.cpython-310-x86_64-linux-gnu.so
[0.862s] -- Up-to-date: /home/ryanl/4231/MTRN4231_Project/install/arm_interfaces/local/lib/python3.10/dist-packages/arm_interfaces/action
[0.862s] -- Up-to-date: /home/ryanl/4231/MTRN4231_Project/install/arm_interfaces/local/lib/python3.10/dist-packages/arm_interfaces/action/_pick_place.py
[0.862s] -- Up-to-date: /home/ryanl/4231/MTRN4231_Project/install/arm_interfaces/local/lib/python3.10/dist-packages/arm_interfaces/action/__init__.py
[0.863s] -- Up-to-date: /home/ryanl/4231/MTRN4231_Project/install/arm_interfaces/local/lib/python3.10/dist-packages/arm_interfaces/action/_pick_place_s.c
[0.863s] -- Up-to-date: /home/ryanl/4231/MTRN4231_Project/install/arm_interfaces/local/lib/python3.10/dist-packages/arm_interfaces/_arm_interfaces_s.ep.rosidl_typesupport_introspection_c.c
[0.863s] -- Up-to-date: /home/ryanl/4231/MTRN4231_Project/install/arm_interfaces/local/lib/python3.10/dist-packages/arm_interfaces/arm_interfaces_s__rosidl_typesupport_c.cpython-310-x86_64-linux-gnu.so
[0.863s] -- Up-to-date: /home/ryanl/4231/MTRN4231_Project/install/arm_interfaces/local/lib/python3.10/dist-packages/arm_interfaces/_arm_interfaces_s.ep.rosidl_typesupport_c.c
[0.912s] Listing '/home/ryanl/4231/MTRN4231_Project/install/arm_interfaces/local/lib/python3.10/dist-packages/arm_interfaces'...
[0.912s] Listing '/home/ryanl/4231/MTRN4231_Project/install/arm_interfaces/local/lib/python3.10/dist-packages/arm_interfaces/action'...
[0.920s] -- Up-to-date: /home/ryanl/4231/MTRN4231_Project/install/arm_interfaces/local/lib/python3.10/dist-packages/arm_interfaces/arm_interfaces_s__rosidl_typesupport_fastrtps_c.cpython-310-x86_64-linux-gnu.so
[0.921s] -- Up-to-date: /home/ryanl/4231/MTRN4231_Project/install/arm_interfaces/local/lib/python3.10/dist-packages/arm_interfaces/arm_interfaces_s__rosidl_typesupport_introspection_c.cpython-310-x86_64-linux-gnu.so
[0.921s] -- Up-to-date: /home/ryanl/4231/MTRN4231_Project/install/arm_interfaces/local/lib/python3.10/dist-packages/arm_interfaces/arm_interfaces_s__rosidl_typesupport_c.cpython-310-x86_64-linux-gnu.so
[0.922s] -- Up-to-date: /home/ryanl/4231/MTRN4231_Project/install/arm_interfaces/lib/libarm_interfaces__rosidl_generator_py.so
[0.922s] -- Up-to-date: /home/ryanl/4231/MTRN4231_Project/install/arm_interfaces/share/arm_interfaces/action/PickPlace.idl
[0.923s] -- Up-to-date: /home/ryanl/4231/MTRN4231_Project/install/arm_interfaces/share/arm_interfaces/action/PickPlace.action
[0.923s] -- Up-to-date: /home/ryanl/4231/MTRN4231_Project/install/arm_interfaces/share/ament_index/resource_index/package_run_dependencies/arm_interfaces
[0.924s] -- Up-to-date: /home/ryanl/4231/MTRN4231_Project/install/arm_interfaces/share/ament_index/resource_index/parent_prefix_path/arm_interfaces
[0.924s] -- Up-to-date: /home/ryanl/4231/MTRN4231_Project/install/arm_interfaces/share/arm_interfaces/environment/ament_prefix_path.sh
[0.924s] -- Up-to-date: /home/ryanl/4231/MTRN4231_Project/install/arm_interfaces/share/arm_interfaces/environment/ament_prefix_path.dsv
[0.924s] -- Up-to-date: /home/ryanl/4231/MTRN4231_Project/install/arm_interfaces/share/arm_interfaces/environment/path.sh
[0.925s] -- Up-to-date: /home/ryanl/4231/MTRN4231_Project/install/arm_interfaces/share/arm_interfaces/environment/path.dsv
[0.925s] -- Up-to-date: /home/ryanl/4231/MTRN4231_Project/install/arm_interfaces/share/arm_interfaces/local_setup.bash
[0.925s] -- Up-to-date: /home/ryanl/4231/MTRN4231_Project/install/arm_interfaces/share/arm_interfaces/local_setup.sh
[0.925s] -- Up-to-date: /home/ryanl/4231/MTRN4231_Project/install/arm_interfaces/share/arm_interfaces/local_setup.zsh
[0.925s] -- Up-to-date: /home/ryanl/4231/MTRN4231_Project/install/arm_interfaces/share/arm_interfaces/local_setup.dsv
[0.925s] -- Installing: /home/ryanl/4231/MTRN4231_Project/install/arm_interfaces/share/arm_interfaces/package.dsv
[0.925s] -- Up-to-date: /home/ryanl/4231/MTRN4231_Project/install/arm_interfaces/share/ament_index/resource_index/packages/arm_interfaces
[0.926s] -- Up-to-date: /home/ryanl/4231/MTRN4231_Project/install/arm_interfaces/share/arm_interfaces/cmake/export_arm_interfaces__rosidl_generator_cExport.cmake
[0.926s] -- Up-to-date: /home/ryanl/4231/MTRN4231_Project/install/arm_interfaces/share/arm_interfaces/cmake/export_arm_interfaces__rosidl_generator_cExport-noconfig.cmake
[0.926s] -- Up-to-date: /home/ryanl/4231/MTRN4231_Project/install/arm_interfaces/share/arm_interfaces/cmake/export_arm_interfaces__rosidl_typesupport_fastrtps_cExport.cmake
[0.926s] -- Up-to-date: /home/ryanl/4231/MTRN4231_Project/install/arm_interfaces/share/arm_interfaces/cmake/export_arm_interfaces__rosidl_typesupport_fastrtps_cExport-noconfig.cmake
[0.927s] -- Up-to-date: /home/ryanl/4231/MTRN4231_Project/install/arm_interfaces/share/arm_interfaces/cmake/arm_interfaces__rosidl_typesupport_introspection_cExport.cmake
[0.927s] -- Up-to-date: /home/ryanl/4231/MTRN4231_Project/install/arm_interfaces/share/arm_interfaces/cmake/arm_interfaces__rosidl_typesupport_introspection_cExport-noconfig.cmake
[0.928s] -- Up-to-date: /home/ryanl/4231/MTRN4231_Project/install/arm_interfaces/share/arm_interfaces/cmake/arm_interfaces__rosidl_typesupport_cExport.cmake
[0.928s] -- Up-to-date: /home/ryanl/4231/MTRN4231_Project/install/arm_interfaces/share/arm_interfaces/cmake/arm_interfaces__rosidl_typesupport_cExport-noconfig.cmake
[0.928s] -- Up-to-date: /home/ryanl/4231/MTRN4231_Project/install/arm_interfaces/share/arm_interfaces/cmake/export_arm_interfaces__rosidl_generator_cppExport.cmake
[0.929s] -- Up-to-date: /home/ryanl/4231/MTRN4231_Project/install/arm_interfaces/share/arm_interfaces/cmake/export_arm_interfaces__rosidl_typesupport_fastrtps_cppExport.cmake
[0.929s] -- Up-to-date: /home/ryanl/4231/MTRN4231_Project/install/arm_interfaces/share/arm_interfaces/cmake/export_arm_interfaces__rosidl_typesupport_fastrtps_cppExport-noconfig.cmake
[0.930s] -- Up-to-date: /home/ryanl/4231/MTRN4231_Project/install/arm_interfaces/share/arm_interfaces/cmake/arm_interfaces__rosidl_typesupport_introspection_cppExport.cmake
[0.930s] -- Up-to-date: /home/ryanl/4231/MTRN4231_Project/install/arm_interfaces/share/arm_interfaces/cmake/arm_interfaces__rosidl_typesupport_introspection_cppExport-noconfig.cmake
[0.930s] -- Up-to-date: /home/ryanl/4231/MTRN4231_Project/install/arm_interfaces/share/arm_interfaces/cmake/arm_interfaces__rosidl_typesupport_cppExport.cmake
[0.930s] -- Up-to-date: /home/ryanl/4231/MTRN4231_Project/install/arm_interfaces/share/arm_interfaces/cmake/arm_interfaces__rosidl_typesupport_cppExport-noconfig.cmake
[0.931s] -- Up-to-date: /home/ryanl/4231/MTRN4231_Project/install/arm_interfaces/share/arm_interfaces/cmake/export_arm_interfaces__rosidl_generator_pyExport.cmake
[0.932s] -- Up-to-date: /home/ryanl/4231/MTRN4231_Project/install/arm_interfaces/share/arm_interfaces/cmake/export_arm_interfaces__rosidl_generator_pyExport-noconfig.cmake
[0.932s] -- Up-to-date: /home/ryanl/4231/MTRN4231_Project/install/arm_interfaces/share/arm_interfaces/cmake/rosidl_cmake-extras.cmake
[0.933s] -- Up-to-date: /home/ryanl/4231/MTRN4231_Project/install/arm_interfaces/share/arm_interfaces/cmake/ament_cmake_export_dependencies-extras.cmake
[0.933s] -- Up-to-date: /home/ryanl/4231/MTRN4231_Project/install/arm_interfaces/share/arm_interfaces/cmake/ament_cmake_export_include_directories-extras.cmake
[0.933s] -- Up-to-date: /home/ryanl/4231/MTRN4231_Project/install/arm_interfaces/share/arm_interfaces/cmake/ament_cmake_export_libraries-extras.cmake
[0.933s] -- Up-to-date: /home/ryanl/4231/MTRN4231_Project/install/arm_interfaces/share/arm_interfaces/cmake/ament_cmake_export_targets-extras.cmake
[0.933s] -- Up-to-date: /home/ryanl/4231/MTRN4231_Project/install/arm_interfaces/share/arm_interfaces/cmake/rosidl_cmake_export_typesupport_targets-extras.cmake
[0.933s] -- Up-to-date: /home/ryanl/4231/MTRN4231_Project/install/arm_interfaces/share/arm_interfaces/cmake/rosidl_cmake_export_typesupport_libraries-extras.cmake
[0.933s] -- Up-to-date: /home/ryanl/4231/MTRN4231_Project/install/arm_interfaces/share/arm_interfaces/cmake/arm_interfacesConfig.cmake
[0.933s] -- Up-to-date: /home/ryanl/4231/MTRN4231_Project/install/arm_interfaces/share/arm_interfaces/cmake/arm_interfacesConfig-version.cmake
[0.933s] -- Up-to-date: /home/ryanl/4231/MTRN4231_Project/install/arm_interfaces/share/arm_interfaces/package.xml
[0.938s] Invoked command in '/home/ryanl/4231/MTRN4231_Project/build/arm_interfaces' returned '0': /usr/bin/cmake --install /home/ryanl/4231/MTRN4231_Project/build/arm_interfaces
