[0.047s] Invoking command in '/home/ryanl/4231/MTRN4231_Project/build/arm_interfaces': /usr/bin/cmake --build /home/ryanl/4231/MTRN4231_Project/build/arm_interfaces -- -j16 -l16
[0.228s] [  3%] Built target arm_interfaces__cpp
[0.228s] [ 12%] Built target arm_interfaces__rosidl_generator_c
[0.261s] [ 12%] Built target ament_cmake_python_copy_arm_interfaces
[0.286s] [ 22%] Built target arm_interfaces__rosidl_typesupport_cpp
[0.287s] [ 32%] Built target arm_interfaces__rosidl_typesupport_introspection_cpp
[0.289s] [ 41%] Built target arm_interfaces__rosidl_typesupport_fastrtps_cpp
[0.317s] [ 51%] Built target arm_interfaces__rosidl_typesupport_introspection_c
[0.317s] [ 61%] Built target arm_interfaces__rosidl_typesupport_c
[0.318s] [ 70%] Built target arm_interfaces__rosidl_typesupport_fastrtps_c
[0.360s] [ 70%] Built target arm_interfaces
[0.406s] [ 74%] Built target arm_interfaces__py
[0.454s] [ 80%] Built target arm_interfaces__rosidl_generator_py
[0.507s] [100%] Built target arm_interfaces__rosidl_typesupport_c__pyext
[0.508s] [100%] Built target arm_interfaces__rosidl_typesupport_introspection_c__pyext
[0.508s] [100%] Built target arm_interfaces__rosidl_typesupport_fastrtps_c__pyext
[0.727s] running egg_info
[0.728s] writing arm_interfaces.egg-info/PKG-INFO
[0.728s] writing dependency_links to arm_interfaces.egg-info/dependency_links.txt
[0.729s] writing top-level names to arm_interfaces.egg-info/top_level.txt
[0.735s] reading manifest file 'arm_interfaces.egg-info/SOURCES.txt'
[0.735s] writing manifest file 'arm_interfaces.egg-info/SOURCES.txt'
[0.776s] [100%] Built target ament_cmake_python_build_arm_interfaces_egg
