[0.034s] Invoking command in '/home/ryanl/4231/MTRN4231_Project/build/arm_interfaces': /usr/bin/cmake --build /home/ryanl/4231/MTRN4231_Project/build/arm_interfaces -- -j16 -l16
[0.127s] [35m[1mConsolidate compiler generated dependencies of target arm_interfaces__rosidl_generator_c[0m
[0.149s] [  3%] Built target arm_interfaces__cpp
[0.152s] [ 12%] Built target arm_interfaces__rosidl_generator_c
[0.176s] [ 12%] Built target ament_cmake_python_copy_arm_interfaces
[0.176s] [35m[1mConsolidate compiler generated dependencies of target arm_interfaces__rosidl_typesupport_introspection_cpp[0m
[0.177s] [35m[1mConsolidate compiler generated dependencies of target arm_interfaces__rosidl_typesupport_cpp[0m
[0.177s] [35m[1mConsolidate compiler generated dependencies of target arm_interfaces__rosidl_typesupport_fastrtps_cpp[0m
[0.182s] [35m[1mConsolidate compiler generated dependencies of target arm_interfaces__rosidl_typesupport_introspection_c[0m
[0.182s] [35m[1mConsolidate compiler generated dependencies of target arm_interfaces__rosidl_typesupport_c[0m
[0.183s] [35m[1mConsolidate compiler generated dependencies of target arm_interfaces__rosidl_typesupport_fastrtps_c[0m
[0.213s] [ 32%] Built target arm_interfaces__rosidl_typesupport_c
[0.213s] [ 32%] Built target arm_interfaces__rosidl_typesupport_introspection_c
[0.214s] [ 41%] Built target arm_interfaces__rosidl_typesupport_cpp
[0.215s] [ 58%] Built target arm_interfaces__rosidl_typesupport_fastrtps_cpp
[0.216s] [ 61%] Built target arm_interfaces__rosidl_typesupport_introspection_cpp
[0.220s] [ 70%] Built target arm_interfaces__rosidl_typesupport_fastrtps_c
[0.263s] [ 70%] Built target arm_interfaces
[0.308s] [ 74%] Built target arm_interfaces__py
[0.333s] [35m[1mConsolidate compiler generated dependencies of target arm_interfaces__rosidl_generator_py[0m
[0.365s] [ 80%] Built target arm_interfaces__rosidl_generator_py
[0.387s] [35m[1mConsolidate compiler generated dependencies of target arm_interfaces__rosidl_typesupport_introspection_c__pyext[0m
[0.387s] [35m[1mConsolidate compiler generated dependencies of target arm_interfaces__rosidl_typesupport_fastrtps_c__pyext[0m
[0.387s] [35m[1mConsolidate compiler generated dependencies of target arm_interfaces__rosidl_typesupport_c__pyext[0m
[0.416s] [ 87%] Built target arm_interfaces__rosidl_typesupport_introspection_c__pyext
[0.417s] [ 93%] Built target arm_interfaces__rosidl_typesupport_c__pyext
[0.417s] [100%] Built target arm_interfaces__rosidl_typesupport_fastrtps_c__pyext
[0.635s] running egg_info
[0.636s] writing arm_interfaces.egg-info/PKG-INFO
[0.637s] writing dependency_links to arm_interfaces.egg-info/dependency_links.txt
[0.637s] writing top-level names to arm_interfaces.egg-info/top_level.txt
[0.643s] reading manifest file 'arm_interfaces.egg-info/SOURCES.txt'
[0.643s] writing manifest file 'arm_interfaces.egg-info/SOURCES.txt'
[0.697s] [100%] Built target ament_cmake_python_build_arm_interfaces_egg
