[0.030s] Invoking command in '/home/ryanl/4231/MTRN4231_Project/build/arm_interfaces': /usr/bin/cmake /home/ryanl/4231/MTRN4231_Project/src/arm_interfaces -DCATKIN_INSTALL_INTO_PREFIX_ROOT=0 -DCMAKE_INSTALL_PREFIX=/home/ryanl/4231/MTRN4231_Project/install/arm_interfaces
[0.146s] -- Found ament_cmake: 1.3.12 (/opt/ros/humble/share/ament_cmake/cmake)
[0.420s] -- Found rosidl_default_generators: 1.2.0 (/opt/ros/humble/share/rosidl_default_generators/cmake)
[0.425s] -- Using all available rosidl_typesupport_c: rosidl_typesupport_fastrtps_c;rosidl_typesupport_introspection_c
[0.433s] -- Found rosidl_adapter: 3.1.7 (/opt/ros/humble/share/rosidl_adapter/cmake)
[0.860s] -- Using all available rosidl_typesupport_cpp: rosidl_typesupport_fastrtps_cpp;rosidl_typesupport_introspection_cpp
[0.936s] -- Found geometry_msgs: 4.9.0 (/opt/ros/humble/share/geometry_msgs/cmake)
[1.670s] -- Found ament_cmake_ros: 0.10.0 (/opt/ros/humble/share/ament_cmake_ros/cmake)
[2.150s] -- Using all available rosidl_typesupport_c: rosidl_typesupport_fastrtps_c;rosidl_typesupport_introspection_c
[2.756s] -- Using all available rosidl_typesupport_cpp: rosidl_typesupport_fastrtps_cpp;rosidl_typesupport_introspection_cpp
[3.127s] -- Found PythonInterp: /usr/bin/python3 (found suitable version "3.10.12", minimum required is "3.6") 
[3.134s] -- Found python_cmake_module: 0.10.0 (/opt/ros/humble/share/python_cmake_module/cmake)
[4.156s] -- Found PythonLibs: /usr/lib/x86_64-linux-gnu/libpython3.10.so (found suitable version "3.10.12", minimum required is "3.5") 
[4.157s] -- Using PYTHON_EXECUTABLE: /usr/bin/python3
[4.157s] -- Using PYTHON_INCLUDE_DIRS: /usr/include/python3.10
[4.157s] -- Using PYTHON_LIBRARIES: /usr/lib/x86_64-linux-gnu/libpython3.10.so
[4.195s] -- Found PythonExtra: .so  
[4.483s] -- Configuring done
[4.613s] -- Generating done
[4.637s] -- Build files have been written to: /home/ryanl/4231/MTRN4231_Project/build/arm_interfaces
[4.661s] Invoked command in '/home/ryanl/4231/MTRN4231_Project/build/arm_interfaces' returned '0': /usr/bin/cmake /home/ryanl/4231/MTRN4231_Project/src/arm_interfaces -DCATKIN_INSTALL_INTO_PREFIX_ROOT=0 -DCMAKE_INSTALL_PREFIX=/home/ryanl/4231/MTRN4231_Project/install/arm_interfaces
[4.665s] Invoking command in '/home/ryanl/4231/MTRN4231_Project/build/arm_interfaces': /usr/bin/cmake --build /home/ryanl/4231/MTRN4231_Project/build/arm_interfaces -- -j16 -l16
[4.746s] [  3%] [34m[1mGenerating C code for ROS interfaces[0m
[4.776s] [  6%] [34m[1mGenerating C++ code for ROS interfaces[0m
[4.802s] [  6%] Built target ament_cmake_python_copy_arm_interfaces
[5.369s] running egg_info
[5.370s] creating arm_interfaces.egg-info
[5.372s] writing arm_interfaces.egg-info/PKG-INFO
[5.372s] writing dependency_links to arm_interfaces.egg-info/dependency_links.txt
[5.373s] writing top-level names to arm_interfaces.egg-info/top_level.txt
[5.373s] writing manifest file 'arm_interfaces.egg-info/SOURCES.txt'
[5.383s] reading manifest file 'arm_interfaces.egg-info/SOURCES.txt'
[5.384s] writing manifest file 'arm_interfaces.egg-info/SOURCES.txt'
[5.446s] [  6%] Built target ament_cmake_python_build_arm_interfaces_egg
[5.734s] [  6%] Built target arm_interfaces__cpp
[5.744s] [  9%] [32mBuilding C object CMakeFiles/arm_interfaces__rosidl_generator_c.dir/rosidl_generator_c/arm_interfaces/action/detail/pick_place__functions.c.o[0m
[5.764s] [ 19%] [34m[1mGenerating C++ type support dispatch for ROS interfaces[0m
[5.764s] [ 19%] [34m[1mGenerating C++ introspection for ROS interfaces[0m
[5.764s] [ 19%] [34m[1mGenerating C++ type support for eProsima Fast-RTPS[0m
[6.188s] [ 22%] [32m[1mLinking C shared library libarm_interfaces__rosidl_generator_c.so[0m
[6.502s] [ 25%] [32mBuilding CXX object CMakeFiles/arm_interfaces__rosidl_typesupport_cpp.dir/rosidl_typesupport_cpp/arm_interfaces/action/pick_place__type_support.cpp.o[0m
[6.554s] [ 25%] Built target arm_interfaces__rosidl_generator_c
[6.580s] [ 29%] [34m[1mGenerating C type support for eProsima Fast-RTPS[0m
[6.580s] [ 32%] [34m[1mGenerating C type support dispatch for ROS interfaces[0m
[6.581s] [ 35%] [34m[1mGenerating C introspection for ROS interfaces[0m
[6.581s] [ 38%] [32mBuilding CXX object CMakeFiles/arm_interfaces__rosidl_typesupport_introspection_cpp.dir/rosidl_typesupport_introspection_cpp/arm_interfaces/action/detail/pick_place__type_support.cpp.o[0m
[6.738s] [ 41%] [32mBuilding CXX object CMakeFiles/arm_interfaces__rosidl_typesupport_fastrtps_cpp.dir/rosidl_typesupport_fastrtps_cpp/arm_interfaces/action/detail/dds_fastrtps/pick_place__type_support.cpp.o[0m
[7.346s] [ 45%] [32mBuilding CXX object CMakeFiles/arm_interfaces__rosidl_typesupport_c.dir/rosidl_typesupport_c/arm_interfaces/action/pick_place__type_support.cpp.o[0m
[7.499s] [ 48%] [32m[1mLinking CXX shared library libarm_interfaces__rosidl_typesupport_c.so[0m
[7.511s] [ 51%] [32mBuilding C object CMakeFiles/arm_interfaces__rosidl_typesupport_introspection_c.dir/rosidl_typesupport_introspection_c/arm_interfaces/action/detail/pick_place__type_support.c.o[0m
[7.586s] [ 54%] [32mBuilding CXX object CMakeFiles/arm_interfaces__rosidl_typesupport_fastrtps_c.dir/rosidl_typesupport_fastrtps_c/arm_interfaces/action/detail/pick_place__type_support_c.cpp.o[0m
[7.651s] [ 58%] [32m[1mLinking C shared library libarm_interfaces__rosidl_typesupport_introspection_c.so[0m
[7.854s] [ 61%] [32m[1mLinking CXX shared library libarm_interfaces__rosidl_typesupport_cpp.so[0m
[7.856s] [ 61%] Built target arm_interfaces__rosidl_typesupport_c
[7.966s] [ 61%] Built target arm_interfaces__rosidl_typesupport_introspection_c
[8.069s] [ 64%] [32m[1mLinking CXX shared library libarm_interfaces__rosidl_typesupport_introspection_cpp.so[0m
[8.105s] [ 67%] [32m[1mLinking CXX shared library libarm_interfaces__rosidl_typesupport_fastrtps_cpp.so[0m
[8.159s] [ 67%] Built target arm_interfaces__rosidl_typesupport_cpp
[8.369s] [ 70%] [32m[1mLinking CXX shared library libarm_interfaces__rosidl_typesupport_fastrtps_c.so[0m
[8.460s] [ 70%] Built target arm_interfaces__rosidl_typesupport_introspection_cpp
[8.502s] [ 70%] Built target arm_interfaces__rosidl_typesupport_fastrtps_cpp
[8.713s] [ 70%] Built target arm_interfaces__rosidl_typesupport_fastrtps_c
[8.752s] [ 70%] Built target arm_interfaces
[8.800s] [ 74%] [34m[1mGenerating Python code for ROS interfaces[0m
[10.292s] [ 74%] Built target arm_interfaces__py
[10.335s] [ 77%] [32mBuilding C object CMakeFiles/arm_interfaces__rosidl_generator_py.dir/rosidl_generator_py/arm_interfaces/action/_pick_place_s.c.o[0m
[10.748s] [ 80%] [32m[1mLinking C shared library rosidl_generator_py/arm_interfaces/libarm_interfaces__rosidl_generator_py.so[0m
[11.026s] [ 80%] Built target arm_interfaces__rosidl_generator_py
[11.071s] [ 83%] [32mBuilding C object CMakeFiles/arm_interfaces__rosidl_typesupport_c__pyext.dir/rosidl_generator_py/arm_interfaces/_arm_interfaces_s.ep.rosidl_typesupport_c.c.o[0m
[11.072s] [ 90%] [32mBuilding C object CMakeFiles/arm_interfaces__rosidl_typesupport_fastrtps_c__pyext.dir/rosidl_generator_py/arm_interfaces/_arm_interfaces_s.ep.rosidl_typesupport_fastrtps_c.c.o[0m
[11.073s] [ 90%] [32mBuilding C object CMakeFiles/arm_interfaces__rosidl_typesupport_introspection_c__pyext.dir/rosidl_generator_py/arm_interfaces/_arm_interfaces_s.ep.rosidl_typesupport_introspection_c.c.o[0m
[11.369s] [ 93%] [32m[1mLinking C shared library rosidl_generator_py/arm_interfaces/arm_interfaces_s__rosidl_typesupport_c.cpython-310-x86_64-linux-gnu.so[0m
[11.370s] [ 96%] [32m[1mLinking C shared library rosidl_generator_py/arm_interfaces/arm_interfaces_s__rosidl_typesupport_fastrtps_c.cpython-310-x86_64-linux-gnu.so[0m
[11.370s] [100%] [32m[1mLinking C shared library rosidl_generator_py/arm_interfaces/arm_interfaces_s__rosidl_typesupport_introspection_c.cpython-310-x86_64-linux-gnu.so[0m
[11.588s] [100%] Built target arm_interfaces__rosidl_typesupport_introspection_c__pyext
[11.590s] [100%] Built target arm_interfaces__rosidl_typesupport_c__pyext
[11.594s] [100%] Built target arm_interfaces__rosidl_typesupport_fastrtps_c__pyext
[11.663s] Invoked command in '/home/ryanl/4231/MTRN4231_Project/build/arm_interfaces' returned '0': /usr/bin/cmake --build /home/ryanl/4231/MTRN4231_Project/build/arm_interfaces -- -j16 -l16
[11.687s] Invoking command in '/home/ryanl/4231/MTRN4231_Project/build/arm_interfaces': /usr/bin/cmake --install /home/ryanl/4231/MTRN4231_Project/build/arm_interfaces
[11.701s] -- Install configuration: ""
[11.703s] -- Installing: /home/ryanl/4231/MTRN4231_Project/install/arm_interfaces/share/ament_index/resource_index/rosidl_interfaces/arm_interfaces
[11.703s] -- Installing: /home/ryanl/4231/MTRN4231_Project/install/arm_interfaces/include/arm_interfaces/arm_interfaces
[11.705s] -- Installing: /home/ryanl/4231/MTRN4231_Project/install/arm_interfaces/include/arm_interfaces/arm_interfaces/action
[11.706s] -- Installing: /home/ryanl/4231/MTRN4231_Project/install/arm_interfaces/include/arm_interfaces/arm_interfaces/action/detail
[11.707s] -- Installing: /home/ryanl/4231/MTRN4231_Project/install/arm_interfaces/include/arm_interfaces/arm_interfaces/action/detail/pick_place__functions.h
[11.708s] -- Installing: /home/ryanl/4231/MTRN4231_Project/install/arm_interfaces/include/arm_interfaces/arm_interfaces/action/detail/pick_place__struct.h
[11.708s] -- Installing: /home/ryanl/4231/MTRN4231_Project/install/arm_interfaces/include/arm_interfaces/arm_interfaces/action/detail/pick_place__type_support.h
[11.708s] -- Installing: /home/ryanl/4231/MTRN4231_Project/install/arm_interfaces/include/arm_interfaces/arm_interfaces/action/detail/pick_place__functions.c
[11.709s] -- Installing: /home/ryanl/4231/MTRN4231_Project/install/arm_interfaces/include/arm_interfaces/arm_interfaces/action/pick_place.h
[11.709s] -- Installing: /home/ryanl/4231/MTRN4231_Project/install/arm_interfaces/include/arm_interfaces/arm_interfaces/msg
[11.710s] -- Installing: /home/ryanl/4231/MTRN4231_Project/install/arm_interfaces/include/arm_interfaces/arm_interfaces/msg/rosidl_generator_c__visibility_control.h
[11.713s] -- Installing: /home/ryanl/4231/MTRN4231_Project/install/arm_interfaces/share/arm_interfaces/environment/library_path.sh
[11.714s] -- Installing: /home/ryanl/4231/MTRN4231_Project/install/arm_interfaces/share/arm_interfaces/environment/library_path.dsv
[11.716s] -- Installing: /home/ryanl/4231/MTRN4231_Project/install/arm_interfaces/lib/libarm_interfaces__rosidl_generator_c.so
[11.718s] -- Set runtime path of "/home/ryanl/4231/MTRN4231_Project/install/arm_interfaces/lib/libarm_interfaces__rosidl_generator_c.so" to ""
[11.718s] -- Up-to-date: /home/ryanl/4231/MTRN4231_Project/install/arm_interfaces/include/arm_interfaces/arm_interfaces
[11.718s] -- Up-to-date: /home/ryanl/4231/MTRN4231_Project/install/arm_interfaces/include/arm_interfaces/arm_interfaces/action
[11.718s] -- Up-to-date: /home/ryanl/4231/MTRN4231_Project/install/arm_interfaces/include/arm_interfaces/arm_interfaces/action/detail
[11.719s] -- Installing: /home/ryanl/4231/MTRN4231_Project/install/arm_interfaces/include/arm_interfaces/arm_interfaces/action/detail/pick_place__rosidl_typesupport_fastrtps_c.h
[11.719s] -- Up-to-date: /home/ryanl/4231/MTRN4231_Project/install/arm_interfaces/include/arm_interfaces/arm_interfaces/msg
[11.720s] -- Installing: /home/ryanl/4231/MTRN4231_Project/install/arm_interfaces/include/arm_interfaces/arm_interfaces/msg/rosidl_typesupport_fastrtps_c__visibility_control.h
[11.720s] -- Installing: /home/ryanl/4231/MTRN4231_Project/install/arm_interfaces/lib/libarm_interfaces__rosidl_typesupport_fastrtps_c.so
[11.722s] -- Set runtime path of "/home/ryanl/4231/MTRN4231_Project/install/arm_interfaces/lib/libarm_interfaces__rosidl_typesupport_fastrtps_c.so" to ""
[11.722s] -- Up-to-date: /home/ryanl/4231/MTRN4231_Project/install/arm_interfaces/include/arm_interfaces/arm_interfaces
[11.722s] -- Up-to-date: /home/ryanl/4231/MTRN4231_Project/install/arm_interfaces/include/arm_interfaces/arm_interfaces/action
[11.722s] -- Up-to-date: /home/ryanl/4231/MTRN4231_Project/install/arm_interfaces/include/arm_interfaces/arm_interfaces/action/detail
[11.723s] -- Installing: /home/ryanl/4231/MTRN4231_Project/install/arm_interfaces/include/arm_interfaces/arm_interfaces/action/detail/pick_place__type_support.c
[11.723s] -- Installing: /home/ryanl/4231/MTRN4231_Project/install/arm_interfaces/include/arm_interfaces/arm_interfaces/action/detail/pick_place__rosidl_typesupport_introspection_c.h
[11.723s] -- Up-to-date: /home/ryanl/4231/MTRN4231_Project/install/arm_interfaces/include/arm_interfaces/arm_interfaces/msg
[11.724s] -- Installing: /home/ryanl/4231/MTRN4231_Project/install/arm_interfaces/include/arm_interfaces/arm_interfaces/msg/rosidl_typesupport_introspection_c__visibility_control.h
[11.724s] -- Installing: /home/ryanl/4231/MTRN4231_Project/install/arm_interfaces/lib/libarm_interfaces__rosidl_typesupport_introspection_c.so
[11.725s] -- Set runtime path of "/home/ryanl/4231/MTRN4231_Project/install/arm_interfaces/lib/libarm_interfaces__rosidl_typesupport_introspection_c.so" to ""
[11.725s] -- Installing: /home/ryanl/4231/MTRN4231_Project/install/arm_interfaces/lib/libarm_interfaces__rosidl_typesupport_c.so
[11.726s] -- Set runtime path of "/home/ryanl/4231/MTRN4231_Project/install/arm_interfaces/lib/libarm_interfaces__rosidl_typesupport_c.so" to ""
[11.726s] -- Up-to-date: /home/ryanl/4231/MTRN4231_Project/install/arm_interfaces/include/arm_interfaces/arm_interfaces
[11.727s] -- Up-to-date: /home/ryanl/4231/MTRN4231_Project/install/arm_interfaces/include/arm_interfaces/arm_interfaces/action
[11.727s] -- Installing: /home/ryanl/4231/MTRN4231_Project/install/arm_interfaces/include/arm_interfaces/arm_interfaces/action/pick_place.hpp
[11.727s] -- Up-to-date: /home/ryanl/4231/MTRN4231_Project/install/arm_interfaces/include/arm_interfaces/arm_interfaces/action/detail
[11.727s] -- Installing: /home/ryanl/4231/MTRN4231_Project/install/arm_interfaces/include/arm_interfaces/arm_interfaces/action/detail/pick_place__traits.hpp
[11.728s] -- Installing: /home/ryanl/4231/MTRN4231_Project/install/arm_interfaces/include/arm_interfaces/arm_interfaces/action/detail/pick_place__struct.hpp
[11.728s] -- Installing: /home/ryanl/4231/MTRN4231_Project/install/arm_interfaces/include/arm_interfaces/arm_interfaces/action/detail/pick_place__builder.hpp
[11.728s] -- Installing: /home/ryanl/4231/MTRN4231_Project/install/arm_interfaces/include/arm_interfaces/arm_interfaces/action/detail/pick_place__type_support.hpp
[11.729s] -- Up-to-date: /home/ryanl/4231/MTRN4231_Project/install/arm_interfaces/include/arm_interfaces/arm_interfaces/msg
[11.729s] -- Installing: /home/ryanl/4231/MTRN4231_Project/install/arm_interfaces/include/arm_interfaces/arm_interfaces/msg/rosidl_generator_cpp__visibility_control.hpp
[11.729s] -- Up-to-date: /home/ryanl/4231/MTRN4231_Project/install/arm_interfaces/include/arm_interfaces/arm_interfaces
[11.730s] -- Up-to-date: /home/ryanl/4231/MTRN4231_Project/install/arm_interfaces/include/arm_interfaces/arm_interfaces/action
[11.730s] -- Up-to-date: /home/ryanl/4231/MTRN4231_Project/install/arm_interfaces/include/arm_interfaces/arm_interfaces/action/detail
[11.730s] -- Installing: /home/ryanl/4231/MTRN4231_Project/install/arm_interfaces/include/arm_interfaces/arm_interfaces/action/detail/pick_place__rosidl_typesupport_fastrtps_cpp.hpp
[11.732s] -- Installing: /home/ryanl/4231/MTRN4231_Project/install/arm_interfaces/include/arm_interfaces/arm_interfaces/action/detail/dds_fastrtps
[11.735s] -- Up-to-date: /home/ryanl/4231/MTRN4231_Project/install/arm_interfaces/include/arm_interfaces/arm_interfaces/msg
[11.735s] -- Installing: /home/ryanl/4231/MTRN4231_Project/install/arm_interfaces/include/arm_interfaces/arm_interfaces/msg/rosidl_typesupport_fastrtps_cpp__visibility_control.h
[11.736s] -- Installing: /home/ryanl/4231/MTRN4231_Project/install/arm_interfaces/lib/libarm_interfaces__rosidl_typesupport_fastrtps_cpp.so
[11.736s] -- Set runtime path of "/home/ryanl/4231/MTRN4231_Project/install/arm_interfaces/lib/libarm_interfaces__rosidl_typesupport_fastrtps_cpp.so" to ""
[11.736s] -- Up-to-date: /home/ryanl/4231/MTRN4231_Project/install/arm_interfaces/include/arm_interfaces/arm_interfaces
[11.737s] -- Up-to-date: /home/ryanl/4231/MTRN4231_Project/install/arm_interfaces/include/arm_interfaces/arm_interfaces/action
[11.737s] -- Up-to-date: /home/ryanl/4231/MTRN4231_Project/install/arm_interfaces/include/arm_interfaces/arm_interfaces/action/detail
[11.737s] -- Installing: /home/ryanl/4231/MTRN4231_Project/install/arm_interfaces/include/arm_interfaces/arm_interfaces/action/detail/pick_place__rosidl_typesupport_introspection_cpp.hpp
[11.739s] -- Installing: /home/ryanl/4231/MTRN4231_Project/install/arm_interfaces/include/arm_interfaces/arm_interfaces/action/detail/pick_place__type_support.cpp
[11.739s] -- Installing: /home/ryanl/4231/MTRN4231_Project/install/arm_interfaces/lib/libarm_interfaces__rosidl_typesupport_introspection_cpp.so
[11.744s] -- Set runtime path of "/home/ryanl/4231/MTRN4231_Project/install/arm_interfaces/lib/libarm_interfaces__rosidl_typesupport_introspection_cpp.so" to ""
[11.744s] -- Installing: /home/ryanl/4231/MTRN4231_Project/install/arm_interfaces/lib/libarm_interfaces__rosidl_typesupport_cpp.so
[11.745s] -- Set runtime path of "/home/ryanl/4231/MTRN4231_Project/install/arm_interfaces/lib/libarm_interfaces__rosidl_typesupport_cpp.so" to ""
[11.745s] -- Installing: /home/ryanl/4231/MTRN4231_Project/install/arm_interfaces/share/arm_interfaces/environment/pythonpath.sh
[11.745s] -- Installing: /home/ryanl/4231/MTRN4231_Project/install/arm_interfaces/share/arm_interfaces/environment/pythonpath.dsv
[11.745s] -- Installing: /home/ryanl/4231/MTRN4231_Project/install/arm_interfaces/local/lib/python3.10/dist-packages/arm_interfaces-0.0.0-py3.10.egg-info
[11.746s] -- Installing: /home/ryanl/4231/MTRN4231_Project/install/arm_interfaces/local/lib/python3.10/dist-packages/arm_interfaces-0.0.0-py3.10.egg-info/top_level.txt
[11.747s] -- Installing: /home/ryanl/4231/MTRN4231_Project/install/arm_interfaces/local/lib/python3.10/dist-packages/arm_interfaces-0.0.0-py3.10.egg-info/SOURCES.txt
[11.747s] -- Installing: /home/ryanl/4231/MTRN4231_Project/install/arm_interfaces/local/lib/python3.10/dist-packages/arm_interfaces-0.0.0-py3.10.egg-info/dependency_links.txt
[11.747s] -- Installing: /home/ryanl/4231/MTRN4231_Project/install/arm_interfaces/local/lib/python3.10/dist-packages/arm_interfaces-0.0.0-py3.10.egg-info/PKG-INFO
[11.748s] -- Installing: /home/ryanl/4231/MTRN4231_Project/install/arm_interfaces/local/lib/python3.10/dist-packages/arm_interfaces
[11.749s] -- Installing: /home/ryanl/4231/MTRN4231_Project/install/arm_interfaces/local/lib/python3.10/dist-packages/arm_interfaces/_arm_interfaces_s.ep.rosidl_typesupport_fastrtps_c.c
[11.749s] -- Installing: /home/ryanl/4231/MTRN4231_Project/install/arm_interfaces/local/lib/python3.10/dist-packages/arm_interfaces/arm_interfaces_s__rosidl_typesupport_fastrtps_c.cpython-310-x86_64-linux-gnu.so
[11.750s] -- Installing: /home/ryanl/4231/MTRN4231_Project/install/arm_interfaces/local/lib/python3.10/dist-packages/arm_interfaces/__init__.py
[11.759s] -- Installing: /home/ryanl/4231/MTRN4231_Project/install/arm_interfaces/local/lib/python3.10/dist-packages/arm_interfaces/libarm_interfaces__rosidl_generator_py.so
[11.759s] -- Installing: /home/ryanl/4231/MTRN4231_Project/install/arm_interfaces/local/lib/python3.10/dist-packages/arm_interfaces/arm_interfaces_s__rosidl_typesupport_introspection_c.cpython-310-x86_64-linux-gnu.so
[11.759s] -- Installing: /home/ryanl/4231/MTRN4231_Project/install/arm_interfaces/local/lib/python3.10/dist-packages/arm_interfaces/action
[11.761s] -- Installing: /home/ryanl/4231/MTRN4231_Project/install/arm_interfaces/local/lib/python3.10/dist-packages/arm_interfaces/action/_pick_place.py
[11.761s] -- Installing: /home/ryanl/4231/MTRN4231_Project/install/arm_interfaces/local/lib/python3.10/dist-packages/arm_interfaces/action/__init__.py
[11.762s] -- Installing: /home/ryanl/4231/MTRN4231_Project/install/arm_interfaces/local/lib/python3.10/dist-packages/arm_interfaces/action/_pick_place_s.c
[11.762s] -- Installing: /home/ryanl/4231/MTRN4231_Project/install/arm_interfaces/local/lib/python3.10/dist-packages/arm_interfaces/_arm_interfaces_s.ep.rosidl_typesupport_introspection_c.c
[11.762s] -- Installing: /home/ryanl/4231/MTRN4231_Project/install/arm_interfaces/local/lib/python3.10/dist-packages/arm_interfaces/arm_interfaces_s__rosidl_typesupport_c.cpython-310-x86_64-linux-gnu.so
[11.763s] -- Installing: /home/ryanl/4231/MTRN4231_Project/install/arm_interfaces/local/lib/python3.10/dist-packages/arm_interfaces/_arm_interfaces_s.ep.rosidl_typesupport_c.c
[11.902s] Listing '/home/ryanl/4231/MTRN4231_Project/install/arm_interfaces/local/lib/python3.10/dist-packages/arm_interfaces'...
[11.902s] Compiling '/home/ryanl/4231/MTRN4231_Project/install/arm_interfaces/local/lib/python3.10/dist-packages/arm_interfaces/__init__.py'...
[11.902s] Listing '/home/ryanl/4231/MTRN4231_Project/install/arm_interfaces/local/lib/python3.10/dist-packages/arm_interfaces/action'...
[11.902s] Compiling '/home/ryanl/4231/MTRN4231_Project/install/arm_interfaces/local/lib/python3.10/dist-packages/arm_interfaces/action/__init__.py'...
[11.902s] Compiling '/home/ryanl/4231/MTRN4231_Project/install/arm_interfaces/local/lib/python3.10/dist-packages/arm_interfaces/action/_pick_place.py'...
[11.913s] -- Installing: /home/ryanl/4231/MTRN4231_Project/install/arm_interfaces/local/lib/python3.10/dist-packages/arm_interfaces/arm_interfaces_s__rosidl_typesupport_fastrtps_c.cpython-310-x86_64-linux-gnu.so
[11.914s] -- Set runtime path of "/home/ryanl/4231/MTRN4231_Project/install/arm_interfaces/local/lib/python3.10/dist-packages/arm_interfaces/arm_interfaces_s__rosidl_typesupport_fastrtps_c.cpython-310-x86_64-linux-gnu.so" to ""
[11.915s] -- Installing: /home/ryanl/4231/MTRN4231_Project/install/arm_interfaces/local/lib/python3.10/dist-packages/arm_interfaces/arm_interfaces_s__rosidl_typesupport_introspection_c.cpython-310-x86_64-linux-gnu.so
[11.916s] -- Set runtime path of "/home/ryanl/4231/MTRN4231_Project/install/arm_interfaces/local/lib/python3.10/dist-packages/arm_interfaces/arm_interfaces_s__rosidl_typesupport_introspection_c.cpython-310-x86_64-linux-gnu.so" to ""
[11.916s] -- Installing: /home/ryanl/4231/MTRN4231_Project/install/arm_interfaces/local/lib/python3.10/dist-packages/arm_interfaces/arm_interfaces_s__rosidl_typesupport_c.cpython-310-x86_64-linux-gnu.so
[11.917s] -- Set runtime path of "/home/ryanl/4231/MTRN4231_Project/install/arm_interfaces/local/lib/python3.10/dist-packages/arm_interfaces/arm_interfaces_s__rosidl_typesupport_c.cpython-310-x86_64-linux-gnu.so" to ""
[11.917s] -- Installing: /home/ryanl/4231/MTRN4231_Project/install/arm_interfaces/lib/libarm_interfaces__rosidl_generator_py.so
[11.918s] -- Set runtime path of "/home/ryanl/4231/MTRN4231_Project/install/arm_interfaces/lib/libarm_interfaces__rosidl_generator_py.so" to ""
[11.919s] -- Installing: /home/ryanl/4231/MTRN4231_Project/install/arm_interfaces/share/arm_interfaces/action/PickPlace.idl
[11.920s] -- Installing: /home/ryanl/4231/MTRN4231_Project/install/arm_interfaces/share/arm_interfaces/action/PickPlace.action
[11.921s] -- Installing: /home/ryanl/4231/MTRN4231_Project/install/arm_interfaces/share/ament_index/resource_index/package_run_dependencies/arm_interfaces
[11.923s] -- Installing: /home/ryanl/4231/MTRN4231_Project/install/arm_interfaces/share/ament_index/resource_index/parent_prefix_path/arm_interfaces
[11.924s] -- Installing: /home/ryanl/4231/MTRN4231_Project/install/arm_interfaces/share/arm_interfaces/environment/ament_prefix_path.sh
[11.924s] -- Installing: /home/ryanl/4231/MTRN4231_Project/install/arm_interfaces/share/arm_interfaces/environment/ament_prefix_path.dsv
[11.924s] -- Installing: /home/ryanl/4231/MTRN4231_Project/install/arm_interfaces/share/arm_interfaces/environment/path.sh
[11.924s] -- Installing: /home/ryanl/4231/MTRN4231_Project/install/arm_interfaces/share/arm_interfaces/environment/path.dsv
[11.925s] -- Installing: /home/ryanl/4231/MTRN4231_Project/install/arm_interfaces/share/arm_interfaces/local_setup.bash
[11.925s] -- Installing: /home/ryanl/4231/MTRN4231_Project/install/arm_interfaces/share/arm_interfaces/local_setup.sh
[11.925s] -- Installing: /home/ryanl/4231/MTRN4231_Project/install/arm_interfaces/share/arm_interfaces/local_setup.zsh
[11.926s] -- Installing: /home/ryanl/4231/MTRN4231_Project/install/arm_interfaces/share/arm_interfaces/local_setup.dsv
[11.926s] -- Installing: /home/ryanl/4231/MTRN4231_Project/install/arm_interfaces/share/arm_interfaces/package.dsv
[11.927s] -- Installing: /home/ryanl/4231/MTRN4231_Project/install/arm_interfaces/share/ament_index/resource_index/packages/arm_interfaces
[11.929s] -- Installing: /home/ryanl/4231/MTRN4231_Project/install/arm_interfaces/share/arm_interfaces/cmake/export_arm_interfaces__rosidl_generator_cExport.cmake
[11.929s] -- Installing: /home/ryanl/4231/MTRN4231_Project/install/arm_interfaces/share/arm_interfaces/cmake/export_arm_interfaces__rosidl_generator_cExport-noconfig.cmake
[11.929s] -- Installing: /home/ryanl/4231/MTRN4231_Project/install/arm_interfaces/share/arm_interfaces/cmake/export_arm_interfaces__rosidl_typesupport_fastrtps_cExport.cmake
[11.930s] -- Installing: /home/ryanl/4231/MTRN4231_Project/install/arm_interfaces/share/arm_interfaces/cmake/export_arm_interfaces__rosidl_typesupport_fastrtps_cExport-noconfig.cmake
[11.930s] -- Installing: /home/ryanl/4231/MTRN4231_Project/install/arm_interfaces/share/arm_interfaces/cmake/arm_interfaces__rosidl_typesupport_introspection_cExport.cmake
[11.931s] -- Installing: /home/ryanl/4231/MTRN4231_Project/install/arm_interfaces/share/arm_interfaces/cmake/arm_interfaces__rosidl_typesupport_introspection_cExport-noconfig.cmake
[11.931s] -- Installing: /home/ryanl/4231/MTRN4231_Project/install/arm_interfaces/share/arm_interfaces/cmake/arm_interfaces__rosidl_typesupport_cExport.cmake
[11.932s] -- Installing: /home/ryanl/4231/MTRN4231_Project/install/arm_interfaces/share/arm_interfaces/cmake/arm_interfaces__rosidl_typesupport_cExport-noconfig.cmake
[11.932s] -- Installing: /home/ryanl/4231/MTRN4231_Project/install/arm_interfaces/share/arm_interfaces/cmake/export_arm_interfaces__rosidl_generator_cppExport.cmake
[11.933s] -- Installing: /home/ryanl/4231/MTRN4231_Project/install/arm_interfaces/share/arm_interfaces/cmake/export_arm_interfaces__rosidl_typesupport_fastrtps_cppExport.cmake
[11.933s] -- Installing: /home/ryanl/4231/MTRN4231_Project/install/arm_interfaces/share/arm_interfaces/cmake/export_arm_interfaces__rosidl_typesupport_fastrtps_cppExport-noconfig.cmake
[11.933s] -- Installing: /home/ryanl/4231/MTRN4231_Project/install/arm_interfaces/share/arm_interfaces/cmake/arm_interfaces__rosidl_typesupport_introspection_cppExport.cmake
[11.934s] -- Installing: /home/ryanl/4231/MTRN4231_Project/install/arm_interfaces/share/arm_interfaces/cmake/arm_interfaces__rosidl_typesupport_introspection_cppExport-noconfig.cmake
[11.934s] -- Installing: /home/ryanl/4231/MTRN4231_Project/install/arm_interfaces/share/arm_interfaces/cmake/arm_interfaces__rosidl_typesupport_cppExport.cmake
[11.935s] -- Installing: /home/ryanl/4231/MTRN4231_Project/install/arm_interfaces/share/arm_interfaces/cmake/arm_interfaces__rosidl_typesupport_cppExport-noconfig.cmake
[11.935s] -- Installing: /home/ryanl/4231/MTRN4231_Project/install/arm_interfaces/share/arm_interfaces/cmake/export_arm_interfaces__rosidl_generator_pyExport.cmake
[11.935s] -- Installing: /home/ryanl/4231/MTRN4231_Project/install/arm_interfaces/share/arm_interfaces/cmake/export_arm_interfaces__rosidl_generator_pyExport-noconfig.cmake
[11.936s] -- Installing: /home/ryanl/4231/MTRN4231_Project/install/arm_interfaces/share/arm_interfaces/cmake/rosidl_cmake-extras.cmake
[11.936s] -- Installing: /home/ryanl/4231/MTRN4231_Project/install/arm_interfaces/share/arm_interfaces/cmake/ament_cmake_export_dependencies-extras.cmake
[11.937s] -- Installing: /home/ryanl/4231/MTRN4231_Project/install/arm_interfaces/share/arm_interfaces/cmake/ament_cmake_export_include_directories-extras.cmake
[11.937s] -- Installing: /home/ryanl/4231/MTRN4231_Project/install/arm_interfaces/share/arm_interfaces/cmake/ament_cmake_export_libraries-extras.cmake
[11.938s] -- Installing: /home/ryanl/4231/MTRN4231_Project/install/arm_interfaces/share/arm_interfaces/cmake/ament_cmake_export_targets-extras.cmake
[11.938s] -- Installing: /home/ryanl/4231/MTRN4231_Project/install/arm_interfaces/share/arm_interfaces/cmake/rosidl_cmake_export_typesupport_targets-extras.cmake
[11.938s] -- Installing: /home/ryanl/4231/MTRN4231_Project/install/arm_interfaces/share/arm_interfaces/cmake/rosidl_cmake_export_typesupport_libraries-extras.cmake
[11.939s] -- Installing: /home/ryanl/4231/MTRN4231_Project/install/arm_interfaces/share/arm_interfaces/cmake/arm_interfacesConfig.cmake
[11.939s] -- Installing: /home/ryanl/4231/MTRN4231_Project/install/arm_interfaces/share/arm_interfaces/cmake/arm_interfacesConfig-version.cmake
[11.940s] -- Installing: /home/ryanl/4231/MTRN4231_Project/install/arm_interfaces/share/arm_interfaces/package.xml
[11.945s] Invoked command in '/home/ryanl/4231/MTRN4231_Project/build/arm_interfaces' returned '0': /usr/bin/cmake --install /home/ryanl/4231/MTRN4231_Project/build/arm_interfaces
