[1.629s] Invoking command in '/home/ryanl/4231/MTRN4231_Project/build/gripper': PYTHONPATH=/home/ryanl/4231/MTRN4231_Project/build/gripper/prefix_override:/usr/lib/python3/dist-packages/colcon_core/task/python/colcon_distutils_commands:/home/ryanl/4231/MTRN4231_Project/install/gripper/lib/python3.10/site-packages:${PYTHONPATH} /usr/bin/python3 -W ignore:setup.py install is deprecated -W ignore:easy_install command is deprecated setup.py develop --editable --build-directory /home/ryanl/4231/MTRN4231_Project/build/gripper/build --no-deps symlink_data
[2.085s] running develop
[2.377s] running egg_info
[2.378s] writing gripper.egg-info/PKG-INFO
[2.378s] writing dependency_links to gripper.egg-info/dependency_links.txt
[2.378s] writing entry points to gripper.egg-info/entry_points.txt
[2.378s] writing requirements to gripper.egg-info/requires.txt
[2.378s] writing top-level names to gripper.egg-info/top_level.txt
[2.382s] reading manifest file 'gripper.egg-info/SOURCES.txt'
[2.383s] writing manifest file 'gripper.egg-info/SOURCES.txt'
[2.384s] running build_ext
[2.385s] Creating /home/ryanl/4231/MTRN4231_Project/install/gripper/lib/python3.10/site-packages/gripper.egg-link (link to .)
[2.386s] Installing gripper_client script to /home/ryanl/4231/MTRN4231_Project/install/gripper/lib/gripper
[2.449s] Installing gripper_server script to /home/ryanl/4231/MTRN4231_Project/install/gripper/lib/gripper
[2.449s] 
[2.449s] Installed /home/ryanl/4231/MTRN4231_Project/build/gripper
[2.450s] running symlink_data
[2.450s] creating /home/ryanl/4231/MTRN4231_Project/install/gripper/share/gripper/launch
[2.451s] symbolically linking /home/ryanl/4231/MTRN4231_Project/build/gripper/launch/gripper_bringup.launch.py -> /home/ryanl/4231/MTRN4231_Project/install/gripper/share/gripper/launch
[2.495s] Invoked command in '/home/ryanl/4231/MTRN4231_Project/build/gripper' returned '0': PYTHONPATH=/home/ryanl/4231/MTRN4231_Project/build/gripper/prefix_override:/usr/lib/python3/dist-packages/colcon_core/task/python/colcon_distutils_commands:/home/ryanl/4231/MTRN4231_Project/install/gripper/lib/python3.10/site-packages:${PYTHONPATH} /usr/bin/python3 -W ignore:setup.py install is deprecated -W ignore:easy_install command is deprecated setup.py develop --editable --build-directory /home/ryanl/4231/MTRN4231_Project/build/gripper/build --no-deps symlink_data
