-- Found ament_cmake: 1.3.12 (/opt/ros/humble/share/ament_cmake/cmake)
-- Override CMake install command with custom implementation using symlinks instead of copying resources
-- Found rclcpp: 16.0.14 (/opt/ros/humble/share/rclcpp/cmake)
-- Found rosidl_generator_c: 3.1.7 (/opt/ros/humble/share/rosidl_generator_c/cmake)
-- Found rosidl_adapter: 3.1.7 (/opt/ros/humble/share/rosidl_adapter/cmake)
-- Found rosidl_generator_cpp: 3.1.7 (/opt/ros/humble/share/rosidl_generator_cpp/cmake)
-- Using all available rosidl_typesupport_c: rosidl_typesupport_fastrtps_c;rosidl_typesupport_introspection_c
-- Using all available rosidl_typesupport_cpp: rosidl_typesupport_fastrtps_cpp;rosidl_typesupport_introspection_cpp
-- Found rmw_implementation_cmake: 6.1.2 (/opt/ros/humble/share/rmw_implementation_cmake/cmake)
-- Found rmw_fastrtps_cpp: 6.2.8 (/opt/ros/humble/share/rmw_fastrtps_cpp/cmake)
-- Using RMW implementation 'rmw_fastrtps_cpp' as default
-- Found rclcpp_action: 16.0.15 (/opt/ros/humble/share/rclcpp_action/cmake)
-- Found moveit_ros_planning_interface: 2.5.9 (/opt/ros/humble/share/moveit_ros_planning_interface/cmake)
-- Found Boost: /usr/lib/x86_64-linux-gnu/cmake/Boost-1.74.0/BoostConfig.cmake (found version "1.74.0") found components: date_time filesystem program_options system thread 
-- Found Boost: /usr/lib/x86_64-linux-gnu/cmake/Boost-1.74.0/BoostConfig.cmake (found version "1.74.0") found components: chrono date_time filesystem iostreams program_options regex serialization system thread 
-- Found parameter_traits: 0.5.0 (/opt/ros/humble/share/parameter_traits/cmake)
-- Found rclcpp_lifecycle: 16.0.14 (/opt/ros/humble/share/rclcpp_lifecycle/cmake)
-- Found Boost: /usr/lib/x86_64-linux-gnu/cmake/Boost-1.74.0/BoostConfig.cmake (found version "1.74.0") found components: filesystem 
-- library: /usr/lib/x86_64-linux-gnu/libcurl.so
-- Ensuring Eigen3 include directory is part of orocos-kdl CMake target
-- Found Boost: /usr/lib/x86_64-linux-gnu/cmake/Boost-1.74.0/BoostConfig.cmake (found version "1.74.0") found components: system filesystem date_time program_options thread chrono 
-- Found Boost: /usr/lib/x86_64-linux-gnu/cmake/Boost-1.74.0/BoostConfig.cmake (found version "1.74.0") found components: thread system filesystem regex date_time program_options 
-- Found Boost: /usr/lib/x86_64-linux-gnu/cmake/Boost-1.74.0/BoostConfig.cmake (found version "1.74.0") found components: system filesystem date_time program_options thread 
-- Found rosidl_default_generators: 1.2.0 (/opt/ros/humble/share/rosidl_default_generators/cmake)
-- Found ament_cmake_ros: 0.10.0 (/opt/ros/humble/share/ament_cmake_ros/cmake)
-- Using all available rosidl_typesupport_c: rosidl_typesupport_fastrtps_c;rosidl_typesupport_introspection_c
-- Using all available rosidl_typesupport_cpp: rosidl_typesupport_fastrtps_cpp;rosidl_typesupport_introspection_cpp
-- Found python_cmake_module: 0.10.0 (/opt/ros/humble/share/python_cmake_module/cmake)
-- Using PYTHON_EXECUTABLE: /usr/bin/python3
-- Using PYTHON_INCLUDE_DIRS: /usr/include/python3.10
-- Using PYTHON_LIBRARIES: /usr/lib/x86_64-linux-gnu/libpython3.10.so
-- Configuring done
-- Generating done
-- Build files have been written to: /home/ryanl/4231/MTRN4231_Project/build/chess_arm_executor
[  3%] Built target chess_arm_executor__cpp
[35m[1mConsolidate compiler generated dependencies of target chess_arm_executor__rosidl_generator_c[0m
[  3%] Built target ament_cmake_python_symlink_chess_arm_executor
[35m[1mConsolidate compiler generated dependencies of target chess_arm_executor__rosidl_typesupport_introspection_cpp[0m
[35m[1mConsolidate compiler generated dependencies of target chess_arm_executor__rosidl_typesupport_fastrtps_cpp[0m
[35m[1mConsolidate compiler generated dependencies of target chess_arm_executor__rosidl_typesupport_cpp[0m
[  6%] [32mBuilding C object CMakeFiles/chess_arm_executor__rosidl_generator_c.dir/rosidl_generator_c/chess_arm_executor/action/detail/execute_move__functions.c.o[0m
[  9%] [32mBuilding CXX object CMakeFiles/chess_arm_executor__rosidl_typesupport_introspection_cpp.dir/rosidl_typesupport_introspection_cpp/chess_arm_executor/action/detail/execute_move__type_support.cpp.o[0m
[ 12%] [32mBuilding CXX object CMakeFiles/chess_arm_executor__rosidl_typesupport_cpp.dir/rosidl_typesupport_cpp/chess_arm_executor/action/execute_move__type_support.cpp.o[0m
[ 15%] [32mBuilding CXX object CMakeFiles/chess_arm_executor__rosidl_typesupport_fastrtps_cpp.dir/rosidl_typesupport_fastrtps_cpp/chess_arm_executor/action/detail/dds_fastrtps/execute_move__type_support.cpp.o[0m
[ 18%] [32m[1mLinking C shared library libchess_arm_executor__rosidl_generator_c.so[0m
running egg_info
writing chess_arm_executor.egg-info/PKG-INFO
writing dependency_links to chess_arm_executor.egg-info/dependency_links.txt
writing top-level names to chess_arm_executor.egg-info/top_level.txt
reading manifest file 'chess_arm_executor.egg-info/SOURCES.txt'
writing manifest file 'chess_arm_executor.egg-info/SOURCES.txt'
[ 18%] Built target ament_cmake_python_build_chess_arm_executor_egg
[ 21%] Built target chess_arm_executor__rosidl_generator_c
[35m[1mConsolidate compiler generated dependencies of target chess_arm_executor__rosidl_typesupport_c[0m
[35m[1mConsolidate compiler generated dependencies of target chess_arm_executor__rosidl_typesupport_fastrtps_c[0m
[35m[1mConsolidate compiler generated dependencies of target chess_arm_executor__rosidl_typesupport_introspection_c[0m
[ 24%] [32mBuilding C object CMakeFiles/chess_arm_executor__rosidl_typesupport_introspection_c.dir/rosidl_typesupport_introspection_c/chess_arm_executor/action/detail/execute_move__type_support.c.o[0m
[ 27%] [32mBuilding CXX object CMakeFiles/chess_arm_executor__rosidl_typesupport_c.dir/rosidl_typesupport_c/chess_arm_executor/action/execute_move__type_support.cpp.o[0m
[ 30%] [32mBuilding CXX object CMakeFiles/chess_arm_executor__rosidl_typesupport_fastrtps_c.dir/rosidl_typesupport_fastrtps_c/chess_arm_executor/action/detail/execute_move__type_support_c.cpp.o[0m
[ 33%] [32m[1mLinking C shared library libchess_arm_executor__rosidl_typesupport_introspection_c.so[0m
[ 36%] [32m[1mLinking CXX shared library libchess_arm_executor__rosidl_typesupport_c.so[0m
[ 39%] [32m[1mLinking CXX shared library libchess_arm_executor__rosidl_typesupport_cpp.so[0m
[ 42%] Built target chess_arm_executor__rosidl_typesupport_introspection_c
[ 45%] Built target chess_arm_executor__rosidl_typesupport_c
[ 48%] [32m[1mLinking CXX shared library libchess_arm_executor__rosidl_typesupport_fastrtps_cpp.so[0m
[ 51%] [32m[1mLinking CXX shared library libchess_arm_executor__rosidl_typesupport_introspection_cpp.so[0m
[ 54%] Built target chess_arm_executor__rosidl_typesupport_cpp
[35m[1mConsolidate compiler generated dependencies of target arm_controller_node[0m
[ 57%] [32m[1mLinking CXX shared library libchess_arm_executor__rosidl_typesupport_fastrtps_c.so[0m
[ 60%] [32mBuilding CXX object CMakeFiles/arm_controller_node.dir/src/arm_controller_node.cpp.o[0m
[ 63%] Built target chess_arm_executor__rosidl_typesupport_fastrtps_cpp
[ 66%] Built target chess_arm_executor__rosidl_typesupport_introspection_cpp
[ 69%] Built target chess_arm_executor__rosidl_typesupport_fastrtps_c
[ 69%] Built target chess_arm_executor
[ 72%] Built target chess_arm_executor__py
[35m[1mConsolidate compiler generated dependencies of target chess_arm_executor__rosidl_generator_py[0m
[ 75%] [32mBuilding C object CMakeFiles/chess_arm_executor__rosidl_generator_py.dir/rosidl_generator_py/chess_arm_executor/action/_execute_move_s.c.o[0m
[ 78%] [32m[1mLinking C shared library rosidl_generator_py/chess_arm_executor/libchess_arm_executor__rosidl_generator_py.so[0m
[ 78%] Built target chess_arm_executor__rosidl_generator_py
[35m[1mConsolidate compiler generated dependencies of target chess_arm_executor__rosidl_typesupport_fastrtps_c__pyext[0m
[35m[1mConsolidate compiler generated dependencies of target chess_arm_executor__rosidl_typesupport_c__pyext[0m
[35m[1mConsolidate compiler generated dependencies of target chess_arm_executor__rosidl_typesupport_introspection_c__pyext[0m
[ 81%] [32mBuilding C object CMakeFiles/chess_arm_executor__rosidl_typesupport_introspection_c__pyext.dir/rosidl_generator_py/chess_arm_executor/_chess_arm_executor_s.ep.rosidl_typesupport_introspection_c.c.o[0m
[ 84%] [32mBuilding C object CMakeFiles/chess_arm_executor__rosidl_typesupport_c__pyext.dir/rosidl_generator_py/chess_arm_executor/_chess_arm_executor_s.ep.rosidl_typesupport_c.c.o[0m
[ 87%] [32mBuilding C object CMakeFiles/chess_arm_executor__rosidl_typesupport_fastrtps_c__pyext.dir/rosidl_generator_py/chess_arm_executor/_chess_arm_executor_s.ep.rosidl_typesupport_fastrtps_c.c.o[0m
[ 93%] [32m[1mLinking C shared library rosidl_generator_py/chess_arm_executor/chess_arm_executor_s__rosidl_typesupport_introspection_c.cpython-310-x86_64-linux-gnu.so[0m
[ 93%] [32m[1mLinking C shared library rosidl_generator_py/chess_arm_executor/chess_arm_executor_s__rosidl_typesupport_fastrtps_c.cpython-310-x86_64-linux-gnu.so[0m
[ 96%] [32m[1mLinking C shared library rosidl_generator_py/chess_arm_executor/chess_arm_executor_s__rosidl_typesupport_c.cpython-310-x86_64-linux-gnu.so[0m
[ 96%] Built target chess_arm_executor__rosidl_typesupport_introspection_c__pyext
[ 96%] Built target chess_arm_executor__rosidl_typesupport_fastrtps_c__pyext
[ 96%] Built target chess_arm_executor__rosidl_typesupport_c__pyext
[100%] [32m[1mLinking CXX executable arm_controller_node[0m
[100%] Built target arm_controller_node
-- Install configuration: ""
-- Execute custom install script
-- Up-to-date symlink: /home/ryanl/4231/MTRN4231_Project/install/chess_arm_executor/share/ament_index/resource_index/rosidl_interfaces/chess_arm_executor
-- Up-to-date symlink: /home/ryanl/4231/MTRN4231_Project/install/chess_arm_executor/include/chess_arm_executor/chess_arm_executor/action/detail/execute_move__functions.h
-- Up-to-date symlink: /home/ryanl/4231/MTRN4231_Project/install/chess_arm_executor/include/chess_arm_executor/chess_arm_executor/action/detail/execute_move__struct.h
-- Up-to-date symlink: /home/ryanl/4231/MTRN4231_Project/install/chess_arm_executor/include/chess_arm_executor/chess_arm_executor/action/detail/execute_move__type_support.h
-- Up-to-date symlink: /home/ryanl/4231/MTRN4231_Project/install/chess_arm_executor/include/chess_arm_executor/chess_arm_executor/action/execute_move.h
-- Up-to-date symlink: /home/ryanl/4231/MTRN4231_Project/install/chess_arm_executor/include/chess_arm_executor/chess_arm_executor/msg/rosidl_generator_c__visibility_control.h
-- Up-to-date symlink: /home/ryanl/4231/MTRN4231_Project/install/chess_arm_executor/share/chess_arm_executor/environment/library_path.sh
-- Up-to-date symlink: /home/ryanl/4231/MTRN4231_Project/install/chess_arm_executor/share/chess_arm_executor/environment/library_path.dsv
-- Up-to-date symlink: /home/ryanl/4231/MTRN4231_Project/install/chess_arm_executor/include/chess_arm_executor/chess_arm_executor/action/detail/execute_move__rosidl_typesupport_fastrtps_c.h
-- Up-to-date symlink: /home/ryanl/4231/MTRN4231_Project/install/chess_arm_executor/include/chess_arm_executor/chess_arm_executor/msg/rosidl_typesupport_fastrtps_c__visibility_control.h
-- Up-to-date symlink: /home/ryanl/4231/MTRN4231_Project/install/chess_arm_executor/include/chess_arm_executor/chess_arm_executor/action/detail/execute_move__builder.hpp
-- Up-to-date symlink: /home/ryanl/4231/MTRN4231_Project/install/chess_arm_executor/include/chess_arm_executor/chess_arm_executor/action/detail/execute_move__struct.hpp
-- Up-to-date symlink: /home/ryanl/4231/MTRN4231_Project/install/chess_arm_executor/include/chess_arm_executor/chess_arm_executor/action/detail/execute_move__traits.hpp
-- Up-to-date symlink: /home/ryanl/4231/MTRN4231_Project/install/chess_arm_executor/include/chess_arm_executor/chess_arm_executor/action/detail/execute_move__type_support.hpp
-- Up-to-date symlink: /home/ryanl/4231/MTRN4231_Project/install/chess_arm_executor/include/chess_arm_executor/chess_arm_executor/action/execute_move.hpp
-- Up-to-date symlink: /home/ryanl/4231/MTRN4231_Project/install/chess_arm_executor/include/chess_arm_executor/chess_arm_executor/msg/rosidl_generator_cpp__visibility_control.hpp
-- Up-to-date symlink: /home/ryanl/4231/MTRN4231_Project/install/chess_arm_executor/include/chess_arm_executor/chess_arm_executor/action/detail/execute_move__rosidl_typesupport_fastrtps_cpp.hpp
-- Up-to-date symlink: /home/ryanl/4231/MTRN4231_Project/install/chess_arm_executor/include/chess_arm_executor/chess_arm_executor/msg/rosidl_typesupport_fastrtps_cpp__visibility_control.h
-- Up-to-date symlink: /home/ryanl/4231/MTRN4231_Project/install/chess_arm_executor/include/chess_arm_executor/chess_arm_executor/action/detail/execute_move__rosidl_typesupport_introspection_c.h
-- Up-to-date symlink: /home/ryanl/4231/MTRN4231_Project/install/chess_arm_executor/include/chess_arm_executor/chess_arm_executor/msg/rosidl_typesupport_introspection_c__visibility_control.h
-- Up-to-date symlink: /home/ryanl/4231/MTRN4231_Project/install/chess_arm_executor/include/chess_arm_executor/chess_arm_executor/action/detail/execute_move__rosidl_typesupport_introspection_cpp.hpp
-- Up-to-date symlink: /home/ryanl/4231/MTRN4231_Project/install/chess_arm_executor/share/chess_arm_executor/environment/pythonpath.sh
-- Up-to-date symlink: /home/ryanl/4231/MTRN4231_Project/install/chess_arm_executor/share/chess_arm_executor/environment/pythonpath.dsv
-- Up-to-date symlink: /home/ryanl/4231/MTRN4231_Project/install/chess_arm_executor/local/lib/python3.10/dist-packages/chess_arm_executor-0.0.2-py3.10.egg-info/PKG-INFO
-- Up-to-date symlink: /home/ryanl/4231/MTRN4231_Project/install/chess_arm_executor/local/lib/python3.10/dist-packages/chess_arm_executor-0.0.2-py3.10.egg-info/SOURCES.txt
-- Up-to-date symlink: /home/ryanl/4231/MTRN4231_Project/install/chess_arm_executor/local/lib/python3.10/dist-packages/chess_arm_executor-0.0.2-py3.10.egg-info/dependency_links.txt
-- Up-to-date symlink: /home/ryanl/4231/MTRN4231_Project/install/chess_arm_executor/local/lib/python3.10/dist-packages/chess_arm_executor-0.0.2-py3.10.egg-info/top_level.txt
-- Up-to-date symlink: /home/ryanl/4231/MTRN4231_Project/install/chess_arm_executor/local/lib/python3.10/dist-packages/chess_arm_executor/__init__.py
-- Up-to-date symlink: /home/ryanl/4231/MTRN4231_Project/install/chess_arm_executor/local/lib/python3.10/dist-packages/chess_arm_executor/_chess_arm_executor_s.ep.rosidl_typesupport_c.c
-- Up-to-date symlink: /home/ryanl/4231/MTRN4231_Project/install/chess_arm_executor/local/lib/python3.10/dist-packages/chess_arm_executor/_chess_arm_executor_s.ep.rosidl_typesupport_fastrtps_c.c
-- Up-to-date symlink: /home/ryanl/4231/MTRN4231_Project/install/chess_arm_executor/local/lib/python3.10/dist-packages/chess_arm_executor/_chess_arm_executor_s.ep.rosidl_typesupport_introspection_c.c
-- Up-to-date symlink: /home/ryanl/4231/MTRN4231_Project/install/chess_arm_executor/local/lib/python3.10/dist-packages/chess_arm_executor/action/__init__.py
-- Up-to-date symlink: /home/ryanl/4231/MTRN4231_Project/install/chess_arm_executor/local/lib/python3.10/dist-packages/chess_arm_executor/action/_execute_move.py
-- Up-to-date symlink: /home/ryanl/4231/MTRN4231_Project/install/chess_arm_executor/local/lib/python3.10/dist-packages/chess_arm_executor/action/_execute_move_s.c
-- Up-to-date symlink: /home/ryanl/4231/MTRN4231_Project/install/chess_arm_executor/local/lib/python3.10/dist-packages/chess_arm_executor/chess_arm_executor_s__rosidl_typesupport_c.cpython-310-x86_64-linux-gnu.so
-- Up-to-date symlink: /home/ryanl/4231/MTRN4231_Project/install/chess_arm_executor/local/lib/python3.10/dist-packages/chess_arm_executor/chess_arm_executor_s__rosidl_typesupport_fastrtps_c.cpython-310-x86_64-linux-gnu.so
-- Up-to-date symlink: /home/ryanl/4231/MTRN4231_Project/install/chess_arm_executor/local/lib/python3.10/dist-packages/chess_arm_executor/chess_arm_executor_s__rosidl_typesupport_introspection_c.cpython-310-x86_64-linux-gnu.so
-- Up-to-date symlink: /home/ryanl/4231/MTRN4231_Project/install/chess_arm_executor/local/lib/python3.10/dist-packages/chess_arm_executor/libchess_arm_executor__rosidl_generator_py.so
-- Up-to-date symlink: /home/ryanl/4231/MTRN4231_Project/install/chess_arm_executor/local/lib/python3.10/dist-packages/chess_arm_executor/chess_arm_executor_s__rosidl_typesupport_fastrtps_c.cpython-310-x86_64-linux-gnu.so
-- Up-to-date symlink: /home/ryanl/4231/MTRN4231_Project/install/chess_arm_executor/local/lib/python3.10/dist-packages/chess_arm_executor/chess_arm_executor_s__rosidl_typesupport_introspection_c.cpython-310-x86_64-linux-gnu.so
-- Up-to-date symlink: /home/ryanl/4231/MTRN4231_Project/install/chess_arm_executor/local/lib/python3.10/dist-packages/chess_arm_executor/chess_arm_executor_s__rosidl_typesupport_c.cpython-310-x86_64-linux-gnu.so
-- Up-to-date symlink: /home/ryanl/4231/MTRN4231_Project/install/chess_arm_executor/share/chess_arm_executor/action/ExecuteMove.idl
-- Up-to-date symlink: /home/ryanl/4231/MTRN4231_Project/install/chess_arm_executor/share/chess_arm_executor/action/ExecuteMove.action
-- Up-to-date symlink: /home/ryanl/4231/MTRN4231_Project/install/chess_arm_executor/lib/chess_arm_executor/arm_controller_node
-- Up-to-date symlink: /home/ryanl/4231/MTRN4231_Project/install/chess_arm_executor/share/chess_arm_executor/launch/chess_arm_executor.launch.py
-- Up-to-date symlink: /home/ryanl/4231/MTRN4231_Project/install/chess_arm_executor/share/chess_arm_executor/config/chess_arm_executor.yaml
-- Up-to-date symlink: /home/ryanl/4231/MTRN4231_Project/install/chess_arm_executor/share/chess_arm_executor/config/params.yaml
-- Up-to-date symlink: /home/ryanl/4231/MTRN4231_Project/install/chess_arm_executor/share/chess_arm_executor/action/ExecuteMove.action
-- Up-to-date symlink: /home/ryanl/4231/MTRN4231_Project/install/chess_arm_executor/share/chess_arm_executor/launch/chess_arm_executor.launch.py
-- Up-to-date symlink: /home/ryanl/4231/MTRN4231_Project/install/chess_arm_executor/share/chess_arm_executor/config/chess_arm_executor.yaml
-- Up-to-date symlink: /home/ryanl/4231/MTRN4231_Project/install/chess_arm_executor/share/chess_arm_executor/config/params.yaml
-- Up-to-date symlink: /home/ryanl/4231/MTRN4231_Project/install/chess_arm_executor/share/ament_index/resource_index/package_run_dependencies/chess_arm_executor
-- Up-to-date symlink: /home/ryanl/4231/MTRN4231_Project/install/chess_arm_executor/share/ament_index/resource_index/parent_prefix_path/chess_arm_executor
-- Up-to-date symlink: /home/ryanl/4231/MTRN4231_Project/install/chess_arm_executor/share/chess_arm_executor/environment/ament_prefix_path.sh
-- Up-to-date symlink: /home/ryanl/4231/MTRN4231_Project/install/chess_arm_executor/share/chess_arm_executor/environment/ament_prefix_path.dsv
-- Up-to-date symlink: /home/ryanl/4231/MTRN4231_Project/install/chess_arm_executor/share/chess_arm_executor/environment/path.sh
-- Up-to-date symlink: /home/ryanl/4231/MTRN4231_Project/install/chess_arm_executor/share/chess_arm_executor/environment/path.dsv
-- Up-to-date symlink: /home/ryanl/4231/MTRN4231_Project/install/chess_arm_executor/share/chess_arm_executor/local_setup.bash
-- Up-to-date symlink: /home/ryanl/4231/MTRN4231_Project/install/chess_arm_executor/share/chess_arm_executor/local_setup.sh
-- Up-to-date symlink: /home/ryanl/4231/MTRN4231_Project/install/chess_arm_executor/share/chess_arm_executor/local_setup.zsh
-- Up-to-date symlink: /home/ryanl/4231/MTRN4231_Project/install/chess_arm_executor/share/chess_arm_executor/local_setup.dsv
-- Symlinking: /home/ryanl/4231/MTRN4231_Project/install/chess_arm_executor/share/chess_arm_executor/package.dsv
-- Up-to-date symlink: /home/ryanl/4231/MTRN4231_Project/install/chess_arm_executor/share/ament_index/resource_index/packages/chess_arm_executor
-- Up-to-date symlink: /home/ryanl/4231/MTRN4231_Project/install/chess_arm_executor/share/chess_arm_executor/cmake/rosidl_cmake-extras.cmake
-- Up-to-date symlink: /home/ryanl/4231/MTRN4231_Project/install/chess_arm_executor/share/chess_arm_executor/cmake/ament_cmake_export_dependencies-extras.cmake
-- Up-to-date symlink: /home/ryanl/4231/MTRN4231_Project/install/chess_arm_executor/share/chess_arm_executor/cmake/ament_cmake_export_include_directories-extras.cmake
-- Up-to-date symlink: /home/ryanl/4231/MTRN4231_Project/install/chess_arm_executor/share/chess_arm_executor/cmake/ament_cmake_export_libraries-extras.cmake
-- Up-to-date symlink: /home/ryanl/4231/MTRN4231_Project/install/chess_arm_executor/share/chess_arm_executor/cmake/ament_cmake_export_targets-extras.cmake
-- Up-to-date symlink: /home/ryanl/4231/MTRN4231_Project/install/chess_arm_executor/share/chess_arm_executor/cmake/rosidl_cmake_export_typesupport_targets-extras.cmake
-- Up-to-date symlink: /home/ryanl/4231/MTRN4231_Project/install/chess_arm_executor/share/chess_arm_executor/cmake/rosidl_cmake_export_typesupport_libraries-extras.cmake
-- Up-to-date symlink: /home/ryanl/4231/MTRN4231_Project/install/chess_arm_executor/share/chess_arm_executor/cmake/chess_arm_executorConfig.cmake
-- Up-to-date symlink: /home/ryanl/4231/MTRN4231_Project/install/chess_arm_executor/share/chess_arm_executor/cmake/chess_arm_executorConfig-version.cmake
-- Up-to-date symlink: /home/ryanl/4231/MTRN4231_Project/install/chess_arm_executor/share/chess_arm_executor/package.xml
-- Installing: /home/ryanl/4231/MTRN4231_Project/install/chess_arm_executor/lib/libchess_arm_executor__rosidl_generator_c.so
-- Set runtime path of "/home/ryanl/4231/MTRN4231_Project/install/chess_arm_executor/lib/libchess_arm_executor__rosidl_generator_c.so" to ""
-- Installing: /home/ryanl/4231/MTRN4231_Project/install/chess_arm_executor/lib/libchess_arm_executor__rosidl_typesupport_fastrtps_c.so
-- Set runtime path of "/home/ryanl/4231/MTRN4231_Project/install/chess_arm_executor/lib/libchess_arm_executor__rosidl_typesupport_fastrtps_c.so" to ""
-- Installing: /home/ryanl/4231/MTRN4231_Project/install/chess_arm_executor/lib/libchess_arm_executor__rosidl_typesupport_fastrtps_cpp.so
-- Set runtime path of "/home/ryanl/4231/MTRN4231_Project/install/chess_arm_executor/lib/libchess_arm_executor__rosidl_typesupport_fastrtps_cpp.so" to ""
-- Installing: /home/ryanl/4231/MTRN4231_Project/install/chess_arm_executor/lib/libchess_arm_executor__rosidl_typesupport_introspection_c.so
-- Set runtime path of "/home/ryanl/4231/MTRN4231_Project/install/chess_arm_executor/lib/libchess_arm_executor__rosidl_typesupport_introspection_c.so" to ""
-- Installing: /home/ryanl/4231/MTRN4231_Project/install/chess_arm_executor/lib/libchess_arm_executor__rosidl_typesupport_c.so
-- Set runtime path of "/home/ryanl/4231/MTRN4231_Project/install/chess_arm_executor/lib/libchess_arm_executor__rosidl_typesupport_c.so" to ""
-- Installing: /home/ryanl/4231/MTRN4231_Project/install/chess_arm_executor/lib/libchess_arm_executor__rosidl_typesupport_introspection_cpp.so
-- Set runtime path of "/home/ryanl/4231/MTRN4231_Project/install/chess_arm_executor/lib/libchess_arm_executor__rosidl_typesupport_introspection_cpp.so" to ""
-- Installing: /home/ryanl/4231/MTRN4231_Project/install/chess_arm_executor/lib/libchess_arm_executor__rosidl_typesupport_cpp.so
-- Set runtime path of "/home/ryanl/4231/MTRN4231_Project/install/chess_arm_executor/lib/libchess_arm_executor__rosidl_typesupport_cpp.so" to ""
Listing '/home/ryanl/4231/MTRN4231_Project/install/chess_arm_executor/local/lib/python3.10/dist-packages/chess_arm_executor'...
Compiling '/home/ryanl/4231/MTRN4231_Project/install/chess_arm_executor/local/lib/python3.10/dist-packages/chess_arm_executor/__init__.py'...
Listing '/home/ryanl/4231/MTRN4231_Project/install/chess_arm_executor/local/lib/python3.10/dist-packages/chess_arm_executor/action'...
Compiling '/home/ryanl/4231/MTRN4231_Project/install/chess_arm_executor/local/lib/python3.10/dist-packages/chess_arm_executor/action/__init__.py'...
Compiling '/home/ryanl/4231/MTRN4231_Project/install/chess_arm_executor/local/lib/python3.10/dist-packages/chess_arm_executor/action/_execute_move.py'...
-- Installing: /home/ryanl/4231/MTRN4231_Project/install/chess_arm_executor/lib/libchess_arm_executor__rosidl_generator_py.so
-- Set runtime path of "/home/ryanl/4231/MTRN4231_Project/install/chess_arm_executor/lib/libchess_arm_executor__rosidl_generator_py.so" to ""
-- Up-to-date: /home/ryanl/4231/MTRN4231_Project/install/chess_arm_executor/share/chess_arm_executor/cmake/export_chess_arm_executor__rosidl_generator_cExport.cmake
-- Up-to-date: /home/ryanl/4231/MTRN4231_Project/install/chess_arm_executor/share/chess_arm_executor/cmake/export_chess_arm_executor__rosidl_generator_cExport-noconfig.cmake
-- Up-to-date: /home/ryanl/4231/MTRN4231_Project/install/chess_arm_executor/share/chess_arm_executor/cmake/export_chess_arm_executor__rosidl_typesupport_fastrtps_cExport.cmake
-- Up-to-date: /home/ryanl/4231/MTRN4231_Project/install/chess_arm_executor/share/chess_arm_executor/cmake/export_chess_arm_executor__rosidl_typesupport_fastrtps_cExport-noconfig.cmake
-- Up-to-date: /home/ryanl/4231/MTRN4231_Project/install/chess_arm_executor/share/chess_arm_executor/cmake/export_chess_arm_executor__rosidl_generator_cppExport.cmake
-- Up-to-date: /home/ryanl/4231/MTRN4231_Project/install/chess_arm_executor/share/chess_arm_executor/cmake/export_chess_arm_executor__rosidl_typesupport_fastrtps_cppExport.cmake
-- Up-to-date: /home/ryanl/4231/MTRN4231_Project/install/chess_arm_executor/share/chess_arm_executor/cmake/export_chess_arm_executor__rosidl_typesupport_fastrtps_cppExport-noconfig.cmake
-- Up-to-date: /home/ryanl/4231/MTRN4231_Project/install/chess_arm_executor/share/chess_arm_executor/cmake/chess_arm_executor__rosidl_typesupport_introspection_cExport.cmake
-- Up-to-date: /home/ryanl/4231/MTRN4231_Project/install/chess_arm_executor/share/chess_arm_executor/cmake/chess_arm_executor__rosidl_typesupport_introspection_cExport-noconfig.cmake
-- Up-to-date: /home/ryanl/4231/MTRN4231_Project/install/chess_arm_executor/share/chess_arm_executor/cmake/chess_arm_executor__rosidl_typesupport_cExport.cmake
-- Up-to-date: /home/ryanl/4231/MTRN4231_Project/install/chess_arm_executor/share/chess_arm_executor/cmake/chess_arm_executor__rosidl_typesupport_cExport-noconfig.cmake
-- Up-to-date: /home/ryanl/4231/MTRN4231_Project/install/chess_arm_executor/share/chess_arm_executor/cmake/chess_arm_executor__rosidl_typesupport_introspection_cppExport.cmake
-- Up-to-date: /home/ryanl/4231/MTRN4231_Project/install/chess_arm_executor/share/chess_arm_executor/cmake/chess_arm_executor__rosidl_typesupport_introspection_cppExport-noconfig.cmake
-- Up-to-date: /home/ryanl/4231/MTRN4231_Project/install/chess_arm_executor/share/chess_arm_executor/cmake/chess_arm_executor__rosidl_typesupport_cppExport.cmake
-- Up-to-date: /home/ryanl/4231/MTRN4231_Project/install/chess_arm_executor/share/chess_arm_executor/cmake/chess_arm_executor__rosidl_typesupport_cppExport-noconfig.cmake
-- Up-to-date: /home/ryanl/4231/MTRN4231_Project/install/chess_arm_executor/share/chess_arm_executor/cmake/export_chess_arm_executor__rosidl_generator_pyExport.cmake
-- Up-to-date: /home/ryanl/4231/MTRN4231_Project/install/chess_arm_executor/share/chess_arm_executor/cmake/export_chess_arm_executor__rosidl_generator_pyExport-noconfig.cmake
