[0.036s] Invoking command in '/home/ryanl/4231/MTRN4231_Project/build/custom_interfaces': /usr/bin/cmake --build /home/ryanl/4231/MTRN4231_Project/build/custom_interfaces -- -j16 -l16
[0.152s] [  3%] Built target custom_interfaces__cpp
[0.157s] [ 12%] Built target custom_interfaces__rosidl_generator_c
[0.176s] [ 12%] Built target ament_cmake_python_copy_custom_interfaces
[0.205s] [ 35%] Built target custom_interfaces__rosidl_typesupport_introspection_cpp
[0.206s] [ 38%] Built target custom_interfaces__rosidl_typesupport_fastrtps_cpp
[0.206s] [ 41%] Built target custom_interfaces__rosidl_typesupport_cpp
[0.208s] [ 70%] Built target custom_interfaces__rosidl_typesupport_introspection_c
[0.208s] [ 70%] Built target custom_interfaces__rosidl_typesupport_fastrtps_c
[0.209s] [ 70%] Built target custom_interfaces__rosidl_typesupport_c
[0.254s] [ 70%] Built target custom_interfaces
[0.296s] [ 74%] Built target custom_interfaces__py
[0.341s] [ 80%] Built target custom_interfaces__rosidl_generator_py
[0.386s] [ 87%] Built target custom_interfaces__rosidl_typesupport_introspection_c__pyext
[0.386s] [100%] Built target custom_interfaces__rosidl_typesupport_c__pyext
[0.386s] [100%] Built target custom_interfaces__rosidl_typesupport_fastrtps_c__pyext
[0.609s] running egg_info
[0.610s] writing custom_interfaces.egg-info/PKG-INFO
[0.610s] writing dependency_links to custom_interfaces.egg-info/dependency_links.txt
[0.611s] writing top-level names to custom_interfaces.egg-info/top_level.txt
[0.617s] reading manifest file 'custom_interfaces.egg-info/SOURCES.txt'
[0.618s] writing manifest file 'custom_interfaces.egg-info/SOURCES.txt'
[0.671s] [100%] Built target ament_cmake_python_build_custom_interfaces_egg
[0.695s] Invoked command in '/home/ryanl/4231/MTRN4231_Project/build/custom_interfaces' returned '0': /usr/bin/cmake --build /home/ryanl/4231/MTRN4231_Project/build/custom_interfaces -- -j16 -l16
[0.698s] Invoking command in '/home/ryanl/4231/MTRN4231_Project/build/custom_interfaces': /usr/bin/cmake --install /home/ryanl/4231/MTRN4231_Project/build/custom_interfaces
[0.715s] -- Install configuration: ""
[0.716s] -- Up-to-date: /home/ryanl/4231/MTRN4231_Project/install/custom_interfaces/share/ament_index/resource_index/rosidl_interfaces/custom_interfaces
[0.716s] -- Up-to-date: /home/ryanl/4231/MTRN4231_Project/install/custom_interfaces/include/custom_interfaces/custom_interfaces
[0.717s] -- Up-to-date: /home/ryanl/4231/MTRN4231_Project/install/custom_interfaces/include/custom_interfaces/custom_interfaces/action
[0.717s] -- Up-to-date: /home/ryanl/4231/MTRN4231_Project/install/custom_interfaces/include/custom_interfaces/custom_interfaces/action/detail
[0.717s] -- Up-to-date: /home/ryanl/4231/MTRN4231_Project/install/custom_interfaces/include/custom_interfaces/custom_interfaces/action/detail/pick_place__functions.h
[0.718s] -- Up-to-date: /home/ryanl/4231/MTRN4231_Project/install/custom_interfaces/include/custom_interfaces/custom_interfaces/action/detail/pick_place__struct.h
[0.718s] -- Up-to-date: /home/ryanl/4231/MTRN4231_Project/install/custom_interfaces/include/custom_interfaces/custom_interfaces/action/detail/pick_place__type_support.h
[0.718s] -- Up-to-date: /home/ryanl/4231/MTRN4231_Project/install/custom_interfaces/include/custom_interfaces/custom_interfaces/action/detail/pick_place__functions.c
[0.718s] -- Up-to-date: /home/ryanl/4231/MTRN4231_Project/install/custom_interfaces/include/custom_interfaces/custom_interfaces/action/pick_place.h
[0.719s] -- Up-to-date: /home/ryanl/4231/MTRN4231_Project/install/custom_interfaces/include/custom_interfaces/custom_interfaces/msg
[0.719s] -- Up-to-date: /home/ryanl/4231/MTRN4231_Project/install/custom_interfaces/include/custom_interfaces/custom_interfaces/msg/rosidl_generator_c__visibility_control.h
[0.719s] -- Up-to-date: /home/ryanl/4231/MTRN4231_Project/install/custom_interfaces/share/custom_interfaces/environment/library_path.sh
[0.719s] -- Up-to-date: /home/ryanl/4231/MTRN4231_Project/install/custom_interfaces/share/custom_interfaces/environment/library_path.dsv
[0.720s] -- Up-to-date: /home/ryanl/4231/MTRN4231_Project/install/custom_interfaces/lib/libcustom_interfaces__rosidl_generator_c.so
[0.720s] -- Up-to-date: /home/ryanl/4231/MTRN4231_Project/install/custom_interfaces/include/custom_interfaces/custom_interfaces
[0.720s] -- Up-to-date: /home/ryanl/4231/MTRN4231_Project/install/custom_interfaces/include/custom_interfaces/custom_interfaces/action
[0.720s] -- Up-to-date: /home/ryanl/4231/MTRN4231_Project/install/custom_interfaces/include/custom_interfaces/custom_interfaces/action/detail
[0.720s] -- Up-to-date: /home/ryanl/4231/MTRN4231_Project/install/custom_interfaces/include/custom_interfaces/custom_interfaces/action/detail/pick_place__rosidl_typesupport_fastrtps_c.h
[0.720s] -- Up-to-date: /home/ryanl/4231/MTRN4231_Project/install/custom_interfaces/include/custom_interfaces/custom_interfaces/msg
[0.721s] -- Up-to-date: /home/ryanl/4231/MTRN4231_Project/install/custom_interfaces/include/custom_interfaces/custom_interfaces/msg/rosidl_typesupport_fastrtps_c__visibility_control.h
[0.721s] -- Up-to-date: /home/ryanl/4231/MTRN4231_Project/install/custom_interfaces/lib/libcustom_interfaces__rosidl_typesupport_fastrtps_c.so
[0.722s] -- Up-to-date: /home/ryanl/4231/MTRN4231_Project/install/custom_interfaces/include/custom_interfaces/custom_interfaces
[0.722s] -- Up-to-date: /home/ryanl/4231/MTRN4231_Project/install/custom_interfaces/include/custom_interfaces/custom_interfaces/action
[0.722s] -- Up-to-date: /home/ryanl/4231/MTRN4231_Project/install/custom_interfaces/include/custom_interfaces/custom_interfaces/action/detail
[0.722s] -- Up-to-date: /home/ryanl/4231/MTRN4231_Project/install/custom_interfaces/include/custom_interfaces/custom_interfaces/action/detail/pick_place__type_support.c
[0.723s] -- Up-to-date: /home/ryanl/4231/MTRN4231_Project/install/custom_interfaces/include/custom_interfaces/custom_interfaces/action/detail/pick_place__rosidl_typesupport_introspection_c.h
[0.723s] -- Up-to-date: /home/ryanl/4231/MTRN4231_Project/install/custom_interfaces/include/custom_interfaces/custom_interfaces/msg
[0.723s] -- Up-to-date: /home/ryanl/4231/MTRN4231_Project/install/custom_interfaces/include/custom_interfaces/custom_interfaces/msg/rosidl_typesupport_introspection_c__visibility_control.h
[0.723s] -- Up-to-date: /home/ryanl/4231/MTRN4231_Project/install/custom_interfaces/lib/libcustom_interfaces__rosidl_typesupport_introspection_c.so
[0.723s] -- Up-to-date: /home/ryanl/4231/MTRN4231_Project/install/custom_interfaces/lib/libcustom_interfaces__rosidl_typesupport_c.so
[0.723s] -- Up-to-date: /home/ryanl/4231/MTRN4231_Project/install/custom_interfaces/include/custom_interfaces/custom_interfaces
[0.724s] -- Up-to-date: /home/ryanl/4231/MTRN4231_Project/install/custom_interfaces/include/custom_interfaces/custom_interfaces/action
[0.724s] -- Up-to-date: /home/ryanl/4231/MTRN4231_Project/install/custom_interfaces/include/custom_interfaces/custom_interfaces/action/pick_place.hpp
[0.724s] -- Up-to-date: /home/ryanl/4231/MTRN4231_Project/install/custom_interfaces/include/custom_interfaces/custom_interfaces/action/detail
[0.724s] -- Up-to-date: /home/ryanl/4231/MTRN4231_Project/install/custom_interfaces/include/custom_interfaces/custom_interfaces/action/detail/pick_place__traits.hpp
[0.725s] -- Up-to-date: /home/ryanl/4231/MTRN4231_Project/install/custom_interfaces/include/custom_interfaces/custom_interfaces/action/detail/pick_place__struct.hpp
[0.725s] -- Up-to-date: /home/ryanl/4231/MTRN4231_Project/install/custom_interfaces/include/custom_interfaces/custom_interfaces/action/detail/pick_place__builder.hpp
[0.725s] -- Up-to-date: /home/ryanl/4231/MTRN4231_Project/install/custom_interfaces/include/custom_interfaces/custom_interfaces/action/detail/pick_place__type_support.hpp
[0.725s] -- Up-to-date: /home/ryanl/4231/MTRN4231_Project/install/custom_interfaces/include/custom_interfaces/custom_interfaces/msg
[0.725s] -- Up-to-date: /home/ryanl/4231/MTRN4231_Project/install/custom_interfaces/include/custom_interfaces/custom_interfaces/msg/rosidl_generator_cpp__visibility_control.hpp
[0.726s] -- Up-to-date: /home/ryanl/4231/MTRN4231_Project/install/custom_interfaces/include/custom_interfaces/custom_interfaces
[0.726s] -- Up-to-date: /home/ryanl/4231/MTRN4231_Project/install/custom_interfaces/include/custom_interfaces/custom_interfaces/action
[0.726s] -- Up-to-date: /home/ryanl/4231/MTRN4231_Project/install/custom_interfaces/include/custom_interfaces/custom_interfaces/action/detail
[0.726s] -- Up-to-date: /home/ryanl/4231/MTRN4231_Project/install/custom_interfaces/include/custom_interfaces/custom_interfaces/action/detail/pick_place__rosidl_typesupport_fastrtps_cpp.hpp
[0.726s] -- Up-to-date: /home/ryanl/4231/MTRN4231_Project/install/custom_interfaces/include/custom_interfaces/custom_interfaces/action/detail/dds_fastrtps
[0.726s] -- Up-to-date: /home/ryanl/4231/MTRN4231_Project/install/custom_interfaces/include/custom_interfaces/custom_interfaces/msg
[0.726s] -- Up-to-date: /home/ryanl/4231/MTRN4231_Project/install/custom_interfaces/include/custom_interfaces/custom_interfaces/msg/rosidl_typesupport_fastrtps_cpp__visibility_control.h
[0.726s] -- Up-to-date: /home/ryanl/4231/MTRN4231_Project/install/custom_interfaces/lib/libcustom_interfaces__rosidl_typesupport_fastrtps_cpp.so
[0.726s] -- Up-to-date: /home/ryanl/4231/MTRN4231_Project/install/custom_interfaces/include/custom_interfaces/custom_interfaces
[0.727s] -- Up-to-date: /home/ryanl/4231/MTRN4231_Project/install/custom_interfaces/include/custom_interfaces/custom_interfaces/action
[0.727s] -- Up-to-date: /home/ryanl/4231/MTRN4231_Project/install/custom_interfaces/include/custom_interfaces/custom_interfaces/action/detail
[0.727s] -- Up-to-date: /home/ryanl/4231/MTRN4231_Project/install/custom_interfaces/include/custom_interfaces/custom_interfaces/action/detail/pick_place__rosidl_typesupport_introspection_cpp.hpp
[0.727s] -- Up-to-date: /home/ryanl/4231/MTRN4231_Project/install/custom_interfaces/include/custom_interfaces/custom_interfaces/action/detail/pick_place__type_support.cpp
[0.728s] -- Up-to-date: /home/ryanl/4231/MTRN4231_Project/install/custom_interfaces/lib/libcustom_interfaces__rosidl_typesupport_introspection_cpp.so
[0.728s] -- Up-to-date: /home/ryanl/4231/MTRN4231_Project/install/custom_interfaces/lib/libcustom_interfaces__rosidl_typesupport_cpp.so
[0.728s] -- Up-to-date: /home/ryanl/4231/MTRN4231_Project/install/custom_interfaces/share/custom_interfaces/environment/pythonpath.sh
[0.728s] -- Up-to-date: /home/ryanl/4231/MTRN4231_Project/install/custom_interfaces/share/custom_interfaces/environment/pythonpath.dsv
[0.728s] -- Up-to-date: /home/ryanl/4231/MTRN4231_Project/install/custom_interfaces/local/lib/python3.10/dist-packages/custom_interfaces-0.0.1-py3.10.egg-info
[0.728s] -- Installing: /home/ryanl/4231/MTRN4231_Project/install/custom_interfaces/local/lib/python3.10/dist-packages/custom_interfaces-0.0.1-py3.10.egg-info/top_level.txt
[0.728s] -- Installing: /home/ryanl/4231/MTRN4231_Project/install/custom_interfaces/local/lib/python3.10/dist-packages/custom_interfaces-0.0.1-py3.10.egg-info/SOURCES.txt
[0.729s] -- Installing: /home/ryanl/4231/MTRN4231_Project/install/custom_interfaces/local/lib/python3.10/dist-packages/custom_interfaces-0.0.1-py3.10.egg-info/dependency_links.txt
[0.729s] -- Installing: /home/ryanl/4231/MTRN4231_Project/install/custom_interfaces/local/lib/python3.10/dist-packages/custom_interfaces-0.0.1-py3.10.egg-info/PKG-INFO
[0.729s] -- Up-to-date: /home/ryanl/4231/MTRN4231_Project/install/custom_interfaces/local/lib/python3.10/dist-packages/custom_interfaces
[0.729s] -- Up-to-date: /home/ryanl/4231/MTRN4231_Project/install/custom_interfaces/local/lib/python3.10/dist-packages/custom_interfaces/custom_interfaces_s__rosidl_typesupport_c.cpython-310-x86_64-linux-gnu.so
[0.729s] -- Up-to-date: /home/ryanl/4231/MTRN4231_Project/install/custom_interfaces/local/lib/python3.10/dist-packages/custom_interfaces/_custom_interfaces_s.ep.rosidl_typesupport_introspection_c.c
[0.729s] -- Up-to-date: /home/ryanl/4231/MTRN4231_Project/install/custom_interfaces/local/lib/python3.10/dist-packages/custom_interfaces/__init__.py
[0.729s] -- Up-to-date: /home/ryanl/4231/MTRN4231_Project/install/custom_interfaces/local/lib/python3.10/dist-packages/custom_interfaces/action
[0.729s] -- Up-to-date: /home/ryanl/4231/MTRN4231_Project/install/custom_interfaces/local/lib/python3.10/dist-packages/custom_interfaces/action/_pick_place.py
[0.729s] -- Up-to-date: /home/ryanl/4231/MTRN4231_Project/install/custom_interfaces/local/lib/python3.10/dist-packages/custom_interfaces/action/__init__.py
[0.729s] -- Up-to-date: /home/ryanl/4231/MTRN4231_Project/install/custom_interfaces/local/lib/python3.10/dist-packages/custom_interfaces/action/_pick_place_s.c
[0.729s] -- Up-to-date: /home/ryanl/4231/MTRN4231_Project/install/custom_interfaces/local/lib/python3.10/dist-packages/custom_interfaces/_custom_interfaces_s.ep.rosidl_typesupport_c.c
[0.729s] -- Up-to-date: /home/ryanl/4231/MTRN4231_Project/install/custom_interfaces/local/lib/python3.10/dist-packages/custom_interfaces/custom_interfaces_s__rosidl_typesupport_introspection_c.cpython-310-x86_64-linux-gnu.so
[0.729s] -- Up-to-date: /home/ryanl/4231/MTRN4231_Project/install/custom_interfaces/local/lib/python3.10/dist-packages/custom_interfaces/_custom_interfaces_s.ep.rosidl_typesupport_fastrtps_c.c
[0.729s] -- Up-to-date: /home/ryanl/4231/MTRN4231_Project/install/custom_interfaces/local/lib/python3.10/dist-packages/custom_interfaces/custom_interfaces_s__rosidl_typesupport_fastrtps_c.cpython-310-x86_64-linux-gnu.so
[0.730s] -- Up-to-date: /home/ryanl/4231/MTRN4231_Project/install/custom_interfaces/local/lib/python3.10/dist-packages/custom_interfaces/libcustom_interfaces__rosidl_generator_py.so
[0.796s] Listing '/home/ryanl/4231/MTRN4231_Project/install/custom_interfaces/local/lib/python3.10/dist-packages/custom_interfaces'...
[0.796s] Listing '/home/ryanl/4231/MTRN4231_Project/install/custom_interfaces/local/lib/python3.10/dist-packages/custom_interfaces/action'...
[0.805s] -- Up-to-date: /home/ryanl/4231/MTRN4231_Project/install/custom_interfaces/local/lib/python3.10/dist-packages/custom_interfaces/custom_interfaces_s__rosidl_typesupport_fastrtps_c.cpython-310-x86_64-linux-gnu.so
[0.806s] -- Up-to-date: /home/ryanl/4231/MTRN4231_Project/install/custom_interfaces/local/lib/python3.10/dist-packages/custom_interfaces/custom_interfaces_s__rosidl_typesupport_introspection_c.cpython-310-x86_64-linux-gnu.so
[0.806s] -- Up-to-date: /home/ryanl/4231/MTRN4231_Project/install/custom_interfaces/local/lib/python3.10/dist-packages/custom_interfaces/custom_interfaces_s__rosidl_typesupport_c.cpython-310-x86_64-linux-gnu.so
[0.807s] -- Up-to-date: /home/ryanl/4231/MTRN4231_Project/install/custom_interfaces/lib/libcustom_interfaces__rosidl_generator_py.so
[0.808s] -- Up-to-date: /home/ryanl/4231/MTRN4231_Project/install/custom_interfaces/share/custom_interfaces/action/PickPlace.idl
[0.808s] -- Up-to-date: /home/ryanl/4231/MTRN4231_Project/install/custom_interfaces/share/custom_interfaces/action/PickPlace.action
[0.808s] -- Up-to-date: /home/ryanl/4231/MTRN4231_Project/install/custom_interfaces/share/ament_index/resource_index/package_run_dependencies/custom_interfaces
[0.809s] -- Up-to-date: /home/ryanl/4231/MTRN4231_Project/install/custom_interfaces/share/ament_index/resource_index/parent_prefix_path/custom_interfaces
[0.809s] -- Up-to-date: /home/ryanl/4231/MTRN4231_Project/install/custom_interfaces/share/custom_interfaces/environment/ament_prefix_path.sh
[0.810s] -- Up-to-date: /home/ryanl/4231/MTRN4231_Project/install/custom_interfaces/share/custom_interfaces/environment/ament_prefix_path.dsv
[0.810s] -- Up-to-date: /home/ryanl/4231/MTRN4231_Project/install/custom_interfaces/share/custom_interfaces/environment/path.sh
[0.810s] -- Up-to-date: /home/ryanl/4231/MTRN4231_Project/install/custom_interfaces/share/custom_interfaces/environment/path.dsv
[0.810s] -- Up-to-date: /home/ryanl/4231/MTRN4231_Project/install/custom_interfaces/share/custom_interfaces/local_setup.bash
[0.811s] -- Up-to-date: /home/ryanl/4231/MTRN4231_Project/install/custom_interfaces/share/custom_interfaces/local_setup.sh
[0.811s] -- Up-to-date: /home/ryanl/4231/MTRN4231_Project/install/custom_interfaces/share/custom_interfaces/local_setup.zsh
[0.811s] -- Up-to-date: /home/ryanl/4231/MTRN4231_Project/install/custom_interfaces/share/custom_interfaces/local_setup.dsv
[0.811s] -- Installing: /home/ryanl/4231/MTRN4231_Project/install/custom_interfaces/share/custom_interfaces/package.dsv
[0.812s] -- Up-to-date: /home/ryanl/4231/MTRN4231_Project/install/custom_interfaces/share/ament_index/resource_index/packages/custom_interfaces
[0.812s] -- Up-to-date: /home/ryanl/4231/MTRN4231_Project/install/custom_interfaces/share/custom_interfaces/cmake/export_custom_interfaces__rosidl_generator_cExport.cmake
[0.812s] -- Up-to-date: /home/ryanl/4231/MTRN4231_Project/install/custom_interfaces/share/custom_interfaces/cmake/export_custom_interfaces__rosidl_generator_cExport-noconfig.cmake
[0.874s] -- Up-to-date: /home/ryanl/4231/MTRN4231_Project/install/custom_interfaces/share/custom_interfaces/cmake/export_custom_interfaces__rosidl_typesupport_fastrtps_cExport.cmake
[0.875s] -- Up-to-date: /home/ryanl/4231/MTRN4231_Project/install/custom_interfaces/share/custom_interfaces/cmake/export_custom_interfaces__rosidl_typesupport_fastrtps_cExport-noconfig.cmake
[0.875s] -- Up-to-date: /home/ryanl/4231/MTRN4231_Project/install/custom_interfaces/share/custom_interfaces/cmake/custom_interfaces__rosidl_typesupport_introspection_cExport.cmake
[0.875s] -- Up-to-date: /home/ryanl/4231/MTRN4231_Project/install/custom_interfaces/share/custom_interfaces/cmake/custom_interfaces__rosidl_typesupport_introspection_cExport-noconfig.cmake
[0.875s] -- Up-to-date: /home/ryanl/4231/MTRN4231_Project/install/custom_interfaces/share/custom_interfaces/cmake/custom_interfaces__rosidl_typesupport_cExport.cmake
[0.876s] -- Up-to-date: /home/ryanl/4231/MTRN4231_Project/install/custom_interfaces/share/custom_interfaces/cmake/custom_interfaces__rosidl_typesupport_cExport-noconfig.cmake
[0.876s] -- Up-to-date: /home/ryanl/4231/MTRN4231_Project/install/custom_interfaces/share/custom_interfaces/cmake/export_custom_interfaces__rosidl_generator_cppExport.cmake
[0.876s] -- Up-to-date: /home/ryanl/4231/MTRN4231_Project/install/custom_interfaces/share/custom_interfaces/cmake/export_custom_interfaces__rosidl_typesupport_fastrtps_cppExport.cmake
[0.877s] -- Up-to-date: /home/ryanl/4231/MTRN4231_Project/install/custom_interfaces/share/custom_interfaces/cmake/export_custom_interfaces__rosidl_typesupport_fastrtps_cppExport-noconfig.cmake
[0.877s] -- Up-to-date: /home/ryanl/4231/MTRN4231_Project/install/custom_interfaces/share/custom_interfaces/cmake/custom_interfaces__rosidl_typesupport_introspection_cppExport.cmake
[0.877s] -- Up-to-date: /home/ryanl/4231/MTRN4231_Project/install/custom_interfaces/share/custom_interfaces/cmake/custom_interfaces__rosidl_typesupport_introspection_cppExport-noconfig.cmake
[0.878s] -- Up-to-date: /home/ryanl/4231/MTRN4231_Project/install/custom_interfaces/share/custom_interfaces/cmake/custom_interfaces__rosidl_typesupport_cppExport.cmake
[0.878s] -- Up-to-date: /home/ryanl/4231/MTRN4231_Project/install/custom_interfaces/share/custom_interfaces/cmake/custom_interfaces__rosidl_typesupport_cppExport-noconfig.cmake
[0.878s] -- Up-to-date: /home/ryanl/4231/MTRN4231_Project/install/custom_interfaces/share/custom_interfaces/cmake/export_custom_interfaces__rosidl_generator_pyExport.cmake
[0.878s] -- Up-to-date: /home/ryanl/4231/MTRN4231_Project/install/custom_interfaces/share/custom_interfaces/cmake/export_custom_interfaces__rosidl_generator_pyExport-noconfig.cmake
[0.878s] -- Up-to-date: /home/ryanl/4231/MTRN4231_Project/install/custom_interfaces/share/custom_interfaces/cmake/rosidl_cmake-extras.cmake
[0.879s] -- Up-to-date: /home/ryanl/4231/MTRN4231_Project/install/custom_interfaces/share/custom_interfaces/cmake/ament_cmake_export_dependencies-extras.cmake
[0.879s] -- Up-to-date: /home/ryanl/4231/MTRN4231_Project/install/custom_interfaces/share/custom_interfaces/cmake/ament_cmake_export_include_directories-extras.cmake
[0.879s] -- Up-to-date: /home/ryanl/4231/MTRN4231_Project/install/custom_interfaces/share/custom_interfaces/cmake/ament_cmake_export_libraries-extras.cmake
[0.879s] -- Up-to-date: /home/ryanl/4231/MTRN4231_Project/install/custom_interfaces/share/custom_interfaces/cmake/ament_cmake_export_targets-extras.cmake
[0.879s] -- Up-to-date: /home/ryanl/4231/MTRN4231_Project/install/custom_interfaces/share/custom_interfaces/cmake/rosidl_cmake_export_typesupport_targets-extras.cmake
[0.879s] -- Up-to-date: /home/ryanl/4231/MTRN4231_Project/install/custom_interfaces/share/custom_interfaces/cmake/rosidl_cmake_export_typesupport_libraries-extras.cmake
[0.880s] -- Up-to-date: /home/ryanl/4231/MTRN4231_Project/install/custom_interfaces/share/custom_interfaces/cmake/custom_interfacesConfig.cmake
[0.880s] -- Up-to-date: /home/ryanl/4231/MTRN4231_Project/install/custom_interfaces/share/custom_interfaces/cmake/custom_interfacesConfig-version.cmake
[0.880s] -- Up-to-date: /home/ryanl/4231/MTRN4231_Project/install/custom_interfaces/share/custom_interfaces/package.xml
[0.883s] Invoked command in '/home/ryanl/4231/MTRN4231_Project/build/custom_interfaces' returned '0': /usr/bin/cmake --install /home/ryanl/4231/MTRN4231_Project/build/custom_interfaces
