[0.036s] Invoking command in '/home/ryanl/4231/MTRN4231_Project/build/arm_interfaces': /usr/bin/cmake /home/ryanl/4231/MTRN4231_Project/src/arm_interfaces -DCATKIN_INSTALL_INTO_PREFIX_ROOT=0 -DCMAKE_INSTALL_PREFIX=/home/ryanl/4231/MTRN4231_Project/install/arm_interfaces
[0.606s] -- The C compiler identification is GNU 11.4.0
[1.951s] -- The CXX compiler identification is GNU 11.4.0
[2.788s] -- Detecting C compiler ABI info
[3.155s] -- Detecting C compiler ABI info - done
[3.174s] -- Check for working C compiler: /usr/bin/cc - skipped
[3.238s] -- Detecting C compile features
[3.241s] -- Detecting C compile features - done
[3.249s] -- Detecting CXX compiler ABI info
[3.683s] -- Detecting CXX compiler ABI info - done
[3.693s] -- Check for working CXX compiler: /usr/bin/c++ - skipped
[3.693s] -- Detecting CXX compile features
[3.694s] -- Detecting CXX compile features - done
[3.805s] -- Found ament_cmake: 1.3.12 (/opt/ros/humble/share/ament_cmake/cmake)
[4.146s] -- Found Python3: /usr/bin/python3 (found version "3.10.12") found components: Interpreter 
[4.417s] -- Found rosidl_default_generators: 1.2.0 (/opt/ros/humble/share/rosidl_default_generators/cmake)
[4.434s] -- Using all available rosidl_typesupport_c: rosidl_typesupport_fastrtps_c;rosidl_typesupport_introspection_c
[4.462s] -- Found rosidl_adapter: 3.1.7 (/opt/ros/humble/share/rosidl_adapter/cmake)
[4.986s] -- Using all available rosidl_typesupport_cpp: rosidl_typesupport_fastrtps_cpp;rosidl_typesupport_introspection_cpp
[5.099s] -- Found geometry_msgs: 4.9.0 (/opt/ros/humble/share/geometry_msgs/cmake)
[5.689s] [31mCMake Error at /opt/ros/humble/share/rosidl_cmake/cmake/rosidl_generate_interfaces.cmake:229 (message):
[5.689s]   Packages installing interfaces must include
[5.689s]   '<member_of_group>rosidl_interface_packages</member_of_group>' in their
[5.690s]   package.xml
[5.690s] Call Stack (most recent call first):
[5.690s]   CMakeLists.txt:8 (rosidl_generate_interfaces)
[5.690s] 
[5.690s] [0m
[5.690s] -- Configuring incomplete, errors occurred!
[5.690s] See also "/home/ryanl/4231/MTRN4231_Project/build/arm_interfaces/CMakeFiles/CMakeOutput.log".
[5.706s] Invoked command in '/home/ryanl/4231/MTRN4231_Project/build/arm_interfaces' returned '1': /usr/bin/cmake /home/ryanl/4231/MTRN4231_Project/src/arm_interfaces -DCATKIN_INSTALL_INTO_PREFIX_ROOT=0 -DCMAKE_INSTALL_PREFIX=/home/ryanl/4231/MTRN4231_Project/install/arm_interfaces
