[0.042s] Invoking command in '/home/ryanl/4231/MTRN4231_Project/build/arm_interfaces': /usr/bin/cmake --build /home/ryanl/4231/MTRN4231_Project/build/arm_interfaces -- -j16 -l16
[0.191s] [  3%] Built target arm_interfaces__cpp
[0.223s] [  9%] Built target ament_cmake_python_copy_arm_interfaces
[0.224s] [ 12%] Built target arm_interfaces__rosidl_generator_c
[0.262s] [ 32%] Built target arm_interfaces__rosidl_typesupport_introspection_cpp
[0.262s] [ 32%] Built target arm_interfaces__rosidl_typesupport_cpp
[0.269s] [ 41%] Built target arm_interfaces__rosidl_typesupport_fastrtps_cpp
[0.279s] [ 61%] Built target arm_interfaces__rosidl_typesupport_c
[0.279s] [ 61%] Built target arm_interfaces__rosidl_typesupport_introspection_c
[0.285s] [ 70%] Built target arm_interfaces__rosidl_typesupport_fastrtps_c
[0.331s] [ 70%] Built target arm_interfaces
[0.378s] [ 74%] Built target arm_interfaces__py
[0.429s] [ 80%] Built target arm_interfaces__rosidl_generator_py
[0.480s] [100%] Built target arm_interfaces__rosidl_typesupport_fastrtps_c__pyext
[0.481s] [100%] Built target arm_interfaces__rosidl_typesupport_c__pyext
[0.481s] [100%] Built target arm_interfaces__rosidl_typesupport_introspection_c__pyext
[0.714s] running egg_info
[0.716s] writing arm_interfaces.egg-info/PKG-INFO
[0.716s] writing dependency_links to arm_interfaces.egg-info/dependency_links.txt
[0.717s] writing top-level names to arm_interfaces.egg-info/top_level.txt
[0.725s] reading manifest file 'arm_interfaces.egg-info/SOURCES.txt'
[0.726s] writing manifest file 'arm_interfaces.egg-info/SOURCES.txt'
[0.773s] [100%] Built target ament_cmake_python_build_arm_interfaces_egg
