[0.036s] Invoking command in '/home/ryanl/4231/MTRN4231_Project/build/custom_interfaces': CMAKE_PREFIX_PATH=/opt/ros/humble /usr/bin/cmake /home/ryanl/4231/MTRN4231_Project/src/custom_interfaces -DAMENT_CMAKE_SYMLINK_INSTALL=1 -DCMAKE_INSTALL_PREFIX=/home/ryanl/4231/MTRN4231_Project/install/custom_interfaces
[0.087s] -- Found ament_cmake: 1.3.12 (/opt/ros/humble/share/ament_cmake/cmake)
[0.323s] -- Override CMake install command with custom implementation using symlinks instead of copying resources
[0.341s] -- Found rosidl_default_generators: 1.2.0 (/opt/ros/humble/share/rosidl_default_generators/cmake)
[0.345s] -- Using all available rosidl_typesupport_c: rosidl_typesupport_fastrtps_c;rosidl_typesupport_introspection_c
[0.350s] -- Found rosidl_adapter: 3.1.7 (/opt/ros/humble/share/rosidl_adapter/cmake)
[0.687s] -- Using all available rosidl_typesupport_cpp: rosidl_typesupport_fastrtps_cpp;rosidl_typesupport_introspection_cpp
[0.735s] -- Found geometry_msgs: 4.9.0 (/opt/ros/humble/share/geometry_msgs/cmake)
[1.366s] -- Found ament_cmake_ros: 0.10.0 (/opt/ros/humble/share/ament_cmake_ros/cmake)
[1.789s] -- Using all available rosidl_typesupport_c: rosidl_typesupport_fastrtps_c;rosidl_typesupport_introspection_c
[2.384s] -- Using all available rosidl_typesupport_cpp: rosidl_typesupport_fastrtps_cpp;rosidl_typesupport_introspection_cpp
[2.428s] -- Found python_cmake_module: 0.10.0 (/opt/ros/humble/share/python_cmake_module/cmake)
[2.468s] -- Using PYTHON_EXECUTABLE: /usr/bin/python3
[2.469s] -- Using PYTHON_INCLUDE_DIRS: /usr/include/python3.10
[2.469s] -- Using PYTHON_LIBRARIES: /usr/lib/x86_64-linux-gnu/libpython3.10.so
[2.559s] -- Configuring done
[2.675s] -- Generating done
[2.704s] -- Build files have been written to: /home/ryanl/4231/MTRN4231_Project/build/custom_interfaces
[2.721s] Invoked command in '/home/ryanl/4231/MTRN4231_Project/build/custom_interfaces' returned '0': CMAKE_PREFIX_PATH=/opt/ros/humble /usr/bin/cmake /home/ryanl/4231/MTRN4231_Project/src/custom_interfaces -DAMENT_CMAKE_SYMLINK_INSTALL=1 -DCMAKE_INSTALL_PREFIX=/home/ryanl/4231/MTRN4231_Project/install/custom_interfaces
[2.723s] Invoking command in '/home/ryanl/4231/MTRN4231_Project/build/custom_interfaces': CMAKE_PREFIX_PATH=/opt/ros/humble /usr/bin/cmake --build /home/ryanl/4231/MTRN4231_Project/build/custom_interfaces -- -j16 -l16
[2.805s] [35m[1mConsolidate compiler generated dependencies of target custom_interfaces__rosidl_generator_c[0m
[2.830s] [  2%] Built target custom_interfaces__cpp
[2.837s] [ 12%] Built target custom_interfaces__rosidl_generator_c
[2.849s] [ 12%] Built target ament_cmake_python_symlink_custom_interfaces
[2.856s] [35m[1mConsolidate compiler generated dependencies of target custom_interfaces__rosidl_typesupport_cpp[0m
[2.858s] [35m[1mConsolidate compiler generated dependencies of target custom_interfaces__rosidl_typesupport_introspection_cpp[0m
[2.858s] [35m[1mConsolidate compiler generated dependencies of target custom_interfaces__rosidl_typesupport_fastrtps_cpp[0m
[2.866s] [35m[1mConsolidate compiler generated dependencies of target custom_interfaces__rosidl_typesupport_fastrtps_c[0m
[2.866s] [35m[1mConsolidate compiler generated dependencies of target custom_interfaces__rosidl_typesupport_c[0m
[2.870s] [35m[1mConsolidate compiler generated dependencies of target custom_interfaces__rosidl_typesupport_introspection_c[0m
[2.898s] [ 23%] Built target custom_interfaces__rosidl_typesupport_cpp
[2.899s] [ 43%] Built target custom_interfaces__rosidl_typesupport_introspection_cpp
[2.899s] [ 43%] Built target custom_interfaces__rosidl_typesupport_c
[2.902s] [ 53%] Built target custom_interfaces__rosidl_typesupport_introspection_c
[2.905s] [ 64%] Built target custom_interfaces__rosidl_typesupport_fastrtps_cpp
[2.909s] [ 74%] Built target custom_interfaces__rosidl_typesupport_fastrtps_c
[2.961s] [ 74%] Built target custom_interfaces
[3.007s] [ 76%] Built target custom_interfaces__py
[3.031s] [35m[1mConsolidate compiler generated dependencies of target custom_interfaces__rosidl_generator_py[0m
[3.063s] [ 84%] Built target custom_interfaces__rosidl_generator_py
[3.087s] [35m[1mConsolidate compiler generated dependencies of target custom_interfaces__rosidl_typesupport_c__pyext[0m
[3.087s] [35m[1mConsolidate compiler generated dependencies of target custom_interfaces__rosidl_typesupport_fastrtps_c__pyext[0m
[3.087s] [35m[1mConsolidate compiler generated dependencies of target custom_interfaces__rosidl_typesupport_introspection_c__pyext[0m
[3.117s] [100%] Built target custom_interfaces__rosidl_typesupport_fastrtps_c__pyext
[3.117s] [100%] Built target custom_interfaces__rosidl_typesupport_c__pyext
[3.117s] [100%] Built target custom_interfaces__rosidl_typesupport_introspection_c__pyext
[3.316s] running egg_info
[3.317s] writing custom_interfaces.egg-info/PKG-INFO
[3.317s] writing dependency_links to custom_interfaces.egg-info/dependency_links.txt
[3.318s] writing top-level names to custom_interfaces.egg-info/top_level.txt
[3.324s] reading manifest file 'custom_interfaces.egg-info/SOURCES.txt'
[3.326s] writing manifest file 'custom_interfaces.egg-info/SOURCES.txt'
[3.382s] [100%] Built target ament_cmake_python_build_custom_interfaces_egg
[3.412s] Invoked command in '/home/ryanl/4231/MTRN4231_Project/build/custom_interfaces' returned '0': CMAKE_PREFIX_PATH=/opt/ros/humble /usr/bin/cmake --build /home/ryanl/4231/MTRN4231_Project/build/custom_interfaces -- -j16 -l16
[3.415s] Invoking command in '/home/ryanl/4231/MTRN4231_Project/build/custom_interfaces': CMAKE_PREFIX_PATH=/opt/ros/humble /usr/bin/cmake --install /home/ryanl/4231/MTRN4231_Project/build/custom_interfaces
[3.431s] -- Install configuration: ""
[3.431s] -- Execute custom install script
[3.432s] -- Up-to-date symlink: /home/ryanl/4231/MTRN4231_Project/install/custom_interfaces/share/ament_index/resource_index/rosidl_interfaces/custom_interfaces
[3.433s] -- Up-to-date symlink: /home/ryanl/4231/MTRN4231_Project/install/custom_interfaces/include/custom_interfaces/custom_interfaces/action/detail/gripper_command__functions.h
[3.433s] -- Up-to-date symlink: /home/ryanl/4231/MTRN4231_Project/install/custom_interfaces/include/custom_interfaces/custom_interfaces/action/detail/gripper_command__struct.h
[3.434s] -- Up-to-date symlink: /home/ryanl/4231/MTRN4231_Project/install/custom_interfaces/include/custom_interfaces/custom_interfaces/action/detail/gripper_command__type_support.h
[3.434s] -- Up-to-date symlink: /home/ryanl/4231/MTRN4231_Project/install/custom_interfaces/include/custom_interfaces/custom_interfaces/action/detail/move_tcp__functions.h
[3.434s] -- Up-to-date symlink: /home/ryanl/4231/MTRN4231_Project/install/custom_interfaces/include/custom_interfaces/custom_interfaces/action/detail/move_tcp__struct.h
[3.435s] -- Up-to-date symlink: /home/ryanl/4231/MTRN4231_Project/install/custom_interfaces/include/custom_interfaces/custom_interfaces/action/detail/move_tcp__type_support.h
[3.435s] -- Up-to-date symlink: /home/ryanl/4231/MTRN4231_Project/install/custom_interfaces/include/custom_interfaces/custom_interfaces/action/gripper_command.h
[3.435s] -- Up-to-date symlink: /home/ryanl/4231/MTRN4231_Project/install/custom_interfaces/include/custom_interfaces/custom_interfaces/action/move_tcp.h
[3.436s] -- Up-to-date symlink: /home/ryanl/4231/MTRN4231_Project/install/custom_interfaces/include/custom_interfaces/custom_interfaces/msg/rosidl_generator_c__visibility_control.h
[3.436s] -- Up-to-date symlink: /home/ryanl/4231/MTRN4231_Project/install/custom_interfaces/share/custom_interfaces/environment/library_path.sh
[3.437s] -- Up-to-date symlink: /home/ryanl/4231/MTRN4231_Project/install/custom_interfaces/share/custom_interfaces/environment/library_path.dsv
[3.438s] -- Up-to-date symlink: /home/ryanl/4231/MTRN4231_Project/install/custom_interfaces/include/custom_interfaces/custom_interfaces/action/detail/gripper_command__rosidl_typesupport_fastrtps_c.h
[3.439s] -- Up-to-date symlink: /home/ryanl/4231/MTRN4231_Project/install/custom_interfaces/include/custom_interfaces/custom_interfaces/action/detail/move_tcp__rosidl_typesupport_fastrtps_c.h
[3.439s] -- Up-to-date symlink: /home/ryanl/4231/MTRN4231_Project/install/custom_interfaces/include/custom_interfaces/custom_interfaces/msg/rosidl_typesupport_fastrtps_c__visibility_control.h
[3.440s] -- Up-to-date symlink: /home/ryanl/4231/MTRN4231_Project/install/custom_interfaces/include/custom_interfaces/custom_interfaces/action/detail/gripper_command__rosidl_typesupport_introspection_c.h
[3.440s] -- Up-to-date symlink: /home/ryanl/4231/MTRN4231_Project/install/custom_interfaces/include/custom_interfaces/custom_interfaces/action/detail/move_tcp__rosidl_typesupport_introspection_c.h
[3.441s] -- Up-to-date symlink: /home/ryanl/4231/MTRN4231_Project/install/custom_interfaces/include/custom_interfaces/custom_interfaces/msg/rosidl_typesupport_introspection_c__visibility_control.h
[3.441s] -- Up-to-date symlink: /home/ryanl/4231/MTRN4231_Project/install/custom_interfaces/include/custom_interfaces/custom_interfaces/action/detail/gripper_command__builder.hpp
[3.442s] -- Up-to-date symlink: /home/ryanl/4231/MTRN4231_Project/install/custom_interfaces/include/custom_interfaces/custom_interfaces/action/detail/gripper_command__struct.hpp
[3.442s] -- Up-to-date symlink: /home/ryanl/4231/MTRN4231_Project/install/custom_interfaces/include/custom_interfaces/custom_interfaces/action/detail/gripper_command__traits.hpp
[3.442s] -- Up-to-date symlink: /home/ryanl/4231/MTRN4231_Project/install/custom_interfaces/include/custom_interfaces/custom_interfaces/action/detail/gripper_command__type_support.hpp
[3.443s] -- Up-to-date symlink: /home/ryanl/4231/MTRN4231_Project/install/custom_interfaces/include/custom_interfaces/custom_interfaces/action/detail/move_tcp__builder.hpp
[3.443s] -- Up-to-date symlink: /home/ryanl/4231/MTRN4231_Project/install/custom_interfaces/include/custom_interfaces/custom_interfaces/action/detail/move_tcp__struct.hpp
[3.443s] -- Up-to-date symlink: /home/ryanl/4231/MTRN4231_Project/install/custom_interfaces/include/custom_interfaces/custom_interfaces/action/detail/move_tcp__traits.hpp
[3.444s] -- Up-to-date symlink: /home/ryanl/4231/MTRN4231_Project/install/custom_interfaces/include/custom_interfaces/custom_interfaces/action/detail/move_tcp__type_support.hpp
[3.444s] -- Up-to-date symlink: /home/ryanl/4231/MTRN4231_Project/install/custom_interfaces/include/custom_interfaces/custom_interfaces/action/gripper_command.hpp
[3.444s] -- Up-to-date symlink: /home/ryanl/4231/MTRN4231_Project/install/custom_interfaces/include/custom_interfaces/custom_interfaces/action/move_tcp.hpp
[3.445s] -- Up-to-date symlink: /home/ryanl/4231/MTRN4231_Project/install/custom_interfaces/include/custom_interfaces/custom_interfaces/msg/rosidl_generator_cpp__visibility_control.hpp
[3.446s] -- Up-to-date symlink: /home/ryanl/4231/MTRN4231_Project/install/custom_interfaces/include/custom_interfaces/custom_interfaces/action/detail/gripper_command__rosidl_typesupport_fastrtps_cpp.hpp
[3.446s] -- Up-to-date symlink: /home/ryanl/4231/MTRN4231_Project/install/custom_interfaces/include/custom_interfaces/custom_interfaces/action/detail/move_tcp__rosidl_typesupport_fastrtps_cpp.hpp
[3.446s] -- Up-to-date symlink: /home/ryanl/4231/MTRN4231_Project/install/custom_interfaces/include/custom_interfaces/custom_interfaces/msg/rosidl_typesupport_fastrtps_cpp__visibility_control.h
[3.447s] -- Up-to-date symlink: /home/ryanl/4231/MTRN4231_Project/install/custom_interfaces/include/custom_interfaces/custom_interfaces/action/detail/gripper_command__rosidl_typesupport_introspection_cpp.hpp
[3.447s] -- Up-to-date symlink: /home/ryanl/4231/MTRN4231_Project/install/custom_interfaces/include/custom_interfaces/custom_interfaces/action/detail/move_tcp__rosidl_typesupport_introspection_cpp.hpp
[3.448s] -- Up-to-date symlink: /home/ryanl/4231/MTRN4231_Project/install/custom_interfaces/share/custom_interfaces/environment/pythonpath.sh
[3.448s] -- Up-to-date symlink: /home/ryanl/4231/MTRN4231_Project/install/custom_interfaces/share/custom_interfaces/environment/pythonpath.dsv
[3.448s] -- Up-to-date symlink: /home/ryanl/4231/MTRN4231_Project/install/custom_interfaces/local/lib/python3.10/dist-packages/custom_interfaces-0.0.0-py3.10.egg-info/PKG-INFO
[3.449s] -- Up-to-date symlink: /home/ryanl/4231/MTRN4231_Project/install/custom_interfaces/local/lib/python3.10/dist-packages/custom_interfaces-0.0.0-py3.10.egg-info/SOURCES.txt
[3.449s] -- Up-to-date symlink: /home/ryanl/4231/MTRN4231_Project/install/custom_interfaces/local/lib/python3.10/dist-packages/custom_interfaces-0.0.0-py3.10.egg-info/dependency_links.txt
[3.450s] -- Up-to-date symlink: /home/ryanl/4231/MTRN4231_Project/install/custom_interfaces/local/lib/python3.10/dist-packages/custom_interfaces-0.0.0-py3.10.egg-info/top_level.txt
[3.451s] -- Up-to-date symlink: /home/ryanl/4231/MTRN4231_Project/install/custom_interfaces/local/lib/python3.10/dist-packages/custom_interfaces/__init__.py
[3.451s] -- Up-to-date symlink: /home/ryanl/4231/MTRN4231_Project/install/custom_interfaces/local/lib/python3.10/dist-packages/custom_interfaces/_custom_interfaces_s.ep.rosidl_typesupport_c.c
[3.451s] -- Up-to-date symlink: /home/ryanl/4231/MTRN4231_Project/install/custom_interfaces/local/lib/python3.10/dist-packages/custom_interfaces/_custom_interfaces_s.ep.rosidl_typesupport_fastrtps_c.c
[3.451s] -- Up-to-date symlink: /home/ryanl/4231/MTRN4231_Project/install/custom_interfaces/local/lib/python3.10/dist-packages/custom_interfaces/_custom_interfaces_s.ep.rosidl_typesupport_introspection_c.c
[3.452s] -- Up-to-date symlink: /home/ryanl/4231/MTRN4231_Project/install/custom_interfaces/local/lib/python3.10/dist-packages/custom_interfaces/action/__init__.py
[3.452s] -- Up-to-date symlink: /home/ryanl/4231/MTRN4231_Project/install/custom_interfaces/local/lib/python3.10/dist-packages/custom_interfaces/action/_gripper_command.py
[3.452s] -- Up-to-date symlink: /home/ryanl/4231/MTRN4231_Project/install/custom_interfaces/local/lib/python3.10/dist-packages/custom_interfaces/action/_gripper_command_s.c
[3.453s] -- Up-to-date symlink: /home/ryanl/4231/MTRN4231_Project/install/custom_interfaces/local/lib/python3.10/dist-packages/custom_interfaces/action/_move_tcp.py
[3.453s] -- Up-to-date symlink: /home/ryanl/4231/MTRN4231_Project/install/custom_interfaces/local/lib/python3.10/dist-packages/custom_interfaces/action/_move_tcp_s.c
[3.453s] -- Up-to-date symlink: /home/ryanl/4231/MTRN4231_Project/install/custom_interfaces/local/lib/python3.10/dist-packages/custom_interfaces/custom_interfaces_s__rosidl_typesupport_c.cpython-310-x86_64-linux-gnu.so
[3.454s] -- Up-to-date symlink: /home/ryanl/4231/MTRN4231_Project/install/custom_interfaces/local/lib/python3.10/dist-packages/custom_interfaces/custom_interfaces_s__rosidl_typesupport_fastrtps_c.cpython-310-x86_64-linux-gnu.so
[3.454s] -- Up-to-date symlink: /home/ryanl/4231/MTRN4231_Project/install/custom_interfaces/local/lib/python3.10/dist-packages/custom_interfaces/custom_interfaces_s__rosidl_typesupport_introspection_c.cpython-310-x86_64-linux-gnu.so
[3.454s] -- Up-to-date symlink: /home/ryanl/4231/MTRN4231_Project/install/custom_interfaces/local/lib/python3.10/dist-packages/custom_interfaces/libcustom_interfaces__rosidl_generator_py.so
[3.455s] -- Up-to-date symlink: /home/ryanl/4231/MTRN4231_Project/install/custom_interfaces/local/lib/python3.10/dist-packages/custom_interfaces/custom_interfaces_s__rosidl_typesupport_fastrtps_c.cpython-310-x86_64-linux-gnu.so
[3.455s] -- Up-to-date symlink: /home/ryanl/4231/MTRN4231_Project/install/custom_interfaces/local/lib/python3.10/dist-packages/custom_interfaces/custom_interfaces_s__rosidl_typesupport_introspection_c.cpython-310-x86_64-linux-gnu.so
[3.456s] -- Up-to-date symlink: /home/ryanl/4231/MTRN4231_Project/install/custom_interfaces/local/lib/python3.10/dist-packages/custom_interfaces/custom_interfaces_s__rosidl_typesupport_c.cpython-310-x86_64-linux-gnu.so
[3.456s] -- Up-to-date symlink: /home/ryanl/4231/MTRN4231_Project/install/custom_interfaces/share/custom_interfaces/action/MoveTCP.idl
[3.456s] -- Up-to-date symlink: /home/ryanl/4231/MTRN4231_Project/install/custom_interfaces/share/custom_interfaces/action/GripperCommand.idl
[3.457s] -- Up-to-date symlink: /home/ryanl/4231/MTRN4231_Project/install/custom_interfaces/share/custom_interfaces/action/MoveTCP.action
[3.457s] -- Up-to-date symlink: /home/ryanl/4231/MTRN4231_Project/install/custom_interfaces/share/custom_interfaces/action/GripperCommand.action
[3.458s] -- Up-to-date symlink: /home/ryanl/4231/MTRN4231_Project/install/custom_interfaces/share/custom_interfaces/action/GripperCommand.action
[3.458s] -- Up-to-date symlink: /home/ryanl/4231/MTRN4231_Project/install/custom_interfaces/share/custom_interfaces/action/MoveTCP.action
[3.459s] -- Up-to-date symlink: /home/ryanl/4231/MTRN4231_Project/install/custom_interfaces/share/ament_index/resource_index/package_run_dependencies/custom_interfaces
[3.459s] -- Up-to-date symlink: /home/ryanl/4231/MTRN4231_Project/install/custom_interfaces/share/ament_index/resource_index/parent_prefix_path/custom_interfaces
[3.459s] -- Up-to-date symlink: /home/ryanl/4231/MTRN4231_Project/install/custom_interfaces/share/custom_interfaces/environment/ament_prefix_path.sh
[3.460s] -- Up-to-date symlink: /home/ryanl/4231/MTRN4231_Project/install/custom_interfaces/share/custom_interfaces/environment/ament_prefix_path.dsv
[3.460s] -- Up-to-date symlink: /home/ryanl/4231/MTRN4231_Project/install/custom_interfaces/share/custom_interfaces/environment/path.sh
[3.460s] -- Up-to-date symlink: /home/ryanl/4231/MTRN4231_Project/install/custom_interfaces/share/custom_interfaces/environment/path.dsv
[3.461s] -- Up-to-date symlink: /home/ryanl/4231/MTRN4231_Project/install/custom_interfaces/share/custom_interfaces/local_setup.bash
[3.461s] -- Up-to-date symlink: /home/ryanl/4231/MTRN4231_Project/install/custom_interfaces/share/custom_interfaces/local_setup.sh
[3.461s] -- Up-to-date symlink: /home/ryanl/4231/MTRN4231_Project/install/custom_interfaces/share/custom_interfaces/local_setup.zsh
[3.462s] -- Up-to-date symlink: /home/ryanl/4231/MTRN4231_Project/install/custom_interfaces/share/custom_interfaces/local_setup.dsv
[3.462s] -- Symlinking: /home/ryanl/4231/MTRN4231_Project/install/custom_interfaces/share/custom_interfaces/package.dsv
[3.482s] -- Up-to-date symlink: /home/ryanl/4231/MTRN4231_Project/install/custom_interfaces/share/ament_index/resource_index/packages/custom_interfaces
[3.482s] -- Up-to-date symlink: /home/ryanl/4231/MTRN4231_Project/install/custom_interfaces/share/custom_interfaces/cmake/rosidl_cmake-extras.cmake
[3.482s] -- Up-to-date symlink: /home/ryanl/4231/MTRN4231_Project/install/custom_interfaces/share/custom_interfaces/cmake/ament_cmake_export_dependencies-extras.cmake
[3.482s] -- Up-to-date symlink: /home/ryanl/4231/MTRN4231_Project/install/custom_interfaces/share/custom_interfaces/cmake/ament_cmake_export_include_directories-extras.cmake
[3.483s] -- Up-to-date symlink: /home/ryanl/4231/MTRN4231_Project/install/custom_interfaces/share/custom_interfaces/cmake/ament_cmake_export_libraries-extras.cmake
[3.483s] -- Up-to-date symlink: /home/ryanl/4231/MTRN4231_Project/install/custom_interfaces/share/custom_interfaces/cmake/ament_cmake_export_targets-extras.cmake
[3.483s] -- Up-to-date symlink: /home/ryanl/4231/MTRN4231_Project/install/custom_interfaces/share/custom_interfaces/cmake/rosidl_cmake_export_typesupport_targets-extras.cmake
[3.483s] -- Up-to-date symlink: /home/ryanl/4231/MTRN4231_Project/install/custom_interfaces/share/custom_interfaces/cmake/rosidl_cmake_export_typesupport_libraries-extras.cmake
[3.484s] -- Up-to-date symlink: /home/ryanl/4231/MTRN4231_Project/install/custom_interfaces/share/custom_interfaces/cmake/custom_interfacesConfig.cmake
[3.484s] -- Up-to-date symlink: /home/ryanl/4231/MTRN4231_Project/install/custom_interfaces/share/custom_interfaces/cmake/custom_interfacesConfig-version.cmake
[3.485s] -- Up-to-date symlink: /home/ryanl/4231/MTRN4231_Project/install/custom_interfaces/share/custom_interfaces/package.xml
[3.485s] -- Up-to-date: /home/ryanl/4231/MTRN4231_Project/install/custom_interfaces/lib/libcustom_interfaces__rosidl_generator_c.so
[3.486s] -- Up-to-date: /home/ryanl/4231/MTRN4231_Project/install/custom_interfaces/lib/libcustom_interfaces__rosidl_typesupport_fastrtps_c.so
[3.487s] -- Up-to-date: /home/ryanl/4231/MTRN4231_Project/install/custom_interfaces/lib/libcustom_interfaces__rosidl_typesupport_introspection_c.so
[3.487s] -- Up-to-date: /home/ryanl/4231/MTRN4231_Project/install/custom_interfaces/lib/libcustom_interfaces__rosidl_typesupport_c.so
[3.488s] -- Up-to-date: /home/ryanl/4231/MTRN4231_Project/install/custom_interfaces/lib/libcustom_interfaces__rosidl_typesupport_fastrtps_cpp.so
[3.489s] -- Up-to-date: /home/ryanl/4231/MTRN4231_Project/install/custom_interfaces/lib/libcustom_interfaces__rosidl_typesupport_introspection_cpp.so
[3.489s] -- Up-to-date: /home/ryanl/4231/MTRN4231_Project/install/custom_interfaces/lib/libcustom_interfaces__rosidl_typesupport_cpp.so
[3.545s] Listing '/home/ryanl/4231/MTRN4231_Project/install/custom_interfaces/local/lib/python3.10/dist-packages/custom_interfaces'...
[3.545s] Compiling '/home/ryanl/4231/MTRN4231_Project/install/custom_interfaces/local/lib/python3.10/dist-packages/custom_interfaces/__init__.py'...
[3.545s] Listing '/home/ryanl/4231/MTRN4231_Project/install/custom_interfaces/local/lib/python3.10/dist-packages/custom_interfaces/action'...
[3.553s] -- Up-to-date: /home/ryanl/4231/MTRN4231_Project/install/custom_interfaces/lib/libcustom_interfaces__rosidl_generator_py.so
[3.553s] -- Up-to-date: /home/ryanl/4231/MTRN4231_Project/install/custom_interfaces/share/custom_interfaces/cmake/export_custom_interfaces__rosidl_generator_cExport.cmake
[3.553s] -- Up-to-date: /home/ryanl/4231/MTRN4231_Project/install/custom_interfaces/share/custom_interfaces/cmake/export_custom_interfaces__rosidl_generator_cExport-noconfig.cmake
[3.554s] -- Up-to-date: /home/ryanl/4231/MTRN4231_Project/install/custom_interfaces/share/custom_interfaces/cmake/export_custom_interfaces__rosidl_typesupport_fastrtps_cExport.cmake
[3.554s] -- Up-to-date: /home/ryanl/4231/MTRN4231_Project/install/custom_interfaces/share/custom_interfaces/cmake/export_custom_interfaces__rosidl_typesupport_fastrtps_cExport-noconfig.cmake
[3.555s] -- Up-to-date: /home/ryanl/4231/MTRN4231_Project/install/custom_interfaces/share/custom_interfaces/cmake/custom_interfaces__rosidl_typesupport_introspection_cExport.cmake
[3.555s] -- Up-to-date: /home/ryanl/4231/MTRN4231_Project/install/custom_interfaces/share/custom_interfaces/cmake/custom_interfaces__rosidl_typesupport_introspection_cExport-noconfig.cmake
[3.555s] -- Up-to-date: /home/ryanl/4231/MTRN4231_Project/install/custom_interfaces/share/custom_interfaces/cmake/custom_interfaces__rosidl_typesupport_cExport.cmake
[3.555s] -- Up-to-date: /home/ryanl/4231/MTRN4231_Project/install/custom_interfaces/share/custom_interfaces/cmake/custom_interfaces__rosidl_typesupport_cExport-noconfig.cmake
[3.556s] -- Up-to-date: /home/ryanl/4231/MTRN4231_Project/install/custom_interfaces/share/custom_interfaces/cmake/export_custom_interfaces__rosidl_generator_cppExport.cmake
[3.556s] -- Up-to-date: /home/ryanl/4231/MTRN4231_Project/install/custom_interfaces/share/custom_interfaces/cmake/export_custom_interfaces__rosidl_typesupport_fastrtps_cppExport.cmake
[3.556s] -- Up-to-date: /home/ryanl/4231/MTRN4231_Project/install/custom_interfaces/share/custom_interfaces/cmake/export_custom_interfaces__rosidl_typesupport_fastrtps_cppExport-noconfig.cmake
[3.556s] -- Up-to-date: /home/ryanl/4231/MTRN4231_Project/install/custom_interfaces/share/custom_interfaces/cmake/custom_interfaces__rosidl_typesupport_introspection_cppExport.cmake
[3.557s] -- Up-to-date: /home/ryanl/4231/MTRN4231_Project/install/custom_interfaces/share/custom_interfaces/cmake/custom_interfaces__rosidl_typesupport_introspection_cppExport-noconfig.cmake
[3.557s] -- Up-to-date: /home/ryanl/4231/MTRN4231_Project/install/custom_interfaces/share/custom_interfaces/cmake/custom_interfaces__rosidl_typesupport_cppExport.cmake
[3.557s] -- Up-to-date: /home/ryanl/4231/MTRN4231_Project/install/custom_interfaces/share/custom_interfaces/cmake/custom_interfaces__rosidl_typesupport_cppExport-noconfig.cmake
[3.557s] -- Up-to-date: /home/ryanl/4231/MTRN4231_Project/install/custom_interfaces/share/custom_interfaces/cmake/export_custom_interfaces__rosidl_generator_pyExport.cmake
[3.558s] -- Up-to-date: /home/ryanl/4231/MTRN4231_Project/install/custom_interfaces/share/custom_interfaces/cmake/export_custom_interfaces__rosidl_generator_pyExport-noconfig.cmake
[3.562s] Invoked command in '/home/ryanl/4231/MTRN4231_Project/build/custom_interfaces' returned '0': CMAKE_PREFIX_PATH=/opt/ros/humble /usr/bin/cmake --install /home/ryanl/4231/MTRN4231_Project/build/custom_interfaces
