[0.501s] Invoking command in '/home/ryanl/4231/MTRN4231_Project/build/arm_controller': CMAKE_PREFIX_PATH=/opt/ros/humble:/home/ryanl/4231/MTRN4231_Project/install/arm_interfaces:/home/ryanl/4231/MTRN4231_Project/install/ur5e_robot_config:/home/ryanl/4231/MTRN4231_Project/install/arm_controller /usr/bin/cmake --build /home/ryanl/4231/MTRN4231_Project/build/arm_controller -- -j16 -l16
[0.695s] -- Found ament_cmake: 1.3.12 (/opt/ros/humble/share/ament_cmake/cmake)
[0.913s] -- Override CMake install command with custom implementation using symlinks instead of copying resources
[0.950s] -- Found rclcpp: 16.0.14 (/opt/ros/humble/share/rclcpp/cmake)
[1.315s] -- Found rosidl_generator_c: 3.1.7 (/opt/ros/humble/share/rosidl_generator_c/cmake)
[1.323s] -- Found rosidl_adapter: 3.1.7 (/opt/ros/humble/share/rosidl_adapter/cmake)
[1.343s] -- Found rosidl_generator_cpp: 3.1.7 (/opt/ros/humble/share/rosidl_generator_cpp/cmake)
[1.371s] -- Using all available rosidl_typesupport_c: rosidl_typesupport_fastrtps_c;rosidl_typesupport_introspection_c
[1.400s] -- Using all available rosidl_typesupport_cpp: rosidl_typesupport_fastrtps_cpp;rosidl_typesupport_introspection_cpp
[1.481s] -- Found rmw_implementation_cmake: 6.1.2 (/opt/ros/humble/share/rmw_implementation_cmake/cmake)
[1.486s] -- Found rmw_fastrtps_cpp: 6.2.8 (/opt/ros/humble/share/rmw_fastrtps_cpp/cmake)
[13.347s] -- Using RMW implementation 'rmw_fastrtps_cpp' as default
[13.551s] -- Found rclcpp_action: 16.0.15 (/opt/ros/humble/share/rclcpp_action/cmake)
[13.628s] -- Found tf2_ros: 0.25.15 (/opt/ros/humble/share/tf2_ros/cmake)
[13.787s] -- Found tf2_geometry_msgs: 0.25.15 (/opt/ros/humble/share/tf2_geometry_msgs/cmake)
[13.798s] -- Found eigen3_cmake_module: 0.1.1 (/opt/ros/humble/share/eigen3_cmake_module/cmake)
[13.801s] -- Ensuring Eigen3 include directory is part of orocos-kdl CMake target
[13.804s] -- Found moveit_ros_planning_interface: 2.5.9 (/opt/ros/humble/share/moveit_ros_planning_interface/cmake)
[13.836s] -- Found Boost: /usr/lib/x86_64-linux-gnu/cmake/Boost-1.74.0/BoostConfig.cmake (found version "1.74.0") found components: date_time filesystem program_options system thread 
[14.102s] -- Found Boost: /usr/lib/x86_64-linux-gnu/cmake/Boost-1.74.0/BoostConfig.cmake (found version "1.74.0") found components: chrono date_time filesystem iostreams program_options regex serialization system thread 
[15.770s] -- Found parameter_traits: 0.5.0 (/opt/ros/humble/share/parameter_traits/cmake)
[15.793s] -- Found rclcpp_lifecycle: 16.0.14 (/opt/ros/humble/share/rclcpp_lifecycle/cmake)
[15.857s] -- Found Boost: /usr/lib/x86_64-linux-gnu/cmake/Boost-1.74.0/BoostConfig.cmake (found version "1.74.0") found components: filesystem 
[18.747s] -- library: /usr/lib/x86_64-linux-gnu/libcurl.so
[21.593s] -- Found Boost: /usr/lib/x86_64-linux-gnu/cmake/Boost-1.74.0/BoostConfig.cmake (found version "1.74.0") found components: system filesystem date_time program_options thread chrono 
[21.646s] -- Found Boost: /usr/lib/x86_64-linux-gnu/cmake/Boost-1.74.0/BoostConfig.cmake (found version "1.74.0") found components: thread system filesystem regex date_time program_options 
[21.681s] -- Found Boost: /usr/lib/x86_64-linux-gnu/cmake/Boost-1.74.0/BoostConfig.cmake (found version "1.74.0") found components: system filesystem date_time program_options thread 
[21.745s] -- Found arm_interfaces: 0.0.1 (/home/ryanl/4231/MTRN4231_Project/install/arm_interfaces/share/arm_interfaces/cmake)
[21.898s] -- Configuring done
[22.002s] -- Generating done
[22.018s] -- Build files have been written to: /home/ryanl/4231/MTRN4231_Project/build/arm_controller
[22.087s] [35m[1mConsolidate compiler generated dependencies of target arm_controller_node[0m
[22.227s] [ 50%] [32mBuilding CXX object CMakeFiles/arm_controller_node.dir/src/arm_controller_node.cpp.o[0m
[38.259s] [100%] [32m[1mLinking CXX executable arm_controller_node[0m
[39.576s] [100%] Built target arm_controller_node
[39.600s] Invoked command in '/home/ryanl/4231/MTRN4231_Project/build/arm_controller' returned '0': CMAKE_PREFIX_PATH=/opt/ros/humble:/home/ryanl/4231/MTRN4231_Project/install/arm_interfaces:/home/ryanl/4231/MTRN4231_Project/install/ur5e_robot_config:/home/ryanl/4231/MTRN4231_Project/install/arm_controller /usr/bin/cmake --build /home/ryanl/4231/MTRN4231_Project/build/arm_controller -- -j16 -l16
[39.604s] Invoking command in '/home/ryanl/4231/MTRN4231_Project/build/arm_controller': CMAKE_PREFIX_PATH=/opt/ros/humble:/home/ryanl/4231/MTRN4231_Project/install/arm_interfaces:/home/ryanl/4231/MTRN4231_Project/install/ur5e_robot_config:/home/ryanl/4231/MTRN4231_Project/install/arm_controller /usr/bin/cmake --install /home/ryanl/4231/MTRN4231_Project/build/arm_controller
[39.619s] -- Install configuration: ""
[39.620s] -- Execute custom install script
[39.621s] -- Up-to-date symlink: /home/ryanl/4231/MTRN4231_Project/install/arm_controller/lib/arm_controller/arm_controller_node
[39.622s] -- Up-to-date symlink: /home/ryanl/4231/MTRN4231_Project/install/arm_controller/share/arm_controller/launch/arm_controller.launch.py
[39.623s] -- Up-to-date symlink: /home/ryanl/4231/MTRN4231_Project/install/arm_controller/share/arm_controller/config/params.yaml
[39.624s] -- Up-to-date symlink: /home/ryanl/4231/MTRN4231_Project/install/arm_controller/share/ament_index/resource_index/package_run_dependencies/arm_controller
[39.624s] -- Up-to-date symlink: /home/ryanl/4231/MTRN4231_Project/install/arm_controller/share/ament_index/resource_index/parent_prefix_path/arm_controller
[39.626s] -- Up-to-date symlink: /home/ryanl/4231/MTRN4231_Project/install/arm_controller/share/arm_controller/environment/ament_prefix_path.sh
[39.627s] -- Up-to-date symlink: /home/ryanl/4231/MTRN4231_Project/install/arm_controller/share/arm_controller/environment/ament_prefix_path.dsv
[39.628s] -- Up-to-date symlink: /home/ryanl/4231/MTRN4231_Project/install/arm_controller/share/arm_controller/environment/path.sh
[39.629s] -- Up-to-date symlink: /home/ryanl/4231/MTRN4231_Project/install/arm_controller/share/arm_controller/environment/path.dsv
[39.630s] -- Up-to-date symlink: /home/ryanl/4231/MTRN4231_Project/install/arm_controller/share/arm_controller/local_setup.bash
[39.631s] -- Up-to-date symlink: /home/ryanl/4231/MTRN4231_Project/install/arm_controller/share/arm_controller/local_setup.sh
[39.631s] -- Up-to-date symlink: /home/ryanl/4231/MTRN4231_Project/install/arm_controller/share/arm_controller/local_setup.zsh
[39.632s] -- Up-to-date symlink: /home/ryanl/4231/MTRN4231_Project/install/arm_controller/share/arm_controller/local_setup.dsv
[39.632s] -- Symlinking: /home/ryanl/4231/MTRN4231_Project/install/arm_controller/share/arm_controller/package.dsv
[39.654s] -- Up-to-date symlink: /home/ryanl/4231/MTRN4231_Project/install/arm_controller/share/ament_index/resource_index/packages/arm_controller
[39.654s] -- Up-to-date symlink: /home/ryanl/4231/MTRN4231_Project/install/arm_controller/share/arm_controller/cmake/arm_controllerConfig.cmake
[39.655s] -- Up-to-date symlink: /home/ryanl/4231/MTRN4231_Project/install/arm_controller/share/arm_controller/cmake/arm_controllerConfig-version.cmake
[39.655s] -- Up-to-date symlink: /home/ryanl/4231/MTRN4231_Project/install/arm_controller/share/arm_controller/package.xml
[39.661s] Invoked command in '/home/ryanl/4231/MTRN4231_Project/build/arm_controller' returned '0': CMAKE_PREFIX_PATH=/opt/ros/humble:/home/ryanl/4231/MTRN4231_Project/install/arm_interfaces:/home/ryanl/4231/MTRN4231_Project/install/ur5e_robot_config:/home/ryanl/4231/MTRN4231_Project/install/arm_controller /usr/bin/cmake --install /home/ryanl/4231/MTRN4231_Project/build/arm_controller
