[0.036s] Invoking command in '/home/ryanl/4231/MTRN4231_Project/build/ur5e_robot_config': /usr/bin/cmake /home/ryanl/4231/MTRN4231_Project/src/ur5e_robot_config -DCATKIN_INSTALL_INTO_PREFIX_ROOT=0 -DCMAKE_INSTALL_PREFIX=/home/ryanl/4231/MTRN4231_Project/install/ur5e_robot_config
[0.589s] -- The C compiler identification is GNU 11.4.0
[1.987s] -- The CXX compiler identification is GNU 11.4.0
[2.943s] -- Detecting C compiler ABI info
[3.345s] -- Detecting C compiler ABI info - done
[3.358s] -- Check for working C compiler: /usr/bin/cc - skipped
[3.361s] -- Detecting C compile features
[3.362s] -- Detecting C compile features - done
[3.370s] -- Detecting CXX compiler ABI info
[3.768s] -- Detecting CXX compiler ABI info - done
[3.778s] -- Check for working CXX compiler: /usr/bin/c++ - skipped
[3.778s] -- Detecting CXX compile features
[3.779s] -- Detecting CXX compile features - done
[3.813s] -- Found ament_cmake: 1.3.12 (/opt/ros/humble/share/ament_cmake/cmake)
[4.125s] -- Found Python3: /usr/bin/python3 (found version "3.10.12") found components: Interpreter 
[4.526s] -- Configuring done
[4.552s] -- Generating done
[4.555s] [33mCMake Warning:
[4.556s]   Manually-specified variables were not used by the project:
[4.556s] 
[4.556s]     CATKIN_INSTALL_INTO_PREFIX_ROOT
[4.556s] 
[4.556s] [0m
[4.560s] -- Build files have been written to: /home/ryanl/4231/MTRN4231_Project/build/ur5e_robot_config
[4.571s] Invoked command in '/home/ryanl/4231/MTRN4231_Project/build/ur5e_robot_config' returned '0': /usr/bin/cmake /home/ryanl/4231/MTRN4231_Project/src/ur5e_robot_config -DCATKIN_INSTALL_INTO_PREFIX_ROOT=0 -DCMAKE_INSTALL_PREFIX=/home/ryanl/4231/MTRN4231_Project/install/ur5e_robot_config
[4.577s] Invoking command in '/home/ryanl/4231/MTRN4231_Project/build/ur5e_robot_config': /usr/bin/cmake --build /home/ryanl/4231/MTRN4231_Project/build/ur5e_robot_config -- -j16 -l16
[4.660s] Invoked command in '/home/ryanl/4231/MTRN4231_Project/build/ur5e_robot_config' returned '0': /usr/bin/cmake --build /home/ryanl/4231/MTRN4231_Project/build/ur5e_robot_config -- -j16 -l16
[4.681s] Invoking command in '/home/ryanl/4231/MTRN4231_Project/build/ur5e_robot_config': /usr/bin/cmake --install /home/ryanl/4231/MTRN4231_Project/build/ur5e_robot_config
[4.696s] -- Install configuration: ""
[4.696s] -- Installing: /home/ryanl/4231/MTRN4231_Project/install/ur5e_robot_config/share/ur5e_robot_config/urdf
[4.699s] -- Installing: /home/ryanl/4231/MTRN4231_Project/install/ur5e_robot_config/share/ur5e_robot_config/urdf/ur5e_with_tool.urdf.xacro
[4.700s] -- Installing: /home/ryanl/4231/MTRN4231_Project/install/ur5e_robot_config/share/ur5e_robot_config/urdf/my_gripper.xacro
[4.701s] -- Installing: /home/ryanl/4231/MTRN4231_Project/install/ur5e_robot_config/share/ur5e_robot_config/config
[4.701s] -- Installing: /home/ryanl/4231/MTRN4231_Project/install/ur5e_robot_config/share/ur5e_robot_config/config/controllers.yaml
[4.701s] -- Installing: /home/ryanl/4231/MTRN4231_Project/install/ur5e_robot_config/share/ur5e_robot_config/launch
[4.702s] -- Installing: /home/ryanl/4231/MTRN4231_Project/install/ur5e_robot_config/share/ur5e_robot_config/launch/fake_control_and_rsp.launch.py
[4.703s] -- Installing: /home/ryanl/4231/MTRN4231_Project/install/ur5e_robot_config/share/ur5e_robot_config/launch/bringup.launch.py
[4.703s] -- Installing: /home/ryanl/4231/MTRN4231_Project/install/ur5e_robot_config/share/ur5e_robot_config/rviz
[4.708s] -- Installing: /home/ryanl/4231/MTRN4231_Project/install/ur5e_robot_config/share/ament_index/resource_index/package_run_dependencies/ur5e_robot_config
[4.709s] -- Installing: /home/ryanl/4231/MTRN4231_Project/install/ur5e_robot_config/share/ament_index/resource_index/parent_prefix_path/ur5e_robot_config
[4.710s] -- Installing: /home/ryanl/4231/MTRN4231_Project/install/ur5e_robot_config/share/ur5e_robot_config/environment/ament_prefix_path.sh
[4.710s] -- Installing: /home/ryanl/4231/MTRN4231_Project/install/ur5e_robot_config/share/ur5e_robot_config/environment/ament_prefix_path.dsv
[4.711s] -- Installing: /home/ryanl/4231/MTRN4231_Project/install/ur5e_robot_config/share/ur5e_robot_config/environment/path.sh
[4.711s] -- Installing: /home/ryanl/4231/MTRN4231_Project/install/ur5e_robot_config/share/ur5e_robot_config/environment/path.dsv
[4.712s] -- Installing: /home/ryanl/4231/MTRN4231_Project/install/ur5e_robot_config/share/ur5e_robot_config/local_setup.bash
[4.712s] -- Installing: /home/ryanl/4231/MTRN4231_Project/install/ur5e_robot_config/share/ur5e_robot_config/local_setup.sh
[4.712s] -- Installing: /home/ryanl/4231/MTRN4231_Project/install/ur5e_robot_config/share/ur5e_robot_config/local_setup.zsh
[4.713s] -- Installing: /home/ryanl/4231/MTRN4231_Project/install/ur5e_robot_config/share/ur5e_robot_config/local_setup.dsv
[4.713s] -- Installing: /home/ryanl/4231/MTRN4231_Project/install/ur5e_robot_config/share/ur5e_robot_config/package.dsv
[4.714s] -- Installing: /home/ryanl/4231/MTRN4231_Project/install/ur5e_robot_config/share/ament_index/resource_index/packages/ur5e_robot_config
[4.716s] -- Installing: /home/ryanl/4231/MTRN4231_Project/install/ur5e_robot_config/share/ur5e_robot_config/cmake/ur5e_robot_configConfig.cmake
[4.716s] -- Installing: /home/ryanl/4231/MTRN4231_Project/install/ur5e_robot_config/share/ur5e_robot_config/cmake/ur5e_robot_configConfig-version.cmake
[4.716s] -- Installing: /home/ryanl/4231/MTRN4231_Project/install/ur5e_robot_config/share/ur5e_robot_config/package.xml
[4.722s] Invoked command in '/home/ryanl/4231/MTRN4231_Project/build/ur5e_robot_config' returned '0': /usr/bin/cmake --install /home/ryanl/4231/MTRN4231_Project/build/ur5e_robot_config
