[0.038s] Invoking command in '/home/ryanl/4231/MTRN4231_Project/build/arm_interfaces': /usr/bin/cmake --build /home/ryanl/4231/MTRN4231_Project/build/arm_interfaces -- -j16 -l16
[0.208s] [  6%] Built target arm_interfaces__cpp
[0.208s] [ 12%] Built target arm_interfaces__rosidl_generator_c
[0.258s] [ 12%] Built target ament_cmake_python_copy_arm_interfaces
[0.281s] [ 48%] Built target arm_interfaces__rosidl_typesupport_cpp
[0.281s] [ 48%] Built target arm_interfaces__rosidl_typesupport_fastrtps_cpp
[0.282s] [ 48%] Built target arm_interfaces__rosidl_typesupport_c
[0.283s] [ 51%] Built target arm_interfaces__rosidl_typesupport_introspection_c
[0.284s] [ 61%] Built target arm_interfaces__rosidl_typesupport_introspection_cpp
[0.290s] [ 70%] Built target arm_interfaces__rosidl_typesupport_fastrtps_c
[0.334s] [ 70%] Built target arm_interfaces
[0.384s] [ 74%] Built target arm_interfaces__py
[0.438s] [ 80%] Built target arm_interfaces__rosidl_generator_py
[0.493s] [ 93%] Built target arm_interfaces__rosidl_typesupport_introspection_c__pyext
[0.493s] [ 93%] Built target arm_interfaces__rosidl_typesupport_c__pyext
[0.494s] [100%] Built target arm_interfaces__rosidl_typesupport_fastrtps_c__pyext
[0.717s] running egg_info
[0.719s] writing arm_interfaces.egg-info/PKG-INFO
[0.720s] writing dependency_links to arm_interfaces.egg-info/dependency_links.txt
[0.720s] writing top-level names to arm_interfaces.egg-info/top_level.txt
[0.728s] reading manifest file 'arm_interfaces.egg-info/SOURCES.txt'
[0.728s] writing manifest file 'arm_interfaces.egg-info/SOURCES.txt'
[0.789s] [100%] Built target ament_cmake_python_build_arm_interfaces_egg
