[0.049s] Invoking command in '/home/ryanl/4231/MTRN4231_Project/build/ur5e_robot_config': CMAKE_PREFIX_PATH=/opt/ros/humble /usr/bin/cmake --build /home/ryanl/4231/MTRN4231_Project/build/ur5e_robot_config -- -j16 -l16
[0.164s] -- Found ament_cmake: 1.3.12 (/opt/ros/humble/share/ament_cmake/cmake)
[0.420s] -- Override CMake install command with custom implementation using symlinks instead of copying resources
[0.569s] -- Configuring done
[0.579s] -- Generating done
[0.583s] -- Build files have been written to: /home/ryanl/4231/MTRN4231_Project/build/ur5e_robot_config
[0.639s] Invoked command in '/home/ryanl/4231/MTRN4231_Project/build/ur5e_robot_config' returned '0': CMAKE_PREFIX_PATH=/opt/ros/humble /usr/bin/cmake --build /home/ryanl/4231/MTRN4231_Project/build/ur5e_robot_config -- -j16 -l16
[0.659s] Invoking command in '/home/ryanl/4231/MTRN4231_Project/build/ur5e_robot_config': CMAKE_PREFIX_PATH=/opt/ros/humble /usr/bin/cmake --install /home/ryanl/4231/MTRN4231_Project/build/ur5e_robot_config
[0.672s] -- Install configuration: ""
[0.673s] -- Execute custom install script
[0.674s] -- Symlinking: /home/ryanl/4231/MTRN4231_Project/install/ur5e_robot_config/share/ur5e_robot_config/urdf/my_gripper.xacro
[0.694s] -- Symlinking: /home/ryanl/4231/MTRN4231_Project/install/ur5e_robot_config/share/ur5e_robot_config/urdf/ur5e_with_tool.urdf.xacro
[0.714s] [31mCMake Error at ament_cmake_symlink_install/ament_cmake_symlink_install.cmake:100 (message):
[0.714s]   ament_cmake_symlink_install_directory() can't find
[0.714s]   '/home/ryanl/4231/MTRN4231_Project/src/ur5e_robot_config/srdf'
[0.714s] Call Stack (most recent call first):
[0.715s]   ament_cmake_symlink_install/ament_cmake_symlink_install.cmake:314 (ament_cmake_symlink_install_directory)
[0.715s]   cmake_install.cmake:46 (include)
[0.715s] 
[0.715s] [0m
[0.719s] Invoked command in '/home/ryanl/4231/MTRN4231_Project/build/ur5e_robot_config' returned '1': CMAKE_PREFIX_PATH=/opt/ros/humble /usr/bin/cmake --install /home/ryanl/4231/MTRN4231_Project/build/ur5e_robot_config
