[0.027s] Invoking command in '/home/ryanl/4231/MTRN4231_Project/build/chess_arm_executor': CMAKE_PREFIX_PATH=${CMAKE_PREFIX_PATH}:/opt/ros/humble /usr/bin/cmake --build /home/ryanl/4231/MTRN4231_Project/build/chess_arm_executor -- -j16 -l16
[0.110s] -- Found ament_cmake: 1.3.12 (/opt/ros/humble/share/ament_cmake/cmake)
[0.375s] -- Override CMake install command with custom implementation using symlinks instead of copying resources
[0.415s] -- Found rclcpp: 16.0.14 (/opt/ros/humble/share/rclcpp/cmake)
[0.880s] -- Found rosidl_generator_c: 3.1.7 (/opt/ros/humble/share/rosidl_generator_c/cmake)
[0.888s] -- Found rosidl_adapter: 3.1.7 (/opt/ros/humble/share/rosidl_adapter/cmake)
[0.909s] -- Found rosidl_generator_cpp: 3.1.7 (/opt/ros/humble/share/rosidl_generator_cpp/cmake)
[0.941s] -- Using all available rosidl_typesupport_c: rosidl_typesupport_fastrtps_c;rosidl_typesupport_introspection_c
[0.979s] -- Using all available rosidl_typesupport_cpp: rosidl_typesupport_fastrtps_cpp;rosidl_typesupport_introspection_cpp
[1.077s] -- Found rmw_implementation_cmake: 6.1.2 (/opt/ros/humble/share/rmw_implementation_cmake/cmake)
[1.084s] -- Found rmw_fastrtps_cpp: 6.2.8 (/opt/ros/humble/share/rmw_fastrtps_cpp/cmake)
[12.487s] -- Using RMW implementation 'rmw_fastrtps_cpp' as default
[12.696s] -- Found rclcpp_action: 16.0.15 (/opt/ros/humble/share/rclcpp_action/cmake)
[12.779s] -- Found moveit_ros_planning_interface: 2.5.9 (/opt/ros/humble/share/moveit_ros_planning_interface/cmake)
[12.815s] -- Found Boost: /usr/lib/x86_64-linux-gnu/cmake/Boost-1.74.0/BoostConfig.cmake (found version "1.74.0") found components: date_time filesystem program_options system thread 
[13.154s] -- Found Boost: /usr/lib/x86_64-linux-gnu/cmake/Boost-1.74.0/BoostConfig.cmake (found version "1.74.0") found components: chrono date_time filesystem iostreams program_options regex serialization system thread 
[15.040s] -- Found parameter_traits: 0.5.0 (/opt/ros/humble/share/parameter_traits/cmake)
[15.070s] -- Found rclcpp_lifecycle: 16.0.14 (/opt/ros/humble/share/rclcpp_lifecycle/cmake)
[15.140s] -- Found Boost: /usr/lib/x86_64-linux-gnu/cmake/Boost-1.74.0/BoostConfig.cmake (found version "1.74.0") found components: filesystem 
[18.286s] -- library: /usr/lib/x86_64-linux-gnu/libcurl.so
[18.345s] -- Ensuring Eigen3 include directory is part of orocos-kdl CMake target
[21.338s] -- Found Boost: /usr/lib/x86_64-linux-gnu/cmake/Boost-1.74.0/BoostConfig.cmake (found version "1.74.0") found components: system filesystem date_time program_options thread chrono 
[21.394s] -- Found Boost: /usr/lib/x86_64-linux-gnu/cmake/Boost-1.74.0/BoostConfig.cmake (found version "1.74.0") found components: thread system filesystem regex date_time program_options 
[21.434s] -- Found Boost: /usr/lib/x86_64-linux-gnu/cmake/Boost-1.74.0/BoostConfig.cmake (found version "1.74.0") found components: system filesystem date_time program_options thread 
[21.498s] -- Found rosidl_default_generators: 1.2.0 (/opt/ros/humble/share/rosidl_default_generators/cmake)
[22.089s] -- Found ament_cmake_ros: 0.10.0 (/opt/ros/humble/share/ament_cmake_ros/cmake)
[22.711s] -- Using all available rosidl_typesupport_c: rosidl_typesupport_fastrtps_c;rosidl_typesupport_introspection_c
[23.015s] -- Using all available rosidl_typesupport_cpp: rosidl_typesupport_fastrtps_cpp;rosidl_typesupport_introspection_cpp
[23.068s] -- Found python_cmake_module: 0.10.0 (/opt/ros/humble/share/python_cmake_module/cmake)
[23.113s] -- Using PYTHON_EXECUTABLE: /usr/bin/python3
[23.113s] -- Using PYTHON_INCLUDE_DIRS: /usr/include/python3.10
[23.113s] -- Using PYTHON_LIBRARIES: /usr/lib/x86_64-linux-gnu/libpython3.10.so
[23.182s] -- Configuring done
[23.315s] -- Generating done
[23.353s] -- Build files have been written to: /home/ryanl/4231/MTRN4231_Project/build/chess_arm_executor
[23.451s] [35m[1mConsolidate compiler generated dependencies of target chess_arm_executor__rosidl_generator_c[0m
[23.529s] [  9%] Built target chess_arm_executor__rosidl_generator_c
[23.529s] [ 12%] Built target chess_arm_executor__cpp
[23.557s] [35m[1mConsolidate compiler generated dependencies of target chess_arm_executor__rosidl_typesupport_c[0m
[23.558s] [35m[1mConsolidate compiler generated dependencies of target chess_arm_executor__rosidl_typesupport_introspection_c[0m
[23.558s] [ 12%] Built target ament_cmake_python_symlink_chess_arm_executor
[23.559s] [35m[1mConsolidate compiler generated dependencies of target chess_arm_executor__rosidl_typesupport_introspection_cpp[0m
[23.559s] [35m[1mConsolidate compiler generated dependencies of target chess_arm_executor__rosidl_typesupport_fastrtps_c[0m
[23.605s] [35m[1mConsolidate compiler generated dependencies of target chess_arm_executor__rosidl_typesupport_fastrtps_cpp[0m
[23.605s] [ 21%] Built target chess_arm_executor__rosidl_typesupport_c
[23.607s] [ 30%] Built target chess_arm_executor__rosidl_typesupport_fastrtps_c
[23.609s] [35m[1mConsolidate compiler generated dependencies of target chess_arm_executor__rosidl_typesupport_cpp[0m
[23.610s] [ 39%] Built target chess_arm_executor__rosidl_typesupport_introspection_c
[23.611s] [ 48%] Built target chess_arm_executor__rosidl_typesupport_introspection_cpp
[23.654s] [ 57%] Built target chess_arm_executor__rosidl_typesupport_fastrtps_cpp
[23.656s] [ 66%] Built target chess_arm_executor__rosidl_typesupport_cpp
[23.694s] [35m[1mConsolidate compiler generated dependencies of target arm_controller_node[0m
[23.722s] [ 66%] Built target chess_arm_executor
[23.774s] [ 69%] [32mBuilding CXX object CMakeFiles/arm_controller_node.dir/src/arm_controller_node.cpp.o[0m
[23.786s] [ 72%] Built target chess_arm_executor__py
[23.812s] [35m[1mConsolidate compiler generated dependencies of target chess_arm_executor__rosidl_generator_py[0m
[23.844s] [ 78%] Built target chess_arm_executor__rosidl_generator_py
[23.872s] [35m[1mConsolidate compiler generated dependencies of target chess_arm_executor__rosidl_typesupport_c__pyext[0m
[23.873s] [35m[1mConsolidate compiler generated dependencies of target chess_arm_executor__rosidl_typesupport_introspection_c__pyext[0m
[23.873s] [35m[1mConsolidate compiler generated dependencies of target chess_arm_executor__rosidl_typesupport_fastrtps_c__pyext[0m
[23.909s] [ 93%] Built target chess_arm_executor__rosidl_typesupport_introspection_c__pyext
[23.909s] [ 93%] Built target chess_arm_executor__rosidl_typesupport_fastrtps_c__pyext
[23.910s] [ 96%] Built target chess_arm_executor__rosidl_typesupport_c__pyext
[24.209s] running egg_info
[24.210s] writing chess_arm_executor.egg-info/PKG-INFO
[24.211s] writing dependency_links to chess_arm_executor.egg-info/dependency_links.txt
[24.211s] writing top-level names to chess_arm_executor.egg-info/top_level.txt
[24.217s] reading manifest file 'chess_arm_executor.egg-info/SOURCES.txt'
[24.218s] writing manifest file 'chess_arm_executor.egg-info/SOURCES.txt'
[24.284s] [ 96%] Built target ament_cmake_python_build_chess_arm_executor_egg
[42.240s] [100%] [32m[1mLinking CXX executable arm_controller_node[0m
[43.300s] [100%] Built target arm_controller_node
[43.376s] Invoked command in '/home/ryanl/4231/MTRN4231_Project/build/chess_arm_executor' returned '0': CMAKE_PREFIX_PATH=${CMAKE_PREFIX_PATH}:/opt/ros/humble /usr/bin/cmake --build /home/ryanl/4231/MTRN4231_Project/build/chess_arm_executor -- -j16 -l16
[43.398s] Invoking command in '/home/ryanl/4231/MTRN4231_Project/build/chess_arm_executor': CMAKE_PREFIX_PATH=${CMAKE_PREFIX_PATH}:/opt/ros/humble /usr/bin/cmake --install /home/ryanl/4231/MTRN4231_Project/build/chess_arm_executor
[43.413s] -- Install configuration: ""
[43.414s] -- Execute custom install script
[43.415s] -- Up-to-date symlink: /home/ryanl/4231/MTRN4231_Project/install/chess_arm_executor/share/ament_index/resource_index/rosidl_interfaces/chess_arm_executor
[43.416s] -- Up-to-date symlink: /home/ryanl/4231/MTRN4231_Project/install/chess_arm_executor/include/chess_arm_executor/chess_arm_executor/action/detail/execute_move__functions.h
[43.416s] -- Up-to-date symlink: /home/ryanl/4231/MTRN4231_Project/install/chess_arm_executor/include/chess_arm_executor/chess_arm_executor/action/detail/execute_move__struct.h
[43.416s] -- Up-to-date symlink: /home/ryanl/4231/MTRN4231_Project/install/chess_arm_executor/include/chess_arm_executor/chess_arm_executor/action/detail/execute_move__type_support.h
[43.417s] -- Up-to-date symlink: /home/ryanl/4231/MTRN4231_Project/install/chess_arm_executor/include/chess_arm_executor/chess_arm_executor/action/execute_move.h
[43.417s] -- Up-to-date symlink: /home/ryanl/4231/MTRN4231_Project/install/chess_arm_executor/include/chess_arm_executor/chess_arm_executor/msg/rosidl_generator_c__visibility_control.h
[43.417s] -- Up-to-date symlink: /home/ryanl/4231/MTRN4231_Project/install/chess_arm_executor/share/chess_arm_executor/environment/library_path.sh
[43.418s] -- Up-to-date symlink: /home/ryanl/4231/MTRN4231_Project/install/chess_arm_executor/share/chess_arm_executor/environment/library_path.dsv
[43.418s] -- Up-to-date symlink: /home/ryanl/4231/MTRN4231_Project/install/chess_arm_executor/include/chess_arm_executor/chess_arm_executor/action/detail/execute_move__rosidl_typesupport_fastrtps_c.h
[43.419s] -- Up-to-date symlink: /home/ryanl/4231/MTRN4231_Project/install/chess_arm_executor/include/chess_arm_executor/chess_arm_executor/msg/rosidl_typesupport_fastrtps_c__visibility_control.h
[43.420s] -- Up-to-date symlink: /home/ryanl/4231/MTRN4231_Project/install/chess_arm_executor/include/chess_arm_executor/chess_arm_executor/action/detail/execute_move__builder.hpp
[43.420s] -- Up-to-date symlink: /home/ryanl/4231/MTRN4231_Project/install/chess_arm_executor/include/chess_arm_executor/chess_arm_executor/action/detail/execute_move__struct.hpp
[43.420s] -- Up-to-date symlink: /home/ryanl/4231/MTRN4231_Project/install/chess_arm_executor/include/chess_arm_executor/chess_arm_executor/action/detail/execute_move__traits.hpp
[43.421s] -- Up-to-date symlink: /home/ryanl/4231/MTRN4231_Project/install/chess_arm_executor/include/chess_arm_executor/chess_arm_executor/action/detail/execute_move__type_support.hpp
[43.421s] -- Up-to-date symlink: /home/ryanl/4231/MTRN4231_Project/install/chess_arm_executor/include/chess_arm_executor/chess_arm_executor/action/execute_move.hpp
[43.421s] -- Up-to-date symlink: /home/ryanl/4231/MTRN4231_Project/install/chess_arm_executor/include/chess_arm_executor/chess_arm_executor/msg/rosidl_generator_cpp__visibility_control.hpp
[43.422s] -- Up-to-date symlink: /home/ryanl/4231/MTRN4231_Project/install/chess_arm_executor/include/chess_arm_executor/chess_arm_executor/action/detail/execute_move__rosidl_typesupport_fastrtps_cpp.hpp
[43.423s] -- Up-to-date symlink: /home/ryanl/4231/MTRN4231_Project/install/chess_arm_executor/include/chess_arm_executor/chess_arm_executor/msg/rosidl_typesupport_fastrtps_cpp__visibility_control.h
[43.423s] -- Up-to-date symlink: /home/ryanl/4231/MTRN4231_Project/install/chess_arm_executor/include/chess_arm_executor/chess_arm_executor/action/detail/execute_move__rosidl_typesupport_introspection_c.h
[43.424s] -- Up-to-date symlink: /home/ryanl/4231/MTRN4231_Project/install/chess_arm_executor/include/chess_arm_executor/chess_arm_executor/msg/rosidl_typesupport_introspection_c__visibility_control.h
[43.424s] -- Up-to-date symlink: /home/ryanl/4231/MTRN4231_Project/install/chess_arm_executor/include/chess_arm_executor/chess_arm_executor/action/detail/execute_move__rosidl_typesupport_introspection_cpp.hpp
[43.425s] -- Up-to-date symlink: /home/ryanl/4231/MTRN4231_Project/install/chess_arm_executor/share/chess_arm_executor/environment/pythonpath.sh
[43.425s] -- Up-to-date symlink: /home/ryanl/4231/MTRN4231_Project/install/chess_arm_executor/share/chess_arm_executor/environment/pythonpath.dsv
[43.427s] -- Up-to-date symlink: /home/ryanl/4231/MTRN4231_Project/install/chess_arm_executor/local/lib/python3.10/dist-packages/chess_arm_executor-0.0.2-py3.10.egg-info/PKG-INFO
[43.427s] -- Up-to-date symlink: /home/ryanl/4231/MTRN4231_Project/install/chess_arm_executor/local/lib/python3.10/dist-packages/chess_arm_executor-0.0.2-py3.10.egg-info/SOURCES.txt
[43.427s] -- Up-to-date symlink: /home/ryanl/4231/MTRN4231_Project/install/chess_arm_executor/local/lib/python3.10/dist-packages/chess_arm_executor-0.0.2-py3.10.egg-info/dependency_links.txt
[43.428s] -- Up-to-date symlink: /home/ryanl/4231/MTRN4231_Project/install/chess_arm_executor/local/lib/python3.10/dist-packages/chess_arm_executor-0.0.2-py3.10.egg-info/top_level.txt
[43.429s] -- Up-to-date symlink: /home/ryanl/4231/MTRN4231_Project/install/chess_arm_executor/local/lib/python3.10/dist-packages/chess_arm_executor/__init__.py
[43.430s] -- Up-to-date symlink: /home/ryanl/4231/MTRN4231_Project/install/chess_arm_executor/local/lib/python3.10/dist-packages/chess_arm_executor/_chess_arm_executor_s.ep.rosidl_typesupport_c.c
[43.430s] -- Up-to-date symlink: /home/ryanl/4231/MTRN4231_Project/install/chess_arm_executor/local/lib/python3.10/dist-packages/chess_arm_executor/_chess_arm_executor_s.ep.rosidl_typesupport_fastrtps_c.c
[43.431s] -- Up-to-date symlink: /home/ryanl/4231/MTRN4231_Project/install/chess_arm_executor/local/lib/python3.10/dist-packages/chess_arm_executor/_chess_arm_executor_s.ep.rosidl_typesupport_introspection_c.c
[43.432s] -- Up-to-date symlink: /home/ryanl/4231/MTRN4231_Project/install/chess_arm_executor/local/lib/python3.10/dist-packages/chess_arm_executor/action/__init__.py
[43.432s] -- Up-to-date symlink: /home/ryanl/4231/MTRN4231_Project/install/chess_arm_executor/local/lib/python3.10/dist-packages/chess_arm_executor/action/_execute_move.py
[43.433s] -- Up-to-date symlink: /home/ryanl/4231/MTRN4231_Project/install/chess_arm_executor/local/lib/python3.10/dist-packages/chess_arm_executor/action/_execute_move_s.c
[43.433s] -- Up-to-date symlink: /home/ryanl/4231/MTRN4231_Project/install/chess_arm_executor/local/lib/python3.10/dist-packages/chess_arm_executor/chess_arm_executor_s__rosidl_typesupport_c.cpython-310-x86_64-linux-gnu.so
[43.433s] -- Up-to-date symlink: /home/ryanl/4231/MTRN4231_Project/install/chess_arm_executor/local/lib/python3.10/dist-packages/chess_arm_executor/chess_arm_executor_s__rosidl_typesupport_fastrtps_c.cpython-310-x86_64-linux-gnu.so
[43.434s] -- Up-to-date symlink: /home/ryanl/4231/MTRN4231_Project/install/chess_arm_executor/local/lib/python3.10/dist-packages/chess_arm_executor/chess_arm_executor_s__rosidl_typesupport_introspection_c.cpython-310-x86_64-linux-gnu.so
[43.434s] -- Up-to-date symlink: /home/ryanl/4231/MTRN4231_Project/install/chess_arm_executor/local/lib/python3.10/dist-packages/chess_arm_executor/libchess_arm_executor__rosidl_generator_py.so
[43.435s] -- Up-to-date symlink: /home/ryanl/4231/MTRN4231_Project/install/chess_arm_executor/local/lib/python3.10/dist-packages/chess_arm_executor/chess_arm_executor_s__rosidl_typesupport_fastrtps_c.cpython-310-x86_64-linux-gnu.so
[43.435s] -- Up-to-date symlink: /home/ryanl/4231/MTRN4231_Project/install/chess_arm_executor/local/lib/python3.10/dist-packages/chess_arm_executor/chess_arm_executor_s__rosidl_typesupport_introspection_c.cpython-310-x86_64-linux-gnu.so
[43.436s] -- Up-to-date symlink: /home/ryanl/4231/MTRN4231_Project/install/chess_arm_executor/local/lib/python3.10/dist-packages/chess_arm_executor/chess_arm_executor_s__rosidl_typesupport_c.cpython-310-x86_64-linux-gnu.so
[43.436s] -- Up-to-date symlink: /home/ryanl/4231/MTRN4231_Project/install/chess_arm_executor/share/chess_arm_executor/action/ExecuteMove.idl
[43.437s] -- Up-to-date symlink: /home/ryanl/4231/MTRN4231_Project/install/chess_arm_executor/share/chess_arm_executor/action/ExecuteMove.action
[43.437s] -- Up-to-date symlink: /home/ryanl/4231/MTRN4231_Project/install/chess_arm_executor/lib/chess_arm_executor/arm_controller_node
[43.438s] -- Up-to-date symlink: /home/ryanl/4231/MTRN4231_Project/install/chess_arm_executor/share/chess_arm_executor/launch/chess_arm_executor.launch.py
[43.438s] -- Up-to-date symlink: /home/ryanl/4231/MTRN4231_Project/install/chess_arm_executor/share/chess_arm_executor/config/chess_arm_executor.yaml
[43.438s] -- Up-to-date symlink: /home/ryanl/4231/MTRN4231_Project/install/chess_arm_executor/share/chess_arm_executor/config/params.yaml
[43.439s] -- Up-to-date symlink: /home/ryanl/4231/MTRN4231_Project/install/chess_arm_executor/share/chess_arm_executor/action/ExecuteMove.action
[43.439s] -- Up-to-date symlink: /home/ryanl/4231/MTRN4231_Project/install/chess_arm_executor/share/chess_arm_executor/launch/chess_arm_executor.launch.py
[43.440s] -- Up-to-date symlink: /home/ryanl/4231/MTRN4231_Project/install/chess_arm_executor/share/chess_arm_executor/config/chess_arm_executor.yaml
[43.440s] -- Up-to-date symlink: /home/ryanl/4231/MTRN4231_Project/install/chess_arm_executor/share/chess_arm_executor/config/params.yaml
[43.441s] -- Up-to-date symlink: /home/ryanl/4231/MTRN4231_Project/install/chess_arm_executor/share/ament_index/resource_index/package_run_dependencies/chess_arm_executor
[43.441s] -- Up-to-date symlink: /home/ryanl/4231/MTRN4231_Project/install/chess_arm_executor/share/ament_index/resource_index/parent_prefix_path/chess_arm_executor
[43.442s] -- Up-to-date symlink: /home/ryanl/4231/MTRN4231_Project/install/chess_arm_executor/share/chess_arm_executor/environment/ament_prefix_path.sh
[43.442s] -- Up-to-date symlink: /home/ryanl/4231/MTRN4231_Project/install/chess_arm_executor/share/chess_arm_executor/environment/ament_prefix_path.dsv
[43.443s] -- Up-to-date symlink: /home/ryanl/4231/MTRN4231_Project/install/chess_arm_executor/share/chess_arm_executor/environment/path.sh
[43.443s] -- Up-to-date symlink: /home/ryanl/4231/MTRN4231_Project/install/chess_arm_executor/share/chess_arm_executor/environment/path.dsv
[43.444s] -- Up-to-date symlink: /home/ryanl/4231/MTRN4231_Project/install/chess_arm_executor/share/chess_arm_executor/local_setup.bash
[43.444s] -- Up-to-date symlink: /home/ryanl/4231/MTRN4231_Project/install/chess_arm_executor/share/chess_arm_executor/local_setup.sh
[43.445s] -- Up-to-date symlink: /home/ryanl/4231/MTRN4231_Project/install/chess_arm_executor/share/chess_arm_executor/local_setup.zsh
[43.445s] -- Up-to-date symlink: /home/ryanl/4231/MTRN4231_Project/install/chess_arm_executor/share/chess_arm_executor/local_setup.dsv
[43.445s] -- Symlinking: /home/ryanl/4231/MTRN4231_Project/install/chess_arm_executor/share/chess_arm_executor/package.dsv
[43.467s] -- Up-to-date symlink: /home/ryanl/4231/MTRN4231_Project/install/chess_arm_executor/share/ament_index/resource_index/packages/chess_arm_executor
[43.467s] -- Up-to-date symlink: /home/ryanl/4231/MTRN4231_Project/install/chess_arm_executor/share/chess_arm_executor/cmake/rosidl_cmake-extras.cmake
[43.467s] -- Up-to-date symlink: /home/ryanl/4231/MTRN4231_Project/install/chess_arm_executor/share/chess_arm_executor/cmake/ament_cmake_export_dependencies-extras.cmake
[43.467s] -- Up-to-date symlink: /home/ryanl/4231/MTRN4231_Project/install/chess_arm_executor/share/chess_arm_executor/cmake/ament_cmake_export_include_directories-extras.cmake
[43.468s] -- Up-to-date symlink: /home/ryanl/4231/MTRN4231_Project/install/chess_arm_executor/share/chess_arm_executor/cmake/ament_cmake_export_libraries-extras.cmake
[43.468s] -- Up-to-date symlink: /home/ryanl/4231/MTRN4231_Project/install/chess_arm_executor/share/chess_arm_executor/cmake/ament_cmake_export_targets-extras.cmake
[43.468s] -- Up-to-date symlink: /home/ryanl/4231/MTRN4231_Project/install/chess_arm_executor/share/chess_arm_executor/cmake/rosidl_cmake_export_typesupport_targets-extras.cmake
[43.469s] -- Up-to-date symlink: /home/ryanl/4231/MTRN4231_Project/install/chess_arm_executor/share/chess_arm_executor/cmake/rosidl_cmake_export_typesupport_libraries-extras.cmake
[43.469s] -- Up-to-date symlink: /home/ryanl/4231/MTRN4231_Project/install/chess_arm_executor/share/chess_arm_executor/cmake/chess_arm_executorConfig.cmake
[43.469s] -- Up-to-date symlink: /home/ryanl/4231/MTRN4231_Project/install/chess_arm_executor/share/chess_arm_executor/cmake/chess_arm_executorConfig-version.cmake
[43.470s] -- Up-to-date symlink: /home/ryanl/4231/MTRN4231_Project/install/chess_arm_executor/share/chess_arm_executor/package.xml
[43.470s] -- Up-to-date: /home/ryanl/4231/MTRN4231_Project/install/chess_arm_executor/lib/libchess_arm_executor__rosidl_generator_c.so
[43.471s] -- Up-to-date: /home/ryanl/4231/MTRN4231_Project/install/chess_arm_executor/lib/libchess_arm_executor__rosidl_typesupport_fastrtps_c.so
[43.472s] -- Up-to-date: /home/ryanl/4231/MTRN4231_Project/install/chess_arm_executor/lib/libchess_arm_executor__rosidl_typesupport_fastrtps_cpp.so
[43.473s] -- Up-to-date: /home/ryanl/4231/MTRN4231_Project/install/chess_arm_executor/lib/libchess_arm_executor__rosidl_typesupport_introspection_c.so
[43.473s] -- Up-to-date: /home/ryanl/4231/MTRN4231_Project/install/chess_arm_executor/lib/libchess_arm_executor__rosidl_typesupport_c.so
[43.474s] -- Up-to-date: /home/ryanl/4231/MTRN4231_Project/install/chess_arm_executor/lib/libchess_arm_executor__rosidl_typesupport_introspection_cpp.so
[43.475s] -- Up-to-date: /home/ryanl/4231/MTRN4231_Project/install/chess_arm_executor/lib/libchess_arm_executor__rosidl_typesupport_cpp.so
[43.536s] Listing '/home/ryanl/4231/MTRN4231_Project/install/chess_arm_executor/local/lib/python3.10/dist-packages/chess_arm_executor'...
[43.536s] Compiling '/home/ryanl/4231/MTRN4231_Project/install/chess_arm_executor/local/lib/python3.10/dist-packages/chess_arm_executor/__init__.py'...
[43.536s] Listing '/home/ryanl/4231/MTRN4231_Project/install/chess_arm_executor/local/lib/python3.10/dist-packages/chess_arm_executor/action'...
[43.547s] -- Up-to-date: /home/ryanl/4231/MTRN4231_Project/install/chess_arm_executor/lib/libchess_arm_executor__rosidl_generator_py.so
[43.548s] -- Up-to-date: /home/ryanl/4231/MTRN4231_Project/install/chess_arm_executor/share/chess_arm_executor/cmake/export_chess_arm_executor__rosidl_generator_cExport.cmake
[43.548s] -- Up-to-date: /home/ryanl/4231/MTRN4231_Project/install/chess_arm_executor/share/chess_arm_executor/cmake/export_chess_arm_executor__rosidl_generator_cExport-noconfig.cmake
[43.548s] -- Up-to-date: /home/ryanl/4231/MTRN4231_Project/install/chess_arm_executor/share/chess_arm_executor/cmake/export_chess_arm_executor__rosidl_typesupport_fastrtps_cExport.cmake
[43.549s] -- Up-to-date: /home/ryanl/4231/MTRN4231_Project/install/chess_arm_executor/share/chess_arm_executor/cmake/export_chess_arm_executor__rosidl_typesupport_fastrtps_cExport-noconfig.cmake
[43.549s] -- Up-to-date: /home/ryanl/4231/MTRN4231_Project/install/chess_arm_executor/share/chess_arm_executor/cmake/export_chess_arm_executor__rosidl_generator_cppExport.cmake
[43.549s] -- Up-to-date: /home/ryanl/4231/MTRN4231_Project/install/chess_arm_executor/share/chess_arm_executor/cmake/export_chess_arm_executor__rosidl_typesupport_fastrtps_cppExport.cmake
[43.549s] -- Up-to-date: /home/ryanl/4231/MTRN4231_Project/install/chess_arm_executor/share/chess_arm_executor/cmake/export_chess_arm_executor__rosidl_typesupport_fastrtps_cppExport-noconfig.cmake
[43.550s] -- Up-to-date: /home/ryanl/4231/MTRN4231_Project/install/chess_arm_executor/share/chess_arm_executor/cmake/chess_arm_executor__rosidl_typesupport_introspection_cExport.cmake
[43.550s] -- Up-to-date: /home/ryanl/4231/MTRN4231_Project/install/chess_arm_executor/share/chess_arm_executor/cmake/chess_arm_executor__rosidl_typesupport_introspection_cExport-noconfig.cmake
[43.550s] -- Up-to-date: /home/ryanl/4231/MTRN4231_Project/install/chess_arm_executor/share/chess_arm_executor/cmake/chess_arm_executor__rosidl_typesupport_cExport.cmake
[43.551s] -- Up-to-date: /home/ryanl/4231/MTRN4231_Project/install/chess_arm_executor/share/chess_arm_executor/cmake/chess_arm_executor__rosidl_typesupport_cExport-noconfig.cmake
[43.551s] -- Up-to-date: /home/ryanl/4231/MTRN4231_Project/install/chess_arm_executor/share/chess_arm_executor/cmake/chess_arm_executor__rosidl_typesupport_introspection_cppExport.cmake
[43.551s] -- Up-to-date: /home/ryanl/4231/MTRN4231_Project/install/chess_arm_executor/share/chess_arm_executor/cmake/chess_arm_executor__rosidl_typesupport_introspection_cppExport-noconfig.cmake
[43.552s] -- Up-to-date: /home/ryanl/4231/MTRN4231_Project/install/chess_arm_executor/share/chess_arm_executor/cmake/chess_arm_executor__rosidl_typesupport_cppExport.cmake
[43.552s] -- Up-to-date: /home/ryanl/4231/MTRN4231_Project/install/chess_arm_executor/share/chess_arm_executor/cmake/chess_arm_executor__rosidl_typesupport_cppExport-noconfig.cmake
[43.552s] -- Up-to-date: /home/ryanl/4231/MTRN4231_Project/install/chess_arm_executor/share/chess_arm_executor/cmake/export_chess_arm_executor__rosidl_generator_pyExport.cmake
[43.552s] -- Up-to-date: /home/ryanl/4231/MTRN4231_Project/install/chess_arm_executor/share/chess_arm_executor/cmake/export_chess_arm_executor__rosidl_generator_pyExport-noconfig.cmake
[43.559s] Invoked command in '/home/ryanl/4231/MTRN4231_Project/build/chess_arm_executor' returned '0': CMAKE_PREFIX_PATH=${CMAKE_PREFIX_PATH}:/opt/ros/humble /usr/bin/cmake --install /home/ryanl/4231/MTRN4231_Project/build/chess_arm_executor
