[0.046s] Invoking command in '/home/ryanl/4231/MTRN4231_Project/build/end_effector_description': CMAKE_PREFIX_PATH=${CMAKE_PREFIX_PATH}:/opt/ros/humble /usr/bin/cmake --build /home/ryanl/4231/MTRN4231_Project/build/end_effector_description -- -j16 -l16
[0.128s] Invoked command in '/home/ryanl/4231/MTRN4231_Project/build/end_effector_description' returned '0': CMAKE_PREFIX_PATH=${CMAKE_PREFIX_PATH}:/opt/ros/humble /usr/bin/cmake --build /home/ryanl/4231/MTRN4231_Project/build/end_effector_description -- -j16 -l16
[0.151s] Invoking command in '/home/ryanl/4231/MTRN4231_Project/build/end_effector_description': CMAKE_PREFIX_PATH=${CMAKE_PREFIX_PATH}:/opt/ros/humble /usr/bin/cmake --install /home/ryanl/4231/MTRN4231_Project/build/end_effector_description
[0.170s] -- Install configuration: ""
[0.171s] -- Execute custom install script
[0.171s] -- Up-to-date symlink: /home/ryanl/4231/MTRN4231_Project/install/end_effector_description/share/end_effector_description/launch/display.launch.py
[0.171s] -- Up-to-date symlink: /home/ryanl/4231/MTRN4231_Project/install/end_effector_description/share/end_effector_description/launch/display_ee.launch.py
[0.172s] -- Up-to-date symlink: /home/ryanl/4231/MTRN4231_Project/install/end_effector_description/share/end_effector_description/rviz/default.rviz
[0.173s] -- Up-to-date symlink: /home/ryanl/4231/MTRN4231_Project/install/end_effector_description/share/end_effector_description/rviz/ee.rviz
[0.173s] -- Up-to-date symlink: /home/ryanl/4231/MTRN4231_Project/install/end_effector_description/share/end_effector_description/rviz/end_effector_only.rviz
[0.173s] -- Up-to-date symlink: /home/ryanl/4231/MTRN4231_Project/install/end_effector_description/share/end_effector_description/rviz/end_effector_withModel.rviz
[0.175s] -- Up-to-date symlink: /home/ryanl/4231/MTRN4231_Project/install/end_effector_description/share/end_effector_description/urdf/end_effector.urdf.xacro
[0.175s] -- Up-to-date symlink: /home/ryanl/4231/MTRN4231_Project/install/end_effector_description/share/end_effector_description/urdf/end_effector.xacro
[0.175s] -- Up-to-date symlink: /home/ryanl/4231/MTRN4231_Project/install/end_effector_description/share/end_effector_description/urdf/end_effector_standalone.urdf.xacro
[0.175s] -- Up-to-date symlink: /home/ryanl/4231/MTRN4231_Project/install/end_effector_description/share/end_effector_description/urdf/end_effector_withDriverSupport.xacro
[0.175s] -- Up-to-date symlink: /home/ryanl/4231/MTRN4231_Project/install/end_effector_description/share/end_effector_description/meshes/claw_assembly.stl
[0.176s] -- Up-to-date symlink: /home/ryanl/4231/MTRN4231_Project/install/end_effector_description/share/ament_index/resource_index/package_run_dependencies/end_effector_description
[0.176s] -- Up-to-date symlink: /home/ryanl/4231/MTRN4231_Project/install/end_effector_description/share/ament_index/resource_index/parent_prefix_path/end_effector_description
[0.176s] -- Up-to-date symlink: /home/ryanl/4231/MTRN4231_Project/install/end_effector_description/share/end_effector_description/environment/ament_prefix_path.sh
[0.177s] -- Up-to-date symlink: /home/ryanl/4231/MTRN4231_Project/install/end_effector_description/share/end_effector_description/environment/ament_prefix_path.dsv
[0.178s] -- Up-to-date symlink: /home/ryanl/4231/MTRN4231_Project/install/end_effector_description/share/end_effector_description/environment/path.sh
[0.179s] -- Up-to-date symlink: /home/ryanl/4231/MTRN4231_Project/install/end_effector_description/share/end_effector_description/environment/path.dsv
[0.179s] -- Up-to-date symlink: /home/ryanl/4231/MTRN4231_Project/install/end_effector_description/share/end_effector_description/local_setup.bash
[0.179s] -- Up-to-date symlink: /home/ryanl/4231/MTRN4231_Project/install/end_effector_description/share/end_effector_description/local_setup.sh
[0.180s] -- Up-to-date symlink: /home/ryanl/4231/MTRN4231_Project/install/end_effector_description/share/end_effector_description/local_setup.zsh
[0.180s] -- Up-to-date symlink: /home/ryanl/4231/MTRN4231_Project/install/end_effector_description/share/end_effector_description/local_setup.dsv
[0.180s] -- Symlinking: /home/ryanl/4231/MTRN4231_Project/install/end_effector_description/share/end_effector_description/package.dsv
[0.204s] -- Up-to-date symlink: /home/ryanl/4231/MTRN4231_Project/install/end_effector_description/share/ament_index/resource_index/packages/end_effector_description
[0.205s] -- Up-to-date symlink: /home/ryanl/4231/MTRN4231_Project/install/end_effector_description/share/end_effector_description/cmake/end_effector_descriptionConfig.cmake
[0.205s] -- Up-to-date symlink: /home/ryanl/4231/MTRN4231_Project/install/end_effector_description/share/end_effector_description/cmake/end_effector_descriptionConfig-version.cmake
[0.205s] -- Up-to-date symlink: /home/ryanl/4231/MTRN4231_Project/install/end_effector_description/share/end_effector_description/package.xml
[0.213s] Invoked command in '/home/ryanl/4231/MTRN4231_Project/build/end_effector_description' returned '0': CMAKE_PREFIX_PATH=${CMAKE_PREFIX_PATH}:/opt/ros/humble /usr/bin/cmake --install /home/ryanl/4231/MTRN4231_Project/build/end_effector_description
