running develop
running egg_info
creating gripper.egg-info
writing gripper.egg-info/PKG-INFO
writing dependency_links to gripper.egg-info/dependency_links.txt
writing entry points to gripper.egg-info/entry_points.txt
writing requirements to gripper.egg-info/requires.txt
writing top-level names to gripper.egg-info/top_level.txt
writing manifest file 'gripper.egg-info/SOURCES.txt'
reading manifest file 'gripper.egg-info/SOURCES.txt'
writing manifest file 'gripper.egg-info/SOURCES.txt'
running build_ext
Creating /home/ryanl/4231/MTRN4231_Project/install/gripper/lib/python3.10/site-packages/gripper.egg-link (link to .)
Installing gripper_client script to /home/ryanl/4231/MTRN4231_Project/install/gripper/lib/gripper
Installing gripper_server script to /home/ryanl/4231/MTRN4231_Project/install/gripper/lib/gripper

Installed /home/ryanl/4231/MTRN4231_Project/build/gripper
running symlink_data
creating /home/ryanl/4231/MTRN4231_Project/install/gripper/share/ament_index
creating /home/ryanl/4231/MTRN4231_Project/install/gripper/share/ament_index/resource_index
creating /home/ryanl/4231/MTRN4231_Project/install/gripper/share/ament_index/resource_index/packages
symbolically linking /home/ryanl/4231/MTRN4231_Project/build/gripper/resource/gripper -> /home/ryanl/4231/MTRN4231_Project/install/gripper/share/ament_index/resource_index/packages
symbolically linking /home/ryanl/4231/MTRN4231_Project/build/gripper/package.xml -> /home/ryanl/4231/MTRN4231_Project/install/gripper/share/gripper
