[1.598s] Invoking command in '/home/ryanl/4231/MTRN4231_Project/build/gripper': PYTHONPATH=/home/ryanl/4231/MTRN4231_Project/build/gripper/prefix_override:/usr/lib/python3/dist-packages/colcon_core/task/python/colcon_distutils_commands:/home/ryanl/4231/MTRN4231_Project/install/gripper/lib/python3.10/site-packages:${PYTHONPATH} /usr/bin/python3 -W ignore:setup.py install is deprecated -W ignore:easy_install command is deprecated setup.py develop --editable --build-directory /home/ryanl/4231/MTRN4231_Project/build/gripper/build --no-deps symlink_data
[2.088s] running develop
[2.358s] running egg_info
[2.358s] creating gripper.egg-info
[2.359s] writing gripper.egg-info/PKG-INFO
[2.360s] writing dependency_links to gripper.egg-info/dependency_links.txt
[2.360s] writing entry points to gripper.egg-info/entry_points.txt
[2.360s] writing requirements to gripper.egg-info/requires.txt
[2.361s] writing top-level names to gripper.egg-info/top_level.txt
[2.361s] writing manifest file 'gripper.egg-info/SOURCES.txt'
[2.363s] reading manifest file 'gripper.egg-info/SOURCES.txt'
[2.364s] writing manifest file 'gripper.egg-info/SOURCES.txt'
[2.430s] running build_ext
[2.430s] Creating /home/ryanl/4231/MTRN4231_Project/install/gripper/lib/python3.10/site-packages/gripper.egg-link (link to .)
[2.432s] Installing gripper_client script to /home/ryanl/4231/MTRN4231_Project/install/gripper/lib/gripper
[2.433s] Installing gripper_server script to /home/ryanl/4231/MTRN4231_Project/install/gripper/lib/gripper
[2.433s] 
[2.434s] Installed /home/ryanl/4231/MTRN4231_Project/build/gripper
[2.434s] running symlink_data
[2.434s] creating /home/ryanl/4231/MTRN4231_Project/install/gripper/share/ament_index
[2.434s] creating /home/ryanl/4231/MTRN4231_Project/install/gripper/share/ament_index/resource_index
[2.435s] creating /home/ryanl/4231/MTRN4231_Project/install/gripper/share/ament_index/resource_index/packages
[2.436s] symbolically linking /home/ryanl/4231/MTRN4231_Project/build/gripper/resource/gripper -> /home/ryanl/4231/MTRN4231_Project/install/gripper/share/ament_index/resource_index/packages
[2.437s] symbolically linking /home/ryanl/4231/MTRN4231_Project/build/gripper/package.xml -> /home/ryanl/4231/MTRN4231_Project/install/gripper/share/gripper
[2.479s] Invoked command in '/home/ryanl/4231/MTRN4231_Project/build/gripper' returned '0': PYTHONPATH=/home/ryanl/4231/MTRN4231_Project/build/gripper/prefix_override:/usr/lib/python3/dist-packages/colcon_core/task/python/colcon_distutils_commands:/home/ryanl/4231/MTRN4231_Project/install/gripper/lib/python3.10/site-packages:${PYTHONPATH} /usr/bin/python3 -W ignore:setup.py install is deprecated -W ignore:easy_install command is deprecated setup.py develop --editable --build-directory /home/ryanl/4231/MTRN4231_Project/build/gripper/build --no-deps symlink_data
