[0.273s] Invoking command in '/home/ryanl/4231/MTRN4231_Project/build/arm_controller': CMAKE_PREFIX_PATH=/home/ryanl/4231/MTRN4231_Project/install/custom_interfaces:/home/ryanl/4231/MTRN4231_Project/install/ur5e_robot_config:/home/ryanl/4231/MTRN4231_Project/install/end_effector_description:/home/ryanl/4231/MTRN4231_Project/install/arm_controller:/opt/ros/humble /usr/bin/cmake --build /home/ryanl/4231/MTRN4231_Project/build/arm_controller -- -j16 -l16
[0.427s] [100%] Built target arm_controller_node
[0.452s] Invoked command in '/home/ryanl/4231/MTRN4231_Project/build/arm_controller' returned '0': CMAKE_PREFIX_PATH=/home/ryanl/4231/MTRN4231_Project/install/custom_interfaces:/home/ryanl/4231/MTRN4231_Project/install/ur5e_robot_config:/home/ryanl/4231/MTRN4231_Project/install/end_effector_description:/home/ryanl/4231/MTRN4231_Project/install/arm_controller:/opt/ros/humble /usr/bin/cmake --build /home/ryanl/4231/MTRN4231_Project/build/arm_controller -- -j16 -l16
[0.456s] Invoking command in '/home/ryanl/4231/MTRN4231_Project/build/arm_controller': CMAKE_PREFIX_PATH=/home/ryanl/4231/MTRN4231_Project/install/custom_interfaces:/home/ryanl/4231/MTRN4231_Project/install/ur5e_robot_config:/home/ryanl/4231/MTRN4231_Project/install/end_effector_description:/home/ryanl/4231/MTRN4231_Project/install/arm_controller:/opt/ros/humble /usr/bin/cmake --install /home/ryanl/4231/MTRN4231_Project/build/arm_controller
[0.472s] -- Install configuration: ""
[0.474s] -- Execute custom install script
[0.475s] -- Up-to-date symlink: /home/ryanl/4231/MTRN4231_Project/install/arm_controller/lib/arm_controller/arm_controller_node
[0.475s] -- Up-to-date symlink: /home/ryanl/4231/MTRN4231_Project/install/arm_controller/share/arm_controller/launch/arm_controller.launch.py
[0.476s] -- Up-to-date symlink: /home/ryanl/4231/MTRN4231_Project/install/arm_controller/share/arm_controller/launch/moveit_rviz.launch.py
[0.477s] -- Up-to-date symlink: /home/ryanl/4231/MTRN4231_Project/install/arm_controller/share/arm_controller/urdf/ur5e_with_tool.urdf.xacro
[0.478s] -- Up-to-date symlink: /home/ryanl/4231/MTRN4231_Project/install/arm_controller/share/arm_controller/srdf/ur5e_with_tool.srdf
[0.478s] -- Up-to-date symlink: /home/ryanl/4231/MTRN4231_Project/install/arm_controller/share/arm_controller/config/controllers.yaml
[0.478s] -- Up-to-date symlink: /home/ryanl/4231/MTRN4231_Project/install/arm_controller/share/arm_controller/config/end_effector_withDriverSupport.srdf
[0.479s] -- Up-to-date symlink: /home/ryanl/4231/MTRN4231_Project/install/arm_controller/share/arm_controller/config/joint_limits.yaml
[0.479s] -- Up-to-date symlink: /home/ryanl/4231/MTRN4231_Project/install/arm_controller/share/arm_controller/config/kinematics.yaml
[0.479s] -- Up-to-date symlink: /home/ryanl/4231/MTRN4231_Project/install/arm_controller/share/arm_controller/config/moveit.rviz
[0.479s] -- Up-to-date symlink: /home/ryanl/4231/MTRN4231_Project/install/arm_controller/share/arm_controller/config/moveit_controllers.yaml
[0.480s] -- Up-to-date symlink: /home/ryanl/4231/MTRN4231_Project/install/arm_controller/share/arm_controller/config/params.yaml
[0.480s] -- Up-to-date symlink: /home/ryanl/4231/MTRN4231_Project/install/arm_controller/share/arm_controller/config/pilz_cartesian_limits.yaml
[0.481s] -- Up-to-date symlink: /home/ryanl/4231/MTRN4231_Project/install/arm_controller/share/ament_index/resource_index/package_run_dependencies/arm_controller
[0.481s] -- Up-to-date symlink: /home/ryanl/4231/MTRN4231_Project/install/arm_controller/share/ament_index/resource_index/parent_prefix_path/arm_controller
[0.482s] -- Up-to-date symlink: /home/ryanl/4231/MTRN4231_Project/install/arm_controller/share/arm_controller/environment/ament_prefix_path.sh
[0.482s] -- Up-to-date symlink: /home/ryanl/4231/MTRN4231_Project/install/arm_controller/share/arm_controller/environment/ament_prefix_path.dsv
[0.483s] -- Up-to-date symlink: /home/ryanl/4231/MTRN4231_Project/install/arm_controller/share/arm_controller/environment/path.sh
[0.483s] -- Up-to-date symlink: /home/ryanl/4231/MTRN4231_Project/install/arm_controller/share/arm_controller/environment/path.dsv
[0.483s] -- Up-to-date symlink: /home/ryanl/4231/MTRN4231_Project/install/arm_controller/share/arm_controller/local_setup.bash
[0.484s] -- Up-to-date symlink: /home/ryanl/4231/MTRN4231_Project/install/arm_controller/share/arm_controller/local_setup.sh
[0.484s] -- Up-to-date symlink: /home/ryanl/4231/MTRN4231_Project/install/arm_controller/share/arm_controller/local_setup.zsh
[0.484s] -- Up-to-date symlink: /home/ryanl/4231/MTRN4231_Project/install/arm_controller/share/arm_controller/local_setup.dsv
[0.485s] -- Symlinking: /home/ryanl/4231/MTRN4231_Project/install/arm_controller/share/arm_controller/package.dsv
[0.506s] -- Up-to-date symlink: /home/ryanl/4231/MTRN4231_Project/install/arm_controller/share/ament_index/resource_index/packages/arm_controller
[0.507s] -- Up-to-date symlink: /home/ryanl/4231/MTRN4231_Project/install/arm_controller/share/arm_controller/cmake/arm_controllerConfig.cmake
[0.507s] -- Up-to-date symlink: /home/ryanl/4231/MTRN4231_Project/install/arm_controller/share/arm_controller/cmake/arm_controllerConfig-version.cmake
[0.507s] -- Up-to-date symlink: /home/ryanl/4231/MTRN4231_Project/install/arm_controller/share/arm_controller/package.xml
[0.514s] Invoked command in '/home/ryanl/4231/MTRN4231_Project/build/arm_controller' returned '0': CMAKE_PREFIX_PATH=/home/ryanl/4231/MTRN4231_Project/install/custom_interfaces:/home/ryanl/4231/MTRN4231_Project/install/ur5e_robot_config:/home/ryanl/4231/MTRN4231_Project/install/end_effector_description:/home/ryanl/4231/MTRN4231_Project/install/arm_controller:/opt/ros/humble /usr/bin/cmake --install /home/ryanl/4231/MTRN4231_Project/build/arm_controller
