[0.046s] Invoking command in '/home/ryanl/4231/MTRN4231_Project/build/arm_interfaces': /usr/bin/cmake --build /home/ryanl/4231/MTRN4231_Project/build/arm_interfaces -- -j16 -l16
[0.152s] -- Found ament_cmake: 1.3.12 (/opt/ros/humble/share/ament_cmake/cmake)
[0.427s] -- Found rosidl_default_generators: 1.2.0 (/opt/ros/humble/share/rosidl_default_generators/cmake)
[0.436s] -- Using all available rosidl_typesupport_c: rosidl_typesupport_fastrtps_c;rosidl_typesupport_introspection_c
[0.444s] -- Found rosidl_adapter: 3.1.7 (/opt/ros/humble/share/rosidl_adapter/cmake)
[0.846s] -- Using all available rosidl_typesupport_cpp: rosidl_typesupport_fastrtps_cpp;rosidl_typesupport_introspection_cpp
[0.910s] -- Found geometry_msgs: 4.9.0 (/opt/ros/humble/share/geometry_msgs/cmake)
[1.577s] -- Found ament_cmake_ros: 0.10.0 (/opt/ros/humble/share/ament_cmake_ros/cmake)
[2.020s] -- Using all available rosidl_typesupport_c: rosidl_typesupport_fastrtps_c;rosidl_typesupport_introspection_c
[2.637s] -- Using all available rosidl_typesupport_cpp: rosidl_typesupport_fastrtps_cpp;rosidl_typesupport_introspection_cpp
[2.681s] -- Found python_cmake_module: 0.10.0 (/opt/ros/humble/share/python_cmake_module/cmake)
[2.725s] -- Using PYTHON_EXECUTABLE: /usr/bin/python3
[2.726s] -- Using PYTHON_INCLUDE_DIRS: /usr/include/python3.10
[2.726s] -- Using PYTHON_LIBRARIES: /usr/lib/x86_64-linux-gnu/libpython3.10.so
[2.825s] -- Configuring done
[2.958s] -- Generating done
[2.987s] -- Build files have been written to: /home/ryanl/4231/MTRN4231_Project/build/arm_interfaces
[3.049s] [  3%] [34m[1mGenerating C code for ROS interfaces[0m
[3.072s] [  6%] [34m[1mGenerating C++ code for ROS interfaces[0m
[3.107s] [  6%] Built target ament_cmake_python_copy_arm_interfaces
[3.590s] running egg_info
[3.591s] writing arm_interfaces.egg-info/PKG-INFO
[3.592s] writing dependency_links to arm_interfaces.egg-info/dependency_links.txt
[3.593s] writing top-level names to arm_interfaces.egg-info/top_level.txt
[3.600s] reading manifest file 'arm_interfaces.egg-info/SOURCES.txt'
[3.601s] writing manifest file 'arm_interfaces.egg-info/SOURCES.txt'
[3.664s] [  6%] Built target ament_cmake_python_build_arm_interfaces_egg
[3.853s] [35m[1mConsolidate compiler generated dependencies of target arm_interfaces__rosidl_generator_c[0m
[3.879s] [  9%] [32mBuilding C object CMakeFiles/arm_interfaces__rosidl_generator_c.dir/rosidl_generator_c/arm_interfaces/action/detail/pick_place__functions.c.o[0m
[3.914s] [  9%] Built target arm_interfaces__cpp
[3.936s] [ 12%] [34m[1mGenerating C++ introspection for ROS interfaces[0m
[3.937s] [ 19%] [34m[1mGenerating C++ type support for eProsima Fast-RTPS[0m
[3.937s] [ 19%] [34m[1mGenerating C++ type support dispatch for ROS interfaces[0m
[4.282s] [ 22%] [32m[1mLinking C shared library libarm_interfaces__rosidl_generator_c.so[0m
[4.528s] [35m[1mConsolidate compiler generated dependencies of target arm_interfaces__rosidl_typesupport_cpp[0m
[4.561s] [ 25%] [32mBuilding CXX object CMakeFiles/arm_interfaces__rosidl_typesupport_cpp.dir/rosidl_typesupport_cpp/arm_interfaces/action/pick_place__type_support.cpp.o[0m
[4.576s] [ 25%] Built target arm_interfaces__rosidl_generator_c
[4.597s] [35m[1mConsolidate compiler generated dependencies of target arm_interfaces__rosidl_typesupport_introspection_cpp[0m
[4.600s] [ 29%] [34m[1mGenerating C introspection for ROS interfaces[0m
[4.601s] [ 35%] [34m[1mGenerating C type support for eProsima Fast-RTPS[0m
[4.601s] [ 35%] [34m[1mGenerating C type support dispatch for ROS interfaces[0m
[4.634s] [ 38%] [32mBuilding CXX object CMakeFiles/arm_interfaces__rosidl_typesupport_introspection_cpp.dir/rosidl_typesupport_introspection_cpp/arm_interfaces/action/detail/pick_place__type_support.cpp.o[0m
[4.715s] [35m[1mConsolidate compiler generated dependencies of target arm_interfaces__rosidl_typesupport_fastrtps_cpp[0m
[4.752s] [ 41%] [32mBuilding CXX object CMakeFiles/arm_interfaces__rosidl_typesupport_fastrtps_cpp.dir/rosidl_typesupport_fastrtps_cpp/arm_interfaces/action/detail/dds_fastrtps/pick_place__type_support.cpp.o[0m
[5.241s] [35m[1mConsolidate compiler generated dependencies of target arm_interfaces__rosidl_typesupport_c[0m
[5.275s] [ 45%] [32mBuilding CXX object CMakeFiles/arm_interfaces__rosidl_typesupport_c.dir/rosidl_typesupport_c/arm_interfaces/action/pick_place__type_support.cpp.o[0m
[5.377s] [35m[1mConsolidate compiler generated dependencies of target arm_interfaces__rosidl_typesupport_introspection_c[0m
[5.409s] [ 48%] [32mBuilding C object CMakeFiles/arm_interfaces__rosidl_typesupport_introspection_c.dir/rosidl_typesupport_introspection_c/arm_interfaces/action/detail/pick_place__type_support.c.o[0m
[5.418s] [ 51%] [32m[1mLinking CXX shared library libarm_interfaces__rosidl_typesupport_c.so[0m
[5.437s] [35m[1mConsolidate compiler generated dependencies of target arm_interfaces__rosidl_typesupport_fastrtps_c[0m
[5.472s] [ 54%] [32mBuilding CXX object CMakeFiles/arm_interfaces__rosidl_typesupport_fastrtps_c.dir/rosidl_typesupport_fastrtps_c/arm_interfaces/action/detail/pick_place__type_support_c.cpp.o[0m
[5.546s] [ 58%] [32m[1mLinking C shared library libarm_interfaces__rosidl_typesupport_introspection_c.so[0m
[5.753s] [ 58%] Built target arm_interfaces__rosidl_typesupport_c
[5.771s] [ 61%] [32m[1mLinking CXX shared library libarm_interfaces__rosidl_typesupport_cpp.so[0m
[5.838s] [ 61%] Built target arm_interfaces__rosidl_typesupport_introspection_c
[6.010s] [ 64%] [32m[1mLinking CXX shared library libarm_interfaces__rosidl_typesupport_introspection_cpp.so[0m
[6.018s] [ 67%] [32m[1mLinking CXX shared library libarm_interfaces__rosidl_typesupport_fastrtps_cpp.so[0m
[6.065s] [ 67%] Built target arm_interfaces__rosidl_typesupport_cpp
[6.254s] [ 70%] [32m[1mLinking CXX shared library libarm_interfaces__rosidl_typesupport_fastrtps_c.so[0m
[6.362s] [ 70%] Built target arm_interfaces__rosidl_typesupport_introspection_cpp
[6.370s] [ 70%] Built target arm_interfaces__rosidl_typesupport_fastrtps_cpp
[6.627s] [ 70%] Built target arm_interfaces__rosidl_typesupport_fastrtps_c
[6.669s] [ 70%] Built target arm_interfaces
[6.710s] [ 74%] [34m[1mGenerating Python code for ROS interfaces[0m
[8.019s] [ 74%] Built target arm_interfaces__py
[8.041s] [35m[1mConsolidate compiler generated dependencies of target arm_interfaces__rosidl_generator_py[0m
[8.071s] [ 77%] [32mBuilding C object CMakeFiles/arm_interfaces__rosidl_generator_py.dir/rosidl_generator_py/arm_interfaces/action/_pick_place_s.c.o[0m
[8.396s] [ 80%] [32m[1mLinking C shared library rosidl_generator_py/arm_interfaces/libarm_interfaces__rosidl_generator_py.so[0m
[8.681s] [ 80%] Built target arm_interfaces__rosidl_generator_py
[8.702s] [35m[1mConsolidate compiler generated dependencies of target arm_interfaces__rosidl_typesupport_introspection_c__pyext[0m
[8.704s] [35m[1mConsolidate compiler generated dependencies of target arm_interfaces__rosidl_typesupport_fastrtps_c__pyext[0m
[8.705s] [35m[1mConsolidate compiler generated dependencies of target arm_interfaces__rosidl_typesupport_c__pyext[0m
[8.733s] [ 83%] [32mBuilding C object CMakeFiles/arm_interfaces__rosidl_typesupport_introspection_c__pyext.dir/rosidl_generator_py/arm_interfaces/_arm_interfaces_s.ep.rosidl_typesupport_introspection_c.c.o[0m
[8.735s] [ 87%] [32mBuilding C object CMakeFiles/arm_interfaces__rosidl_typesupport_c__pyext.dir/rosidl_generator_py/arm_interfaces/_arm_interfaces_s.ep.rosidl_typesupport_c.c.o[0m
[8.735s] [ 90%] [32mBuilding C object CMakeFiles/arm_interfaces__rosidl_typesupport_fastrtps_c__pyext.dir/rosidl_generator_py/arm_interfaces/_arm_interfaces_s.ep.rosidl_typesupport_fastrtps_c.c.o[0m
[8.992s] [ 93%] [32m[1mLinking C shared library rosidl_generator_py/arm_interfaces/arm_interfaces_s__rosidl_typesupport_introspection_c.cpython-310-x86_64-linux-gnu.so[0m
[8.992s] [ 96%] [32m[1mLinking C shared library rosidl_generator_py/arm_interfaces/arm_interfaces_s__rosidl_typesupport_fastrtps_c.cpython-310-x86_64-linux-gnu.so[0m
[9.007s] [100%] [32m[1mLinking C shared library rosidl_generator_py/arm_interfaces/arm_interfaces_s__rosidl_typesupport_c.cpython-310-x86_64-linux-gnu.so[0m
[9.218s] [100%] Built target arm_interfaces__rosidl_typesupport_introspection_c__pyext
[9.222s] [100%] Built target arm_interfaces__rosidl_typesupport_fastrtps_c__pyext
[9.291s] [100%] Built target arm_interfaces__rosidl_typesupport_c__pyext
[9.320s] Invoked command in '/home/ryanl/4231/MTRN4231_Project/build/arm_interfaces' returned '0': /usr/bin/cmake --build /home/ryanl/4231/MTRN4231_Project/build/arm_interfaces -- -j16 -l16
[9.325s] Invoking command in '/home/ryanl/4231/MTRN4231_Project/build/arm_interfaces': /usr/bin/cmake --install /home/ryanl/4231/MTRN4231_Project/build/arm_interfaces
[9.342s] -- Install configuration: ""
[9.342s] -- Up-to-date: /home/ryanl/4231/MTRN4231_Project/install/arm_interfaces/share/ament_index/resource_index/rosidl_interfaces/arm_interfaces
[9.343s] -- Up-to-date: /home/ryanl/4231/MTRN4231_Project/install/arm_interfaces/include/arm_interfaces/arm_interfaces
[9.343s] -- Up-to-date: /home/ryanl/4231/MTRN4231_Project/install/arm_interfaces/include/arm_interfaces/arm_interfaces/action
[9.343s] -- Up-to-date: /home/ryanl/4231/MTRN4231_Project/install/arm_interfaces/include/arm_interfaces/arm_interfaces/action/detail
[9.343s] -- Installing: /home/ryanl/4231/MTRN4231_Project/install/arm_interfaces/include/arm_interfaces/arm_interfaces/action/detail/pick_place__functions.h
[9.343s] -- Installing: /home/ryanl/4231/MTRN4231_Project/install/arm_interfaces/include/arm_interfaces/arm_interfaces/action/detail/pick_place__struct.h
[9.344s] -- Installing: /home/ryanl/4231/MTRN4231_Project/install/arm_interfaces/include/arm_interfaces/arm_interfaces/action/detail/pick_place__type_support.h
[9.344s] -- Installing: /home/ryanl/4231/MTRN4231_Project/install/arm_interfaces/include/arm_interfaces/arm_interfaces/action/detail/pick_place__functions.c
[9.345s] -- Installing: /home/ryanl/4231/MTRN4231_Project/install/arm_interfaces/include/arm_interfaces/arm_interfaces/action/pick_place.h
[9.346s] -- Up-to-date: /home/ryanl/4231/MTRN4231_Project/install/arm_interfaces/include/arm_interfaces/arm_interfaces/msg
[9.346s] -- Up-to-date: /home/ryanl/4231/MTRN4231_Project/install/arm_interfaces/include/arm_interfaces/arm_interfaces/msg/rosidl_generator_c__visibility_control.h
[9.347s] -- Up-to-date: /home/ryanl/4231/MTRN4231_Project/install/arm_interfaces/share/arm_interfaces/environment/library_path.sh
[9.347s] -- Installing: /home/ryanl/4231/MTRN4231_Project/install/arm_interfaces/share/arm_interfaces/environment/library_path.dsv
[9.347s] -- Installing: /home/ryanl/4231/MTRN4231_Project/install/arm_interfaces/lib/libarm_interfaces__rosidl_generator_c.so
[9.349s] -- Set runtime path of "/home/ryanl/4231/MTRN4231_Project/install/arm_interfaces/lib/libarm_interfaces__rosidl_generator_c.so" to ""
[9.349s] -- Up-to-date: /home/ryanl/4231/MTRN4231_Project/install/arm_interfaces/include/arm_interfaces/arm_interfaces
[9.349s] -- Up-to-date: /home/ryanl/4231/MTRN4231_Project/install/arm_interfaces/include/arm_interfaces/arm_interfaces/action
[9.350s] -- Up-to-date: /home/ryanl/4231/MTRN4231_Project/install/arm_interfaces/include/arm_interfaces/arm_interfaces/action/detail
[9.350s] -- Installing: /home/ryanl/4231/MTRN4231_Project/install/arm_interfaces/include/arm_interfaces/arm_interfaces/action/detail/pick_place__rosidl_typesupport_fastrtps_c.h
[9.351s] -- Up-to-date: /home/ryanl/4231/MTRN4231_Project/install/arm_interfaces/include/arm_interfaces/arm_interfaces/msg
[9.351s] -- Up-to-date: /home/ryanl/4231/MTRN4231_Project/install/arm_interfaces/include/arm_interfaces/arm_interfaces/msg/rosidl_typesupport_fastrtps_c__visibility_control.h
[9.353s] -- Installing: /home/ryanl/4231/MTRN4231_Project/install/arm_interfaces/lib/libarm_interfaces__rosidl_typesupport_fastrtps_c.so
[9.355s] -- Set runtime path of "/home/ryanl/4231/MTRN4231_Project/install/arm_interfaces/lib/libarm_interfaces__rosidl_typesupport_fastrtps_c.so" to ""
[9.355s] -- Up-to-date: /home/ryanl/4231/MTRN4231_Project/install/arm_interfaces/include/arm_interfaces/arm_interfaces
[9.356s] -- Up-to-date: /home/ryanl/4231/MTRN4231_Project/install/arm_interfaces/include/arm_interfaces/arm_interfaces/action
[9.356s] -- Up-to-date: /home/ryanl/4231/MTRN4231_Project/install/arm_interfaces/include/arm_interfaces/arm_interfaces/action/detail
[9.356s] -- Installing: /home/ryanl/4231/MTRN4231_Project/install/arm_interfaces/include/arm_interfaces/arm_interfaces/action/detail/pick_place__type_support.c
[9.357s] -- Installing: /home/ryanl/4231/MTRN4231_Project/install/arm_interfaces/include/arm_interfaces/arm_interfaces/action/detail/pick_place__rosidl_typesupport_introspection_c.h
[9.357s] -- Up-to-date: /home/ryanl/4231/MTRN4231_Project/install/arm_interfaces/include/arm_interfaces/arm_interfaces/msg
[9.357s] -- Up-to-date: /home/ryanl/4231/MTRN4231_Project/install/arm_interfaces/include/arm_interfaces/arm_interfaces/msg/rosidl_typesupport_introspection_c__visibility_control.h
[9.358s] -- Installing: /home/ryanl/4231/MTRN4231_Project/install/arm_interfaces/lib/libarm_interfaces__rosidl_typesupport_introspection_c.so
[9.359s] -- Set runtime path of "/home/ryanl/4231/MTRN4231_Project/install/arm_interfaces/lib/libarm_interfaces__rosidl_typesupport_introspection_c.so" to ""
[9.360s] -- Installing: /home/ryanl/4231/MTRN4231_Project/install/arm_interfaces/lib/libarm_interfaces__rosidl_typesupport_c.so
[9.361s] -- Set runtime path of "/home/ryanl/4231/MTRN4231_Project/install/arm_interfaces/lib/libarm_interfaces__rosidl_typesupport_c.so" to ""
[9.361s] -- Up-to-date: /home/ryanl/4231/MTRN4231_Project/install/arm_interfaces/include/arm_interfaces/arm_interfaces
[9.361s] -- Up-to-date: /home/ryanl/4231/MTRN4231_Project/install/arm_interfaces/include/arm_interfaces/arm_interfaces/action
[9.361s] -- Installing: /home/ryanl/4231/MTRN4231_Project/install/arm_interfaces/include/arm_interfaces/arm_interfaces/action/pick_place.hpp
[9.362s] -- Up-to-date: /home/ryanl/4231/MTRN4231_Project/install/arm_interfaces/include/arm_interfaces/arm_interfaces/action/detail
[9.362s] -- Installing: /home/ryanl/4231/MTRN4231_Project/install/arm_interfaces/include/arm_interfaces/arm_interfaces/action/detail/pick_place__traits.hpp
[9.362s] -- Installing: /home/ryanl/4231/MTRN4231_Project/install/arm_interfaces/include/arm_interfaces/arm_interfaces/action/detail/pick_place__struct.hpp
[9.363s] -- Installing: /home/ryanl/4231/MTRN4231_Project/install/arm_interfaces/include/arm_interfaces/arm_interfaces/action/detail/pick_place__builder.hpp
[9.363s] -- Installing: /home/ryanl/4231/MTRN4231_Project/install/arm_interfaces/include/arm_interfaces/arm_interfaces/action/detail/pick_place__type_support.hpp
[9.363s] -- Up-to-date: /home/ryanl/4231/MTRN4231_Project/install/arm_interfaces/include/arm_interfaces/arm_interfaces/msg
[9.364s] -- Up-to-date: /home/ryanl/4231/MTRN4231_Project/install/arm_interfaces/include/arm_interfaces/arm_interfaces/msg/rosidl_generator_cpp__visibility_control.hpp
[9.364s] -- Up-to-date: /home/ryanl/4231/MTRN4231_Project/install/arm_interfaces/include/arm_interfaces/arm_interfaces
[9.364s] -- Up-to-date: /home/ryanl/4231/MTRN4231_Project/install/arm_interfaces/include/arm_interfaces/arm_interfaces/action
[9.364s] -- Up-to-date: /home/ryanl/4231/MTRN4231_Project/install/arm_interfaces/include/arm_interfaces/arm_interfaces/action/detail
[9.364s] -- Installing: /home/ryanl/4231/MTRN4231_Project/install/arm_interfaces/include/arm_interfaces/arm_interfaces/action/detail/pick_place__rosidl_typesupport_fastrtps_cpp.hpp
[9.365s] -- Up-to-date: /home/ryanl/4231/MTRN4231_Project/install/arm_interfaces/include/arm_interfaces/arm_interfaces/action/detail/dds_fastrtps
[9.365s] -- Up-to-date: /home/ryanl/4231/MTRN4231_Project/install/arm_interfaces/include/arm_interfaces/arm_interfaces/msg
[9.365s] -- Up-to-date: /home/ryanl/4231/MTRN4231_Project/install/arm_interfaces/include/arm_interfaces/arm_interfaces/msg/rosidl_typesupport_fastrtps_cpp__visibility_control.h
[9.365s] -- Installing: /home/ryanl/4231/MTRN4231_Project/install/arm_interfaces/lib/libarm_interfaces__rosidl_typesupport_fastrtps_cpp.so
[9.366s] -- Set runtime path of "/home/ryanl/4231/MTRN4231_Project/install/arm_interfaces/lib/libarm_interfaces__rosidl_typesupport_fastrtps_cpp.so" to ""
[9.367s] -- Up-to-date: /home/ryanl/4231/MTRN4231_Project/install/arm_interfaces/include/arm_interfaces/arm_interfaces
[9.367s] -- Up-to-date: /home/ryanl/4231/MTRN4231_Project/install/arm_interfaces/include/arm_interfaces/arm_interfaces/action
[9.367s] -- Up-to-date: /home/ryanl/4231/MTRN4231_Project/install/arm_interfaces/include/arm_interfaces/arm_interfaces/action/detail
[9.368s] -- Installing: /home/ryanl/4231/MTRN4231_Project/install/arm_interfaces/include/arm_interfaces/arm_interfaces/action/detail/pick_place__rosidl_typesupport_introspection_cpp.hpp
[9.368s] -- Installing: /home/ryanl/4231/MTRN4231_Project/install/arm_interfaces/include/arm_interfaces/arm_interfaces/action/detail/pick_place__type_support.cpp
[9.368s] -- Installing: /home/ryanl/4231/MTRN4231_Project/install/arm_interfaces/lib/libarm_interfaces__rosidl_typesupport_introspection_cpp.so
[9.369s] -- Set runtime path of "/home/ryanl/4231/MTRN4231_Project/install/arm_interfaces/lib/libarm_interfaces__rosidl_typesupport_introspection_cpp.so" to ""
[9.369s] -- Installing: /home/ryanl/4231/MTRN4231_Project/install/arm_interfaces/lib/libarm_interfaces__rosidl_typesupport_cpp.so
[9.371s] -- Set runtime path of "/home/ryanl/4231/MTRN4231_Project/install/arm_interfaces/lib/libarm_interfaces__rosidl_typesupport_cpp.so" to ""
[9.371s] -- Up-to-date: /home/ryanl/4231/MTRN4231_Project/install/arm_interfaces/share/arm_interfaces/environment/pythonpath.sh
[9.371s] -- Installing: /home/ryanl/4231/MTRN4231_Project/install/arm_interfaces/share/arm_interfaces/environment/pythonpath.dsv
[9.371s] -- Up-to-date: /home/ryanl/4231/MTRN4231_Project/install/arm_interfaces/local/lib/python3.10/dist-packages/arm_interfaces-0.0.1-py3.10.egg-info
[9.371s] -- Installing: /home/ryanl/4231/MTRN4231_Project/install/arm_interfaces/local/lib/python3.10/dist-packages/arm_interfaces-0.0.1-py3.10.egg-info/top_level.txt
[9.372s] -- Installing: /home/ryanl/4231/MTRN4231_Project/install/arm_interfaces/local/lib/python3.10/dist-packages/arm_interfaces-0.0.1-py3.10.egg-info/SOURCES.txt
[9.372s] -- Installing: /home/ryanl/4231/MTRN4231_Project/install/arm_interfaces/local/lib/python3.10/dist-packages/arm_interfaces-0.0.1-py3.10.egg-info/dependency_links.txt
[9.372s] -- Installing: /home/ryanl/4231/MTRN4231_Project/install/arm_interfaces/local/lib/python3.10/dist-packages/arm_interfaces-0.0.1-py3.10.egg-info/PKG-INFO
[9.373s] -- Up-to-date: /home/ryanl/4231/MTRN4231_Project/install/arm_interfaces/local/lib/python3.10/dist-packages/arm_interfaces
[9.373s] -- Installing: /home/ryanl/4231/MTRN4231_Project/install/arm_interfaces/local/lib/python3.10/dist-packages/arm_interfaces/_arm_interfaces_s.ep.rosidl_typesupport_fastrtps_c.c
[9.373s] -- Installing: /home/ryanl/4231/MTRN4231_Project/install/arm_interfaces/local/lib/python3.10/dist-packages/arm_interfaces/arm_interfaces_s__rosidl_typesupport_fastrtps_c.cpython-310-x86_64-linux-gnu.so
[9.374s] -- Installing: /home/ryanl/4231/MTRN4231_Project/install/arm_interfaces/local/lib/python3.10/dist-packages/arm_interfaces/__init__.py
[9.374s] -- Installing: /home/ryanl/4231/MTRN4231_Project/install/arm_interfaces/local/lib/python3.10/dist-packages/arm_interfaces/libarm_interfaces__rosidl_generator_py.so
[9.375s] -- Installing: /home/ryanl/4231/MTRN4231_Project/install/arm_interfaces/local/lib/python3.10/dist-packages/arm_interfaces/arm_interfaces_s__rosidl_typesupport_introspection_c.cpython-310-x86_64-linux-gnu.so
[9.375s] -- Up-to-date: /home/ryanl/4231/MTRN4231_Project/install/arm_interfaces/local/lib/python3.10/dist-packages/arm_interfaces/action
[9.376s] -- Installing: /home/ryanl/4231/MTRN4231_Project/install/arm_interfaces/local/lib/python3.10/dist-packages/arm_interfaces/action/_pick_place.py
[9.376s] -- Installing: /home/ryanl/4231/MTRN4231_Project/install/arm_interfaces/local/lib/python3.10/dist-packages/arm_interfaces/action/__init__.py
[9.377s] -- Installing: /home/ryanl/4231/MTRN4231_Project/install/arm_interfaces/local/lib/python3.10/dist-packages/arm_interfaces/action/_pick_place_s.c
[9.377s] -- Installing: /home/ryanl/4231/MTRN4231_Project/install/arm_interfaces/local/lib/python3.10/dist-packages/arm_interfaces/_arm_interfaces_s.ep.rosidl_typesupport_introspection_c.c
[9.378s] -- Installing: /home/ryanl/4231/MTRN4231_Project/install/arm_interfaces/local/lib/python3.10/dist-packages/arm_interfaces/arm_interfaces_s__rosidl_typesupport_c.cpython-310-x86_64-linux-gnu.so
[9.378s] -- Installing: /home/ryanl/4231/MTRN4231_Project/install/arm_interfaces/local/lib/python3.10/dist-packages/arm_interfaces/_arm_interfaces_s.ep.rosidl_typesupport_c.c
[9.446s] Listing '/home/ryanl/4231/MTRN4231_Project/install/arm_interfaces/local/lib/python3.10/dist-packages/arm_interfaces'...
[9.446s] Compiling '/home/ryanl/4231/MTRN4231_Project/install/arm_interfaces/local/lib/python3.10/dist-packages/arm_interfaces/__init__.py'...
[9.446s] Listing '/home/ryanl/4231/MTRN4231_Project/install/arm_interfaces/local/lib/python3.10/dist-packages/arm_interfaces/action'...
[9.447s] Compiling '/home/ryanl/4231/MTRN4231_Project/install/arm_interfaces/local/lib/python3.10/dist-packages/arm_interfaces/action/__init__.py'...
[9.447s] Compiling '/home/ryanl/4231/MTRN4231_Project/install/arm_interfaces/local/lib/python3.10/dist-packages/arm_interfaces/action/_pick_place.py'...
[9.456s] -- Installing: /home/ryanl/4231/MTRN4231_Project/install/arm_interfaces/local/lib/python3.10/dist-packages/arm_interfaces/arm_interfaces_s__rosidl_typesupport_fastrtps_c.cpython-310-x86_64-linux-gnu.so
[9.457s] -- Set runtime path of "/home/ryanl/4231/MTRN4231_Project/install/arm_interfaces/local/lib/python3.10/dist-packages/arm_interfaces/arm_interfaces_s__rosidl_typesupport_fastrtps_c.cpython-310-x86_64-linux-gnu.so" to ""
[9.458s] -- Installing: /home/ryanl/4231/MTRN4231_Project/install/arm_interfaces/local/lib/python3.10/dist-packages/arm_interfaces/arm_interfaces_s__rosidl_typesupport_introspection_c.cpython-310-x86_64-linux-gnu.so
[9.458s] -- Set runtime path of "/home/ryanl/4231/MTRN4231_Project/install/arm_interfaces/local/lib/python3.10/dist-packages/arm_interfaces/arm_interfaces_s__rosidl_typesupport_introspection_c.cpython-310-x86_64-linux-gnu.so" to ""
[9.459s] -- Installing: /home/ryanl/4231/MTRN4231_Project/install/arm_interfaces/local/lib/python3.10/dist-packages/arm_interfaces/arm_interfaces_s__rosidl_typesupport_c.cpython-310-x86_64-linux-gnu.so
[9.460s] -- Set runtime path of "/home/ryanl/4231/MTRN4231_Project/install/arm_interfaces/local/lib/python3.10/dist-packages/arm_interfaces/arm_interfaces_s__rosidl_typesupport_c.cpython-310-x86_64-linux-gnu.so" to ""
[9.460s] -- Installing: /home/ryanl/4231/MTRN4231_Project/install/arm_interfaces/lib/libarm_interfaces__rosidl_generator_py.so
[9.462s] -- Set runtime path of "/home/ryanl/4231/MTRN4231_Project/install/arm_interfaces/lib/libarm_interfaces__rosidl_generator_py.so" to ""
[9.462s] -- Installing: /home/ryanl/4231/MTRN4231_Project/install/arm_interfaces/share/arm_interfaces/action/PickPlace.idl
[9.462s] -- Installing: /home/ryanl/4231/MTRN4231_Project/install/arm_interfaces/share/arm_interfaces/action/PickPlace.action
[9.463s] -- Up-to-date: /home/ryanl/4231/MTRN4231_Project/install/arm_interfaces/share/ament_index/resource_index/package_run_dependencies/arm_interfaces
[9.463s] -- Installing: /home/ryanl/4231/MTRN4231_Project/install/arm_interfaces/share/ament_index/resource_index/parent_prefix_path/arm_interfaces
[9.464s] -- Up-to-date: /home/ryanl/4231/MTRN4231_Project/install/arm_interfaces/share/arm_interfaces/environment/ament_prefix_path.sh
[9.464s] -- Installing: /home/ryanl/4231/MTRN4231_Project/install/arm_interfaces/share/arm_interfaces/environment/ament_prefix_path.dsv
[9.465s] -- Up-to-date: /home/ryanl/4231/MTRN4231_Project/install/arm_interfaces/share/arm_interfaces/environment/path.sh
[9.465s] -- Installing: /home/ryanl/4231/MTRN4231_Project/install/arm_interfaces/share/arm_interfaces/environment/path.dsv
[9.465s] -- Up-to-date: /home/ryanl/4231/MTRN4231_Project/install/arm_interfaces/share/arm_interfaces/local_setup.bash
[9.466s] -- Up-to-date: /home/ryanl/4231/MTRN4231_Project/install/arm_interfaces/share/arm_interfaces/local_setup.sh
[9.466s] -- Up-to-date: /home/ryanl/4231/MTRN4231_Project/install/arm_interfaces/share/arm_interfaces/local_setup.zsh
[9.466s] -- Installing: /home/ryanl/4231/MTRN4231_Project/install/arm_interfaces/share/arm_interfaces/local_setup.dsv
[9.466s] -- Installing: /home/ryanl/4231/MTRN4231_Project/install/arm_interfaces/share/arm_interfaces/package.dsv
[9.467s] -- Up-to-date: /home/ryanl/4231/MTRN4231_Project/install/arm_interfaces/share/ament_index/resource_index/packages/arm_interfaces
[9.467s] -- Up-to-date: /home/ryanl/4231/MTRN4231_Project/install/arm_interfaces/share/arm_interfaces/cmake/export_arm_interfaces__rosidl_generator_cExport.cmake
[9.467s] -- Up-to-date: /home/ryanl/4231/MTRN4231_Project/install/arm_interfaces/share/arm_interfaces/cmake/export_arm_interfaces__rosidl_generator_cExport-noconfig.cmake
[9.468s] -- Up-to-date: /home/ryanl/4231/MTRN4231_Project/install/arm_interfaces/share/arm_interfaces/cmake/export_arm_interfaces__rosidl_typesupport_fastrtps_cExport.cmake
[9.468s] -- Up-to-date: /home/ryanl/4231/MTRN4231_Project/install/arm_interfaces/share/arm_interfaces/cmake/export_arm_interfaces__rosidl_typesupport_fastrtps_cExport-noconfig.cmake
[9.469s] -- Up-to-date: /home/ryanl/4231/MTRN4231_Project/install/arm_interfaces/share/arm_interfaces/cmake/arm_interfaces__rosidl_typesupport_introspection_cExport.cmake
[9.469s] -- Up-to-date: /home/ryanl/4231/MTRN4231_Project/install/arm_interfaces/share/arm_interfaces/cmake/arm_interfaces__rosidl_typesupport_introspection_cExport-noconfig.cmake
[9.469s] -- Up-to-date: /home/ryanl/4231/MTRN4231_Project/install/arm_interfaces/share/arm_interfaces/cmake/arm_interfaces__rosidl_typesupport_cExport.cmake
[9.469s] -- Up-to-date: /home/ryanl/4231/MTRN4231_Project/install/arm_interfaces/share/arm_interfaces/cmake/arm_interfaces__rosidl_typesupport_cExport-noconfig.cmake
[9.470s] -- Up-to-date: /home/ryanl/4231/MTRN4231_Project/install/arm_interfaces/share/arm_interfaces/cmake/export_arm_interfaces__rosidl_generator_cppExport.cmake
[9.470s] -- Up-to-date: /home/ryanl/4231/MTRN4231_Project/install/arm_interfaces/share/arm_interfaces/cmake/export_arm_interfaces__rosidl_typesupport_fastrtps_cppExport.cmake
[9.470s] -- Up-to-date: /home/ryanl/4231/MTRN4231_Project/install/arm_interfaces/share/arm_interfaces/cmake/export_arm_interfaces__rosidl_typesupport_fastrtps_cppExport-noconfig.cmake
[9.470s] -- Up-to-date: /home/ryanl/4231/MTRN4231_Project/install/arm_interfaces/share/arm_interfaces/cmake/arm_interfaces__rosidl_typesupport_introspection_cppExport.cmake
[9.471s] -- Up-to-date: /home/ryanl/4231/MTRN4231_Project/install/arm_interfaces/share/arm_interfaces/cmake/arm_interfaces__rosidl_typesupport_introspection_cppExport-noconfig.cmake
[9.471s] -- Up-to-date: /home/ryanl/4231/MTRN4231_Project/install/arm_interfaces/share/arm_interfaces/cmake/arm_interfaces__rosidl_typesupport_cppExport.cmake
[9.471s] -- Up-to-date: /home/ryanl/4231/MTRN4231_Project/install/arm_interfaces/share/arm_interfaces/cmake/arm_interfaces__rosidl_typesupport_cppExport-noconfig.cmake
[9.471s] -- Up-to-date: /home/ryanl/4231/MTRN4231_Project/install/arm_interfaces/share/arm_interfaces/cmake/export_arm_interfaces__rosidl_generator_pyExport.cmake
[9.472s] -- Up-to-date: /home/ryanl/4231/MTRN4231_Project/install/arm_interfaces/share/arm_interfaces/cmake/export_arm_interfaces__rosidl_generator_pyExport-noconfig.cmake
[9.472s] -- Up-to-date: /home/ryanl/4231/MTRN4231_Project/install/arm_interfaces/share/arm_interfaces/cmake/rosidl_cmake-extras.cmake
[9.472s] -- Up-to-date: /home/ryanl/4231/MTRN4231_Project/install/arm_interfaces/share/arm_interfaces/cmake/ament_cmake_export_dependencies-extras.cmake
[9.472s] -- Up-to-date: /home/ryanl/4231/MTRN4231_Project/install/arm_interfaces/share/arm_interfaces/cmake/ament_cmake_export_include_directories-extras.cmake
[9.473s] -- Up-to-date: /home/ryanl/4231/MTRN4231_Project/install/arm_interfaces/share/arm_interfaces/cmake/ament_cmake_export_libraries-extras.cmake
[9.473s] -- Up-to-date: /home/ryanl/4231/MTRN4231_Project/install/arm_interfaces/share/arm_interfaces/cmake/ament_cmake_export_targets-extras.cmake
[9.473s] -- Up-to-date: /home/ryanl/4231/MTRN4231_Project/install/arm_interfaces/share/arm_interfaces/cmake/rosidl_cmake_export_typesupport_targets-extras.cmake
[9.473s] -- Up-to-date: /home/ryanl/4231/MTRN4231_Project/install/arm_interfaces/share/arm_interfaces/cmake/rosidl_cmake_export_typesupport_libraries-extras.cmake
[9.473s] -- Up-to-date: /home/ryanl/4231/MTRN4231_Project/install/arm_interfaces/share/arm_interfaces/cmake/arm_interfacesConfig.cmake
[9.473s] -- Up-to-date: /home/ryanl/4231/MTRN4231_Project/install/arm_interfaces/share/arm_interfaces/cmake/arm_interfacesConfig-version.cmake
[9.474s] -- Up-to-date: /home/ryanl/4231/MTRN4231_Project/install/arm_interfaces/share/arm_interfaces/package.xml
[9.479s] Invoked command in '/home/ryanl/4231/MTRN4231_Project/build/arm_interfaces' returned '0': /usr/bin/cmake --install /home/ryanl/4231/MTRN4231_Project/build/arm_interfaces
