[0.030s] Invoking command in '/home/ryanl/4231/MTRN4231_Project/build/ur5e_robot_moveit': /usr/bin/cmake /home/ryanl/4231/MTRN4231_Project/src/ur5e_robot_moveit -DCMAKE_INSTALL_PREFIX=/home/ryanl/4231/MTRN4231_Project/install/ur5e_robot_moveit
[0.559s] -- The C compiler identification is GNU 11.4.0
[1.761s] -- The CXX compiler identification is GNU 11.4.0
[2.557s] -- Detecting C compiler ABI info
[2.916s] -- Detecting C compiler ABI info - done
[2.927s] -- Check for working C compiler: /usr/bin/cc - skipped
[2.928s] -- Detecting C compile features
[2.929s] -- Detecting C compile features - done
[2.938s] -- Detecting CXX compiler ABI info
[3.293s] -- Detecting CXX compiler ABI info - done
[3.304s] -- Check for working CXX compiler: /usr/bin/c++ - skipped
[3.304s] -- Detecting CXX compile features
[3.305s] -- Detecting CXX compile features - done
[3.348s] -- Found ament_cmake: 1.3.12 (/opt/ros/humble/share/ament_cmake/cmake)
[3.647s] -- Found Python3: /usr/bin/python3 (found version "3.10.12") found components: Interpreter 
[3.950s] Error parsing '/home/ryanl/4231/MTRN4231_Project/src/ur5e_robot_moveit/package.xml':
[4.060s] Traceback (most recent call last):
[4.060s]   File "/opt/ros/humble/share/ament_cmake_core/cmake/core/package_xml_2_cmake.py", line 150, in <module>
[4.061s]     main()
[4.061s]   File "/opt/ros/humble/share/ament_cmake_core/cmake/core/package_xml_2_cmake.py", line 53, in main
[4.061s]     raise e
[4.061s]   File "/opt/ros/humble/share/ament_cmake_core/cmake/core/package_xml_2_cmake.py", line 49, in main
[4.061s]     package = parse_package_string(
[4.061s]   File "/usr/lib/python3/dist-packages/catkin_pkg/package.py", line 639, in parse_package_string
[4.063s]     pkg.description = _get_node_value(_get_node(root, 'description', filename), allow_xml=True, apply_str=False)
[4.063s]   File "/usr/lib/python3/dist-packages/catkin_pkg/package.py", line 800, in _get_node
[4.063s]     raise InvalidPackage('The manifest must contain exactly one "%s" tag' % tagname, filename)
[4.063s] catkin_pkg.package.InvalidPackage: Error(s) in package '/home/ryanl/4231/MTRN4231_Project/src/ur5e_robot_moveit/package.xml':
[4.063s] The manifest must contain exactly one "description" tag
[4.092s] [31mCMake Error at /opt/ros/humble/share/ament_cmake_core/cmake/core/ament_package_xml.cmake:95 (message):
[4.093s]   execute_process(/usr/bin/python3
[4.093s]   /opt/ros/humble/share/ament_cmake_core/cmake/core/package_xml_2_cmake.py
[4.093s]   /home/ryanl/4231/MTRN4231_Project/src/ur5e_robot_moveit/package.xml
[4.093s]   /home/ryanl/4231/MTRN4231_Project/build/ur5e_robot_moveit/ament_cmake_core/package.cmake)
[4.093s]   returned error code 1
[4.093s] Call Stack (most recent call first):
[4.093s]   /opt/ros/humble/share/ament_cmake_core/cmake/core/ament_package_xml.cmake:49 (_ament_package_xml)
[4.093s]   /opt/ros/humble/share/ament_cmake_core/cmake/core/ament_package.cmake:63 (ament_package_xml)
[4.093s]   CMakeLists.txt:9 (ament_package)
[4.094s] 
[4.094s] [0m
[4.094s] -- Configuring incomplete, errors occurred!
[4.094s] See also "/home/ryanl/4231/MTRN4231_Project/build/ur5e_robot_moveit/CMakeFiles/CMakeOutput.log".
[4.105s] Invoked command in '/home/ryanl/4231/MTRN4231_Project/build/ur5e_robot_moveit' returned '1': /usr/bin/cmake /home/ryanl/4231/MTRN4231_Project/src/ur5e_robot_moveit -DCMAKE_INSTALL_PREFIX=/home/ryanl/4231/MTRN4231_Project/install/ur5e_robot_moveit
