[0.030s] Invoking command in '/home/ryanl/4231/MTRN4231_Project/build/ur5e_robot_config': CMAKE_PREFIX_PATH=/opt/ros/humble:${CMAKE_PREFIX_PATH} /usr/bin/cmake /home/ryanl/4231/MTRN4231_Project/src/ur5e_robot_config -DAMENT_CMAKE_SYMLINK_INSTALL=1 -DCMAKE_INSTALL_PREFIX=/home/ryanl/4231/MTRN4231_Project/install/ur5e_robot_config
[0.051s] -- Found ament_cmake: 1.3.12 (/opt/ros/humble/share/ament_cmake/cmake)
[0.288s] -- Override CMake install command with custom implementation using symlinks instead of copying resources
[0.418s] -- Configuring done
[0.424s] -- Generating done
[0.428s] -- Build files have been written to: /home/ryanl/4231/MTRN4231_Project/build/ur5e_robot_config
[0.437s] Invoked command in '/home/ryanl/4231/MTRN4231_Project/build/ur5e_robot_config' returned '0': CMAKE_PREFIX_PATH=/opt/ros/humble:${CMAKE_PREFIX_PATH} /usr/bin/cmake /home/ryanl/4231/MTRN4231_Project/src/ur5e_robot_config -DAMENT_CMAKE_SYMLINK_INSTALL=1 -DCMAKE_INSTALL_PREFIX=/home/ryanl/4231/MTRN4231_Project/install/ur5e_robot_config
[0.439s] Invoking command in '/home/ryanl/4231/MTRN4231_Project/build/ur5e_robot_config': CMAKE_PREFIX_PATH=/opt/ros/humble:${CMAKE_PREFIX_PATH} /usr/bin/cmake --build /home/ryanl/4231/MTRN4231_Project/build/ur5e_robot_config -- -j16 -l16
[0.513s] Invoked command in '/home/ryanl/4231/MTRN4231_Project/build/ur5e_robot_config' returned '0': CMAKE_PREFIX_PATH=/opt/ros/humble:${CMAKE_PREFIX_PATH} /usr/bin/cmake --build /home/ryanl/4231/MTRN4231_Project/build/ur5e_robot_config -- -j16 -l16
[0.534s] Invoking command in '/home/ryanl/4231/MTRN4231_Project/build/ur5e_robot_config': CMAKE_PREFIX_PATH=/opt/ros/humble:${CMAKE_PREFIX_PATH} /usr/bin/cmake --install /home/ryanl/4231/MTRN4231_Project/build/ur5e_robot_config
[0.549s] -- Install configuration: ""
[0.549s] -- Execute custom install script
[0.550s] -- Symlinking: /home/ryanl/4231/MTRN4231_Project/install/ur5e_robot_config/share/ur5e_robot_config/config/controllers.yaml
[0.570s] -- Symlinking: /home/ryanl/4231/MTRN4231_Project/install/ur5e_robot_config/share/ur5e_robot_config/launch/bringup.launch.py
[0.590s] -- Symlinking: /home/ryanl/4231/MTRN4231_Project/install/ur5e_robot_config/share/ur5e_robot_config/launch/fake_control_and_rsp.launch.py
[0.613s] [31mCMake Error at ament_cmake_symlink_install/ament_cmake_symlink_install.cmake:100 (message):
[0.613s]   ament_cmake_symlink_install_directory() can't find
[0.613s]   '/home/ryanl/4231/MTRN4231_Project/src/ur5e_robot_config/srdf'
[0.613s] Call Stack (most recent call first):
[0.613s]   ament_cmake_symlink_install/ament_cmake_symlink_install.cmake:314 (ament_cmake_symlink_install_directory)
[0.613s]   cmake_install.cmake:46 (include)
[0.614s] 
[0.614s] [0m
[0.617s] Invoked command in '/home/ryanl/4231/MTRN4231_Project/build/ur5e_robot_config' returned '1': CMAKE_PREFIX_PATH=/opt/ros/humble:${CMAKE_PREFIX_PATH} /usr/bin/cmake --install /home/ryanl/4231/MTRN4231_Project/build/ur5e_robot_config
