[  6%] Built target chess_arm_executor__cpp
[ 12%] Built target chess_arm_executor__rosidl_generator_c
[ 12%] Built target ament_cmake_python_symlink_chess_arm_executor
[ 21%] Built target chess_arm_executor__rosidl_typesupport_introspection_c
[ 30%] Built target chess_arm_executor__rosidl_typesupport_c
[ 48%] Built target chess_arm_executor__rosidl_typesupport_cpp
[ 48%] Built target chess_arm_executor__rosidl_typesupport_fastrtps_cpp
[ 57%] Built target chess_arm_executor__rosidl_typesupport_introspection_cpp
[ 66%] Built target chess_arm_executor__rosidl_typesupport_fastrtps_c
[35m[1mConsolidate compiler generated dependencies of target arm_controller_node[0m
[ 66%] Built target chess_arm_executor
[ 69%] [32mBuilding CXX object CMakeFiles/arm_controller_node.dir/src/arm_controller_node.cpp.o[0m
[ 72%] Built target chess_arm_executor__py
[ 78%] Built target chess_arm_executor__rosidl_generator_py
[ 87%] Built target chess_arm_executor__rosidl_typesupport_fastrtps_c__pyext
[ 90%] Built target chess_arm_executor__rosidl_typesupport_introspection_c__pyext
[ 96%] Built target chess_arm_executor__rosidl_typesupport_c__pyext
running egg_info
writing chess_arm_executor.egg-info/PKG-INFO
writing dependency_links to chess_arm_executor.egg-info/dependency_links.txt
writing top-level names to chess_arm_executor.egg-info/top_level.txt
reading manifest file 'chess_arm_executor.egg-info/SOURCES.txt'
writing manifest file 'chess_arm_executor.egg-info/SOURCES.txt'
[ 96%] Built target ament_cmake_python_build_chess_arm_executor_egg
