[0.037s] Invoking command in '/home/ryanl/4231/MTRN4231_Project/build/arm_controller': CMAKE_PREFIX_PATH=/opt/ros/humble:${CMAKE_PREFIX_PATH} /usr/bin/cmake --build /home/ryanl/4231/MTRN4231_Project/build/arm_controller -- -j16 -l16
[0.091s] -- Found ament_cmake: 1.3.12 (/opt/ros/humble/share/ament_cmake/cmake)
[0.393s] -- Override CMake install command with custom implementation using symlinks instead of copying resources
[0.412s] -- Found rclcpp: 16.0.14 (/opt/ros/humble/share/rclcpp/cmake)
[0.792s] -- Found rosidl_generator_c: 3.1.7 (/opt/ros/humble/share/rosidl_generator_c/cmake)
[0.798s] -- Found rosidl_adapter: 3.1.7 (/opt/ros/humble/share/rosidl_adapter/cmake)
[0.812s] -- Found rosidl_generator_cpp: 3.1.7 (/opt/ros/humble/share/rosidl_generator_cpp/cmake)
[0.834s] -- Using all available rosidl_typesupport_c: rosidl_typesupport_fastrtps_c;rosidl_typesupport_introspection_c
[0.857s] -- Using all available rosidl_typesupport_cpp: rosidl_typesupport_fastrtps_cpp;rosidl_typesupport_introspection_cpp
[0.998s] -- Found rmw_implementation_cmake: 6.1.2 (/opt/ros/humble/share/rmw_implementation_cmake/cmake)
[1.005s] -- Found rmw_fastrtps_cpp: 6.2.8 (/opt/ros/humble/share/rmw_fastrtps_cpp/cmake)
[11.827s] -- Using RMW implementation 'rmw_fastrtps_cpp' as default
[11.963s] -- Found rclcpp_action: 16.0.15 (/opt/ros/humble/share/rclcpp_action/cmake)
[12.028s] -- Found tf2_ros: 0.25.15 (/opt/ros/humble/share/tf2_ros/cmake)
[12.165s] -- Found tf2_geometry_msgs: 0.25.15 (/opt/ros/humble/share/tf2_geometry_msgs/cmake)
[12.177s] -- Found eigen3_cmake_module: 0.1.1 (/opt/ros/humble/share/eigen3_cmake_module/cmake)
[12.180s] -- Ensuring Eigen3 include directory is part of orocos-kdl CMake target
[12.183s] -- Found moveit_ros_planning_interface: 2.5.9 (/opt/ros/humble/share/moveit_ros_planning_interface/cmake)
[12.214s] -- Found Boost: /usr/lib/x86_64-linux-gnu/cmake/Boost-1.74.0/BoostConfig.cmake (found version "1.74.0") found components: date_time filesystem program_options system thread 
[12.524s] -- Found Boost: /usr/lib/x86_64-linux-gnu/cmake/Boost-1.74.0/BoostConfig.cmake (found version "1.74.0") found components: chrono date_time filesystem iostreams program_options regex serialization system thread 
[14.175s] -- Found parameter_traits: 0.5.0 (/opt/ros/humble/share/parameter_traits/cmake)
[14.199s] -- Found rclcpp_lifecycle: 16.0.14 (/opt/ros/humble/share/rclcpp_lifecycle/cmake)
[14.260s] -- Found Boost: /usr/lib/x86_64-linux-gnu/cmake/Boost-1.74.0/BoostConfig.cmake (found version "1.74.0") found components: filesystem 
[16.954s] -- library: /usr/lib/x86_64-linux-gnu/libcurl.so
[19.705s] -- Found Boost: /usr/lib/x86_64-linux-gnu/cmake/Boost-1.74.0/BoostConfig.cmake (found version "1.74.0") found components: system filesystem date_time program_options thread chrono 
[19.760s] -- Found Boost: /usr/lib/x86_64-linux-gnu/cmake/Boost-1.74.0/BoostConfig.cmake (found version "1.74.0") found components: thread system filesystem regex date_time program_options 
[19.795s] -- Found Boost: /usr/lib/x86_64-linux-gnu/cmake/Boost-1.74.0/BoostConfig.cmake (found version "1.74.0") found components: system filesystem date_time program_options thread 
[19.857s] -- Found arm_interfaces: 0.0.1 (/home/ryanl/4231/MTRN4231_Project/install/arm_interfaces/share/arm_interfaces/cmake)
[20.014s] -- Configuring done
[20.077s] -- Generating done
[20.093s] -- Build files have been written to: /home/ryanl/4231/MTRN4231_Project/build/arm_controller
[20.155s] [35m[1mConsolidate compiler generated dependencies of target arm_controller_node[0m
[20.214s] [100%] Built target arm_controller_node
[20.239s] Invoked command in '/home/ryanl/4231/MTRN4231_Project/build/arm_controller' returned '0': CMAKE_PREFIX_PATH=/opt/ros/humble:${CMAKE_PREFIX_PATH} /usr/bin/cmake --build /home/ryanl/4231/MTRN4231_Project/build/arm_controller -- -j16 -l16
[20.242s] Invoking command in '/home/ryanl/4231/MTRN4231_Project/build/arm_controller': CMAKE_PREFIX_PATH=/opt/ros/humble:${CMAKE_PREFIX_PATH} /usr/bin/cmake --install /home/ryanl/4231/MTRN4231_Project/build/arm_controller
[20.256s] -- Install configuration: ""
[20.257s] -- Execute custom install script
[20.257s] -- Up-to-date symlink: /home/ryanl/4231/MTRN4231_Project/install/arm_controller/lib/arm_controller/arm_controller_node
[20.258s] -- Up-to-date symlink: /home/ryanl/4231/MTRN4231_Project/install/arm_controller/share/arm_controller/launch/arm_controller.launch.py
[20.258s] -- Up-to-date symlink: /home/ryanl/4231/MTRN4231_Project/install/arm_controller/share/arm_controller/config/controllers.yaml
[20.259s] -- Up-to-date symlink: /home/ryanl/4231/MTRN4231_Project/install/arm_controller/share/arm_controller/config/end_effector_withDriverSupport.srdf
[20.259s] -- Up-to-date symlink: /home/ryanl/4231/MTRN4231_Project/install/arm_controller/share/arm_controller/config/joint_limits.yaml
[20.259s] -- Up-to-date symlink: /home/ryanl/4231/MTRN4231_Project/install/arm_controller/share/arm_controller/config/kinematics.yaml
[20.260s] -- Up-to-date symlink: /home/ryanl/4231/MTRN4231_Project/install/arm_controller/share/arm_controller/config/moveit.rviz
[20.260s] -- Up-to-date symlink: /home/ryanl/4231/MTRN4231_Project/install/arm_controller/share/arm_controller/config/moveit_controllers.yaml
[20.260s] -- Up-to-date symlink: /home/ryanl/4231/MTRN4231_Project/install/arm_controller/share/arm_controller/config/params.yaml
[20.260s] -- Up-to-date symlink: /home/ryanl/4231/MTRN4231_Project/install/arm_controller/share/arm_controller/config/pilz_cartesian_limits.yaml
[20.262s] -- Symlinking: /home/ryanl/4231/MTRN4231_Project/install/arm_controller/share/arm_controller/urdf/ur5e_with_tool.urdf.xacro
[20.281s] -- Symlinking: /home/ryanl/4231/MTRN4231_Project/install/arm_controller/share/arm_controller/srdf/ur5e_with_tool.srdf
[20.301s] -- Up-to-date symlink: /home/ryanl/4231/MTRN4231_Project/install/arm_controller/share/ament_index/resource_index/package_run_dependencies/arm_controller
[20.301s] -- Up-to-date symlink: /home/ryanl/4231/MTRN4231_Project/install/arm_controller/share/ament_index/resource_index/parent_prefix_path/arm_controller
[20.301s] -- Up-to-date symlink: /home/ryanl/4231/MTRN4231_Project/install/arm_controller/share/arm_controller/environment/ament_prefix_path.sh
[20.302s] -- Up-to-date symlink: /home/ryanl/4231/MTRN4231_Project/install/arm_controller/share/arm_controller/environment/ament_prefix_path.dsv
[20.302s] -- Up-to-date symlink: /home/ryanl/4231/MTRN4231_Project/install/arm_controller/share/arm_controller/environment/path.sh
[20.302s] -- Up-to-date symlink: /home/ryanl/4231/MTRN4231_Project/install/arm_controller/share/arm_controller/environment/path.dsv
[20.303s] -- Up-to-date symlink: /home/ryanl/4231/MTRN4231_Project/install/arm_controller/share/arm_controller/local_setup.bash
[20.303s] -- Up-to-date symlink: /home/ryanl/4231/MTRN4231_Project/install/arm_controller/share/arm_controller/local_setup.sh
[20.303s] -- Up-to-date symlink: /home/ryanl/4231/MTRN4231_Project/install/arm_controller/share/arm_controller/local_setup.zsh
[20.304s] -- Up-to-date symlink: /home/ryanl/4231/MTRN4231_Project/install/arm_controller/share/arm_controller/local_setup.dsv
[20.304s] -- Symlinking: /home/ryanl/4231/MTRN4231_Project/install/arm_controller/share/arm_controller/package.dsv
[20.323s] -- Up-to-date symlink: /home/ryanl/4231/MTRN4231_Project/install/arm_controller/share/ament_index/resource_index/packages/arm_controller
[20.324s] -- Up-to-date symlink: /home/ryanl/4231/MTRN4231_Project/install/arm_controller/share/arm_controller/cmake/arm_controllerConfig.cmake
[20.324s] -- Up-to-date symlink: /home/ryanl/4231/MTRN4231_Project/install/arm_controller/share/arm_controller/cmake/arm_controllerConfig-version.cmake
[20.325s] -- Up-to-date symlink: /home/ryanl/4231/MTRN4231_Project/install/arm_controller/share/arm_controller/package.xml
[20.330s] Invoked command in '/home/ryanl/4231/MTRN4231_Project/build/arm_controller' returned '0': CMAKE_PREFIX_PATH=/opt/ros/humble:${CMAKE_PREFIX_PATH} /usr/bin/cmake --install /home/ryanl/4231/MTRN4231_Project/build/arm_controller
