[0.425s] [34mcolcon[0m [1;30mDEBUG[0m [32mCommand line arguments: ['/usr/bin/colcon', 'build', '--symlink-install'][0m
[0.425s] [34mcolcon[0m [1;30mDEBUG[0m [32mParsed command line arguments: Namespace(log_base=None, log_level=None, verb_name='build', build_base='build', install_base='install', merge_install=False, symlink_install=True, test_result_base=None, continue_on_error=False, executor='parallel', parallel_workers=16, event_handlers=None, ignore_user_meta=False, metas=['./colcon.meta'], base_paths=['.'], packages_ignore=None, packages_ignore_regex=None, paths=None, packages_up_to=None, packages_up_to_regex=None, packages_above=None, packages_above_and_dependencies=None, packages_above_depth=None, packages_select_by_dep=None, packages_skip_by_dep=None, packages_skip_up_to=None, packages_select_build_failed=False, packages_skip_build_finished=False, packages_select_test_failures=False, packages_skip_test_passed=False, packages_select=None, packages_skip=None, packages_select_regex=None, packages_skip_regex=None, packages_start=None, packages_end=None, allow_overriding=[], cmake_args=None, cmake_target=None, cmake_target_skip_unavailable=False, cmake_clean_cache=False, cmake_clean_first=False, cmake_force_configure=False, ament_cmake_args=None, catkin_cmake_args=None, catkin_skip_building_tests=False, mixin_files=None, mixin=None, verb_parser=<colcon_mixin.mixin.mixin_argument.MixinArgumentDecorator object at 0x7053db33cb80>, verb_extension=<colcon_core.verb.build.BuildVerb object at 0x7053db439ab0>, main=<bound method BuildVerb.main of <colcon_core.verb.build.BuildVerb object at 0x7053db439ab0>>, mixin_verb=('build',))[0m
[0.755s] [34mcolcon.colcon_core.package_discovery[0m [1;30mLevel 1[0m discover_packages(colcon_meta) check parameters
[0.756s] [34mcolcon.colcon_core.package_discovery[0m [1;30mLevel 1[0m discover_packages(recursive) check parameters
[0.756s] [34mcolcon.colcon_core.package_discovery[0m [1;30mLevel 1[0m discover_packages(ignore) check parameters
[0.756s] [34mcolcon.colcon_core.package_discovery[0m [1;30mLevel 1[0m discover_packages(path) check parameters
[0.756s] [34mcolcon.colcon_core.package_discovery[0m [1;30mLevel 1[0m discover_packages(colcon_meta) discover
[0.756s] [34mcolcon.colcon_core.package_discovery[0m [1;30mLevel 1[0m discover_packages(recursive) discover
[0.756s] [34mcolcon.colcon_core.package_discovery[0m [1;30mINFO[0m Crawling recursively for packages in '/home/ryanl/4231/MTRN4231_Project'
[0.756s] [34mcolcon.colcon_core.package_identification[0m [1;30mLevel 1[0m _identify(.) by extensions ['ignore', 'ignore_ament_install']
[0.757s] [34mcolcon.colcon_core.package_identification[0m [1;30mLevel 1[0m _identify(.) by extension 'ignore'
[0.757s] [34mcolcon.colcon_core.package_identification[0m [1;30mLevel 1[0m _identify(.) by extension 'ignore_ament_install'
[0.757s] [34mcolcon.colcon_core.package_identification[0m [1;30mLevel 1[0m _identify(.) by extensions ['colcon_pkg']
[0.757s] [34mcolcon.colcon_core.package_identification[0m [1;30mLevel 1[0m _identify(.) by extension 'colcon_pkg'
[0.757s] [34mcolcon.colcon_core.package_identification[0m [1;30mLevel 1[0m _identify(.) by extensions ['colcon_meta']
[0.757s] [34mcolcon.colcon_core.package_identification[0m [1;30mLevel 1[0m _identify(.) by extension 'colcon_meta'
[0.757s] [34mcolcon.colcon_core.package_identification[0m [1;30mLevel 1[0m _identify(.) by extensions ['ros']
[0.757s] [34mcolcon.colcon_core.package_identification[0m [1;30mLevel 1[0m _identify(.) by extension 'ros'
[0.806s] [34mcolcon.colcon_core.package_identification[0m [1;30mLevel 1[0m _identify(.) by extensions ['cmake', 'python']
[0.806s] [34mcolcon.colcon_core.package_identification[0m [1;30mLevel 1[0m _identify(.) by extension 'cmake'
[0.806s] [34mcolcon.colcon_core.package_identification[0m [1;30mLevel 1[0m _identify(.) by extension 'python'
[0.806s] [34mcolcon.colcon_core.package_identification[0m [1;30mLevel 1[0m _identify(.) by extensions ['python_setup_py']
[0.806s] [34mcolcon.colcon_core.package_identification[0m [1;30mLevel 1[0m _identify(.) by extension 'python_setup_py'
[0.806s] [34mcolcon.colcon_core.package_identification[0m [1;30mLevel 1[0m _identify(build) by extensions ['ignore', 'ignore_ament_install']
[0.807s] [34mcolcon.colcon_core.package_identification[0m [1;30mLevel 1[0m _identify(build) by extension 'ignore'
[0.807s] [34mcolcon.colcon_core.package_identification[0m [1;30mLevel 1[0m _identify(build) ignored
[0.807s] [34mcolcon.colcon_core.package_identification[0m [1;30mLevel 1[0m _identify(install) by extensions ['ignore', 'ignore_ament_install']
[0.807s] [34mcolcon.colcon_core.package_identification[0m [1;30mLevel 1[0m _identify(install) by extension 'ignore'
[0.807s] [34mcolcon.colcon_core.package_identification[0m [1;30mLevel 1[0m _identify(install) ignored
[0.807s] [34mcolcon.colcon_core.package_identification[0m [1;30mLevel 1[0m _identify(log) by extensions ['ignore', 'ignore_ament_install']
[0.808s] [34mcolcon.colcon_core.package_identification[0m [1;30mLevel 1[0m _identify(log) by extension 'ignore'
[0.808s] [34mcolcon.colcon_core.package_identification[0m [1;30mLevel 1[0m _identify(log) ignored
[0.808s] [34mcolcon.colcon_core.package_identification[0m [1;30mLevel 1[0m _identify(src) by extensions ['ignore', 'ignore_ament_install']
[0.808s] [34mcolcon.colcon_core.package_identification[0m [1;30mLevel 1[0m _identify(src) by extension 'ignore'
[0.808s] [34mcolcon.colcon_core.package_identification[0m [1;30mLevel 1[0m _identify(src) by extension 'ignore_ament_install'
[0.808s] [34mcolcon.colcon_core.package_identification[0m [1;30mLevel 1[0m _identify(src) by extensions ['colcon_pkg']
[0.809s] [34mcolcon.colcon_core.package_identification[0m [1;30mLevel 1[0m _identify(src) by extension 'colcon_pkg'
[0.809s] [34mcolcon.colcon_core.package_identification[0m [1;30mLevel 1[0m _identify(src) by extensions ['colcon_meta']
[0.809s] [34mcolcon.colcon_core.package_identification[0m [1;30mLevel 1[0m _identify(src) by extension 'colcon_meta'
[0.809s] [34mcolcon.colcon_core.package_identification[0m [1;30mLevel 1[0m _identify(src) by extensions ['ros']
[0.809s] [34mcolcon.colcon_core.package_identification[0m [1;30mLevel 1[0m _identify(src) by extension 'ros'
[0.809s] [34mcolcon.colcon_core.package_identification[0m [1;30mLevel 1[0m _identify(src) by extensions ['cmake', 'python']
[0.809s] [34mcolcon.colcon_core.package_identification[0m [1;30mLevel 1[0m _identify(src) by extension 'cmake'
[0.809s] [34mcolcon.colcon_core.package_identification[0m [1;30mLevel 1[0m _identify(src) by extension 'python'
[0.809s] [34mcolcon.colcon_core.package_identification[0m [1;30mLevel 1[0m _identify(src) by extensions ['python_setup_py']
[0.809s] [34mcolcon.colcon_core.package_identification[0m [1;30mLevel 1[0m _identify(src) by extension 'python_setup_py'
[0.810s] [34mcolcon.colcon_core.package_identification[0m [1;30mLevel 1[0m _identify(src/arm_controller) by extensions ['ignore', 'ignore_ament_install']
[0.810s] [34mcolcon.colcon_core.package_identification[0m [1;30mLevel 1[0m _identify(src/arm_controller) by extension 'ignore'
[0.810s] [34mcolcon.colcon_core.package_identification[0m [1;30mLevel 1[0m _identify(src/arm_controller) by extension 'ignore_ament_install'
[0.810s] [34mcolcon.colcon_core.package_identification[0m [1;30mLevel 1[0m _identify(src/arm_controller) by extensions ['colcon_pkg']
[0.810s] [34mcolcon.colcon_core.package_identification[0m [1;30mLevel 1[0m _identify(src/arm_controller) by extension 'colcon_pkg'
[0.810s] [34mcolcon.colcon_core.package_identification[0m [1;30mLevel 1[0m _identify(src/arm_controller) by extensions ['colcon_meta']
[0.810s] [34mcolcon.colcon_core.package_identification[0m [1;30mLevel 1[0m _identify(src/arm_controller) by extension 'colcon_meta'
[0.810s] [34mcolcon.colcon_core.package_identification[0m [1;30mLevel 1[0m _identify(src/arm_controller) by extensions ['ros']
[0.810s] [34mcolcon.colcon_core.package_identification[0m [1;30mLevel 1[0m _identify(src/arm_controller) by extension 'ros'
[0.816s] [34mcolcon.colcon_core.package_identification[0m [1;30mDEBUG[0m [32mPackage 'src/arm_controller' with type 'ros.ament_cmake' and name 'arm_controller'[0m
[0.816s] [34mcolcon.colcon_core.package_identification[0m [1;30mLevel 1[0m _identify(src/custom_interfaces) by extensions ['ignore', 'ignore_ament_install']
[0.816s] [34mcolcon.colcon_core.package_identification[0m [1;30mLevel 1[0m _identify(src/custom_interfaces) by extension 'ignore'
[0.816s] [34mcolcon.colcon_core.package_identification[0m [1;30mLevel 1[0m _identify(src/custom_interfaces) by extension 'ignore_ament_install'
[0.816s] [34mcolcon.colcon_core.package_identification[0m [1;30mLevel 1[0m _identify(src/custom_interfaces) by extensions ['colcon_pkg']
[0.816s] [34mcolcon.colcon_core.package_identification[0m [1;30mLevel 1[0m _identify(src/custom_interfaces) by extension 'colcon_pkg'
[0.817s] [34mcolcon.colcon_core.package_identification[0m [1;30mLevel 1[0m _identify(src/custom_interfaces) by extensions ['colcon_meta']
[0.817s] [34mcolcon.colcon_core.package_identification[0m [1;30mLevel 1[0m _identify(src/custom_interfaces) by extension 'colcon_meta'
[0.817s] [34mcolcon.colcon_core.package_identification[0m [1;30mLevel 1[0m _identify(src/custom_interfaces) by extensions ['ros']
[0.817s] [34mcolcon.colcon_core.package_identification[0m [1;30mLevel 1[0m _identify(src/custom_interfaces) by extension 'ros'
[0.818s] [34mcolcon.colcon_core.package_identification[0m [1;30mDEBUG[0m [32mPackage 'src/custom_interfaces' with type 'ros.ament_cmake' and name 'custom_interfaces'[0m
[0.818s] [34mcolcon.colcon_core.package_identification[0m [1;30mLevel 1[0m _identify(src/end_effector_description) by extensions ['ignore', 'ignore_ament_install']
[0.818s] [34mcolcon.colcon_core.package_identification[0m [1;30mLevel 1[0m _identify(src/end_effector_description) by extension 'ignore'
[0.818s] [34mcolcon.colcon_core.package_identification[0m [1;30mLevel 1[0m _identify(src/end_effector_description) by extension 'ignore_ament_install'
[0.818s] [34mcolcon.colcon_core.package_identification[0m [1;30mLevel 1[0m _identify(src/end_effector_description) by extensions ['colcon_pkg']
[0.818s] [34mcolcon.colcon_core.package_identification[0m [1;30mLevel 1[0m _identify(src/end_effector_description) by extension 'colcon_pkg'
[0.818s] [34mcolcon.colcon_core.package_identification[0m [1;30mLevel 1[0m _identify(src/end_effector_description) by extensions ['colcon_meta']
[0.818s] [34mcolcon.colcon_core.package_identification[0m [1;30mLevel 1[0m _identify(src/end_effector_description) by extension 'colcon_meta'
[0.818s] [34mcolcon.colcon_core.package_identification[0m [1;30mLevel 1[0m _identify(src/end_effector_description) by extensions ['ros']
[0.818s] [34mcolcon.colcon_core.package_identification[0m [1;30mLevel 1[0m _identify(src/end_effector_description) by extension 'ros'
[0.819s] [34mcolcon.colcon_core.package_identification[0m [1;30mDEBUG[0m [32mPackage 'src/end_effector_description' with type 'ros.ament_cmake' and name 'end_effector_description'[0m
[0.820s] [34mcolcon.colcon_core.package_identification[0m [1;30mLevel 1[0m _identify(src/move_to_marker) by extensions ['ignore', 'ignore_ament_install']
[0.820s] [34mcolcon.colcon_core.package_identification[0m [1;30mLevel 1[0m _identify(src/move_to_marker) by extension 'ignore'
[0.820s] [34mcolcon.colcon_core.package_identification[0m [1;30mLevel 1[0m _identify(src/move_to_marker) by extension 'ignore_ament_install'
[0.820s] [34mcolcon.colcon_core.package_identification[0m [1;30mLevel 1[0m _identify(src/move_to_marker) by extensions ['colcon_pkg']
[0.820s] [34mcolcon.colcon_core.package_identification[0m [1;30mLevel 1[0m _identify(src/move_to_marker) by extension 'colcon_pkg'
[0.820s] [34mcolcon.colcon_core.package_identification[0m [1;30mLevel 1[0m _identify(src/move_to_marker) by extensions ['colcon_meta']
[0.820s] [34mcolcon.colcon_core.package_identification[0m [1;30mLevel 1[0m _identify(src/move_to_marker) by extension 'colcon_meta'
[0.820s] [34mcolcon.colcon_core.package_identification[0m [1;30mLevel 1[0m _identify(src/move_to_marker) by extensions ['ros']
[0.820s] [34mcolcon.colcon_core.package_identification[0m [1;30mLevel 1[0m _identify(src/move_to_marker) by extension 'ros'
[0.821s] [34mcolcon.colcon_core.package_identification[0m [1;30mDEBUG[0m [32mPackage 'src/move_to_marker' with type 'ros.ament_cmake' and name 'move_to_marker'[0m
[0.821s] [34mcolcon.colcon_core.package_discovery[0m [1;30mLevel 1[0m discover_packages(recursive) using defaults
[0.821s] [34mcolcon.colcon_core.package_discovery[0m [1;30mLevel 1[0m discover_packages(ignore) discover
[0.822s] [34mcolcon.colcon_core.package_discovery[0m [1;30mLevel 1[0m discover_packages(ignore) using defaults
[0.822s] [34mcolcon.colcon_core.package_discovery[0m [1;30mLevel 1[0m discover_packages(path) discover
[0.822s] [34mcolcon.colcon_core.package_discovery[0m [1;30mLevel 1[0m discover_packages(path) using defaults
[0.851s] [34mcolcon.colcon_core.package_discovery[0m [1;30mLevel 1[0m discover_packages(prefix_path) check parameters
[0.851s] [34mcolcon.colcon_core.package_discovery[0m [1;30mLevel 1[0m discover_packages(prefix_path) discover
[0.853s] [34mcolcon.colcon_installed_package_information.package_discovery[0m [1;30mDEBUG[0m [32mFound 4 installed packages in /home/ryanl/4231/MTRN4231_Project/install[0m
[0.857s] [34mcolcon.colcon_installed_package_information.package_discovery[0m [1;30mDEBUG[0m [32mFound 390 installed packages in /opt/ros/humble[0m
[0.862s] [34mcolcon.colcon_core.package_discovery[0m [1;30mLevel 1[0m discover_packages(prefix_path) using defaults
[0.952s] [34mcolcon.colcon_core.verb[0m [1;30mLevel 5[0m set package 'custom_interfaces' build argument 'cmake_args' from command line to 'None'
[0.952s] [34mcolcon.colcon_core.verb[0m [1;30mLevel 5[0m set package 'custom_interfaces' build argument 'cmake_target' from command line to 'None'
[0.952s] [34mcolcon.colcon_core.verb[0m [1;30mLevel 5[0m set package 'custom_interfaces' build argument 'cmake_target_skip_unavailable' from command line to 'False'
[0.952s] [34mcolcon.colcon_core.verb[0m [1;30mLevel 5[0m set package 'custom_interfaces' build argument 'cmake_clean_cache' from command line to 'False'
[0.952s] [34mcolcon.colcon_core.verb[0m [1;30mLevel 5[0m set package 'custom_interfaces' build argument 'cmake_clean_first' from command line to 'False'
[0.952s] [34mcolcon.colcon_core.verb[0m [1;30mLevel 5[0m set package 'custom_interfaces' build argument 'cmake_force_configure' from command line to 'False'
[0.952s] [34mcolcon.colcon_core.verb[0m [1;30mLevel 5[0m set package 'custom_interfaces' build argument 'ament_cmake_args' from command line to 'None'
[0.952s] [34mcolcon.colcon_core.verb[0m [1;30mLevel 5[0m set package 'custom_interfaces' build argument 'catkin_cmake_args' from command line to 'None'
[0.952s] [34mcolcon.colcon_core.verb[0m [1;30mLevel 5[0m set package 'custom_interfaces' build argument 'catkin_skip_building_tests' from command line to 'False'
[0.952s] [34mcolcon.colcon_core.verb[0m [1;30mDEBUG[0m [32mBuilding package 'custom_interfaces' with the following arguments: {'ament_cmake_args': None, 'build_base': '/home/ryanl/4231/MTRN4231_Project/build/custom_interfaces', 'catkin_cmake_args': None, 'catkin_skip_building_tests': False, 'cmake_args': None, 'cmake_clean_cache': False, 'cmake_clean_first': False, 'cmake_force_configure': False, 'cmake_target': None, 'cmake_target_skip_unavailable': False, 'install_base': '/home/ryanl/4231/MTRN4231_Project/install/custom_interfaces', 'merge_install': False, 'path': '/home/ryanl/4231/MTRN4231_Project/src/custom_interfaces', 'symlink_install': True, 'test_result_base': None}[0m
[0.953s] [34mcolcon.colcon_core.verb[0m [1;30mLevel 5[0m set package 'end_effector_description' build argument 'cmake_args' from command line to 'None'
[0.954s] [34mcolcon.colcon_core.verb[0m [1;30mLevel 5[0m set package 'end_effector_description' build argument 'cmake_target' from command line to 'None'
[0.954s] [34mcolcon.colcon_core.verb[0m [1;30mLevel 5[0m set package 'end_effector_description' build argument 'cmake_target_skip_unavailable' from command line to 'False'
[0.954s] [34mcolcon.colcon_core.verb[0m [1;30mLevel 5[0m set package 'end_effector_description' build argument 'cmake_clean_cache' from command line to 'False'
[0.954s] [34mcolcon.colcon_core.verb[0m [1;30mLevel 5[0m set package 'end_effector_description' build argument 'cmake_clean_first' from command line to 'False'
[0.954s] [34mcolcon.colcon_core.verb[0m [1;30mLevel 5[0m set package 'end_effector_description' build argument 'cmake_force_configure' from command line to 'False'
[0.954s] [34mcolcon.colcon_core.verb[0m [1;30mLevel 5[0m set package 'end_effector_description' build argument 'ament_cmake_args' from command line to 'None'
[0.954s] [34mcolcon.colcon_core.verb[0m [1;30mLevel 5[0m set package 'end_effector_description' build argument 'catkin_cmake_args' from command line to 'None'
[0.954s] [34mcolcon.colcon_core.verb[0m [1;30mLevel 5[0m set package 'end_effector_description' build argument 'catkin_skip_building_tests' from command line to 'False'
[0.954s] [34mcolcon.colcon_core.verb[0m [1;30mDEBUG[0m [32mBuilding package 'end_effector_description' with the following arguments: {'ament_cmake_args': None, 'build_base': '/home/ryanl/4231/MTRN4231_Project/build/end_effector_description', 'catkin_cmake_args': None, 'catkin_skip_building_tests': False, 'cmake_args': None, 'cmake_clean_cache': False, 'cmake_clean_first': False, 'cmake_force_configure': False, 'cmake_target': None, 'cmake_target_skip_unavailable': False, 'install_base': '/home/ryanl/4231/MTRN4231_Project/install/end_effector_description', 'merge_install': False, 'path': '/home/ryanl/4231/MTRN4231_Project/src/end_effector_description', 'symlink_install': True, 'test_result_base': None}[0m
[0.955s] [34mcolcon.colcon_core.verb[0m [1;30mLevel 5[0m set package 'move_to_marker' build argument 'cmake_args' from command line to 'None'
[0.955s] [34mcolcon.colcon_core.verb[0m [1;30mLevel 5[0m set package 'move_to_marker' build argument 'cmake_target' from command line to 'None'
[0.955s] [34mcolcon.colcon_core.verb[0m [1;30mLevel 5[0m set package 'move_to_marker' build argument 'cmake_target_skip_unavailable' from command line to 'False'
[0.955s] [34mcolcon.colcon_core.verb[0m [1;30mLevel 5[0m set package 'move_to_marker' build argument 'cmake_clean_cache' from command line to 'False'
[0.955s] [34mcolcon.colcon_core.verb[0m [1;30mLevel 5[0m set package 'move_to_marker' build argument 'cmake_clean_first' from command line to 'False'
[0.955s] [34mcolcon.colcon_core.verb[0m [1;30mLevel 5[0m set package 'move_to_marker' build argument 'cmake_force_configure' from command line to 'False'
[0.955s] [34mcolcon.colcon_core.verb[0m [1;30mLevel 5[0m set package 'move_to_marker' build argument 'ament_cmake_args' from command line to 'None'
[0.955s] [34mcolcon.colcon_core.verb[0m [1;30mLevel 5[0m set package 'move_to_marker' build argument 'catkin_cmake_args' from command line to 'None'
[0.955s] [34mcolcon.colcon_core.verb[0m [1;30mLevel 5[0m set package 'move_to_marker' build argument 'catkin_skip_building_tests' from command line to 'False'
[0.955s] [34mcolcon.colcon_core.verb[0m [1;30mDEBUG[0m [32mBuilding package 'move_to_marker' with the following arguments: {'ament_cmake_args': None, 'build_base': '/home/ryanl/4231/MTRN4231_Project/build/move_to_marker', 'catkin_cmake_args': None, 'catkin_skip_building_tests': False, 'cmake_args': None, 'cmake_clean_cache': False, 'cmake_clean_first': False, 'cmake_force_configure': False, 'cmake_target': None, 'cmake_target_skip_unavailable': False, 'install_base': '/home/ryanl/4231/MTRN4231_Project/install/move_to_marker', 'merge_install': False, 'path': '/home/ryanl/4231/MTRN4231_Project/src/move_to_marker', 'symlink_install': True, 'test_result_base': None}[0m
[0.956s] [34mcolcon.colcon_core.verb[0m [1;30mLevel 5[0m set package 'arm_controller' build argument 'cmake_args' from command line to 'None'
[0.956s] [34mcolcon.colcon_core.verb[0m [1;30mLevel 5[0m set package 'arm_controller' build argument 'cmake_target' from command line to 'None'
[0.956s] [34mcolcon.colcon_core.verb[0m [1;30mLevel 5[0m set package 'arm_controller' build argument 'cmake_target_skip_unavailable' from command line to 'False'
[0.956s] [34mcolcon.colcon_core.verb[0m [1;30mLevel 5[0m set package 'arm_controller' build argument 'cmake_clean_cache' from command line to 'False'
[0.956s] [34mcolcon.colcon_core.verb[0m [1;30mLevel 5[0m set package 'arm_controller' build argument 'cmake_clean_first' from command line to 'False'
[0.956s] [34mcolcon.colcon_core.verb[0m [1;30mLevel 5[0m set package 'arm_controller' build argument 'cmake_force_configure' from command line to 'False'
[0.956s] [34mcolcon.colcon_core.verb[0m [1;30mLevel 5[0m set package 'arm_controller' build argument 'ament_cmake_args' from command line to 'None'
[0.956s] [34mcolcon.colcon_core.verb[0m [1;30mLevel 5[0m set package 'arm_controller' build argument 'catkin_cmake_args' from command line to 'None'
[0.956s] [34mcolcon.colcon_core.verb[0m [1;30mLevel 5[0m set package 'arm_controller' build argument 'catkin_skip_building_tests' from command line to 'False'
[0.956s] [34mcolcon.colcon_core.verb[0m [1;30mDEBUG[0m [32mBuilding package 'arm_controller' with the following arguments: {'ament_cmake_args': None, 'build_base': '/home/ryanl/4231/MTRN4231_Project/build/arm_controller', 'catkin_cmake_args': None, 'catkin_skip_building_tests': False, 'cmake_args': None, 'cmake_clean_cache': False, 'cmake_clean_first': False, 'cmake_force_configure': False, 'cmake_target': None, 'cmake_target_skip_unavailable': False, 'install_base': '/home/ryanl/4231/MTRN4231_Project/install/arm_controller', 'merge_install': False, 'path': '/home/ryanl/4231/MTRN4231_Project/src/arm_controller', 'symlink_install': True, 'test_result_base': None}[0m
[0.957s] [34mcolcon.colcon_core.executor[0m [1;30mINFO[0m Executing jobs using 'parallel' executor
[0.958s] [34mcolcon.colcon_parallel_executor.executor.parallel[0m [1;30mDEBUG[0m [32mrun_until_complete[0m
[0.959s] [34mcolcon.colcon_ros.task.ament_cmake.build[0m [1;30mINFO[0m Building ROS package in '/home/ryanl/4231/MTRN4231_Project/src/custom_interfaces' with build type 'ament_cmake'
[0.960s] [34mcolcon.colcon_cmake.task.cmake.build[0m [1;30mINFO[0m Building CMake package in '/home/ryanl/4231/MTRN4231_Project/src/custom_interfaces'
[0.963s] [34mcolcon.colcon_core.plugin_system[0m [1;30mINFO[0m Skipping extension 'colcon_core.shell.bat': Not used on non-Windows systems
[0.964s] [34mcolcon.colcon_core.shell[0m [1;30mINFO[0m Skip shell extension 'powershell' for command environment: Not usable outside of PowerShell
[0.964s] [34mcolcon.colcon_core.shell[0m [1;30mDEBUG[0m [32mSkip shell extension 'dsv' for command environment[0m
[0.972s] [34mcolcon.colcon_ros.task.ament_cmake.build[0m [1;30mINFO[0m Building ROS package in '/home/ryanl/4231/MTRN4231_Project/src/end_effector_description' with build type 'ament_cmake'
[0.972s] [34mcolcon.colcon_cmake.task.cmake.build[0m [1;30mINFO[0m Building CMake package in '/home/ryanl/4231/MTRN4231_Project/src/end_effector_description'
[0.973s] [34mcolcon.colcon_core.shell[0m [1;30mINFO[0m Skip shell extension 'powershell' for command environment: Not usable outside of PowerShell
[0.973s] [34mcolcon.colcon_core.shell[0m [1;30mDEBUG[0m [32mSkip shell extension 'dsv' for command environment[0m
[0.980s] [34mcolcon.colcon_ros.task.ament_cmake.build[0m [1;30mINFO[0m Building ROS package in '/home/ryanl/4231/MTRN4231_Project/src/move_to_marker' with build type 'ament_cmake'
[0.981s] [34mcolcon.colcon_cmake.task.cmake.build[0m [1;30mINFO[0m Building CMake package in '/home/ryanl/4231/MTRN4231_Project/src/move_to_marker'
[0.981s] [34mcolcon.colcon_core.shell[0m [1;30mINFO[0m Skip shell extension 'powershell' for command environment: Not usable outside of PowerShell
[0.982s] [34mcolcon.colcon_core.shell[0m [1;30mDEBUG[0m [32mSkip shell extension 'dsv' for command environment[0m
[1.002s] [34mcolcon.colcon_core.event_handler.log_command[0m [1;30mDEBUG[0m [32mInvoking command in '/home/ryanl/4231/MTRN4231_Project/build/custom_interfaces': CMAKE_PREFIX_PATH=${CMAKE_PREFIX_PATH}:/opt/ros/humble /usr/bin/cmake --build /home/ryanl/4231/MTRN4231_Project/build/custom_interfaces -- -j16 -l16[0m
[1.011s] [34mcolcon.colcon_core.event_handler.log_command[0m [1;30mDEBUG[0m [32mInvoking command in '/home/ryanl/4231/MTRN4231_Project/build/end_effector_description': CMAKE_PREFIX_PATH=${CMAKE_PREFIX_PATH}:/opt/ros/humble /usr/bin/cmake --build /home/ryanl/4231/MTRN4231_Project/build/end_effector_description -- -j16 -l16[0m
[1.020s] [34mcolcon.colcon_core.event_handler.log_command[0m [1;30mDEBUG[0m [32mInvoking command in '/home/ryanl/4231/MTRN4231_Project/build/move_to_marker': CMAKE_PREFIX_PATH=${CMAKE_PREFIX_PATH}:/opt/ros/humble /usr/bin/cmake --build /home/ryanl/4231/MTRN4231_Project/build/move_to_marker -- -j16 -l16[0m
[1.103s] [34mcolcon.colcon_core.event_handler.log_command[0m [1;30mDEBUG[0m [32mInvoked command in '/home/ryanl/4231/MTRN4231_Project/build/end_effector_description' returned '0': CMAKE_PREFIX_PATH=${CMAKE_PREFIX_PATH}:/opt/ros/humble /usr/bin/cmake --build /home/ryanl/4231/MTRN4231_Project/build/end_effector_description -- -j16 -l16[0m
[1.131s] [34mcolcon.colcon_core.event_handler.log_command[0m [1;30mDEBUG[0m [32mInvoking command in '/home/ryanl/4231/MTRN4231_Project/build/end_effector_description': CMAKE_PREFIX_PATH=${CMAKE_PREFIX_PATH}:/opt/ros/humble /usr/bin/cmake --install /home/ryanl/4231/MTRN4231_Project/build/end_effector_description[0m
[1.195s] [34mcolcon.colcon_core.environment[0m [1;30mLevel 1[0m create_environment_scripts_only(end_effector_description)
[1.196s] [34mcolcon.colcon_core.event_handler.log_command[0m [1;30mDEBUG[0m [32mInvoked command in '/home/ryanl/4231/MTRN4231_Project/build/end_effector_description' returned '0': CMAKE_PREFIX_PATH=${CMAKE_PREFIX_PATH}:/opt/ros/humble /usr/bin/cmake --install /home/ryanl/4231/MTRN4231_Project/build/end_effector_description[0m
[1.200s] [34mcolcon.colcon_core.environment[0m [1;30mLevel 1[0m checking '/home/ryanl/4231/MTRN4231_Project/install/end_effector_description' for CMake module files
[1.202s] [34mcolcon.colcon_core.environment[0m [1;30mLevel 1[0m checking '/home/ryanl/4231/MTRN4231_Project/install/end_effector_description' for CMake config files
[1.203s] [34mcolcon.colcon_core.shell[0m [1;30mLevel 1[0m create_environment_hook('end_effector_description', 'cmake_prefix_path')
[1.204s] [34mcolcon.colcon_core.shell[0m [1;30mINFO[0m Creating environment hook '/home/ryanl/4231/MTRN4231_Project/install/end_effector_description/share/end_effector_description/hook/cmake_prefix_path.ps1'
[1.207s] [34mcolcon.colcon_core.shell[0m [1;30mINFO[0m Creating environment descriptor '/home/ryanl/4231/MTRN4231_Project/install/end_effector_description/share/end_effector_description/hook/cmake_prefix_path.dsv'
[1.208s] [34mcolcon.colcon_core.shell[0m [1;30mINFO[0m Creating environment hook '/home/ryanl/4231/MTRN4231_Project/install/end_effector_description/share/end_effector_description/hook/cmake_prefix_path.sh'
[1.211s] [34mcolcon.colcon_core.environment[0m [1;30mLevel 1[0m checking '/home/ryanl/4231/MTRN4231_Project/install/end_effector_description/bin'
[1.211s] [34mcolcon.colcon_core.environment[0m [1;30mLevel 1[0m checking '/home/ryanl/4231/MTRN4231_Project/install/end_effector_description/lib/pkgconfig/end_effector_description.pc'
[1.212s] [34mcolcon.colcon_core.environment[0m [1;30mLevel 1[0m checking '/home/ryanl/4231/MTRN4231_Project/install/end_effector_description/lib/python3.10/site-packages'
[1.212s] [34mcolcon.colcon_core.environment[0m [1;30mLevel 1[0m checking '/home/ryanl/4231/MTRN4231_Project/install/end_effector_description/bin'
[1.213s] [34mcolcon.colcon_core.shell[0m [1;30mINFO[0m Creating package script '/home/ryanl/4231/MTRN4231_Project/install/end_effector_description/share/end_effector_description/package.ps1'
[1.215s] [34mcolcon.colcon_core.shell[0m [1;30mINFO[0m Creating package descriptor '/home/ryanl/4231/MTRN4231_Project/install/end_effector_description/share/end_effector_description/package.dsv'
[1.216s] [34mcolcon.colcon_core.shell[0m [1;30mINFO[0m Creating package script '/home/ryanl/4231/MTRN4231_Project/install/end_effector_description/share/end_effector_description/package.sh'
[1.217s] [34mcolcon.colcon_core.shell[0m [1;30mINFO[0m Creating package script '/home/ryanl/4231/MTRN4231_Project/install/end_effector_description/share/end_effector_description/package.bash'
[1.219s] [34mcolcon.colcon_core.shell[0m [1;30mINFO[0m Creating package script '/home/ryanl/4231/MTRN4231_Project/install/end_effector_description/share/end_effector_description/package.zsh'
[1.220s] [34mcolcon.colcon_core.environment[0m [1;30mLevel 1[0m create_file_with_runtime_dependencies(/home/ryanl/4231/MTRN4231_Project/install/end_effector_description/share/colcon-core/packages/end_effector_description)
[1.221s] [34mcolcon.colcon_core.environment[0m [1;30mLevel 1[0m create_environment_scripts_only(end_effector_description)
[1.221s] [34mcolcon.colcon_core.environment[0m [1;30mLevel 1[0m checking '/home/ryanl/4231/MTRN4231_Project/install/end_effector_description' for CMake module files
[1.222s] [34mcolcon.colcon_core.environment[0m [1;30mLevel 1[0m checking '/home/ryanl/4231/MTRN4231_Project/install/end_effector_description' for CMake config files
[1.222s] [34mcolcon.colcon_core.shell[0m [1;30mLevel 1[0m create_environment_hook('end_effector_description', 'cmake_prefix_path')
[1.223s] [34mcolcon.colcon_core.shell[0m [1;30mINFO[0m Creating environment hook '/home/ryanl/4231/MTRN4231_Project/install/end_effector_description/share/end_effector_description/hook/cmake_prefix_path.ps1'
[1.223s] [34mcolcon.colcon_core.shell[0m [1;30mINFO[0m Creating environment descriptor '/home/ryanl/4231/MTRN4231_Project/install/end_effector_description/share/end_effector_description/hook/cmake_prefix_path.dsv'
[1.224s] [34mcolcon.colcon_core.shell[0m [1;30mINFO[0m Creating environment hook '/home/ryanl/4231/MTRN4231_Project/install/end_effector_description/share/end_effector_description/hook/cmake_prefix_path.sh'
[1.225s] [34mcolcon.colcon_core.environment[0m [1;30mLevel 1[0m checking '/home/ryanl/4231/MTRN4231_Project/install/end_effector_description/bin'
[1.225s] [34mcolcon.colcon_core.environment[0m [1;30mLevel 1[0m checking '/home/ryanl/4231/MTRN4231_Project/install/end_effector_description/lib/pkgconfig/end_effector_description.pc'
[1.226s] [34mcolcon.colcon_core.environment[0m [1;30mLevel 1[0m checking '/home/ryanl/4231/MTRN4231_Project/install/end_effector_description/lib/python3.10/site-packages'
[1.227s] [34mcolcon.colcon_core.environment[0m [1;30mLevel 1[0m checking '/home/ryanl/4231/MTRN4231_Project/install/end_effector_description/bin'
[1.227s] [34mcolcon.colcon_core.shell[0m [1;30mINFO[0m Creating package script '/home/ryanl/4231/MTRN4231_Project/install/end_effector_description/share/end_effector_description/package.ps1'
[1.228s] [34mcolcon.colcon_core.shell[0m [1;30mINFO[0m Creating package descriptor '/home/ryanl/4231/MTRN4231_Project/install/end_effector_description/share/end_effector_description/package.dsv'
[1.229s] [34mcolcon.colcon_core.shell[0m [1;30mINFO[0m Creating package script '/home/ryanl/4231/MTRN4231_Project/install/end_effector_description/share/end_effector_description/package.sh'
[1.229s] [34mcolcon.colcon_core.shell[0m [1;30mINFO[0m Creating package script '/home/ryanl/4231/MTRN4231_Project/install/end_effector_description/share/end_effector_description/package.bash'
[1.230s] [34mcolcon.colcon_core.shell[0m [1;30mINFO[0m Creating package script '/home/ryanl/4231/MTRN4231_Project/install/end_effector_description/share/end_effector_description/package.zsh'
[1.231s] [34mcolcon.colcon_core.environment[0m [1;30mLevel 1[0m create_file_with_runtime_dependencies(/home/ryanl/4231/MTRN4231_Project/install/end_effector_description/share/colcon-core/packages/end_effector_description)
[1.238s] [34mcolcon.colcon_core.event_handler.log_command[0m [1;30mDEBUG[0m [32mInvoked command in '/home/ryanl/4231/MTRN4231_Project/build/move_to_marker' returned '0': CMAKE_PREFIX_PATH=${CMAKE_PREFIX_PATH}:/opt/ros/humble /usr/bin/cmake --build /home/ryanl/4231/MTRN4231_Project/build/move_to_marker -- -j16 -l16[0m
[1.239s] [34mcolcon.colcon_core.event_handler.log_command[0m [1;30mDEBUG[0m [32mInvoking command in '/home/ryanl/4231/MTRN4231_Project/build/move_to_marker': CMAKE_PREFIX_PATH=${CMAKE_PREFIX_PATH}:/opt/ros/humble /usr/bin/cmake --install /home/ryanl/4231/MTRN4231_Project/build/move_to_marker[0m
[1.286s] [34mcolcon.colcon_core.environment[0m [1;30mLevel 1[0m create_environment_scripts_only(move_to_marker)
[1.287s] [34mcolcon.colcon_core.environment[0m [1;30mLevel 1[0m checking '/home/ryanl/4231/MTRN4231_Project/install/move_to_marker' for CMake module files
[1.288s] [34mcolcon.colcon_core.event_handler.log_command[0m [1;30mDEBUG[0m [32mInvoked command in '/home/ryanl/4231/MTRN4231_Project/build/move_to_marker' returned '0': CMAKE_PREFIX_PATH=${CMAKE_PREFIX_PATH}:/opt/ros/humble /usr/bin/cmake --install /home/ryanl/4231/MTRN4231_Project/build/move_to_marker[0m
[1.289s] [34mcolcon.colcon_core.environment[0m [1;30mLevel 1[0m checking '/home/ryanl/4231/MTRN4231_Project/install/move_to_marker' for CMake config files
[1.290s] [34mcolcon.colcon_core.shell[0m [1;30mLevel 1[0m create_environment_hook('move_to_marker', 'cmake_prefix_path')
[1.290s] [34mcolcon.colcon_core.shell[0m [1;30mINFO[0m Creating environment hook '/home/ryanl/4231/MTRN4231_Project/install/move_to_marker/share/move_to_marker/hook/cmake_prefix_path.ps1'
[1.291s] [34mcolcon.colcon_core.shell[0m [1;30mINFO[0m Creating environment descriptor '/home/ryanl/4231/MTRN4231_Project/install/move_to_marker/share/move_to_marker/hook/cmake_prefix_path.dsv'
[1.292s] [34mcolcon.colcon_core.shell[0m [1;30mINFO[0m Creating environment hook '/home/ryanl/4231/MTRN4231_Project/install/move_to_marker/share/move_to_marker/hook/cmake_prefix_path.sh'
[1.293s] [34mcolcon.colcon_core.environment[0m [1;30mLevel 1[0m checking '/home/ryanl/4231/MTRN4231_Project/install/move_to_marker/lib'
[1.293s] [34mcolcon.colcon_core.environment[0m [1;30mLevel 1[0m checking '/home/ryanl/4231/MTRN4231_Project/install/move_to_marker/bin'
[1.293s] [34mcolcon.colcon_core.environment[0m [1;30mLevel 1[0m checking '/home/ryanl/4231/MTRN4231_Project/install/move_to_marker/lib/pkgconfig/move_to_marker.pc'
[1.293s] [34mcolcon.colcon_core.environment[0m [1;30mLevel 1[0m checking '/home/ryanl/4231/MTRN4231_Project/install/move_to_marker/lib/python3.10/site-packages'
[1.294s] [34mcolcon.colcon_core.environment[0m [1;30mLevel 1[0m checking '/home/ryanl/4231/MTRN4231_Project/install/move_to_marker/bin'
[1.294s] [34mcolcon.colcon_core.shell[0m [1;30mINFO[0m Creating package script '/home/ryanl/4231/MTRN4231_Project/install/move_to_marker/share/move_to_marker/package.ps1'
[1.295s] [34mcolcon.colcon_core.shell[0m [1;30mINFO[0m Creating package descriptor '/home/ryanl/4231/MTRN4231_Project/install/move_to_marker/share/move_to_marker/package.dsv'
[1.296s] [34mcolcon.colcon_core.shell[0m [1;30mINFO[0m Creating package script '/home/ryanl/4231/MTRN4231_Project/install/move_to_marker/share/move_to_marker/package.sh'
[1.296s] [34mcolcon.colcon_core.shell[0m [1;30mINFO[0m Creating package script '/home/ryanl/4231/MTRN4231_Project/install/move_to_marker/share/move_to_marker/package.bash'
[1.297s] [34mcolcon.colcon_core.shell[0m [1;30mINFO[0m Creating package script '/home/ryanl/4231/MTRN4231_Project/install/move_to_marker/share/move_to_marker/package.zsh'
[1.298s] [34mcolcon.colcon_core.environment[0m [1;30mLevel 1[0m create_file_with_runtime_dependencies(/home/ryanl/4231/MTRN4231_Project/install/move_to_marker/share/colcon-core/packages/move_to_marker)
[1.299s] [34mcolcon.colcon_core.environment[0m [1;30mLevel 1[0m create_environment_scripts_only(move_to_marker)
[1.300s] [34mcolcon.colcon_core.environment[0m [1;30mLevel 1[0m checking '/home/ryanl/4231/MTRN4231_Project/install/move_to_marker' for CMake module files
[1.301s] [34mcolcon.colcon_core.environment[0m [1;30mLevel 1[0m checking '/home/ryanl/4231/MTRN4231_Project/install/move_to_marker' for CMake config files
[1.302s] [34mcolcon.colcon_core.shell[0m [1;30mLevel 1[0m create_environment_hook('move_to_marker', 'cmake_prefix_path')
[1.302s] [34mcolcon.colcon_core.shell[0m [1;30mINFO[0m Creating environment hook '/home/ryanl/4231/MTRN4231_Project/install/move_to_marker/share/move_to_marker/hook/cmake_prefix_path.ps1'
[1.304s] [34mcolcon.colcon_core.shell[0m [1;30mINFO[0m Creating environment descriptor '/home/ryanl/4231/MTRN4231_Project/install/move_to_marker/share/move_to_marker/hook/cmake_prefix_path.dsv'
[1.304s] [34mcolcon.colcon_core.shell[0m [1;30mINFO[0m Creating environment hook '/home/ryanl/4231/MTRN4231_Project/install/move_to_marker/share/move_to_marker/hook/cmake_prefix_path.sh'
[1.305s] [34mcolcon.colcon_core.environment[0m [1;30mLevel 1[0m checking '/home/ryanl/4231/MTRN4231_Project/install/move_to_marker/lib'
[1.305s] [34mcolcon.colcon_core.environment[0m [1;30mLevel 1[0m checking '/home/ryanl/4231/MTRN4231_Project/install/move_to_marker/bin'
[1.306s] [34mcolcon.colcon_core.environment[0m [1;30mLevel 1[0m checking '/home/ryanl/4231/MTRN4231_Project/install/move_to_marker/lib/pkgconfig/move_to_marker.pc'
[1.306s] [34mcolcon.colcon_core.environment[0m [1;30mLevel 1[0m checking '/home/ryanl/4231/MTRN4231_Project/install/move_to_marker/lib/python3.10/site-packages'
[1.307s] [34mcolcon.colcon_core.environment[0m [1;30mLevel 1[0m checking '/home/ryanl/4231/MTRN4231_Project/install/move_to_marker/bin'
[1.307s] [34mcolcon.colcon_core.shell[0m [1;30mINFO[0m Creating package script '/home/ryanl/4231/MTRN4231_Project/install/move_to_marker/share/move_to_marker/package.ps1'
[1.309s] [34mcolcon.colcon_core.shell[0m [1;30mINFO[0m Creating package descriptor '/home/ryanl/4231/MTRN4231_Project/install/move_to_marker/share/move_to_marker/package.dsv'
[1.310s] [34mcolcon.colcon_core.shell[0m [1;30mINFO[0m Creating package script '/home/ryanl/4231/MTRN4231_Project/install/move_to_marker/share/move_to_marker/package.sh'
[1.311s] [34mcolcon.colcon_core.shell[0m [1;30mINFO[0m Creating package script '/home/ryanl/4231/MTRN4231_Project/install/move_to_marker/share/move_to_marker/package.bash'
[1.311s] [34mcolcon.colcon_core.shell[0m [1;30mINFO[0m Creating package script '/home/ryanl/4231/MTRN4231_Project/install/move_to_marker/share/move_to_marker/package.zsh'
[1.312s] [34mcolcon.colcon_core.environment[0m [1;30mLevel 1[0m create_file_with_runtime_dependencies(/home/ryanl/4231/MTRN4231_Project/install/move_to_marker/share/colcon-core/packages/move_to_marker)
[2.880s] [34mcolcon.colcon_core.event_handler.log_command[0m [1;30mDEBUG[0m [32mInvoked command in '/home/ryanl/4231/MTRN4231_Project/build/custom_interfaces' returned '0': CMAKE_PREFIX_PATH=${CMAKE_PREFIX_PATH}:/opt/ros/humble /usr/bin/cmake --build /home/ryanl/4231/MTRN4231_Project/build/custom_interfaces -- -j16 -l16[0m
[2.885s] [34mcolcon.colcon_core.event_handler.log_command[0m [1;30mDEBUG[0m [32mInvoking command in '/home/ryanl/4231/MTRN4231_Project/build/custom_interfaces': CMAKE_PREFIX_PATH=${CMAKE_PREFIX_PATH}:/opt/ros/humble /usr/bin/cmake --install /home/ryanl/4231/MTRN4231_Project/build/custom_interfaces[0m
[3.036s] [34mcolcon.colcon_core.environment[0m [1;30mLevel 1[0m create_environment_scripts_only(custom_interfaces)
[3.036s] [34mcolcon.colcon_core.environment[0m [1;30mLevel 1[0m checking '/home/ryanl/4231/MTRN4231_Project/install/custom_interfaces' for CMake module files
[3.037s] [34mcolcon.colcon_core.event_handler.log_command[0m [1;30mDEBUG[0m [32mInvoked command in '/home/ryanl/4231/MTRN4231_Project/build/custom_interfaces' returned '0': CMAKE_PREFIX_PATH=${CMAKE_PREFIX_PATH}:/opt/ros/humble /usr/bin/cmake --install /home/ryanl/4231/MTRN4231_Project/build/custom_interfaces[0m
[3.038s] [34mcolcon.colcon_core.environment[0m [1;30mLevel 1[0m checking '/home/ryanl/4231/MTRN4231_Project/install/custom_interfaces' for CMake config files
[3.039s] [34mcolcon.colcon_core.shell[0m [1;30mLevel 1[0m create_environment_hook('custom_interfaces', 'cmake_prefix_path')
[3.040s] [34mcolcon.colcon_core.shell[0m [1;30mINFO[0m Creating environment hook '/home/ryanl/4231/MTRN4231_Project/install/custom_interfaces/share/custom_interfaces/hook/cmake_prefix_path.ps1'
[3.041s] [34mcolcon.colcon_core.shell[0m [1;30mINFO[0m Creating environment descriptor '/home/ryanl/4231/MTRN4231_Project/install/custom_interfaces/share/custom_interfaces/hook/cmake_prefix_path.dsv'
[3.041s] [34mcolcon.colcon_core.shell[0m [1;30mINFO[0m Creating environment hook '/home/ryanl/4231/MTRN4231_Project/install/custom_interfaces/share/custom_interfaces/hook/cmake_prefix_path.sh'
[3.043s] [34mcolcon.colcon_core.environment[0m [1;30mLevel 1[0m checking '/home/ryanl/4231/MTRN4231_Project/install/custom_interfaces/lib'
[3.043s] [34mcolcon.colcon_core.shell[0m [1;30mLevel 1[0m create_environment_hook('custom_interfaces', 'ld_library_path_lib')
[3.043s] [34mcolcon.colcon_core.shell[0m [1;30mINFO[0m Creating environment hook '/home/ryanl/4231/MTRN4231_Project/install/custom_interfaces/share/custom_interfaces/hook/ld_library_path_lib.ps1'
[3.044s] [34mcolcon.colcon_core.shell[0m [1;30mINFO[0m Creating environment descriptor '/home/ryanl/4231/MTRN4231_Project/install/custom_interfaces/share/custom_interfaces/hook/ld_library_path_lib.dsv'
[3.045s] [34mcolcon.colcon_core.shell[0m [1;30mINFO[0m Creating environment hook '/home/ryanl/4231/MTRN4231_Project/install/custom_interfaces/share/custom_interfaces/hook/ld_library_path_lib.sh'
[3.045s] [34mcolcon.colcon_core.environment[0m [1;30mLevel 1[0m checking '/home/ryanl/4231/MTRN4231_Project/install/custom_interfaces/bin'
[3.046s] [34mcolcon.colcon_core.environment[0m [1;30mLevel 1[0m checking '/home/ryanl/4231/MTRN4231_Project/install/custom_interfaces/lib/pkgconfig/custom_interfaces.pc'
[3.046s] [34mcolcon.colcon_core.environment[0m [1;30mLevel 1[0m checking '/home/ryanl/4231/MTRN4231_Project/install/custom_interfaces/lib/python3.10/site-packages'
[3.046s] [34mcolcon.colcon_core.environment[0m [1;30mLevel 1[0m checking '/home/ryanl/4231/MTRN4231_Project/install/custom_interfaces/bin'
[3.047s] [34mcolcon.colcon_core.shell[0m [1;30mINFO[0m Creating package script '/home/ryanl/4231/MTRN4231_Project/install/custom_interfaces/share/custom_interfaces/package.ps1'
[3.048s] [34mcolcon.colcon_core.shell[0m [1;30mINFO[0m Creating package descriptor '/home/ryanl/4231/MTRN4231_Project/install/custom_interfaces/share/custom_interfaces/package.dsv'
[3.049s] [34mcolcon.colcon_core.shell[0m [1;30mINFO[0m Creating package script '/home/ryanl/4231/MTRN4231_Project/install/custom_interfaces/share/custom_interfaces/package.sh'
[3.050s] [34mcolcon.colcon_core.shell[0m [1;30mINFO[0m Creating package script '/home/ryanl/4231/MTRN4231_Project/install/custom_interfaces/share/custom_interfaces/package.bash'
[3.051s] [34mcolcon.colcon_core.shell[0m [1;30mINFO[0m Creating package script '/home/ryanl/4231/MTRN4231_Project/install/custom_interfaces/share/custom_interfaces/package.zsh'
[3.052s] [34mcolcon.colcon_core.environment[0m [1;30mLevel 1[0m create_file_with_runtime_dependencies(/home/ryanl/4231/MTRN4231_Project/install/custom_interfaces/share/colcon-core/packages/custom_interfaces)
[3.053s] [34mcolcon.colcon_core.environment[0m [1;30mLevel 1[0m create_environment_scripts_only(custom_interfaces)
[3.053s] [34mcolcon.colcon_core.environment[0m [1;30mLevel 1[0m checking '/home/ryanl/4231/MTRN4231_Project/install/custom_interfaces' for CMake module files
[3.054s] [34mcolcon.colcon_core.environment[0m [1;30mLevel 1[0m checking '/home/ryanl/4231/MTRN4231_Project/install/custom_interfaces' for CMake config files
[3.055s] [34mcolcon.colcon_core.shell[0m [1;30mLevel 1[0m create_environment_hook('custom_interfaces', 'cmake_prefix_path')
[3.056s] [34mcolcon.colcon_core.shell[0m [1;30mINFO[0m Creating environment hook '/home/ryanl/4231/MTRN4231_Project/install/custom_interfaces/share/custom_interfaces/hook/cmake_prefix_path.ps1'
[3.057s] [34mcolcon.colcon_core.shell[0m [1;30mINFO[0m Creating environment descriptor '/home/ryanl/4231/MTRN4231_Project/install/custom_interfaces/share/custom_interfaces/hook/cmake_prefix_path.dsv'
[3.057s] [34mcolcon.colcon_core.shell[0m [1;30mINFO[0m Creating environment hook '/home/ryanl/4231/MTRN4231_Project/install/custom_interfaces/share/custom_interfaces/hook/cmake_prefix_path.sh'
[3.059s] [34mcolcon.colcon_core.environment[0m [1;30mLevel 1[0m checking '/home/ryanl/4231/MTRN4231_Project/install/custom_interfaces/lib'
[3.059s] [34mcolcon.colcon_core.shell[0m [1;30mLevel 1[0m create_environment_hook('custom_interfaces', 'ld_library_path_lib')
[3.059s] [34mcolcon.colcon_core.shell[0m [1;30mINFO[0m Creating environment hook '/home/ryanl/4231/MTRN4231_Project/install/custom_interfaces/share/custom_interfaces/hook/ld_library_path_lib.ps1'
[3.060s] [34mcolcon.colcon_core.shell[0m [1;30mINFO[0m Creating environment descriptor '/home/ryanl/4231/MTRN4231_Project/install/custom_interfaces/share/custom_interfaces/hook/ld_library_path_lib.dsv'
[3.061s] [34mcolcon.colcon_core.shell[0m [1;30mINFO[0m Creating environment hook '/home/ryanl/4231/MTRN4231_Project/install/custom_interfaces/share/custom_interfaces/hook/ld_library_path_lib.sh'
[3.061s] [34mcolcon.colcon_core.environment[0m [1;30mLevel 1[0m checking '/home/ryanl/4231/MTRN4231_Project/install/custom_interfaces/bin'
[3.062s] [34mcolcon.colcon_core.environment[0m [1;30mLevel 1[0m checking '/home/ryanl/4231/MTRN4231_Project/install/custom_interfaces/lib/pkgconfig/custom_interfaces.pc'
[3.062s] [34mcolcon.colcon_core.environment[0m [1;30mLevel 1[0m checking '/home/ryanl/4231/MTRN4231_Project/install/custom_interfaces/lib/python3.10/site-packages'
[3.062s] [34mcolcon.colcon_core.environment[0m [1;30mLevel 1[0m checking '/home/ryanl/4231/MTRN4231_Project/install/custom_interfaces/bin'
[3.063s] [34mcolcon.colcon_core.shell[0m [1;30mINFO[0m Creating package script '/home/ryanl/4231/MTRN4231_Project/install/custom_interfaces/share/custom_interfaces/package.ps1'
[3.063s] [34mcolcon.colcon_core.shell[0m [1;30mINFO[0m Creating package descriptor '/home/ryanl/4231/MTRN4231_Project/install/custom_interfaces/share/custom_interfaces/package.dsv'
[3.064s] [34mcolcon.colcon_core.shell[0m [1;30mINFO[0m Creating package script '/home/ryanl/4231/MTRN4231_Project/install/custom_interfaces/share/custom_interfaces/package.sh'
[3.065s] [34mcolcon.colcon_core.shell[0m [1;30mINFO[0m Creating package script '/home/ryanl/4231/MTRN4231_Project/install/custom_interfaces/share/custom_interfaces/package.bash'
[3.065s] [34mcolcon.colcon_core.shell[0m [1;30mINFO[0m Creating package script '/home/ryanl/4231/MTRN4231_Project/install/custom_interfaces/share/custom_interfaces/package.zsh'
[3.066s] [34mcolcon.colcon_core.environment[0m [1;30mLevel 1[0m create_file_with_runtime_dependencies(/home/ryanl/4231/MTRN4231_Project/install/custom_interfaces/share/colcon-core/packages/custom_interfaces)
[3.067s] [34mcolcon.colcon_ros.task.ament_cmake.build[0m [1;30mINFO[0m Building ROS package in '/home/ryanl/4231/MTRN4231_Project/src/arm_controller' with build type 'ament_cmake'
[3.067s] [34mcolcon.colcon_cmake.task.cmake.build[0m [1;30mINFO[0m Building CMake package in '/home/ryanl/4231/MTRN4231_Project/src/arm_controller'
[3.068s] [34mcolcon.colcon_core.shell[0m [1;30mINFO[0m Skip shell extension 'powershell' for command environment: Not usable outside of PowerShell
[3.068s] [34mcolcon.colcon_core.shell[0m [1;30mDEBUG[0m [32mSkip shell extension 'dsv' for command environment[0m
[3.301s] [34mcolcon.colcon_core.event_handler.log_command[0m [1;30mDEBUG[0m [32mInvoking command in '/home/ryanl/4231/MTRN4231_Project/build/arm_controller': CMAKE_PREFIX_PATH=/home/ryanl/4231/MTRN4231_Project/install/custom_interfaces:/home/ryanl/4231/MTRN4231_Project/install/move_to_marker:/home/ryanl/4231/MTRN4231_Project/install/end_effector_description:/home/ryanl/4231/MTRN4231_Project/install/arm_controller:/opt/ros/humble /usr/bin/cmake --build /home/ryanl/4231/MTRN4231_Project/build/arm_controller -- -j16 -l16[0m
[44.493s] [34mcolcon.colcon_core.event_handler.log_command[0m [1;30mDEBUG[0m [32mInvoked command in '/home/ryanl/4231/MTRN4231_Project/build/arm_controller' returned '2': CMAKE_PREFIX_PATH=/home/ryanl/4231/MTRN4231_Project/install/custom_interfaces:/home/ryanl/4231/MTRN4231_Project/install/move_to_marker:/home/ryanl/4231/MTRN4231_Project/install/end_effector_description:/home/ryanl/4231/MTRN4231_Project/install/arm_controller:/opt/ros/humble /usr/bin/cmake --build /home/ryanl/4231/MTRN4231_Project/build/arm_controller -- -j16 -l16[0m
[44.494s] [34mcolcon.colcon_core.environment[0m [1;30mLevel 1[0m create_environment_scripts_only(arm_controller)
[44.494s] [34mcolcon.colcon_core.environment[0m [1;30mLevel 1[0m checking '/home/ryanl/4231/MTRN4231_Project/install/arm_controller' for CMake module files
[44.495s] [34mcolcon.colcon_core.environment[0m [1;30mLevel 1[0m checking '/home/ryanl/4231/MTRN4231_Project/install/arm_controller' for CMake config files
[44.495s] [34mcolcon.colcon_core.shell[0m [1;30mLevel 1[0m create_environment_hook('arm_controller', 'cmake_prefix_path')
[44.495s] [34mcolcon.colcon_core.shell[0m [1;30mINFO[0m Creating environment hook '/home/ryanl/4231/MTRN4231_Project/install/arm_controller/share/arm_controller/hook/cmake_prefix_path.ps1'
[44.496s] [34mcolcon.colcon_core.shell[0m [1;30mINFO[0m Creating environment descriptor '/home/ryanl/4231/MTRN4231_Project/install/arm_controller/share/arm_controller/hook/cmake_prefix_path.dsv'
[44.497s] [34mcolcon.colcon_core.shell[0m [1;30mINFO[0m Creating environment hook '/home/ryanl/4231/MTRN4231_Project/install/arm_controller/share/arm_controller/hook/cmake_prefix_path.sh'
[44.498s] [34mcolcon.colcon_core.environment[0m [1;30mLevel 1[0m checking '/home/ryanl/4231/MTRN4231_Project/install/arm_controller/lib'
[44.498s] [34mcolcon.colcon_core.environment[0m [1;30mLevel 1[0m checking '/home/ryanl/4231/MTRN4231_Project/install/arm_controller/bin'
[44.498s] [34mcolcon.colcon_core.environment[0m [1;30mLevel 1[0m checking '/home/ryanl/4231/MTRN4231_Project/install/arm_controller/lib/pkgconfig/arm_controller.pc'
[44.499s] [34mcolcon.colcon_core.environment[0m [1;30mLevel 1[0m checking '/home/ryanl/4231/MTRN4231_Project/install/arm_controller/lib/python3.10/site-packages'
[44.499s] [34mcolcon.colcon_core.environment[0m [1;30mLevel 1[0m checking '/home/ryanl/4231/MTRN4231_Project/install/arm_controller/bin'
[44.499s] [34mcolcon.colcon_core.shell[0m [1;30mINFO[0m Creating package script '/home/ryanl/4231/MTRN4231_Project/install/arm_controller/share/arm_controller/package.ps1'
[44.500s] [34mcolcon.colcon_core.shell[0m [1;30mINFO[0m Creating package descriptor '/home/ryanl/4231/MTRN4231_Project/install/arm_controller/share/arm_controller/package.dsv'
[44.501s] [34mcolcon.colcon_core.shell[0m [1;30mINFO[0m Creating package script '/home/ryanl/4231/MTRN4231_Project/install/arm_controller/share/arm_controller/package.sh'
[44.501s] [34mcolcon.colcon_core.shell[0m [1;30mINFO[0m Creating package script '/home/ryanl/4231/MTRN4231_Project/install/arm_controller/share/arm_controller/package.bash'
[44.502s] [34mcolcon.colcon_core.shell[0m [1;30mINFO[0m Creating package script '/home/ryanl/4231/MTRN4231_Project/install/arm_controller/share/arm_controller/package.zsh'
[44.503s] [34mcolcon.colcon_core.environment[0m [1;30mLevel 1[0m create_file_with_runtime_dependencies(/home/ryanl/4231/MTRN4231_Project/install/arm_controller/share/colcon-core/packages/arm_controller)
[44.514s] [34mcolcon.colcon_parallel_executor.executor.parallel[0m [1;30mDEBUG[0m [32mclosing loop[0m
[44.514s] [34mcolcon.colcon_parallel_executor.executor.parallel[0m [1;30mDEBUG[0m [32mloop closed[0m
[44.515s] [34mcolcon.colcon_parallel_executor.executor.parallel[0m [1;30mDEBUG[0m [32mrun_until_complete finished with '2'[0m
[44.515s] [34mcolcon.colcon_core.event_reactor[0m [1;30mDEBUG[0m [32mjoining thread[0m
[44.633s] [34mcolcon.colcon_core.plugin_system[0m [1;30mINFO[0m Skipping extension 'colcon_notification.desktop_notification.notify_send': Could not find 'notify-send'
[44.633s] [34mcolcon.colcon_core.plugin_system[0m [1;30mINFO[0m Skipping extension 'colcon_notification.desktop_notification.terminal_notifier': Not used on non-Darwin systems
[44.633s] [34mcolcon.colcon_core.plugin_system[0m [1;30mINFO[0m Skipping extension 'colcon_notification.desktop_notification.win32': Not used on non-Windows systems
[44.633s] [34mcolcon.colcon_notification.desktop_notification[0m [1;30mINFO[0m Sending desktop notification using 'notify2'
[44.634s] [34mcolcon.colcon_notification.desktop_notification.notify2[0m [1;30mDEBUG[0m [32mFailed to initialize notify2: org.freedesktop.DBus.Error.FileNotFound: Failed to connect to socket /run/user/1000/bus: No such file or directory[0m
[44.634s] [34mcolcon.colcon_core.event_reactor[0m [1;30mDEBUG[0m [32mjoined thread[0m
[44.634s] [34mcolcon.colcon_core.shell[0m [1;30mINFO[0m Creating prefix script '/home/ryanl/4231/MTRN4231_Project/install/local_setup.ps1'
[44.636s] [34mcolcon.colcon_core.shell[0m [1;30mINFO[0m Creating prefix util module '/home/ryanl/4231/MTRN4231_Project/install/_local_setup_util_ps1.py'
[44.638s] [34mcolcon.colcon_core.shell[0m [1;30mINFO[0m Creating prefix chain script '/home/ryanl/4231/MTRN4231_Project/install/setup.ps1'
[44.640s] [34mcolcon.colcon_core.shell[0m [1;30mINFO[0m Creating prefix script '/home/ryanl/4231/MTRN4231_Project/install/local_setup.sh'
[44.641s] [34mcolcon.colcon_core.shell[0m [1;30mINFO[0m Creating prefix util module '/home/ryanl/4231/MTRN4231_Project/install/_local_setup_util_sh.py'
[44.642s] [34mcolcon.colcon_core.shell[0m [1;30mINFO[0m Creating prefix chain script '/home/ryanl/4231/MTRN4231_Project/install/setup.sh'
[44.645s] [34mcolcon.colcon_core.shell[0m [1;30mINFO[0m Creating prefix script '/home/ryanl/4231/MTRN4231_Project/install/local_setup.bash'
[44.646s] [34mcolcon.colcon_core.shell[0m [1;30mINFO[0m Creating prefix chain script '/home/ryanl/4231/MTRN4231_Project/install/setup.bash'
[44.648s] [34mcolcon.colcon_core.shell[0m [1;30mINFO[0m Creating prefix script '/home/ryanl/4231/MTRN4231_Project/install/local_setup.zsh'
[44.651s] [34mcolcon.colcon_core.shell[0m [1;30mINFO[0m Creating prefix chain script '/home/ryanl/4231/MTRN4231_Project/install/setup.zsh'
