[0.393s] [34mcolcon[0m [1;30mDEBUG[0m [32mCommand line arguments: ['/usr/bin/colcon', 'build', '--symlink-install'][0m
[0.394s] [34mcolcon[0m [1;30mDEBUG[0m [32mParsed command line arguments: Namespace(log_base=None, log_level=None, verb_name='build', build_base='build', install_base='install', merge_install=False, symlink_install=True, test_result_base=None, continue_on_error=False, executor='parallel', parallel_workers=16, event_handlers=None, ignore_user_meta=False, metas=['./colcon.meta'], base_paths=['.'], packages_ignore=None, packages_ignore_regex=None, paths=None, packages_up_to=None, packages_up_to_regex=None, packages_above=None, packages_above_and_dependencies=None, packages_above_depth=None, packages_select_by_dep=None, packages_skip_by_dep=None, packages_skip_up_to=None, packages_select_build_failed=False, packages_skip_build_finished=False, packages_select_test_failures=False, packages_skip_test_passed=False, packages_select=None, packages_skip=None, packages_select_regex=None, packages_skip_regex=None, packages_start=None, packages_end=None, allow_overriding=[], cmake_args=None, cmake_target=None, cmake_target_skip_unavailable=False, cmake_clean_cache=False, cmake_clean_first=False, cmake_force_configure=False, ament_cmake_args=None, catkin_cmake_args=None, catkin_skip_building_tests=False, mixin_files=None, mixin=None, verb_parser=<colcon_mixin.mixin.mixin_argument.MixinArgumentDecorator object at 0x79ff73a40b80>, verb_extension=<colcon_core.verb.build.BuildVerb object at 0x79ff73b3dab0>, main=<bound method BuildVerb.main of <colcon_core.verb.build.BuildVerb object at 0x79ff73b3dab0>>, mixin_verb=('build',))[0m
[1.840s] [34mcolcon.colcon_core.package_discovery[0m [1;30mLevel 1[0m discover_packages(colcon_meta) check parameters
[1.840s] [34mcolcon.colcon_core.package_discovery[0m [1;30mLevel 1[0m discover_packages(recursive) check parameters
[1.840s] [34mcolcon.colcon_core.package_discovery[0m [1;30mLevel 1[0m discover_packages(ignore) check parameters
[1.840s] [34mcolcon.colcon_core.package_discovery[0m [1;30mLevel 1[0m discover_packages(path) check parameters
[1.840s] [34mcolcon.colcon_core.package_discovery[0m [1;30mLevel 1[0m discover_packages(colcon_meta) discover
[1.840s] [34mcolcon.colcon_core.package_discovery[0m [1;30mLevel 1[0m discover_packages(recursive) discover
[1.840s] [34mcolcon.colcon_core.package_discovery[0m [1;30mINFO[0m Crawling recursively for packages in '/home/ryanl/4231/MTRN4231_Project'
[1.841s] [34mcolcon.colcon_core.package_identification[0m [1;30mLevel 1[0m _identify(.) by extensions ['ignore', 'ignore_ament_install']
[1.841s] [34mcolcon.colcon_core.package_identification[0m [1;30mLevel 1[0m _identify(.) by extension 'ignore'
[1.841s] [34mcolcon.colcon_core.package_identification[0m [1;30mLevel 1[0m _identify(.) by extension 'ignore_ament_install'
[1.841s] [34mcolcon.colcon_core.package_identification[0m [1;30mLevel 1[0m _identify(.) by extensions ['colcon_pkg']
[1.841s] [34mcolcon.colcon_core.package_identification[0m [1;30mLevel 1[0m _identify(.) by extension 'colcon_pkg'
[1.841s] [34mcolcon.colcon_core.package_identification[0m [1;30mLevel 1[0m _identify(.) by extensions ['colcon_meta']
[1.841s] [34mcolcon.colcon_core.package_identification[0m [1;30mLevel 1[0m _identify(.) by extension 'colcon_meta'
[1.841s] [34mcolcon.colcon_core.package_identification[0m [1;30mLevel 1[0m _identify(.) by extensions ['ros']
[1.841s] [34mcolcon.colcon_core.package_identification[0m [1;30mLevel 1[0m _identify(.) by extension 'ros'
[1.878s] [34mcolcon.colcon_core.package_identification[0m [1;30mLevel 1[0m _identify(.) by extensions ['cmake', 'python']
[1.879s] [34mcolcon.colcon_core.package_identification[0m [1;30mLevel 1[0m _identify(.) by extension 'cmake'
[1.879s] [34mcolcon.colcon_core.package_identification[0m [1;30mLevel 1[0m _identify(.) by extension 'python'
[1.879s] [34mcolcon.colcon_core.package_identification[0m [1;30mLevel 1[0m _identify(.) by extensions ['python_setup_py']
[1.879s] [34mcolcon.colcon_core.package_identification[0m [1;30mLevel 1[0m _identify(.) by extension 'python_setup_py'
[1.879s] [34mcolcon.colcon_core.package_identification[0m [1;30mLevel 1[0m _identify(build) by extensions ['ignore', 'ignore_ament_install']
[1.879s] [34mcolcon.colcon_core.package_identification[0m [1;30mLevel 1[0m _identify(build) by extension 'ignore'
[1.879s] [34mcolcon.colcon_core.package_identification[0m [1;30mLevel 1[0m _identify(build) ignored
[1.880s] [34mcolcon.colcon_core.package_identification[0m [1;30mLevel 1[0m _identify(install) by extensions ['ignore', 'ignore_ament_install']
[1.880s] [34mcolcon.colcon_core.package_identification[0m [1;30mLevel 1[0m _identify(install) by extension 'ignore'
[1.880s] [34mcolcon.colcon_core.package_identification[0m [1;30mLevel 1[0m _identify(install) ignored
[1.880s] [34mcolcon.colcon_core.package_identification[0m [1;30mLevel 1[0m _identify(log) by extensions ['ignore', 'ignore_ament_install']
[1.880s] [34mcolcon.colcon_core.package_identification[0m [1;30mLevel 1[0m _identify(log) by extension 'ignore'
[1.881s] [34mcolcon.colcon_core.package_identification[0m [1;30mLevel 1[0m _identify(log) ignored
[1.881s] [34mcolcon.colcon_core.package_identification[0m [1;30mLevel 1[0m _identify(src) by extensions ['ignore', 'ignore_ament_install']
[1.881s] [34mcolcon.colcon_core.package_identification[0m [1;30mLevel 1[0m _identify(src) by extension 'ignore'
[1.881s] [34mcolcon.colcon_core.package_identification[0m [1;30mLevel 1[0m _identify(src) by extension 'ignore_ament_install'
[1.881s] [34mcolcon.colcon_core.package_identification[0m [1;30mLevel 1[0m _identify(src) by extensions ['colcon_pkg']
[1.881s] [34mcolcon.colcon_core.package_identification[0m [1;30mLevel 1[0m _identify(src) by extension 'colcon_pkg'
[1.881s] [34mcolcon.colcon_core.package_identification[0m [1;30mLevel 1[0m _identify(src) by extensions ['colcon_meta']
[1.882s] [34mcolcon.colcon_core.package_identification[0m [1;30mLevel 1[0m _identify(src) by extension 'colcon_meta'
[1.882s] [34mcolcon.colcon_core.package_identification[0m [1;30mLevel 1[0m _identify(src) by extensions ['ros']
[1.882s] [34mcolcon.colcon_core.package_identification[0m [1;30mLevel 1[0m _identify(src) by extension 'ros'
[1.882s] [34mcolcon.colcon_core.package_identification[0m [1;30mLevel 1[0m _identify(src) by extensions ['cmake', 'python']
[1.882s] [34mcolcon.colcon_core.package_identification[0m [1;30mLevel 1[0m _identify(src) by extension 'cmake'
[1.882s] [34mcolcon.colcon_core.package_identification[0m [1;30mLevel 1[0m _identify(src) by extension 'python'
[1.882s] [34mcolcon.colcon_core.package_identification[0m [1;30mLevel 1[0m _identify(src) by extensions ['python_setup_py']
[1.882s] [34mcolcon.colcon_core.package_identification[0m [1;30mLevel 1[0m _identify(src) by extension 'python_setup_py'
[1.883s] [34mcolcon.colcon_core.package_identification[0m [1;30mLevel 1[0m _identify(src/arm_controller) by extensions ['ignore', 'ignore_ament_install']
[1.883s] [34mcolcon.colcon_core.package_identification[0m [1;30mLevel 1[0m _identify(src/arm_controller) by extension 'ignore'
[1.883s] [34mcolcon.colcon_core.package_identification[0m [1;30mLevel 1[0m _identify(src/arm_controller) by extension 'ignore_ament_install'
[1.883s] [34mcolcon.colcon_core.package_identification[0m [1;30mLevel 1[0m _identify(src/arm_controller) by extensions ['colcon_pkg']
[1.883s] [34mcolcon.colcon_core.package_identification[0m [1;30mLevel 1[0m _identify(src/arm_controller) by extension 'colcon_pkg'
[1.883s] [34mcolcon.colcon_core.package_identification[0m [1;30mLevel 1[0m _identify(src/arm_controller) by extensions ['colcon_meta']
[1.883s] [34mcolcon.colcon_core.package_identification[0m [1;30mLevel 1[0m _identify(src/arm_controller) by extension 'colcon_meta'
[1.883s] [34mcolcon.colcon_core.package_identification[0m [1;30mLevel 1[0m _identify(src/arm_controller) by extensions ['ros']
[1.883s] [34mcolcon.colcon_core.package_identification[0m [1;30mLevel 1[0m _identify(src/arm_controller) by extension 'ros'
[1.892s] [34mcolcon.colcon_core.package_identification[0m [1;30mDEBUG[0m [32mPackage 'src/arm_controller' with type 'ros.ament_cmake' and name 'arm_controller'[0m
[1.892s] [34mcolcon.colcon_core.package_identification[0m [1;30mLevel 1[0m _identify(src/custom_interfaces) by extensions ['ignore', 'ignore_ament_install']
[1.892s] [34mcolcon.colcon_core.package_identification[0m [1;30mLevel 1[0m _identify(src/custom_interfaces) by extension 'ignore'
[1.892s] [34mcolcon.colcon_core.package_identification[0m [1;30mLevel 1[0m _identify(src/custom_interfaces) by extension 'ignore_ament_install'
[1.892s] [34mcolcon.colcon_core.package_identification[0m [1;30mLevel 1[0m _identify(src/custom_interfaces) by extensions ['colcon_pkg']
[1.892s] [34mcolcon.colcon_core.package_identification[0m [1;30mLevel 1[0m _identify(src/custom_interfaces) by extension 'colcon_pkg'
[1.893s] [34mcolcon.colcon_core.package_identification[0m [1;30mLevel 1[0m _identify(src/custom_interfaces) by extensions ['colcon_meta']
[1.893s] [34mcolcon.colcon_core.package_identification[0m [1;30mLevel 1[0m _identify(src/custom_interfaces) by extension 'colcon_meta'
[1.893s] [34mcolcon.colcon_core.package_identification[0m [1;30mLevel 1[0m _identify(src/custom_interfaces) by extensions ['ros']
[1.893s] [34mcolcon.colcon_core.package_identification[0m [1;30mLevel 1[0m _identify(src/custom_interfaces) by extension 'ros'
[1.894s] [34mcolcon.colcon_core.package_identification[0m [1;30mDEBUG[0m [32mPackage 'src/custom_interfaces' with type 'ros.ament_cmake' and name 'custom_interfaces'[0m
[1.894s] [34mcolcon.colcon_core.package_identification[0m [1;30mLevel 1[0m _identify(src/end_effector_description) by extensions ['ignore', 'ignore_ament_install']
[1.894s] [34mcolcon.colcon_core.package_identification[0m [1;30mLevel 1[0m _identify(src/end_effector_description) by extension 'ignore'
[1.894s] [34mcolcon.colcon_core.package_identification[0m [1;30mLevel 1[0m _identify(src/end_effector_description) by extension 'ignore_ament_install'
[1.895s] [34mcolcon.colcon_core.package_identification[0m [1;30mLevel 1[0m _identify(src/end_effector_description) by extensions ['colcon_pkg']
[1.895s] [34mcolcon.colcon_core.package_identification[0m [1;30mLevel 1[0m _identify(src/end_effector_description) by extension 'colcon_pkg'
[1.895s] [34mcolcon.colcon_core.package_identification[0m [1;30mLevel 1[0m _identify(src/end_effector_description) by extensions ['colcon_meta']
[1.895s] [34mcolcon.colcon_core.package_identification[0m [1;30mLevel 1[0m _identify(src/end_effector_description) by extension 'colcon_meta'
[1.895s] [34mcolcon.colcon_core.package_identification[0m [1;30mLevel 1[0m _identify(src/end_effector_description) by extensions ['ros']
[1.895s] [34mcolcon.colcon_core.package_identification[0m [1;30mLevel 1[0m _identify(src/end_effector_description) by extension 'ros'
[1.896s] [34mcolcon.colcon_core.package_identification[0m [1;30mDEBUG[0m [32mPackage 'src/end_effector_description' with type 'ros.ament_cmake' and name 'end_effector_description'[0m
[1.896s] [34mcolcon.colcon_core.package_identification[0m [1;30mLevel 1[0m _identify(src/move_to_marker) by extensions ['ignore', 'ignore_ament_install']
[1.896s] [34mcolcon.colcon_core.package_identification[0m [1;30mLevel 1[0m _identify(src/move_to_marker) by extension 'ignore'
[1.896s] [34mcolcon.colcon_core.package_identification[0m [1;30mLevel 1[0m _identify(src/move_to_marker) by extension 'ignore_ament_install'
[1.896s] [34mcolcon.colcon_core.package_identification[0m [1;30mLevel 1[0m _identify(src/move_to_marker) by extensions ['colcon_pkg']
[1.896s] [34mcolcon.colcon_core.package_identification[0m [1;30mLevel 1[0m _identify(src/move_to_marker) by extension 'colcon_pkg'
[1.896s] [34mcolcon.colcon_core.package_identification[0m [1;30mLevel 1[0m _identify(src/move_to_marker) by extensions ['colcon_meta']
[1.897s] [34mcolcon.colcon_core.package_identification[0m [1;30mLevel 1[0m _identify(src/move_to_marker) by extension 'colcon_meta'
[1.897s] [34mcolcon.colcon_core.package_identification[0m [1;30mLevel 1[0m _identify(src/move_to_marker) by extensions ['ros']
[1.897s] [34mcolcon.colcon_core.package_identification[0m [1;30mLevel 1[0m _identify(src/move_to_marker) by extension 'ros'
[1.898s] [34mcolcon.colcon_core.package_identification[0m [1;30mDEBUG[0m [32mPackage 'src/move_to_marker' with type 'ros.ament_cmake' and name 'move_to_marker'[0m
[1.898s] [34mcolcon.colcon_core.package_discovery[0m [1;30mLevel 1[0m discover_packages(recursive) using defaults
[1.898s] [34mcolcon.colcon_core.package_discovery[0m [1;30mLevel 1[0m discover_packages(ignore) discover
[1.898s] [34mcolcon.colcon_core.package_discovery[0m [1;30mLevel 1[0m discover_packages(ignore) using defaults
[1.898s] [34mcolcon.colcon_core.package_discovery[0m [1;30mLevel 1[0m discover_packages(path) discover
[1.898s] [34mcolcon.colcon_core.package_discovery[0m [1;30mLevel 1[0m discover_packages(path) using defaults
[1.927s] [34mcolcon.colcon_core.package_discovery[0m [1;30mLevel 1[0m discover_packages(prefix_path) check parameters
[1.927s] [34mcolcon.colcon_core.package_discovery[0m [1;30mLevel 1[0m discover_packages(prefix_path) discover
[1.930s] [34mcolcon.colcon_installed_package_information.package_discovery[0m [1;30mDEBUG[0m [32mFound 4 installed packages in /home/ryanl/4231/MTRN4231_Project/install[0m
[1.933s] [34mcolcon.colcon_installed_package_information.package_discovery[0m [1;30mDEBUG[0m [32mFound 390 installed packages in /opt/ros/humble[0m
[1.937s] [34mcolcon.colcon_core.package_discovery[0m [1;30mLevel 1[0m discover_packages(prefix_path) using defaults
[2.021s] [34mcolcon.colcon_core.verb[0m [1;30mLevel 5[0m set package 'custom_interfaces' build argument 'cmake_args' from command line to 'None'
[2.022s] [34mcolcon.colcon_core.verb[0m [1;30mLevel 5[0m set package 'custom_interfaces' build argument 'cmake_target' from command line to 'None'
[2.022s] [34mcolcon.colcon_core.verb[0m [1;30mLevel 5[0m set package 'custom_interfaces' build argument 'cmake_target_skip_unavailable' from command line to 'False'
[2.022s] [34mcolcon.colcon_core.verb[0m [1;30mLevel 5[0m set package 'custom_interfaces' build argument 'cmake_clean_cache' from command line to 'False'
[2.022s] [34mcolcon.colcon_core.verb[0m [1;30mLevel 5[0m set package 'custom_interfaces' build argument 'cmake_clean_first' from command line to 'False'
[2.022s] [34mcolcon.colcon_core.verb[0m [1;30mLevel 5[0m set package 'custom_interfaces' build argument 'cmake_force_configure' from command line to 'False'
[2.022s] [34mcolcon.colcon_core.verb[0m [1;30mLevel 5[0m set package 'custom_interfaces' build argument 'ament_cmake_args' from command line to 'None'
[2.022s] [34mcolcon.colcon_core.verb[0m [1;30mLevel 5[0m set package 'custom_interfaces' build argument 'catkin_cmake_args' from command line to 'None'
[2.022s] [34mcolcon.colcon_core.verb[0m [1;30mLevel 5[0m set package 'custom_interfaces' build argument 'catkin_skip_building_tests' from command line to 'False'
[2.022s] [34mcolcon.colcon_core.verb[0m [1;30mDEBUG[0m [32mBuilding package 'custom_interfaces' with the following arguments: {'ament_cmake_args': None, 'build_base': '/home/ryanl/4231/MTRN4231_Project/build/custom_interfaces', 'catkin_cmake_args': None, 'catkin_skip_building_tests': False, 'cmake_args': None, 'cmake_clean_cache': False, 'cmake_clean_first': False, 'cmake_force_configure': False, 'cmake_target': None, 'cmake_target_skip_unavailable': False, 'install_base': '/home/ryanl/4231/MTRN4231_Project/install/custom_interfaces', 'merge_install': False, 'path': '/home/ryanl/4231/MTRN4231_Project/src/custom_interfaces', 'symlink_install': True, 'test_result_base': None}[0m
[2.023s] [34mcolcon.colcon_core.verb[0m [1;30mLevel 5[0m set package 'end_effector_description' build argument 'cmake_args' from command line to 'None'
[2.023s] [34mcolcon.colcon_core.verb[0m [1;30mLevel 5[0m set package 'end_effector_description' build argument 'cmake_target' from command line to 'None'
[2.023s] [34mcolcon.colcon_core.verb[0m [1;30mLevel 5[0m set package 'end_effector_description' build argument 'cmake_target_skip_unavailable' from command line to 'False'
[2.023s] [34mcolcon.colcon_core.verb[0m [1;30mLevel 5[0m set package 'end_effector_description' build argument 'cmake_clean_cache' from command line to 'False'
[2.023s] [34mcolcon.colcon_core.verb[0m [1;30mLevel 5[0m set package 'end_effector_description' build argument 'cmake_clean_first' from command line to 'False'
[2.023s] [34mcolcon.colcon_core.verb[0m [1;30mLevel 5[0m set package 'end_effector_description' build argument 'cmake_force_configure' from command line to 'False'
[2.023s] [34mcolcon.colcon_core.verb[0m [1;30mLevel 5[0m set package 'end_effector_description' build argument 'ament_cmake_args' from command line to 'None'
[2.023s] [34mcolcon.colcon_core.verb[0m [1;30mLevel 5[0m set package 'end_effector_description' build argument 'catkin_cmake_args' from command line to 'None'
[2.023s] [34mcolcon.colcon_core.verb[0m [1;30mLevel 5[0m set package 'end_effector_description' build argument 'catkin_skip_building_tests' from command line to 'False'
[2.024s] [34mcolcon.colcon_core.verb[0m [1;30mDEBUG[0m [32mBuilding package 'end_effector_description' with the following arguments: {'ament_cmake_args': None, 'build_base': '/home/ryanl/4231/MTRN4231_Project/build/end_effector_description', 'catkin_cmake_args': None, 'catkin_skip_building_tests': False, 'cmake_args': None, 'cmake_clean_cache': False, 'cmake_clean_first': False, 'cmake_force_configure': False, 'cmake_target': None, 'cmake_target_skip_unavailable': False, 'install_base': '/home/ryanl/4231/MTRN4231_Project/install/end_effector_description', 'merge_install': False, 'path': '/home/ryanl/4231/MTRN4231_Project/src/end_effector_description', 'symlink_install': True, 'test_result_base': None}[0m
[2.024s] [34mcolcon.colcon_core.verb[0m [1;30mLevel 5[0m set package 'move_to_marker' build argument 'cmake_args' from command line to 'None'
[2.025s] [34mcolcon.colcon_core.verb[0m [1;30mLevel 5[0m set package 'move_to_marker' build argument 'cmake_target' from command line to 'None'
[2.025s] [34mcolcon.colcon_core.verb[0m [1;30mLevel 5[0m set package 'move_to_marker' build argument 'cmake_target_skip_unavailable' from command line to 'False'
[2.025s] [34mcolcon.colcon_core.verb[0m [1;30mLevel 5[0m set package 'move_to_marker' build argument 'cmake_clean_cache' from command line to 'False'
[2.025s] [34mcolcon.colcon_core.verb[0m [1;30mLevel 5[0m set package 'move_to_marker' build argument 'cmake_clean_first' from command line to 'False'
[2.025s] [34mcolcon.colcon_core.verb[0m [1;30mLevel 5[0m set package 'move_to_marker' build argument 'cmake_force_configure' from command line to 'False'
[2.025s] [34mcolcon.colcon_core.verb[0m [1;30mLevel 5[0m set package 'move_to_marker' build argument 'ament_cmake_args' from command line to 'None'
[2.025s] [34mcolcon.colcon_core.verb[0m [1;30mLevel 5[0m set package 'move_to_marker' build argument 'catkin_cmake_args' from command line to 'None'
[2.025s] [34mcolcon.colcon_core.verb[0m [1;30mLevel 5[0m set package 'move_to_marker' build argument 'catkin_skip_building_tests' from command line to 'False'
[2.025s] [34mcolcon.colcon_core.verb[0m [1;30mDEBUG[0m [32mBuilding package 'move_to_marker' with the following arguments: {'ament_cmake_args': None, 'build_base': '/home/ryanl/4231/MTRN4231_Project/build/move_to_marker', 'catkin_cmake_args': None, 'catkin_skip_building_tests': False, 'cmake_args': None, 'cmake_clean_cache': False, 'cmake_clean_first': False, 'cmake_force_configure': False, 'cmake_target': None, 'cmake_target_skip_unavailable': False, 'install_base': '/home/ryanl/4231/MTRN4231_Project/install/move_to_marker', 'merge_install': False, 'path': '/home/ryanl/4231/MTRN4231_Project/src/move_to_marker', 'symlink_install': True, 'test_result_base': None}[0m
[2.025s] [34mcolcon.colcon_core.verb[0m [1;30mLevel 5[0m set package 'arm_controller' build argument 'cmake_args' from command line to 'None'
[2.026s] [34mcolcon.colcon_core.verb[0m [1;30mLevel 5[0m set package 'arm_controller' build argument 'cmake_target' from command line to 'None'
[2.026s] [34mcolcon.colcon_core.verb[0m [1;30mLevel 5[0m set package 'arm_controller' build argument 'cmake_target_skip_unavailable' from command line to 'False'
[2.026s] [34mcolcon.colcon_core.verb[0m [1;30mLevel 5[0m set package 'arm_controller' build argument 'cmake_clean_cache' from command line to 'False'
[2.026s] [34mcolcon.colcon_core.verb[0m [1;30mLevel 5[0m set package 'arm_controller' build argument 'cmake_clean_first' from command line to 'False'
[2.026s] [34mcolcon.colcon_core.verb[0m [1;30mLevel 5[0m set package 'arm_controller' build argument 'cmake_force_configure' from command line to 'False'
[2.026s] [34mcolcon.colcon_core.verb[0m [1;30mLevel 5[0m set package 'arm_controller' build argument 'ament_cmake_args' from command line to 'None'
[2.026s] [34mcolcon.colcon_core.verb[0m [1;30mLevel 5[0m set package 'arm_controller' build argument 'catkin_cmake_args' from command line to 'None'
[2.026s] [34mcolcon.colcon_core.verb[0m [1;30mLevel 5[0m set package 'arm_controller' build argument 'catkin_skip_building_tests' from command line to 'False'
[2.026s] [34mcolcon.colcon_core.verb[0m [1;30mDEBUG[0m [32mBuilding package 'arm_controller' with the following arguments: {'ament_cmake_args': None, 'build_base': '/home/ryanl/4231/MTRN4231_Project/build/arm_controller', 'catkin_cmake_args': None, 'catkin_skip_building_tests': False, 'cmake_args': None, 'cmake_clean_cache': False, 'cmake_clean_first': False, 'cmake_force_configure': False, 'cmake_target': None, 'cmake_target_skip_unavailable': False, 'install_base': '/home/ryanl/4231/MTRN4231_Project/install/arm_controller', 'merge_install': False, 'path': '/home/ryanl/4231/MTRN4231_Project/src/arm_controller', 'symlink_install': True, 'test_result_base': None}[0m
[2.026s] [34mcolcon.colcon_core.executor[0m [1;30mINFO[0m Executing jobs using 'parallel' executor
[2.028s] [34mcolcon.colcon_parallel_executor.executor.parallel[0m [1;30mDEBUG[0m [32mrun_until_complete[0m
[2.029s] [34mcolcon.colcon_ros.task.ament_cmake.build[0m [1;30mINFO[0m Building ROS package in '/home/ryanl/4231/MTRN4231_Project/src/custom_interfaces' with build type 'ament_cmake'
[2.030s] [34mcolcon.colcon_cmake.task.cmake.build[0m [1;30mINFO[0m Building CMake package in '/home/ryanl/4231/MTRN4231_Project/src/custom_interfaces'
[2.035s] [34mcolcon.colcon_core.plugin_system[0m [1;30mINFO[0m Skipping extension 'colcon_core.shell.bat': Not used on non-Windows systems
[2.035s] [34mcolcon.colcon_core.shell[0m [1;30mINFO[0m Skip shell extension 'powershell' for command environment: Not usable outside of PowerShell
[2.036s] [34mcolcon.colcon_core.shell[0m [1;30mDEBUG[0m [32mSkip shell extension 'dsv' for command environment[0m
[2.047s] [34mcolcon.colcon_ros.task.ament_cmake.build[0m [1;30mINFO[0m Building ROS package in '/home/ryanl/4231/MTRN4231_Project/src/end_effector_description' with build type 'ament_cmake'
[2.048s] [34mcolcon.colcon_cmake.task.cmake.build[0m [1;30mINFO[0m Building CMake package in '/home/ryanl/4231/MTRN4231_Project/src/end_effector_description'
[2.049s] [34mcolcon.colcon_core.shell[0m [1;30mINFO[0m Skip shell extension 'powershell' for command environment: Not usable outside of PowerShell
[2.049s] [34mcolcon.colcon_core.shell[0m [1;30mDEBUG[0m [32mSkip shell extension 'dsv' for command environment[0m
[2.059s] [34mcolcon.colcon_ros.task.ament_cmake.build[0m [1;30mINFO[0m Building ROS package in '/home/ryanl/4231/MTRN4231_Project/src/move_to_marker' with build type 'ament_cmake'
[2.060s] [34mcolcon.colcon_cmake.task.cmake.build[0m [1;30mINFO[0m Building CMake package in '/home/ryanl/4231/MTRN4231_Project/src/move_to_marker'
[2.061s] [34mcolcon.colcon_core.shell[0m [1;30mINFO[0m Skip shell extension 'powershell' for command environment: Not usable outside of PowerShell
[2.061s] [34mcolcon.colcon_core.shell[0m [1;30mDEBUG[0m [32mSkip shell extension 'dsv' for command environment[0m
[2.085s] [34mcolcon.colcon_core.event_handler.log_command[0m [1;30mDEBUG[0m [32mInvoking command in '/home/ryanl/4231/MTRN4231_Project/build/custom_interfaces': CMAKE_PREFIX_PATH=${CMAKE_PREFIX_PATH}:/opt/ros/humble /usr/bin/cmake --build /home/ryanl/4231/MTRN4231_Project/build/custom_interfaces -- -j16 -l16[0m
[2.097s] [34mcolcon.colcon_core.event_handler.log_command[0m [1;30mDEBUG[0m [32mInvoking command in '/home/ryanl/4231/MTRN4231_Project/build/end_effector_description': CMAKE_PREFIX_PATH=${CMAKE_PREFIX_PATH}:/opt/ros/humble /usr/bin/cmake --build /home/ryanl/4231/MTRN4231_Project/build/end_effector_description -- -j16 -l16[0m
[2.108s] [34mcolcon.colcon_core.event_handler.log_command[0m [1;30mDEBUG[0m [32mInvoking command in '/home/ryanl/4231/MTRN4231_Project/build/move_to_marker': CMAKE_PREFIX_PATH=${CMAKE_PREFIX_PATH}:/opt/ros/humble /usr/bin/cmake --build /home/ryanl/4231/MTRN4231_Project/build/move_to_marker -- -j16 -l16[0m
[2.193s] [34mcolcon.colcon_core.event_handler.log_command[0m [1;30mDEBUG[0m [32mInvoked command in '/home/ryanl/4231/MTRN4231_Project/build/end_effector_description' returned '0': CMAKE_PREFIX_PATH=${CMAKE_PREFIX_PATH}:/opt/ros/humble /usr/bin/cmake --build /home/ryanl/4231/MTRN4231_Project/build/end_effector_description -- -j16 -l16[0m
[2.221s] [34mcolcon.colcon_core.event_handler.log_command[0m [1;30mDEBUG[0m [32mInvoking command in '/home/ryanl/4231/MTRN4231_Project/build/end_effector_description': CMAKE_PREFIX_PATH=${CMAKE_PREFIX_PATH}:/opt/ros/humble /usr/bin/cmake --install /home/ryanl/4231/MTRN4231_Project/build/end_effector_description[0m
[2.288s] [34mcolcon.colcon_core.environment[0m [1;30mLevel 1[0m create_environment_scripts_only(end_effector_description)
[2.290s] [34mcolcon.colcon_core.event_handler.log_command[0m [1;30mDEBUG[0m [32mInvoked command in '/home/ryanl/4231/MTRN4231_Project/build/end_effector_description' returned '0': CMAKE_PREFIX_PATH=${CMAKE_PREFIX_PATH}:/opt/ros/humble /usr/bin/cmake --install /home/ryanl/4231/MTRN4231_Project/build/end_effector_description[0m
[2.297s] [34mcolcon.colcon_core.environment[0m [1;30mLevel 1[0m checking '/home/ryanl/4231/MTRN4231_Project/install/end_effector_description' for CMake module files
[2.301s] [34mcolcon.colcon_core.environment[0m [1;30mLevel 1[0m checking '/home/ryanl/4231/MTRN4231_Project/install/end_effector_description' for CMake config files
[2.301s] [34mcolcon.colcon_core.shell[0m [1;30mLevel 1[0m create_environment_hook('end_effector_description', 'cmake_prefix_path')
[2.302s] [34mcolcon.colcon_core.shell[0m [1;30mINFO[0m Creating environment hook '/home/ryanl/4231/MTRN4231_Project/install/end_effector_description/share/end_effector_description/hook/cmake_prefix_path.ps1'
[2.303s] [34mcolcon.colcon_core.shell[0m [1;30mINFO[0m Creating environment descriptor '/home/ryanl/4231/MTRN4231_Project/install/end_effector_description/share/end_effector_description/hook/cmake_prefix_path.dsv'
[2.305s] [34mcolcon.colcon_core.shell[0m [1;30mINFO[0m Creating environment hook '/home/ryanl/4231/MTRN4231_Project/install/end_effector_description/share/end_effector_description/hook/cmake_prefix_path.sh'
[2.307s] [34mcolcon.colcon_core.environment[0m [1;30mLevel 1[0m checking '/home/ryanl/4231/MTRN4231_Project/install/end_effector_description/bin'
[2.307s] [34mcolcon.colcon_core.environment[0m [1;30mLevel 1[0m checking '/home/ryanl/4231/MTRN4231_Project/install/end_effector_description/lib/pkgconfig/end_effector_description.pc'
[2.307s] [34mcolcon.colcon_core.environment[0m [1;30mLevel 1[0m checking '/home/ryanl/4231/MTRN4231_Project/install/end_effector_description/lib/python3.10/site-packages'
[2.308s] [34mcolcon.colcon_core.environment[0m [1;30mLevel 1[0m checking '/home/ryanl/4231/MTRN4231_Project/install/end_effector_description/bin'
[2.309s] [34mcolcon.colcon_core.shell[0m [1;30mINFO[0m Creating package script '/home/ryanl/4231/MTRN4231_Project/install/end_effector_description/share/end_effector_description/package.ps1'
[2.310s] [34mcolcon.colcon_core.shell[0m [1;30mINFO[0m Creating package descriptor '/home/ryanl/4231/MTRN4231_Project/install/end_effector_description/share/end_effector_description/package.dsv'
[2.311s] [34mcolcon.colcon_core.shell[0m [1;30mINFO[0m Creating package script '/home/ryanl/4231/MTRN4231_Project/install/end_effector_description/share/end_effector_description/package.sh'
[2.313s] [34mcolcon.colcon_core.shell[0m [1;30mINFO[0m Creating package script '/home/ryanl/4231/MTRN4231_Project/install/end_effector_description/share/end_effector_description/package.bash'
[2.317s] [34mcolcon.colcon_core.shell[0m [1;30mINFO[0m Creating package script '/home/ryanl/4231/MTRN4231_Project/install/end_effector_description/share/end_effector_description/package.zsh'
[2.319s] [34mcolcon.colcon_core.environment[0m [1;30mLevel 1[0m create_file_with_runtime_dependencies(/home/ryanl/4231/MTRN4231_Project/install/end_effector_description/share/colcon-core/packages/end_effector_description)
[2.322s] [34mcolcon.colcon_core.environment[0m [1;30mLevel 1[0m create_environment_scripts_only(end_effector_description)
[2.322s] [34mcolcon.colcon_core.environment[0m [1;30mLevel 1[0m checking '/home/ryanl/4231/MTRN4231_Project/install/end_effector_description' for CMake module files
[2.324s] [34mcolcon.colcon_core.environment[0m [1;30mLevel 1[0m checking '/home/ryanl/4231/MTRN4231_Project/install/end_effector_description' for CMake config files
[2.324s] [34mcolcon.colcon_core.shell[0m [1;30mLevel 1[0m create_environment_hook('end_effector_description', 'cmake_prefix_path')
[2.325s] [34mcolcon.colcon_core.shell[0m [1;30mINFO[0m Creating environment hook '/home/ryanl/4231/MTRN4231_Project/install/end_effector_description/share/end_effector_description/hook/cmake_prefix_path.ps1'
[2.326s] [34mcolcon.colcon_core.shell[0m [1;30mINFO[0m Creating environment descriptor '/home/ryanl/4231/MTRN4231_Project/install/end_effector_description/share/end_effector_description/hook/cmake_prefix_path.dsv'
[2.327s] [34mcolcon.colcon_core.shell[0m [1;30mINFO[0m Creating environment hook '/home/ryanl/4231/MTRN4231_Project/install/end_effector_description/share/end_effector_description/hook/cmake_prefix_path.sh'
[2.330s] [34mcolcon.colcon_core.environment[0m [1;30mLevel 1[0m checking '/home/ryanl/4231/MTRN4231_Project/install/end_effector_description/bin'
[2.331s] [34mcolcon.colcon_core.environment[0m [1;30mLevel 1[0m checking '/home/ryanl/4231/MTRN4231_Project/install/end_effector_description/lib/pkgconfig/end_effector_description.pc'
[2.331s] [34mcolcon.colcon_core.environment[0m [1;30mLevel 1[0m checking '/home/ryanl/4231/MTRN4231_Project/install/end_effector_description/lib/python3.10/site-packages'
[2.332s] [34mcolcon.colcon_core.environment[0m [1;30mLevel 1[0m checking '/home/ryanl/4231/MTRN4231_Project/install/end_effector_description/bin'
[2.332s] [34mcolcon.colcon_core.shell[0m [1;30mINFO[0m Creating package script '/home/ryanl/4231/MTRN4231_Project/install/end_effector_description/share/end_effector_description/package.ps1'
[2.333s] [34mcolcon.colcon_core.shell[0m [1;30mINFO[0m Creating package descriptor '/home/ryanl/4231/MTRN4231_Project/install/end_effector_description/share/end_effector_description/package.dsv'
[2.335s] [34mcolcon.colcon_core.shell[0m [1;30mINFO[0m Creating package script '/home/ryanl/4231/MTRN4231_Project/install/end_effector_description/share/end_effector_description/package.sh'
[2.336s] [34mcolcon.colcon_core.shell[0m [1;30mINFO[0m Creating package script '/home/ryanl/4231/MTRN4231_Project/install/end_effector_description/share/end_effector_description/package.bash'
[2.338s] [34mcolcon.colcon_core.shell[0m [1;30mINFO[0m Creating package script '/home/ryanl/4231/MTRN4231_Project/install/end_effector_description/share/end_effector_description/package.zsh'
[2.339s] [34mcolcon.colcon_core.environment[0m [1;30mLevel 1[0m create_file_with_runtime_dependencies(/home/ryanl/4231/MTRN4231_Project/install/end_effector_description/share/colcon-core/packages/end_effector_description)
[2.344s] [34mcolcon.colcon_core.event_handler.log_command[0m [1;30mDEBUG[0m [32mInvoked command in '/home/ryanl/4231/MTRN4231_Project/build/move_to_marker' returned '0': CMAKE_PREFIX_PATH=${CMAKE_PREFIX_PATH}:/opt/ros/humble /usr/bin/cmake --build /home/ryanl/4231/MTRN4231_Project/build/move_to_marker -- -j16 -l16[0m
[2.348s] [34mcolcon.colcon_core.event_handler.log_command[0m [1;30mDEBUG[0m [32mInvoking command in '/home/ryanl/4231/MTRN4231_Project/build/move_to_marker': CMAKE_PREFIX_PATH=${CMAKE_PREFIX_PATH}:/opt/ros/humble /usr/bin/cmake --install /home/ryanl/4231/MTRN4231_Project/build/move_to_marker[0m
[2.401s] [34mcolcon.colcon_core.environment[0m [1;30mLevel 1[0m create_environment_scripts_only(move_to_marker)
[2.402s] [34mcolcon.colcon_core.environment[0m [1;30mLevel 1[0m checking '/home/ryanl/4231/MTRN4231_Project/install/move_to_marker' for CMake module files
[2.403s] [34mcolcon.colcon_core.event_handler.log_command[0m [1;30mDEBUG[0m [32mInvoked command in '/home/ryanl/4231/MTRN4231_Project/build/move_to_marker' returned '0': CMAKE_PREFIX_PATH=${CMAKE_PREFIX_PATH}:/opt/ros/humble /usr/bin/cmake --install /home/ryanl/4231/MTRN4231_Project/build/move_to_marker[0m
[2.405s] [34mcolcon.colcon_core.environment[0m [1;30mLevel 1[0m checking '/home/ryanl/4231/MTRN4231_Project/install/move_to_marker' for CMake config files
[2.406s] [34mcolcon.colcon_core.shell[0m [1;30mLevel 1[0m create_environment_hook('move_to_marker', 'cmake_prefix_path')
[2.407s] [34mcolcon.colcon_core.shell[0m [1;30mINFO[0m Creating environment hook '/home/ryanl/4231/MTRN4231_Project/install/move_to_marker/share/move_to_marker/hook/cmake_prefix_path.ps1'
[2.408s] [34mcolcon.colcon_core.shell[0m [1;30mINFO[0m Creating environment descriptor '/home/ryanl/4231/MTRN4231_Project/install/move_to_marker/share/move_to_marker/hook/cmake_prefix_path.dsv'
[2.409s] [34mcolcon.colcon_core.shell[0m [1;30mINFO[0m Creating environment hook '/home/ryanl/4231/MTRN4231_Project/install/move_to_marker/share/move_to_marker/hook/cmake_prefix_path.sh'
[2.410s] [34mcolcon.colcon_core.environment[0m [1;30mLevel 1[0m checking '/home/ryanl/4231/MTRN4231_Project/install/move_to_marker/lib'
[2.411s] [34mcolcon.colcon_core.environment[0m [1;30mLevel 1[0m checking '/home/ryanl/4231/MTRN4231_Project/install/move_to_marker/bin'
[2.411s] [34mcolcon.colcon_core.environment[0m [1;30mLevel 1[0m checking '/home/ryanl/4231/MTRN4231_Project/install/move_to_marker/lib/pkgconfig/move_to_marker.pc'
[2.411s] [34mcolcon.colcon_core.environment[0m [1;30mLevel 1[0m checking '/home/ryanl/4231/MTRN4231_Project/install/move_to_marker/lib/python3.10/site-packages'
[2.412s] [34mcolcon.colcon_core.environment[0m [1;30mLevel 1[0m checking '/home/ryanl/4231/MTRN4231_Project/install/move_to_marker/bin'
[2.412s] [34mcolcon.colcon_core.shell[0m [1;30mINFO[0m Creating package script '/home/ryanl/4231/MTRN4231_Project/install/move_to_marker/share/move_to_marker/package.ps1'
[2.414s] [34mcolcon.colcon_core.shell[0m [1;30mINFO[0m Creating package descriptor '/home/ryanl/4231/MTRN4231_Project/install/move_to_marker/share/move_to_marker/package.dsv'
[2.415s] [34mcolcon.colcon_core.shell[0m [1;30mINFO[0m Creating package script '/home/ryanl/4231/MTRN4231_Project/install/move_to_marker/share/move_to_marker/package.sh'
[2.416s] [34mcolcon.colcon_core.shell[0m [1;30mINFO[0m Creating package script '/home/ryanl/4231/MTRN4231_Project/install/move_to_marker/share/move_to_marker/package.bash'
[2.417s] [34mcolcon.colcon_core.shell[0m [1;30mINFO[0m Creating package script '/home/ryanl/4231/MTRN4231_Project/install/move_to_marker/share/move_to_marker/package.zsh'
[2.417s] [34mcolcon.colcon_core.environment[0m [1;30mLevel 1[0m create_file_with_runtime_dependencies(/home/ryanl/4231/MTRN4231_Project/install/move_to_marker/share/colcon-core/packages/move_to_marker)
[2.419s] [34mcolcon.colcon_core.environment[0m [1;30mLevel 1[0m create_environment_scripts_only(move_to_marker)
[2.420s] [34mcolcon.colcon_core.environment[0m [1;30mLevel 1[0m checking '/home/ryanl/4231/MTRN4231_Project/install/move_to_marker' for CMake module files
[2.421s] [34mcolcon.colcon_core.environment[0m [1;30mLevel 1[0m checking '/home/ryanl/4231/MTRN4231_Project/install/move_to_marker' for CMake config files
[2.423s] [34mcolcon.colcon_core.shell[0m [1;30mLevel 1[0m create_environment_hook('move_to_marker', 'cmake_prefix_path')
[2.423s] [34mcolcon.colcon_core.shell[0m [1;30mINFO[0m Creating environment hook '/home/ryanl/4231/MTRN4231_Project/install/move_to_marker/share/move_to_marker/hook/cmake_prefix_path.ps1'
[2.425s] [34mcolcon.colcon_core.shell[0m [1;30mINFO[0m Creating environment descriptor '/home/ryanl/4231/MTRN4231_Project/install/move_to_marker/share/move_to_marker/hook/cmake_prefix_path.dsv'
[2.426s] [34mcolcon.colcon_core.shell[0m [1;30mINFO[0m Creating environment hook '/home/ryanl/4231/MTRN4231_Project/install/move_to_marker/share/move_to_marker/hook/cmake_prefix_path.sh'
[2.428s] [34mcolcon.colcon_core.environment[0m [1;30mLevel 1[0m checking '/home/ryanl/4231/MTRN4231_Project/install/move_to_marker/lib'
[2.429s] [34mcolcon.colcon_core.environment[0m [1;30mLevel 1[0m checking '/home/ryanl/4231/MTRN4231_Project/install/move_to_marker/bin'
[2.429s] [34mcolcon.colcon_core.environment[0m [1;30mLevel 1[0m checking '/home/ryanl/4231/MTRN4231_Project/install/move_to_marker/lib/pkgconfig/move_to_marker.pc'
[2.430s] [34mcolcon.colcon_core.environment[0m [1;30mLevel 1[0m checking '/home/ryanl/4231/MTRN4231_Project/install/move_to_marker/lib/python3.10/site-packages'
[2.431s] [34mcolcon.colcon_core.environment[0m [1;30mLevel 1[0m checking '/home/ryanl/4231/MTRN4231_Project/install/move_to_marker/bin'
[2.431s] [34mcolcon.colcon_core.shell[0m [1;30mINFO[0m Creating package script '/home/ryanl/4231/MTRN4231_Project/install/move_to_marker/share/move_to_marker/package.ps1'
[2.432s] [34mcolcon.colcon_core.shell[0m [1;30mINFO[0m Creating package descriptor '/home/ryanl/4231/MTRN4231_Project/install/move_to_marker/share/move_to_marker/package.dsv'
[2.433s] [34mcolcon.colcon_core.shell[0m [1;30mINFO[0m Creating package script '/home/ryanl/4231/MTRN4231_Project/install/move_to_marker/share/move_to_marker/package.sh'
[2.434s] [34mcolcon.colcon_core.shell[0m [1;30mINFO[0m Creating package script '/home/ryanl/4231/MTRN4231_Project/install/move_to_marker/share/move_to_marker/package.bash'
[2.435s] [34mcolcon.colcon_core.shell[0m [1;30mINFO[0m Creating package script '/home/ryanl/4231/MTRN4231_Project/install/move_to_marker/share/move_to_marker/package.zsh'
[2.436s] [34mcolcon.colcon_core.environment[0m [1;30mLevel 1[0m create_file_with_runtime_dependencies(/home/ryanl/4231/MTRN4231_Project/install/move_to_marker/share/colcon-core/packages/move_to_marker)
[2.917s] [34mcolcon.colcon_core.event_handler.log_command[0m [1;30mDEBUG[0m [32mInvoked command in '/home/ryanl/4231/MTRN4231_Project/build/custom_interfaces' returned '0': CMAKE_PREFIX_PATH=${CMAKE_PREFIX_PATH}:/opt/ros/humble /usr/bin/cmake --build /home/ryanl/4231/MTRN4231_Project/build/custom_interfaces -- -j16 -l16[0m
[2.921s] [34mcolcon.colcon_core.event_handler.log_command[0m [1;30mDEBUG[0m [32mInvoking command in '/home/ryanl/4231/MTRN4231_Project/build/custom_interfaces': CMAKE_PREFIX_PATH=${CMAKE_PREFIX_PATH}:/opt/ros/humble /usr/bin/cmake --install /home/ryanl/4231/MTRN4231_Project/build/custom_interfaces[0m
[3.090s] [34mcolcon.colcon_core.environment[0m [1;30mLevel 1[0m create_environment_scripts_only(custom_interfaces)
[3.091s] [34mcolcon.colcon_core.environment[0m [1;30mLevel 1[0m checking '/home/ryanl/4231/MTRN4231_Project/install/custom_interfaces' for CMake module files
[3.092s] [34mcolcon.colcon_core.event_handler.log_command[0m [1;30mDEBUG[0m [32mInvoked command in '/home/ryanl/4231/MTRN4231_Project/build/custom_interfaces' returned '0': CMAKE_PREFIX_PATH=${CMAKE_PREFIX_PATH}:/opt/ros/humble /usr/bin/cmake --install /home/ryanl/4231/MTRN4231_Project/build/custom_interfaces[0m
[3.094s] [34mcolcon.colcon_core.environment[0m [1;30mLevel 1[0m checking '/home/ryanl/4231/MTRN4231_Project/install/custom_interfaces' for CMake config files
[3.096s] [34mcolcon.colcon_core.shell[0m [1;30mLevel 1[0m create_environment_hook('custom_interfaces', 'cmake_prefix_path')
[3.097s] [34mcolcon.colcon_core.shell[0m [1;30mINFO[0m Creating environment hook '/home/ryanl/4231/MTRN4231_Project/install/custom_interfaces/share/custom_interfaces/hook/cmake_prefix_path.ps1'
[3.099s] [34mcolcon.colcon_core.shell[0m [1;30mINFO[0m Creating environment descriptor '/home/ryanl/4231/MTRN4231_Project/install/custom_interfaces/share/custom_interfaces/hook/cmake_prefix_path.dsv'
[3.100s] [34mcolcon.colcon_core.shell[0m [1;30mINFO[0m Creating environment hook '/home/ryanl/4231/MTRN4231_Project/install/custom_interfaces/share/custom_interfaces/hook/cmake_prefix_path.sh'
[3.101s] [34mcolcon.colcon_core.environment[0m [1;30mLevel 1[0m checking '/home/ryanl/4231/MTRN4231_Project/install/custom_interfaces/lib'
[3.102s] [34mcolcon.colcon_core.shell[0m [1;30mLevel 1[0m create_environment_hook('custom_interfaces', 'ld_library_path_lib')
[3.103s] [34mcolcon.colcon_core.shell[0m [1;30mINFO[0m Creating environment hook '/home/ryanl/4231/MTRN4231_Project/install/custom_interfaces/share/custom_interfaces/hook/ld_library_path_lib.ps1'
[3.104s] [34mcolcon.colcon_core.shell[0m [1;30mINFO[0m Creating environment descriptor '/home/ryanl/4231/MTRN4231_Project/install/custom_interfaces/share/custom_interfaces/hook/ld_library_path_lib.dsv'
[3.105s] [34mcolcon.colcon_core.shell[0m [1;30mINFO[0m Creating environment hook '/home/ryanl/4231/MTRN4231_Project/install/custom_interfaces/share/custom_interfaces/hook/ld_library_path_lib.sh'
[3.106s] [34mcolcon.colcon_core.environment[0m [1;30mLevel 1[0m checking '/home/ryanl/4231/MTRN4231_Project/install/custom_interfaces/bin'
[3.106s] [34mcolcon.colcon_core.environment[0m [1;30mLevel 1[0m checking '/home/ryanl/4231/MTRN4231_Project/install/custom_interfaces/lib/pkgconfig/custom_interfaces.pc'
[3.106s] [34mcolcon.colcon_core.environment[0m [1;30mLevel 1[0m checking '/home/ryanl/4231/MTRN4231_Project/install/custom_interfaces/lib/python3.10/site-packages'
[3.107s] [34mcolcon.colcon_core.environment[0m [1;30mLevel 1[0m checking '/home/ryanl/4231/MTRN4231_Project/install/custom_interfaces/bin'
[3.107s] [34mcolcon.colcon_core.shell[0m [1;30mINFO[0m Creating package script '/home/ryanl/4231/MTRN4231_Project/install/custom_interfaces/share/custom_interfaces/package.ps1'
[3.108s] [34mcolcon.colcon_core.shell[0m [1;30mINFO[0m Creating package descriptor '/home/ryanl/4231/MTRN4231_Project/install/custom_interfaces/share/custom_interfaces/package.dsv'
[3.109s] [34mcolcon.colcon_core.shell[0m [1;30mINFO[0m Creating package script '/home/ryanl/4231/MTRN4231_Project/install/custom_interfaces/share/custom_interfaces/package.sh'
[3.111s] [34mcolcon.colcon_core.shell[0m [1;30mINFO[0m Creating package script '/home/ryanl/4231/MTRN4231_Project/install/custom_interfaces/share/custom_interfaces/package.bash'
[3.112s] [34mcolcon.colcon_core.shell[0m [1;30mINFO[0m Creating package script '/home/ryanl/4231/MTRN4231_Project/install/custom_interfaces/share/custom_interfaces/package.zsh'
[3.112s] [34mcolcon.colcon_core.environment[0m [1;30mLevel 1[0m create_file_with_runtime_dependencies(/home/ryanl/4231/MTRN4231_Project/install/custom_interfaces/share/colcon-core/packages/custom_interfaces)
[3.113s] [34mcolcon.colcon_core.environment[0m [1;30mLevel 1[0m create_environment_scripts_only(custom_interfaces)
[3.114s] [34mcolcon.colcon_core.environment[0m [1;30mLevel 1[0m checking '/home/ryanl/4231/MTRN4231_Project/install/custom_interfaces' for CMake module files
[3.115s] [34mcolcon.colcon_core.environment[0m [1;30mLevel 1[0m checking '/home/ryanl/4231/MTRN4231_Project/install/custom_interfaces' for CMake config files
[3.116s] [34mcolcon.colcon_core.shell[0m [1;30mLevel 1[0m create_environment_hook('custom_interfaces', 'cmake_prefix_path')
[3.116s] [34mcolcon.colcon_core.shell[0m [1;30mINFO[0m Creating environment hook '/home/ryanl/4231/MTRN4231_Project/install/custom_interfaces/share/custom_interfaces/hook/cmake_prefix_path.ps1'
[3.117s] [34mcolcon.colcon_core.shell[0m [1;30mINFO[0m Creating environment descriptor '/home/ryanl/4231/MTRN4231_Project/install/custom_interfaces/share/custom_interfaces/hook/cmake_prefix_path.dsv'
[3.118s] [34mcolcon.colcon_core.shell[0m [1;30mINFO[0m Creating environment hook '/home/ryanl/4231/MTRN4231_Project/install/custom_interfaces/share/custom_interfaces/hook/cmake_prefix_path.sh'
[3.119s] [34mcolcon.colcon_core.environment[0m [1;30mLevel 1[0m checking '/home/ryanl/4231/MTRN4231_Project/install/custom_interfaces/lib'
[3.119s] [34mcolcon.colcon_core.shell[0m [1;30mLevel 1[0m create_environment_hook('custom_interfaces', 'ld_library_path_lib')
[3.120s] [34mcolcon.colcon_core.shell[0m [1;30mINFO[0m Creating environment hook '/home/ryanl/4231/MTRN4231_Project/install/custom_interfaces/share/custom_interfaces/hook/ld_library_path_lib.ps1'
[3.120s] [34mcolcon.colcon_core.shell[0m [1;30mINFO[0m Creating environment descriptor '/home/ryanl/4231/MTRN4231_Project/install/custom_interfaces/share/custom_interfaces/hook/ld_library_path_lib.dsv'
[3.121s] [34mcolcon.colcon_core.shell[0m [1;30mINFO[0m Creating environment hook '/home/ryanl/4231/MTRN4231_Project/install/custom_interfaces/share/custom_interfaces/hook/ld_library_path_lib.sh'
[3.121s] [34mcolcon.colcon_core.environment[0m [1;30mLevel 1[0m checking '/home/ryanl/4231/MTRN4231_Project/install/custom_interfaces/bin'
[3.122s] [34mcolcon.colcon_core.environment[0m [1;30mLevel 1[0m checking '/home/ryanl/4231/MTRN4231_Project/install/custom_interfaces/lib/pkgconfig/custom_interfaces.pc'
[3.122s] [34mcolcon.colcon_core.environment[0m [1;30mLevel 1[0m checking '/home/ryanl/4231/MTRN4231_Project/install/custom_interfaces/lib/python3.10/site-packages'
[3.122s] [34mcolcon.colcon_core.environment[0m [1;30mLevel 1[0m checking '/home/ryanl/4231/MTRN4231_Project/install/custom_interfaces/bin'
[3.123s] [34mcolcon.colcon_core.shell[0m [1;30mINFO[0m Creating package script '/home/ryanl/4231/MTRN4231_Project/install/custom_interfaces/share/custom_interfaces/package.ps1'
[3.124s] [34mcolcon.colcon_core.shell[0m [1;30mINFO[0m Creating package descriptor '/home/ryanl/4231/MTRN4231_Project/install/custom_interfaces/share/custom_interfaces/package.dsv'
[3.125s] [34mcolcon.colcon_core.shell[0m [1;30mINFO[0m Creating package script '/home/ryanl/4231/MTRN4231_Project/install/custom_interfaces/share/custom_interfaces/package.sh'
[3.126s] [34mcolcon.colcon_core.shell[0m [1;30mINFO[0m Creating package script '/home/ryanl/4231/MTRN4231_Project/install/custom_interfaces/share/custom_interfaces/package.bash'
[3.128s] [34mcolcon.colcon_core.shell[0m [1;30mINFO[0m Creating package script '/home/ryanl/4231/MTRN4231_Project/install/custom_interfaces/share/custom_interfaces/package.zsh'
[3.129s] [34mcolcon.colcon_core.environment[0m [1;30mLevel 1[0m create_file_with_runtime_dependencies(/home/ryanl/4231/MTRN4231_Project/install/custom_interfaces/share/colcon-core/packages/custom_interfaces)
[3.130s] [34mcolcon.colcon_ros.task.ament_cmake.build[0m [1;30mINFO[0m Building ROS package in '/home/ryanl/4231/MTRN4231_Project/src/arm_controller' with build type 'ament_cmake'
[3.131s] [34mcolcon.colcon_cmake.task.cmake.build[0m [1;30mINFO[0m Building CMake package in '/home/ryanl/4231/MTRN4231_Project/src/arm_controller'
[3.132s] [34mcolcon.colcon_core.shell[0m [1;30mINFO[0m Skip shell extension 'powershell' for command environment: Not usable outside of PowerShell
[3.132s] [34mcolcon.colcon_core.shell[0m [1;30mDEBUG[0m [32mSkip shell extension 'dsv' for command environment[0m
[3.355s] [34mcolcon.colcon_core.event_handler.log_command[0m [1;30mDEBUG[0m [32mInvoking command in '/home/ryanl/4231/MTRN4231_Project/build/arm_controller': CMAKE_PREFIX_PATH=/home/ryanl/4231/MTRN4231_Project/install/custom_interfaces:/home/ryanl/4231/MTRN4231_Project/install/move_to_marker:/home/ryanl/4231/MTRN4231_Project/install/end_effector_description:/home/ryanl/4231/MTRN4231_Project/install/arm_controller:/opt/ros/humble /usr/bin/cmake --build /home/ryanl/4231/MTRN4231_Project/build/arm_controller -- -j16 -l16[0m
[23.362s] [34mcolcon.colcon_core.event_handler.log_command[0m [1;30mDEBUG[0m [32mInvoked command in '/home/ryanl/4231/MTRN4231_Project/build/arm_controller' returned '0': CMAKE_PREFIX_PATH=/home/ryanl/4231/MTRN4231_Project/install/custom_interfaces:/home/ryanl/4231/MTRN4231_Project/install/move_to_marker:/home/ryanl/4231/MTRN4231_Project/install/end_effector_description:/home/ryanl/4231/MTRN4231_Project/install/arm_controller:/opt/ros/humble /usr/bin/cmake --build /home/ryanl/4231/MTRN4231_Project/build/arm_controller -- -j16 -l16[0m
[23.367s] [34mcolcon.colcon_core.event_handler.log_command[0m [1;30mDEBUG[0m [32mInvoking command in '/home/ryanl/4231/MTRN4231_Project/build/arm_controller': CMAKE_PREFIX_PATH=/home/ryanl/4231/MTRN4231_Project/install/custom_interfaces:/home/ryanl/4231/MTRN4231_Project/install/move_to_marker:/home/ryanl/4231/MTRN4231_Project/install/end_effector_description:/home/ryanl/4231/MTRN4231_Project/install/arm_controller:/opt/ros/humble /usr/bin/cmake --install /home/ryanl/4231/MTRN4231_Project/build/arm_controller[0m
[23.425s] [34mcolcon.colcon_core.environment[0m [1;30mLevel 1[0m create_environment_scripts_only(arm_controller)
[23.426s] [34mcolcon.colcon_core.environment[0m [1;30mLevel 1[0m checking '/home/ryanl/4231/MTRN4231_Project/install/arm_controller' for CMake module files
[23.427s] [34mcolcon.colcon_core.event_handler.log_command[0m [1;30mDEBUG[0m [32mInvoked command in '/home/ryanl/4231/MTRN4231_Project/build/arm_controller' returned '0': CMAKE_PREFIX_PATH=/home/ryanl/4231/MTRN4231_Project/install/custom_interfaces:/home/ryanl/4231/MTRN4231_Project/install/move_to_marker:/home/ryanl/4231/MTRN4231_Project/install/end_effector_description:/home/ryanl/4231/MTRN4231_Project/install/arm_controller:/opt/ros/humble /usr/bin/cmake --install /home/ryanl/4231/MTRN4231_Project/build/arm_controller[0m
[23.428s] [34mcolcon.colcon_core.environment[0m [1;30mLevel 1[0m checking '/home/ryanl/4231/MTRN4231_Project/install/arm_controller' for CMake config files
[23.428s] [34mcolcon.colcon_core.shell[0m [1;30mLevel 1[0m create_environment_hook('arm_controller', 'cmake_prefix_path')
[23.428s] [34mcolcon.colcon_core.shell[0m [1;30mINFO[0m Creating environment hook '/home/ryanl/4231/MTRN4231_Project/install/arm_controller/share/arm_controller/hook/cmake_prefix_path.ps1'
[23.429s] [34mcolcon.colcon_core.shell[0m [1;30mINFO[0m Creating environment descriptor '/home/ryanl/4231/MTRN4231_Project/install/arm_controller/share/arm_controller/hook/cmake_prefix_path.dsv'
[23.430s] [34mcolcon.colcon_core.shell[0m [1;30mINFO[0m Creating environment hook '/home/ryanl/4231/MTRN4231_Project/install/arm_controller/share/arm_controller/hook/cmake_prefix_path.sh'
[23.431s] [34mcolcon.colcon_core.environment[0m [1;30mLevel 1[0m checking '/home/ryanl/4231/MTRN4231_Project/install/arm_controller/lib'
[23.431s] [34mcolcon.colcon_core.environment[0m [1;30mLevel 1[0m checking '/home/ryanl/4231/MTRN4231_Project/install/arm_controller/bin'
[23.431s] [34mcolcon.colcon_core.environment[0m [1;30mLevel 1[0m checking '/home/ryanl/4231/MTRN4231_Project/install/arm_controller/lib/pkgconfig/arm_controller.pc'
[23.432s] [34mcolcon.colcon_core.environment[0m [1;30mLevel 1[0m checking '/home/ryanl/4231/MTRN4231_Project/install/arm_controller/lib/python3.10/site-packages'
[23.432s] [34mcolcon.colcon_core.environment[0m [1;30mLevel 1[0m checking '/home/ryanl/4231/MTRN4231_Project/install/arm_controller/bin'
[23.432s] [34mcolcon.colcon_core.shell[0m [1;30mINFO[0m Creating package script '/home/ryanl/4231/MTRN4231_Project/install/arm_controller/share/arm_controller/package.ps1'
[23.433s] [34mcolcon.colcon_core.shell[0m [1;30mINFO[0m Creating package descriptor '/home/ryanl/4231/MTRN4231_Project/install/arm_controller/share/arm_controller/package.dsv'
[23.434s] [34mcolcon.colcon_core.shell[0m [1;30mINFO[0m Creating package script '/home/ryanl/4231/MTRN4231_Project/install/arm_controller/share/arm_controller/package.sh'
[23.435s] [34mcolcon.colcon_core.shell[0m [1;30mINFO[0m Creating package script '/home/ryanl/4231/MTRN4231_Project/install/arm_controller/share/arm_controller/package.bash'
[23.436s] [34mcolcon.colcon_core.shell[0m [1;30mINFO[0m Creating package script '/home/ryanl/4231/MTRN4231_Project/install/arm_controller/share/arm_controller/package.zsh'
[23.437s] [34mcolcon.colcon_core.environment[0m [1;30mLevel 1[0m create_file_with_runtime_dependencies(/home/ryanl/4231/MTRN4231_Project/install/arm_controller/share/colcon-core/packages/arm_controller)
[23.438s] [34mcolcon.colcon_core.environment[0m [1;30mLevel 1[0m create_environment_scripts_only(arm_controller)
[23.439s] [34mcolcon.colcon_core.environment[0m [1;30mLevel 1[0m checking '/home/ryanl/4231/MTRN4231_Project/install/arm_controller' for CMake module files
[23.440s] [34mcolcon.colcon_core.environment[0m [1;30mLevel 1[0m checking '/home/ryanl/4231/MTRN4231_Project/install/arm_controller' for CMake config files
[23.440s] [34mcolcon.colcon_core.shell[0m [1;30mLevel 1[0m create_environment_hook('arm_controller', 'cmake_prefix_path')
[23.441s] [34mcolcon.colcon_core.shell[0m [1;30mINFO[0m Creating environment hook '/home/ryanl/4231/MTRN4231_Project/install/arm_controller/share/arm_controller/hook/cmake_prefix_path.ps1'
[23.441s] [34mcolcon.colcon_core.shell[0m [1;30mINFO[0m Creating environment descriptor '/home/ryanl/4231/MTRN4231_Project/install/arm_controller/share/arm_controller/hook/cmake_prefix_path.dsv'
[23.442s] [34mcolcon.colcon_core.shell[0m [1;30mINFO[0m Creating environment hook '/home/ryanl/4231/MTRN4231_Project/install/arm_controller/share/arm_controller/hook/cmake_prefix_path.sh'
[23.444s] [34mcolcon.colcon_core.environment[0m [1;30mLevel 1[0m checking '/home/ryanl/4231/MTRN4231_Project/install/arm_controller/lib'
[23.444s] [34mcolcon.colcon_core.environment[0m [1;30mLevel 1[0m checking '/home/ryanl/4231/MTRN4231_Project/install/arm_controller/bin'
[23.444s] [34mcolcon.colcon_core.environment[0m [1;30mLevel 1[0m checking '/home/ryanl/4231/MTRN4231_Project/install/arm_controller/lib/pkgconfig/arm_controller.pc'
[23.444s] [34mcolcon.colcon_core.environment[0m [1;30mLevel 1[0m checking '/home/ryanl/4231/MTRN4231_Project/install/arm_controller/lib/python3.10/site-packages'
[23.445s] [34mcolcon.colcon_core.environment[0m [1;30mLevel 1[0m checking '/home/ryanl/4231/MTRN4231_Project/install/arm_controller/bin'
[23.445s] [34mcolcon.colcon_core.shell[0m [1;30mINFO[0m Creating package script '/home/ryanl/4231/MTRN4231_Project/install/arm_controller/share/arm_controller/package.ps1'
[23.446s] [34mcolcon.colcon_core.shell[0m [1;30mINFO[0m Creating package descriptor '/home/ryanl/4231/MTRN4231_Project/install/arm_controller/share/arm_controller/package.dsv'
[23.447s] [34mcolcon.colcon_core.shell[0m [1;30mINFO[0m Creating package script '/home/ryanl/4231/MTRN4231_Project/install/arm_controller/share/arm_controller/package.sh'
[23.448s] [34mcolcon.colcon_core.shell[0m [1;30mINFO[0m Creating package script '/home/ryanl/4231/MTRN4231_Project/install/arm_controller/share/arm_controller/package.bash'
[23.449s] [34mcolcon.colcon_core.shell[0m [1;30mINFO[0m Creating package script '/home/ryanl/4231/MTRN4231_Project/install/arm_controller/share/arm_controller/package.zsh'
[23.450s] [34mcolcon.colcon_core.environment[0m [1;30mLevel 1[0m create_file_with_runtime_dependencies(/home/ryanl/4231/MTRN4231_Project/install/arm_controller/share/colcon-core/packages/arm_controller)
[23.451s] [34mcolcon.colcon_parallel_executor.executor.parallel[0m [1;30mDEBUG[0m [32mclosing loop[0m
[23.452s] [34mcolcon.colcon_parallel_executor.executor.parallel[0m [1;30mDEBUG[0m [32mloop closed[0m
[23.453s] [34mcolcon.colcon_parallel_executor.executor.parallel[0m [1;30mDEBUG[0m [32mrun_until_complete finished with '0'[0m
[23.453s] [34mcolcon.colcon_core.event_reactor[0m [1;30mDEBUG[0m [32mjoining thread[0m
[23.560s] [34mcolcon.colcon_core.plugin_system[0m [1;30mINFO[0m Skipping extension 'colcon_notification.desktop_notification.notify_send': Could not find 'notify-send'
[23.560s] [34mcolcon.colcon_core.plugin_system[0m [1;30mINFO[0m Skipping extension 'colcon_notification.desktop_notification.terminal_notifier': Not used on non-Darwin systems
[23.561s] [34mcolcon.colcon_core.plugin_system[0m [1;30mINFO[0m Skipping extension 'colcon_notification.desktop_notification.win32': Not used on non-Windows systems
[23.561s] [34mcolcon.colcon_notification.desktop_notification[0m [1;30mINFO[0m Sending desktop notification using 'notify2'
[23.561s] [34mcolcon.colcon_notification.desktop_notification.notify2[0m [1;30mDEBUG[0m [32mFailed to initialize notify2: org.freedesktop.DBus.Error.FileNotFound: Failed to connect to socket /run/user/1000/bus: No such file or directory[0m
[23.561s] [34mcolcon.colcon_core.event_reactor[0m [1;30mDEBUG[0m [32mjoined thread[0m
[23.562s] [34mcolcon.colcon_core.shell[0m [1;30mINFO[0m Creating prefix script '/home/ryanl/4231/MTRN4231_Project/install/local_setup.ps1'
[23.563s] [34mcolcon.colcon_core.shell[0m [1;30mINFO[0m Creating prefix util module '/home/ryanl/4231/MTRN4231_Project/install/_local_setup_util_ps1.py'
[23.565s] [34mcolcon.colcon_core.shell[0m [1;30mINFO[0m Creating prefix chain script '/home/ryanl/4231/MTRN4231_Project/install/setup.ps1'
[23.567s] [34mcolcon.colcon_core.shell[0m [1;30mINFO[0m Creating prefix script '/home/ryanl/4231/MTRN4231_Project/install/local_setup.sh'
[23.568s] [34mcolcon.colcon_core.shell[0m [1;30mINFO[0m Creating prefix util module '/home/ryanl/4231/MTRN4231_Project/install/_local_setup_util_sh.py'
[23.568s] [34mcolcon.colcon_core.shell[0m [1;30mINFO[0m Creating prefix chain script '/home/ryanl/4231/MTRN4231_Project/install/setup.sh'
[23.570s] [34mcolcon.colcon_core.shell[0m [1;30mINFO[0m Creating prefix script '/home/ryanl/4231/MTRN4231_Project/install/local_setup.bash'
[23.571s] [34mcolcon.colcon_core.shell[0m [1;30mINFO[0m Creating prefix chain script '/home/ryanl/4231/MTRN4231_Project/install/setup.bash'
[23.572s] [34mcolcon.colcon_core.shell[0m [1;30mINFO[0m Creating prefix script '/home/ryanl/4231/MTRN4231_Project/install/local_setup.zsh'
[23.574s] [34mcolcon.colcon_core.shell[0m [1;30mINFO[0m Creating prefix chain script '/home/ryanl/4231/MTRN4231_Project/install/setup.zsh'
