[0.053s] Invoking command in '/home/ryanl/4231/MTRN4231_Project/build/custom_interfaces': CMAKE_PREFIX_PATH=${CMAKE_PREFIX_PATH}:/opt/ros/humble /usr/bin/cmake --build /home/ryanl/4231/MTRN4231_Project/build/custom_interfaces -- -j16 -l16
[0.187s] [  7%] Built target custom_interfaces__cpp
[0.189s] [ 12%] Built target custom_interfaces__rosidl_generator_c
[0.204s] [ 12%] Built target ament_cmake_python_symlink_custom_interfaces
[0.251s] [ 35%] Built target custom_interfaces__rosidl_typesupport_c
[0.252s] [ 38%] Built target custom_interfaces__rosidl_typesupport_introspection_c
[0.252s] [ 43%] Built target custom_interfaces__rosidl_typesupport_cpp
[0.259s] [ 66%] Built target custom_interfaces__rosidl_typesupport_fastrtps_cpp
[0.259s] [ 74%] Built target custom_interfaces__rosidl_typesupport_introspection_cpp
[0.260s] [ 74%] Built target custom_interfaces__rosidl_typesupport_fastrtps_c
[0.318s] [ 74%] Built target custom_interfaces
[0.373s] [ 76%] Built target custom_interfaces__py
[0.433s] [ 84%] Built target custom_interfaces__rosidl_generator_py
[0.490s] [100%] Built target custom_interfaces__rosidl_typesupport_fastrtps_c__pyext
[0.491s] [100%] Built target custom_interfaces__rosidl_typesupport_introspection_c__pyext
[0.491s] [100%] Built target custom_interfaces__rosidl_typesupport_c__pyext
[0.774s] running egg_info
[0.776s] writing custom_interfaces.egg-info/PKG-INFO
[0.776s] writing dependency_links to custom_interfaces.egg-info/dependency_links.txt
[0.777s] writing top-level names to custom_interfaces.egg-info/top_level.txt
[0.785s] reading manifest file 'custom_interfaces.egg-info/SOURCES.txt'
[0.786s] writing manifest file 'custom_interfaces.egg-info/SOURCES.txt'
[0.854s] [100%] Built target ament_cmake_python_build_custom_interfaces_egg
[0.885s] Invoked command in '/home/ryanl/4231/MTRN4231_Project/build/custom_interfaces' returned '0': CMAKE_PREFIX_PATH=${CMAKE_PREFIX_PATH}:/opt/ros/humble /usr/bin/cmake --build /home/ryanl/4231/MTRN4231_Project/build/custom_interfaces -- -j16 -l16
[0.889s] Invoking command in '/home/ryanl/4231/MTRN4231_Project/build/custom_interfaces': CMAKE_PREFIX_PATH=${CMAKE_PREFIX_PATH}:/opt/ros/humble /usr/bin/cmake --install /home/ryanl/4231/MTRN4231_Project/build/custom_interfaces
[0.907s] -- Install configuration: ""
[0.908s] -- Execute custom install script
[0.909s] -- Up-to-date symlink: /home/ryanl/4231/MTRN4231_Project/install/custom_interfaces/share/ament_index/resource_index/rosidl_interfaces/custom_interfaces
[0.910s] -- Up-to-date symlink: /home/ryanl/4231/MTRN4231_Project/install/custom_interfaces/include/custom_interfaces/custom_interfaces/action/detail/gripper_command__functions.h
[0.911s] -- Up-to-date symlink: /home/ryanl/4231/MTRN4231_Project/install/custom_interfaces/include/custom_interfaces/custom_interfaces/action/detail/gripper_command__struct.h
[0.911s] -- Up-to-date symlink: /home/ryanl/4231/MTRN4231_Project/install/custom_interfaces/include/custom_interfaces/custom_interfaces/action/detail/gripper_command__type_support.h
[0.912s] -- Up-to-date symlink: /home/ryanl/4231/MTRN4231_Project/install/custom_interfaces/include/custom_interfaces/custom_interfaces/action/detail/move_tcp__functions.h
[0.912s] -- Up-to-date symlink: /home/ryanl/4231/MTRN4231_Project/install/custom_interfaces/include/custom_interfaces/custom_interfaces/action/detail/move_tcp__struct.h
[0.912s] -- Up-to-date symlink: /home/ryanl/4231/MTRN4231_Project/install/custom_interfaces/include/custom_interfaces/custom_interfaces/action/detail/move_tcp__type_support.h
[0.912s] -- Up-to-date symlink: /home/ryanl/4231/MTRN4231_Project/install/custom_interfaces/include/custom_interfaces/custom_interfaces/action/gripper_command.h
[0.912s] -- Up-to-date symlink: /home/ryanl/4231/MTRN4231_Project/install/custom_interfaces/include/custom_interfaces/custom_interfaces/action/move_tcp.h
[0.913s] -- Up-to-date symlink: /home/ryanl/4231/MTRN4231_Project/install/custom_interfaces/include/custom_interfaces/custom_interfaces/msg/rosidl_generator_c__visibility_control.h
[0.913s] -- Up-to-date symlink: /home/ryanl/4231/MTRN4231_Project/install/custom_interfaces/share/custom_interfaces/environment/library_path.sh
[0.914s] -- Up-to-date symlink: /home/ryanl/4231/MTRN4231_Project/install/custom_interfaces/share/custom_interfaces/environment/library_path.dsv
[0.914s] -- Up-to-date symlink: /home/ryanl/4231/MTRN4231_Project/install/custom_interfaces/include/custom_interfaces/custom_interfaces/action/detail/gripper_command__rosidl_typesupport_fastrtps_c.h
[0.915s] -- Up-to-date symlink: /home/ryanl/4231/MTRN4231_Project/install/custom_interfaces/include/custom_interfaces/custom_interfaces/action/detail/move_tcp__rosidl_typesupport_fastrtps_c.h
[0.915s] -- Up-to-date symlink: /home/ryanl/4231/MTRN4231_Project/install/custom_interfaces/include/custom_interfaces/custom_interfaces/msg/rosidl_typesupport_fastrtps_c__visibility_control.h
[0.916s] -- Up-to-date symlink: /home/ryanl/4231/MTRN4231_Project/install/custom_interfaces/include/custom_interfaces/custom_interfaces/action/detail/gripper_command__rosidl_typesupport_introspection_c.h
[0.916s] -- Up-to-date symlink: /home/ryanl/4231/MTRN4231_Project/install/custom_interfaces/include/custom_interfaces/custom_interfaces/action/detail/move_tcp__rosidl_typesupport_introspection_c.h
[0.917s] -- Up-to-date symlink: /home/ryanl/4231/MTRN4231_Project/install/custom_interfaces/include/custom_interfaces/custom_interfaces/msg/rosidl_typesupport_introspection_c__visibility_control.h
[0.917s] -- Up-to-date symlink: /home/ryanl/4231/MTRN4231_Project/install/custom_interfaces/include/custom_interfaces/custom_interfaces/action/detail/gripper_command__builder.hpp
[0.918s] -- Up-to-date symlink: /home/ryanl/4231/MTRN4231_Project/install/custom_interfaces/include/custom_interfaces/custom_interfaces/action/detail/gripper_command__struct.hpp
[0.918s] -- Up-to-date symlink: /home/ryanl/4231/MTRN4231_Project/install/custom_interfaces/include/custom_interfaces/custom_interfaces/action/detail/gripper_command__traits.hpp
[0.918s] -- Up-to-date symlink: /home/ryanl/4231/MTRN4231_Project/install/custom_interfaces/include/custom_interfaces/custom_interfaces/action/detail/gripper_command__type_support.hpp
[0.919s] -- Up-to-date symlink: /home/ryanl/4231/MTRN4231_Project/install/custom_interfaces/include/custom_interfaces/custom_interfaces/action/detail/move_tcp__builder.hpp
[0.919s] -- Up-to-date symlink: /home/ryanl/4231/MTRN4231_Project/install/custom_interfaces/include/custom_interfaces/custom_interfaces/action/detail/move_tcp__struct.hpp
[0.920s] -- Up-to-date symlink: /home/ryanl/4231/MTRN4231_Project/install/custom_interfaces/include/custom_interfaces/custom_interfaces/action/detail/move_tcp__traits.hpp
[0.920s] -- Up-to-date symlink: /home/ryanl/4231/MTRN4231_Project/install/custom_interfaces/include/custom_interfaces/custom_interfaces/action/detail/move_tcp__type_support.hpp
[0.920s] -- Up-to-date symlink: /home/ryanl/4231/MTRN4231_Project/install/custom_interfaces/include/custom_interfaces/custom_interfaces/action/gripper_command.hpp
[0.920s] -- Up-to-date symlink: /home/ryanl/4231/MTRN4231_Project/install/custom_interfaces/include/custom_interfaces/custom_interfaces/action/move_tcp.hpp
[0.921s] -- Up-to-date symlink: /home/ryanl/4231/MTRN4231_Project/install/custom_interfaces/include/custom_interfaces/custom_interfaces/msg/rosidl_generator_cpp__visibility_control.hpp
[0.922s] -- Up-to-date symlink: /home/ryanl/4231/MTRN4231_Project/install/custom_interfaces/include/custom_interfaces/custom_interfaces/action/detail/gripper_command__rosidl_typesupport_fastrtps_cpp.hpp
[0.922s] -- Up-to-date symlink: /home/ryanl/4231/MTRN4231_Project/install/custom_interfaces/include/custom_interfaces/custom_interfaces/action/detail/move_tcp__rosidl_typesupport_fastrtps_cpp.hpp
[0.923s] -- Up-to-date symlink: /home/ryanl/4231/MTRN4231_Project/install/custom_interfaces/include/custom_interfaces/custom_interfaces/msg/rosidl_typesupport_fastrtps_cpp__visibility_control.h
[0.923s] -- Up-to-date symlink: /home/ryanl/4231/MTRN4231_Project/install/custom_interfaces/include/custom_interfaces/custom_interfaces/action/detail/gripper_command__rosidl_typesupport_introspection_cpp.hpp
[0.923s] -- Up-to-date symlink: /home/ryanl/4231/MTRN4231_Project/install/custom_interfaces/include/custom_interfaces/custom_interfaces/action/detail/move_tcp__rosidl_typesupport_introspection_cpp.hpp
[0.924s] -- Up-to-date symlink: /home/ryanl/4231/MTRN4231_Project/install/custom_interfaces/share/custom_interfaces/environment/pythonpath.sh
[0.924s] -- Up-to-date symlink: /home/ryanl/4231/MTRN4231_Project/install/custom_interfaces/share/custom_interfaces/environment/pythonpath.dsv
[0.925s] -- Up-to-date symlink: /home/ryanl/4231/MTRN4231_Project/install/custom_interfaces/local/lib/python3.10/dist-packages/custom_interfaces-0.0.0-py3.10.egg-info/PKG-INFO
[0.925s] -- Up-to-date symlink: /home/ryanl/4231/MTRN4231_Project/install/custom_interfaces/local/lib/python3.10/dist-packages/custom_interfaces-0.0.0-py3.10.egg-info/SOURCES.txt
[0.926s] -- Up-to-date symlink: /home/ryanl/4231/MTRN4231_Project/install/custom_interfaces/local/lib/python3.10/dist-packages/custom_interfaces-0.0.0-py3.10.egg-info/dependency_links.txt
[0.926s] -- Up-to-date symlink: /home/ryanl/4231/MTRN4231_Project/install/custom_interfaces/local/lib/python3.10/dist-packages/custom_interfaces-0.0.0-py3.10.egg-info/top_level.txt
[0.928s] -- Up-to-date symlink: /home/ryanl/4231/MTRN4231_Project/install/custom_interfaces/local/lib/python3.10/dist-packages/custom_interfaces/__init__.py
[0.928s] -- Up-to-date symlink: /home/ryanl/4231/MTRN4231_Project/install/custom_interfaces/local/lib/python3.10/dist-packages/custom_interfaces/_custom_interfaces_s.ep.rosidl_typesupport_c.c
[0.928s] -- Up-to-date symlink: /home/ryanl/4231/MTRN4231_Project/install/custom_interfaces/local/lib/python3.10/dist-packages/custom_interfaces/_custom_interfaces_s.ep.rosidl_typesupport_fastrtps_c.c
[0.928s] -- Up-to-date symlink: /home/ryanl/4231/MTRN4231_Project/install/custom_interfaces/local/lib/python3.10/dist-packages/custom_interfaces/_custom_interfaces_s.ep.rosidl_typesupport_introspection_c.c
[0.929s] -- Up-to-date symlink: /home/ryanl/4231/MTRN4231_Project/install/custom_interfaces/local/lib/python3.10/dist-packages/custom_interfaces/action/__init__.py
[0.929s] -- Up-to-date symlink: /home/ryanl/4231/MTRN4231_Project/install/custom_interfaces/local/lib/python3.10/dist-packages/custom_interfaces/action/_gripper_command.py
[0.930s] -- Up-to-date symlink: /home/ryanl/4231/MTRN4231_Project/install/custom_interfaces/local/lib/python3.10/dist-packages/custom_interfaces/action/_gripper_command_s.c
[0.930s] -- Up-to-date symlink: /home/ryanl/4231/MTRN4231_Project/install/custom_interfaces/local/lib/python3.10/dist-packages/custom_interfaces/action/_move_tcp.py
[0.930s] -- Up-to-date symlink: /home/ryanl/4231/MTRN4231_Project/install/custom_interfaces/local/lib/python3.10/dist-packages/custom_interfaces/action/_move_tcp_s.c
[0.930s] -- Up-to-date symlink: /home/ryanl/4231/MTRN4231_Project/install/custom_interfaces/local/lib/python3.10/dist-packages/custom_interfaces/custom_interfaces_s__rosidl_typesupport_c.cpython-310-x86_64-linux-gnu.so
[0.930s] -- Up-to-date symlink: /home/ryanl/4231/MTRN4231_Project/install/custom_interfaces/local/lib/python3.10/dist-packages/custom_interfaces/custom_interfaces_s__rosidl_typesupport_fastrtps_c.cpython-310-x86_64-linux-gnu.so
[0.931s] -- Up-to-date symlink: /home/ryanl/4231/MTRN4231_Project/install/custom_interfaces/local/lib/python3.10/dist-packages/custom_interfaces/custom_interfaces_s__rosidl_typesupport_introspection_c.cpython-310-x86_64-linux-gnu.so
[0.931s] -- Up-to-date symlink: /home/ryanl/4231/MTRN4231_Project/install/custom_interfaces/local/lib/python3.10/dist-packages/custom_interfaces/libcustom_interfaces__rosidl_generator_py.so
[0.931s] -- Up-to-date symlink: /home/ryanl/4231/MTRN4231_Project/install/custom_interfaces/local/lib/python3.10/dist-packages/custom_interfaces/custom_interfaces_s__rosidl_typesupport_fastrtps_c.cpython-310-x86_64-linux-gnu.so
[0.932s] -- Up-to-date symlink: /home/ryanl/4231/MTRN4231_Project/install/custom_interfaces/local/lib/python3.10/dist-packages/custom_interfaces/custom_interfaces_s__rosidl_typesupport_introspection_c.cpython-310-x86_64-linux-gnu.so
[0.932s] -- Up-to-date symlink: /home/ryanl/4231/MTRN4231_Project/install/custom_interfaces/local/lib/python3.10/dist-packages/custom_interfaces/custom_interfaces_s__rosidl_typesupport_c.cpython-310-x86_64-linux-gnu.so
[0.933s] -- Up-to-date symlink: /home/ryanl/4231/MTRN4231_Project/install/custom_interfaces/share/custom_interfaces/action/MoveTCP.idl
[0.933s] -- Up-to-date symlink: /home/ryanl/4231/MTRN4231_Project/install/custom_interfaces/share/custom_interfaces/action/GripperCommand.idl
[0.934s] -- Up-to-date symlink: /home/ryanl/4231/MTRN4231_Project/install/custom_interfaces/share/custom_interfaces/action/MoveTCP.action
[0.934s] -- Up-to-date symlink: /home/ryanl/4231/MTRN4231_Project/install/custom_interfaces/share/custom_interfaces/action/GripperCommand.action
[0.935s] -- Up-to-date symlink: /home/ryanl/4231/MTRN4231_Project/install/custom_interfaces/share/custom_interfaces/action/GripperCommand.action
[0.935s] -- Up-to-date symlink: /home/ryanl/4231/MTRN4231_Project/install/custom_interfaces/share/custom_interfaces/action/MoveTCP.action
[0.936s] -- Up-to-date symlink: /home/ryanl/4231/MTRN4231_Project/install/custom_interfaces/share/ament_index/resource_index/package_run_dependencies/custom_interfaces
[0.936s] -- Up-to-date symlink: /home/ryanl/4231/MTRN4231_Project/install/custom_interfaces/share/ament_index/resource_index/parent_prefix_path/custom_interfaces
[0.937s] -- Up-to-date symlink: /home/ryanl/4231/MTRN4231_Project/install/custom_interfaces/share/custom_interfaces/environment/ament_prefix_path.sh
[0.937s] -- Up-to-date symlink: /home/ryanl/4231/MTRN4231_Project/install/custom_interfaces/share/custom_interfaces/environment/ament_prefix_path.dsv
[0.937s] -- Up-to-date symlink: /home/ryanl/4231/MTRN4231_Project/install/custom_interfaces/share/custom_interfaces/environment/path.sh
[0.938s] -- Up-to-date symlink: /home/ryanl/4231/MTRN4231_Project/install/custom_interfaces/share/custom_interfaces/environment/path.dsv
[0.938s] -- Up-to-date symlink: /home/ryanl/4231/MTRN4231_Project/install/custom_interfaces/share/custom_interfaces/local_setup.bash
[0.938s] -- Up-to-date symlink: /home/ryanl/4231/MTRN4231_Project/install/custom_interfaces/share/custom_interfaces/local_setup.sh
[0.938s] -- Up-to-date symlink: /home/ryanl/4231/MTRN4231_Project/install/custom_interfaces/share/custom_interfaces/local_setup.zsh
[0.939s] -- Up-to-date symlink: /home/ryanl/4231/MTRN4231_Project/install/custom_interfaces/share/custom_interfaces/local_setup.dsv
[0.939s] -- Symlinking: /home/ryanl/4231/MTRN4231_Project/install/custom_interfaces/share/custom_interfaces/package.dsv
[0.961s] -- Up-to-date symlink: /home/ryanl/4231/MTRN4231_Project/install/custom_interfaces/share/ament_index/resource_index/packages/custom_interfaces
[0.961s] -- Up-to-date symlink: /home/ryanl/4231/MTRN4231_Project/install/custom_interfaces/share/custom_interfaces/cmake/rosidl_cmake-extras.cmake
[0.961s] -- Up-to-date symlink: /home/ryanl/4231/MTRN4231_Project/install/custom_interfaces/share/custom_interfaces/cmake/ament_cmake_export_dependencies-extras.cmake
[0.962s] -- Up-to-date symlink: /home/ryanl/4231/MTRN4231_Project/install/custom_interfaces/share/custom_interfaces/cmake/ament_cmake_export_include_directories-extras.cmake
[0.962s] -- Up-to-date symlink: /home/ryanl/4231/MTRN4231_Project/install/custom_interfaces/share/custom_interfaces/cmake/ament_cmake_export_libraries-extras.cmake
[0.962s] -- Up-to-date symlink: /home/ryanl/4231/MTRN4231_Project/install/custom_interfaces/share/custom_interfaces/cmake/ament_cmake_export_targets-extras.cmake
[0.963s] -- Up-to-date symlink: /home/ryanl/4231/MTRN4231_Project/install/custom_interfaces/share/custom_interfaces/cmake/rosidl_cmake_export_typesupport_targets-extras.cmake
[0.963s] -- Up-to-date symlink: /home/ryanl/4231/MTRN4231_Project/install/custom_interfaces/share/custom_interfaces/cmake/rosidl_cmake_export_typesupport_libraries-extras.cmake
[0.964s] -- Up-to-date symlink: /home/ryanl/4231/MTRN4231_Project/install/custom_interfaces/share/custom_interfaces/cmake/custom_interfacesConfig.cmake
[0.964s] -- Up-to-date symlink: /home/ryanl/4231/MTRN4231_Project/install/custom_interfaces/share/custom_interfaces/cmake/custom_interfacesConfig-version.cmake
[0.965s] -- Up-to-date symlink: /home/ryanl/4231/MTRN4231_Project/install/custom_interfaces/share/custom_interfaces/package.xml
[0.965s] -- Up-to-date: /home/ryanl/4231/MTRN4231_Project/install/custom_interfaces/lib/libcustom_interfaces__rosidl_generator_c.so
[0.966s] -- Up-to-date: /home/ryanl/4231/MTRN4231_Project/install/custom_interfaces/lib/libcustom_interfaces__rosidl_typesupport_fastrtps_c.so
[0.967s] -- Up-to-date: /home/ryanl/4231/MTRN4231_Project/install/custom_interfaces/lib/libcustom_interfaces__rosidl_typesupport_introspection_c.so
[0.968s] -- Up-to-date: /home/ryanl/4231/MTRN4231_Project/install/custom_interfaces/lib/libcustom_interfaces__rosidl_typesupport_c.so
[0.968s] -- Up-to-date: /home/ryanl/4231/MTRN4231_Project/install/custom_interfaces/lib/libcustom_interfaces__rosidl_typesupport_fastrtps_cpp.so
[0.969s] -- Up-to-date: /home/ryanl/4231/MTRN4231_Project/install/custom_interfaces/lib/libcustom_interfaces__rosidl_typesupport_introspection_cpp.so
[0.970s] -- Up-to-date: /home/ryanl/4231/MTRN4231_Project/install/custom_interfaces/lib/libcustom_interfaces__rosidl_typesupport_cpp.so
[1.040s] Listing '/home/ryanl/4231/MTRN4231_Project/install/custom_interfaces/local/lib/python3.10/dist-packages/custom_interfaces'...
[1.040s] Listing '/home/ryanl/4231/MTRN4231_Project/install/custom_interfaces/local/lib/python3.10/dist-packages/custom_interfaces/action'...
[1.049s] -- Up-to-date: /home/ryanl/4231/MTRN4231_Project/install/custom_interfaces/lib/libcustom_interfaces__rosidl_generator_py.so
[1.050s] -- Up-to-date: /home/ryanl/4231/MTRN4231_Project/install/custom_interfaces/share/custom_interfaces/cmake/export_custom_interfaces__rosidl_generator_cExport.cmake
[1.050s] -- Up-to-date: /home/ryanl/4231/MTRN4231_Project/install/custom_interfaces/share/custom_interfaces/cmake/export_custom_interfaces__rosidl_generator_cExport-noconfig.cmake
[1.050s] -- Up-to-date: /home/ryanl/4231/MTRN4231_Project/install/custom_interfaces/share/custom_interfaces/cmake/export_custom_interfaces__rosidl_typesupport_fastrtps_cExport.cmake
[1.051s] -- Up-to-date: /home/ryanl/4231/MTRN4231_Project/install/custom_interfaces/share/custom_interfaces/cmake/export_custom_interfaces__rosidl_typesupport_fastrtps_cExport-noconfig.cmake
[1.051s] -- Up-to-date: /home/ryanl/4231/MTRN4231_Project/install/custom_interfaces/share/custom_interfaces/cmake/custom_interfaces__rosidl_typesupport_introspection_cExport.cmake
[1.051s] -- Up-to-date: /home/ryanl/4231/MTRN4231_Project/install/custom_interfaces/share/custom_interfaces/cmake/custom_interfaces__rosidl_typesupport_introspection_cExport-noconfig.cmake
[1.052s] -- Up-to-date: /home/ryanl/4231/MTRN4231_Project/install/custom_interfaces/share/custom_interfaces/cmake/custom_interfaces__rosidl_typesupport_cExport.cmake
[1.052s] -- Up-to-date: /home/ryanl/4231/MTRN4231_Project/install/custom_interfaces/share/custom_interfaces/cmake/custom_interfaces__rosidl_typesupport_cExport-noconfig.cmake
[1.052s] -- Up-to-date: /home/ryanl/4231/MTRN4231_Project/install/custom_interfaces/share/custom_interfaces/cmake/export_custom_interfaces__rosidl_generator_cppExport.cmake
[1.052s] -- Up-to-date: /home/ryanl/4231/MTRN4231_Project/install/custom_interfaces/share/custom_interfaces/cmake/export_custom_interfaces__rosidl_typesupport_fastrtps_cppExport.cmake
[1.052s] -- Up-to-date: /home/ryanl/4231/MTRN4231_Project/install/custom_interfaces/share/custom_interfaces/cmake/export_custom_interfaces__rosidl_typesupport_fastrtps_cppExport-noconfig.cmake
[1.053s] -- Up-to-date: /home/ryanl/4231/MTRN4231_Project/install/custom_interfaces/share/custom_interfaces/cmake/custom_interfaces__rosidl_typesupport_introspection_cppExport.cmake
[1.053s] -- Up-to-date: /home/ryanl/4231/MTRN4231_Project/install/custom_interfaces/share/custom_interfaces/cmake/custom_interfaces__rosidl_typesupport_introspection_cppExport-noconfig.cmake
[1.053s] -- Up-to-date: /home/ryanl/4231/MTRN4231_Project/install/custom_interfaces/share/custom_interfaces/cmake/custom_interfaces__rosidl_typesupport_cppExport.cmake
[1.053s] -- Up-to-date: /home/ryanl/4231/MTRN4231_Project/install/custom_interfaces/share/custom_interfaces/cmake/custom_interfaces__rosidl_typesupport_cppExport-noconfig.cmake
[1.053s] -- Up-to-date: /home/ryanl/4231/MTRN4231_Project/install/custom_interfaces/share/custom_interfaces/cmake/export_custom_interfaces__rosidl_generator_pyExport.cmake
[1.053s] -- Up-to-date: /home/ryanl/4231/MTRN4231_Project/install/custom_interfaces/share/custom_interfaces/cmake/export_custom_interfaces__rosidl_generator_pyExport-noconfig.cmake
[1.060s] Invoked command in '/home/ryanl/4231/MTRN4231_Project/build/custom_interfaces' returned '0': CMAKE_PREFIX_PATH=${CMAKE_PREFIX_PATH}:/opt/ros/humble /usr/bin/cmake --install /home/ryanl/4231/MTRN4231_Project/build/custom_interfaces
