[0.029s] Invoking command in '/home/ryanl/4231/MTRN4231_Project/build/ur5e_robot_config': CMAKE_PREFIX_PATH=/opt/ros/humble:${CMAKE_PREFIX_PATH} /usr/bin/cmake /home/ryanl/4231/MTRN4231_Project/src/ur5e_robot_config -DAMENT_CMAKE_SYMLINK_INSTALL=1 -DCMAKE_INSTALL_PREFIX=/home/ryanl/4231/MTRN4231_Project/install/ur5e_robot_config
[0.100s] -- Found ament_cmake: 1.3.12 (/opt/ros/humble/share/ament_cmake/cmake)
[0.368s] -- Override CMake install command with custom implementation using symlinks instead of copying resources
[0.530s] -- Configuring done
[0.541s] -- Generating done
[0.546s] -- Build files have been written to: /home/ryanl/4231/MTRN4231_Project/build/ur5e_robot_config
[0.552s] Invoked command in '/home/ryanl/4231/MTRN4231_Project/build/ur5e_robot_config' returned '0': CMAKE_PREFIX_PATH=/opt/ros/humble:${CMAKE_PREFIX_PATH} /usr/bin/cmake /home/ryanl/4231/MTRN4231_Project/src/ur5e_robot_config -DAMENT_CMAKE_SYMLINK_INSTALL=1 -DCMAKE_INSTALL_PREFIX=/home/ryanl/4231/MTRN4231_Project/install/ur5e_robot_config
[0.556s] Invoking command in '/home/ryanl/4231/MTRN4231_Project/build/ur5e_robot_config': CMAKE_PREFIX_PATH=/opt/ros/humble:${CMAKE_PREFIX_PATH} /usr/bin/cmake --build /home/ryanl/4231/MTRN4231_Project/build/ur5e_robot_config -- -j16 -l16
[0.629s] Invoked command in '/home/ryanl/4231/MTRN4231_Project/build/ur5e_robot_config' returned '0': CMAKE_PREFIX_PATH=/opt/ros/humble:${CMAKE_PREFIX_PATH} /usr/bin/cmake --build /home/ryanl/4231/MTRN4231_Project/build/ur5e_robot_config -- -j16 -l16
[0.650s] Invoking command in '/home/ryanl/4231/MTRN4231_Project/build/ur5e_robot_config': CMAKE_PREFIX_PATH=/opt/ros/humble:${CMAKE_PREFIX_PATH} /usr/bin/cmake --install /home/ryanl/4231/MTRN4231_Project/build/ur5e_robot_config
[0.664s] -- Install configuration: ""
[0.665s] -- Execute custom install script
[0.666s] -- Up-to-date symlink: /home/ryanl/4231/MTRN4231_Project/install/ur5e_robot_config/share/ament_index/resource_index/package_run_dependencies/ur5e_robot_config
[0.667s] -- Up-to-date symlink: /home/ryanl/4231/MTRN4231_Project/install/ur5e_robot_config/share/ament_index/resource_index/parent_prefix_path/ur5e_robot_config
[0.667s] -- Up-to-date symlink: /home/ryanl/4231/MTRN4231_Project/install/ur5e_robot_config/share/ur5e_robot_config/environment/ament_prefix_path.sh
[0.668s] -- Up-to-date symlink: /home/ryanl/4231/MTRN4231_Project/install/ur5e_robot_config/share/ur5e_robot_config/environment/ament_prefix_path.dsv
[0.669s] -- Up-to-date symlink: /home/ryanl/4231/MTRN4231_Project/install/ur5e_robot_config/share/ur5e_robot_config/environment/path.sh
[0.670s] -- Up-to-date symlink: /home/ryanl/4231/MTRN4231_Project/install/ur5e_robot_config/share/ur5e_robot_config/environment/path.dsv
[0.670s] -- Up-to-date symlink: /home/ryanl/4231/MTRN4231_Project/install/ur5e_robot_config/share/ur5e_robot_config/local_setup.bash
[0.671s] -- Up-to-date symlink: /home/ryanl/4231/MTRN4231_Project/install/ur5e_robot_config/share/ur5e_robot_config/local_setup.sh
[0.672s] -- Up-to-date symlink: /home/ryanl/4231/MTRN4231_Project/install/ur5e_robot_config/share/ur5e_robot_config/local_setup.zsh
[0.672s] -- Up-to-date symlink: /home/ryanl/4231/MTRN4231_Project/install/ur5e_robot_config/share/ur5e_robot_config/local_setup.dsv
[0.673s] -- Symlinking: /home/ryanl/4231/MTRN4231_Project/install/ur5e_robot_config/share/ur5e_robot_config/package.dsv
[0.696s] -- Up-to-date symlink: /home/ryanl/4231/MTRN4231_Project/install/ur5e_robot_config/share/ament_index/resource_index/packages/ur5e_robot_config
[0.697s] -- Up-to-date symlink: /home/ryanl/4231/MTRN4231_Project/install/ur5e_robot_config/share/ur5e_robot_config/cmake/ur5e_robot_configConfig.cmake
[0.697s] -- Up-to-date symlink: /home/ryanl/4231/MTRN4231_Project/install/ur5e_robot_config/share/ur5e_robot_config/cmake/ur5e_robot_configConfig-version.cmake
[0.698s] -- Up-to-date symlink: /home/ryanl/4231/MTRN4231_Project/install/ur5e_robot_config/share/ur5e_robot_config/package.xml
[0.699s] -- Up-to-date symlink: /home/ryanl/4231/MTRN4231_Project/install/ur5e_robot_config/share/ur5e_robot_config/launch/bringup.launch.py
[0.700s] -- Up-to-date symlink: /home/ryanl/4231/MTRN4231_Project/install/ur5e_robot_config/share/ur5e_robot_config/launch/fake_control_and_rsp.launch.py
[0.701s] -- Up-to-date symlink: /home/ryanl/4231/MTRN4231_Project/install/ur5e_robot_config/share/ur5e_robot_config/launch/move_group.launch.py
[0.702s] -- Up-to-date symlink: /home/ryanl/4231/MTRN4231_Project/install/ur5e_robot_config/share/ur5e_robot_config/launch/moveit_rviz.launch.py
[0.702s] -- Up-to-date symlink: /home/ryanl/4231/MTRN4231_Project/install/ur5e_robot_config/share/ur5e_robot_config/launch/setup_assistant.launch.py
[0.703s] -- Up-to-date symlink: /home/ryanl/4231/MTRN4231_Project/install/ur5e_robot_config/share/ur5e_robot_config/config/controllers.yaml
[0.704s] -- Up-to-date symlink: /home/ryanl/4231/MTRN4231_Project/install/ur5e_robot_config/share/ur5e_robot_config/config/end_effector_withDriverSupport.srdf
[0.704s] -- Up-to-date symlink: /home/ryanl/4231/MTRN4231_Project/install/ur5e_robot_config/share/ur5e_robot_config/config/joint_limits.yaml
[0.705s] -- Up-to-date symlink: /home/ryanl/4231/MTRN4231_Project/install/ur5e_robot_config/share/ur5e_robot_config/config/kinematics.yaml
[0.706s] -- Up-to-date symlink: /home/ryanl/4231/MTRN4231_Project/install/ur5e_robot_config/share/ur5e_robot_config/config/moveit.rviz
[0.706s] -- Up-to-date symlink: /home/ryanl/4231/MTRN4231_Project/install/ur5e_robot_config/share/ur5e_robot_config/config/moveit_controllers.yaml
[0.707s] -- Up-to-date symlink: /home/ryanl/4231/MTRN4231_Project/install/ur5e_robot_config/share/ur5e_robot_config/config/pilz_cartesian_limits.yaml
[0.708s] [31mCMake Error at ament_cmake_symlink_install/ament_cmake_symlink_install.cmake:158 (message):
[0.708s]   ament_cmake_symlink_install_files() can't find
[0.708s]   '/home/ryanl/4231/MTRN4231_Project/src/ur5e_robot_config/.setup_assistant'
[0.708s] Call Stack (most recent call first):
[0.709s]   ament_cmake_symlink_install/ament_cmake_symlink_install.cmake:362 (ament_cmake_symlink_install_files)
[0.709s]   cmake_install.cmake:46 (include)
[0.709s] 
[0.709s] [0m
[0.713s] Invoked command in '/home/ryanl/4231/MTRN4231_Project/build/ur5e_robot_config' returned '1': CMAKE_PREFIX_PATH=/opt/ros/humble:${CMAKE_PREFIX_PATH} /usr/bin/cmake --install /home/ryanl/4231/MTRN4231_Project/build/ur5e_robot_config
