[0.031s] Invoking command in '/home/ryanl/4231/MTRN4231_Project/build/ur5e_robot_config': /usr/bin/cmake --build /home/ryanl/4231/MTRN4231_Project/build/ur5e_robot_config -- -j16 -l16
[0.196s] Invoked command in '/home/ryanl/4231/MTRN4231_Project/build/ur5e_robot_config' returned '0': /usr/bin/cmake --build /home/ryanl/4231/MTRN4231_Project/build/ur5e_robot_config -- -j16 -l16
[0.226s] Invoking command in '/home/ryanl/4231/MTRN4231_Project/build/ur5e_robot_config': /usr/bin/cmake --install /home/ryanl/4231/MTRN4231_Project/build/ur5e_robot_config
[0.245s] -- Install configuration: ""
[0.245s] -- Up-to-date: /home/ryanl/4231/MTRN4231_Project/install/ur5e_robot_config/share/ur5e_robot_config/urdf
[0.246s] -- Up-to-date: /home/ryanl/4231/MTRN4231_Project/install/ur5e_robot_config/share/ur5e_robot_config/urdf/ur5e_with_tool.urdf.xacro
[0.246s] -- Up-to-date: /home/ryanl/4231/MTRN4231_Project/install/ur5e_robot_config/share/ur5e_robot_config/urdf/my_gripper.xacro
[0.247s] -- Up-to-date: /home/ryanl/4231/MTRN4231_Project/install/ur5e_robot_config/share/ur5e_robot_config/config
[0.247s] -- Up-to-date: /home/ryanl/4231/MTRN4231_Project/install/ur5e_robot_config/share/ur5e_robot_config/config/controllers.yaml
[0.247s] -- Up-to-date: /home/ryanl/4231/MTRN4231_Project/install/ur5e_robot_config/share/ur5e_robot_config/launch
[0.247s] -- Up-to-date: /home/ryanl/4231/MTRN4231_Project/install/ur5e_robot_config/share/ur5e_robot_config/launch/fake_control_and_rsp.launch.py
[0.248s] -- Up-to-date: /home/ryanl/4231/MTRN4231_Project/install/ur5e_robot_config/share/ur5e_robot_config/launch/bringup.launch.py
[0.248s] -- Up-to-date: /home/ryanl/4231/MTRN4231_Project/install/ur5e_robot_config/share/ur5e_robot_config/rviz
[0.248s] -- Up-to-date: /home/ryanl/4231/MTRN4231_Project/install/ur5e_robot_config/share/ament_index/resource_index/package_run_dependencies/ur5e_robot_config
[0.248s] -- Up-to-date: /home/ryanl/4231/MTRN4231_Project/install/ur5e_robot_config/share/ament_index/resource_index/parent_prefix_path/ur5e_robot_config
[0.249s] -- Up-to-date: /home/ryanl/4231/MTRN4231_Project/install/ur5e_robot_config/share/ur5e_robot_config/environment/ament_prefix_path.sh
[0.249s] -- Up-to-date: /home/ryanl/4231/MTRN4231_Project/install/ur5e_robot_config/share/ur5e_robot_config/environment/ament_prefix_path.dsv
[0.249s] -- Up-to-date: /home/ryanl/4231/MTRN4231_Project/install/ur5e_robot_config/share/ur5e_robot_config/environment/path.sh
[0.249s] -- Up-to-date: /home/ryanl/4231/MTRN4231_Project/install/ur5e_robot_config/share/ur5e_robot_config/environment/path.dsv
[0.249s] -- Up-to-date: /home/ryanl/4231/MTRN4231_Project/install/ur5e_robot_config/share/ur5e_robot_config/local_setup.bash
[0.249s] -- Up-to-date: /home/ryanl/4231/MTRN4231_Project/install/ur5e_robot_config/share/ur5e_robot_config/local_setup.sh
[0.249s] -- Up-to-date: /home/ryanl/4231/MTRN4231_Project/install/ur5e_robot_config/share/ur5e_robot_config/local_setup.zsh
[0.250s] -- Up-to-date: /home/ryanl/4231/MTRN4231_Project/install/ur5e_robot_config/share/ur5e_robot_config/local_setup.dsv
[0.250s] -- Up-to-date: /home/ryanl/4231/MTRN4231_Project/install/ur5e_robot_config/share/ur5e_robot_config/package.dsv
[0.250s] -- Up-to-date: /home/ryanl/4231/MTRN4231_Project/install/ur5e_robot_config/share/ament_index/resource_index/packages/ur5e_robot_config
[0.250s] -- Up-to-date: /home/ryanl/4231/MTRN4231_Project/install/ur5e_robot_config/share/ur5e_robot_config/cmake/ur5e_robot_configConfig.cmake
[0.250s] -- Up-to-date: /home/ryanl/4231/MTRN4231_Project/install/ur5e_robot_config/share/ur5e_robot_config/cmake/ur5e_robot_configConfig-version.cmake
[0.250s] -- Up-to-date: /home/ryanl/4231/MTRN4231_Project/install/ur5e_robot_config/share/ur5e_robot_config/package.xml
[0.253s] Invoked command in '/home/ryanl/4231/MTRN4231_Project/build/ur5e_robot_config' returned '0': /usr/bin/cmake --install /home/ryanl/4231/MTRN4231_Project/build/ur5e_robot_config
