[0.025s] Invoking command in '/home/ryanl/4231/MTRN4231_Project/build/chess_arm_executor': CMAKE_PREFIX_PATH=/opt/ros/humble /usr/bin/cmake /home/ryanl/4231/MTRN4231_Project/src/chess_arm_executor -DCMAKE_INSTALL_PREFIX=/home/ryanl/4231/MTRN4231_Project/install/chess_arm_executor
[0.307s] -- The C compiler identification is GNU 11.4.0
[1.187s] -- The CXX compiler identification is GNU 11.4.0
[1.880s] -- Detecting C compiler ABI info
[2.205s] -- Detecting C compiler ABI info - done
[2.215s] -- Check for working C compiler: /usr/bin/cc - skipped
[2.215s] -- Detecting C compile features
[2.216s] -- Detecting C compile features - done
[2.221s] -- Detecting CXX compiler ABI info
[2.553s] -- Detecting CXX compiler ABI info - done
[2.563s] -- Check for working CXX compiler: /usr/bin/c++ - skipped
[2.564s] -- Detecting CXX compile features
[2.564s] -- Detecting CXX compile features - done
[2.570s] -- Found ament_cmake: 1.3.12 (/opt/ros/humble/share/ament_cmake/cmake)
[2.817s] -- Found Python3: /usr/bin/python3 (found version "3.10.12") found components: Interpreter 
[2.969s] -- Found rclcpp: 16.0.14 (/opt/ros/humble/share/rclcpp/cmake)
[3.379s] -- Found rosidl_generator_c: 3.1.7 (/opt/ros/humble/share/rosidl_generator_c/cmake)
[3.386s] -- Found rosidl_adapter: 3.1.7 (/opt/ros/humble/share/rosidl_adapter/cmake)
[3.398s] -- Found rosidl_generator_cpp: 3.1.7 (/opt/ros/humble/share/rosidl_generator_cpp/cmake)
[3.415s] -- Using all available rosidl_typesupport_c: rosidl_typesupport_fastrtps_c;rosidl_typesupport_introspection_c
[3.438s] -- Using all available rosidl_typesupport_cpp: rosidl_typesupport_fastrtps_cpp;rosidl_typesupport_introspection_cpp
[3.499s] -- Found rmw_implementation_cmake: 6.1.2 (/opt/ros/humble/share/rmw_implementation_cmake/cmake)
[3.503s] -- Found rmw_fastrtps_cpp: 6.2.8 (/opt/ros/humble/share/rmw_fastrtps_cpp/cmake)
[6.142s] -- Found OpenSSL: /usr/lib/x86_64-linux-gnu/libcrypto.so (found version "3.0.2")  
[8.879s] -- Found FastRTPS: /opt/ros/humble/include  
[13.655s] -- Using RMW implementation 'rmw_fastrtps_cpp' as default
[13.669s] -- Looking for pthread.h
[13.952s] -- Looking for pthread.h - found
[13.953s] -- Performing Test CMAKE_HAVE_LIBC_PTHREAD
[14.224s] -- Performing Test CMAKE_HAVE_LIBC_PTHREAD - Success
[14.226s] -- Found Threads: TRUE  
[14.305s] -- Found rclcpp_action: 16.0.15 (/opt/ros/humble/share/rclcpp_action/cmake)
[14.352s] -- Found moveit_ros_planning_interface: 2.5.9 (/opt/ros/humble/share/moveit_ros_planning_interface/cmake)
[14.385s] -- Found Boost: /usr/lib/x86_64-linux-gnu/cmake/Boost-1.74.0/BoostConfig.cmake (found version "1.74.0") found components: date_time filesystem program_options system thread 
[14.595s] -- Found Boost: /usr/lib/x86_64-linux-gnu/cmake/Boost-1.74.0/BoostConfig.cmake (found version "1.74.0") found components: chrono date_time filesystem iostreams program_options regex serialization system thread 
[16.920s] -- Found parameter_traits: 0.5.0 (/opt/ros/humble/share/parameter_traits/cmake)
[16.938s] -- Found rclcpp_lifecycle: 16.0.14 (/opt/ros/humble/share/rclcpp_lifecycle/cmake)
[16.971s] -- Found Boost: /usr/lib/x86_64-linux-gnu/cmake/Boost-1.74.0/BoostConfig.cmake (found version "1.74.0") found components: filesystem 
[19.550s] -- library: /usr/lib/x86_64-linux-gnu/libcurl.so
[19.667s] -- Found Eigen3: TRUE (found version "3.4.0") 
[19.667s] -- Ensuring Eigen3 include directory is part of orocos-kdl CMake target
[22.207s] -- Found Boost: /usr/lib/x86_64-linux-gnu/cmake/Boost-1.74.0/BoostConfig.cmake (found version "1.74.0") found components: system filesystem date_time program_options thread chrono 
[22.248s] -- Found Boost: /usr/lib/x86_64-linux-gnu/cmake/Boost-1.74.0/BoostConfig.cmake (found version "1.74.0") found components: thread system filesystem regex date_time program_options 
[22.278s] -- Found Boost: /usr/lib/x86_64-linux-gnu/cmake/Boost-1.74.0/BoostConfig.cmake (found version "1.74.0") found components: system filesystem date_time program_options thread 
[22.317s] -- Found rosidl_default_generators: 1.2.0 (/opt/ros/humble/share/rosidl_default_generators/cmake)
[22.711s] -- Found ament_cmake_ros: 0.10.0 (/opt/ros/humble/share/ament_cmake_ros/cmake)
[23.234s] -- Using all available rosidl_typesupport_c: rosidl_typesupport_fastrtps_c;rosidl_typesupport_introspection_c
[23.460s] -- Using all available rosidl_typesupport_cpp: rosidl_typesupport_fastrtps_cpp;rosidl_typesupport_introspection_cpp
[23.687s] -- Found PythonInterp: /usr/bin/python3 (found suitable version "3.10.12", minimum required is "3.6") 
[23.689s] -- Found python_cmake_module: 0.10.0 (/opt/ros/humble/share/python_cmake_module/cmake)
[24.392s] -- Found PythonLibs: /usr/lib/x86_64-linux-gnu/libpython3.10.so (found suitable version "3.10.12", minimum required is "3.5") 
[24.392s] -- Using PYTHON_EXECUTABLE: /usr/bin/python3
[24.392s] -- Using PYTHON_INCLUDE_DIRS: /usr/include/python3.10
[24.392s] -- Using PYTHON_LIBRARIES: /usr/lib/x86_64-linux-gnu/libpython3.10.so
[24.424s] -- Found PythonExtra: .so  
[24.573s] -- Configuring done
[24.770s] -- Generating done
[24.800s] -- Build files have been written to: /home/ryanl/4231/MTRN4231_Project/build/chess_arm_executor
[24.838s] Invoked command in '/home/ryanl/4231/MTRN4231_Project/build/chess_arm_executor' returned '0': CMAKE_PREFIX_PATH=/opt/ros/humble /usr/bin/cmake /home/ryanl/4231/MTRN4231_Project/src/chess_arm_executor -DCMAKE_INSTALL_PREFIX=/home/ryanl/4231/MTRN4231_Project/install/chess_arm_executor
[24.839s] Invoking command in '/home/ryanl/4231/MTRN4231_Project/build/chess_arm_executor': CMAKE_PREFIX_PATH=/opt/ros/humble /usr/bin/cmake --build /home/ryanl/4231/MTRN4231_Project/build/chess_arm_executor -- -j16 -l16
[24.935s] [  3%] [34m[1mGenerating C code for ROS interfaces[0m
[24.969s] [  6%] [34m[1mGenerating C++ code for ROS interfaces[0m
[24.986s] [  6%] Built target ament_cmake_python_copy_chess_arm_executor
[25.406s] running egg_info
[25.408s] creating chess_arm_executor.egg-info
[25.410s] writing chess_arm_executor.egg-info/PKG-INFO
[25.410s] writing dependency_links to chess_arm_executor.egg-info/dependency_links.txt
[25.411s] writing top-level names to chess_arm_executor.egg-info/top_level.txt
[25.412s] writing manifest file 'chess_arm_executor.egg-info/SOURCES.txt'
[25.416s] reading manifest file 'chess_arm_executor.egg-info/SOURCES.txt'
[25.417s] writing manifest file 'chess_arm_executor.egg-info/SOURCES.txt'
[25.491s] [  6%] Built target ament_cmake_python_build_chess_arm_executor_egg
[25.731s] [  9%] [32mBuilding C object CMakeFiles/chess_arm_executor__rosidl_generator_c.dir/rosidl_generator_c/chess_arm_executor/action/detail/execute_move__functions.c.o[0m
[25.745s] [  9%] Built target chess_arm_executor__cpp
[25.764s] [ 15%] [34m[1mGenerating C++ type support dispatch for ROS interfaces[0m
[25.764s] [ 15%] [34m[1mGenerating C++ type support for eProsima Fast-RTPS[0m
[25.765s] [ 18%] [34m[1mGenerating C++ introspection for ROS interfaces[0m
[26.040s] [ 21%] [32m[1mLinking C shared library libchess_arm_executor__rosidl_generator_c.so[0m
[26.307s] [ 21%] Built target chess_arm_executor__rosidl_generator_c
[26.329s] [ 27%] [34m[1mGenerating C type support dispatch for ROS interfaces[0m
[26.329s] [ 27%] [34m[1mGenerating C introspection for ROS interfaces[0m
[26.329s] [ 30%] [34m[1mGenerating C type support for eProsima Fast-RTPS[0m
[26.440s] [ 33%] [32mBuilding CXX object CMakeFiles/chess_arm_executor__rosidl_typesupport_cpp.dir/rosidl_typesupport_cpp/chess_arm_executor/action/execute_move__type_support.cpp.o[0m
[26.504s] [ 36%] [32mBuilding CXX object CMakeFiles/chess_arm_executor__rosidl_typesupport_introspection_cpp.dir/rosidl_typesupport_introspection_cpp/chess_arm_executor/action/detail/execute_move__type_support.cpp.o[0m
[26.608s] [ 39%] [32mBuilding CXX object CMakeFiles/chess_arm_executor__rosidl_typesupport_fastrtps_cpp.dir/rosidl_typesupport_fastrtps_cpp/chess_arm_executor/action/detail/dds_fastrtps/execute_move__type_support.cpp.o[0m
[26.990s] [ 42%] [32mBuilding CXX object CMakeFiles/chess_arm_executor__rosidl_typesupport_c.dir/rosidl_typesupport_c/chess_arm_executor/action/execute_move__type_support.cpp.o[0m
[27.100s] [ 45%] [32m[1mLinking CXX shared library libchess_arm_executor__rosidl_typesupport_c.so[0m
[27.101s] [ 48%] [32mBuilding C object CMakeFiles/chess_arm_executor__rosidl_typesupport_introspection_c.dir/rosidl_typesupport_introspection_c/chess_arm_executor/action/detail/execute_move__type_support.c.o[0m
[27.207s] [ 51%] [32mBuilding CXX object CMakeFiles/chess_arm_executor__rosidl_typesupport_fastrtps_c.dir/rosidl_typesupport_fastrtps_c/chess_arm_executor/action/detail/execute_move__type_support_c.cpp.o[0m
[27.273s] [ 54%] [32m[1mLinking C shared library libchess_arm_executor__rosidl_typesupport_introspection_c.so[0m
[27.396s] [ 57%] [32m[1mLinking CXX shared library libchess_arm_executor__rosidl_typesupport_cpp.so[0m
[27.400s] [ 57%] Built target chess_arm_executor__rosidl_typesupport_c
[27.516s] [ 57%] Built target chess_arm_executor__rosidl_typesupport_introspection_c
[27.656s] [ 57%] Built target chess_arm_executor__rosidl_typesupport_cpp
[27.672s] [ 60%] [32m[1mLinking CXX shared library libchess_arm_executor__rosidl_typesupport_introspection_cpp.so[0m
[27.701s] [ 63%] [32mBuilding CXX object CMakeFiles/arm_controller_node.dir/src/arm_controller_node.cpp.o[0m
[27.717s] [ 66%] [32m[1mLinking CXX shared library libchess_arm_executor__rosidl_typesupport_fastrtps_cpp.so[0m
[27.919s] [ 69%] [32m[1mLinking CXX shared library libchess_arm_executor__rosidl_typesupport_fastrtps_c.so[0m
[27.977s] [ 69%] Built target chess_arm_executor__rosidl_typesupport_introspection_cpp
[28.024s] [ 69%] Built target chess_arm_executor__rosidl_typesupport_fastrtps_cpp
[28.230s] [ 69%] Built target chess_arm_executor__rosidl_typesupport_fastrtps_c
[28.270s] [ 69%] Built target chess_arm_executor
[28.313s] [ 72%] [34m[1mGenerating Python code for ROS interfaces[0m
[29.517s] [ 72%] Built target chess_arm_executor__py
[29.558s] [ 75%] [32mBuilding C object CMakeFiles/chess_arm_executor__rosidl_generator_py.dir/rosidl_generator_py/chess_arm_executor/action/_execute_move_s.c.o[0m
[29.811s] [ 78%] [32m[1mLinking C shared library rosidl_generator_py/chess_arm_executor/libchess_arm_executor__rosidl_generator_py.so[0m
[30.115s] [ 78%] Built target chess_arm_executor__rosidl_generator_py
[30.155s] [ 84%] [32mBuilding C object CMakeFiles/chess_arm_executor__rosidl_typesupport_c__pyext.dir/rosidl_generator_py/chess_arm_executor/_chess_arm_executor_s.ep.rosidl_typesupport_c.c.o[0m
[30.156s] [ 84%] [32mBuilding C object CMakeFiles/chess_arm_executor__rosidl_typesupport_introspection_c__pyext.dir/rosidl_generator_py/chess_arm_executor/_chess_arm_executor_s.ep.rosidl_typesupport_introspection_c.c.o[0m
[30.156s] [ 87%] [32mBuilding C object CMakeFiles/chess_arm_executor__rosidl_typesupport_fastrtps_c__pyext.dir/rosidl_generator_py/chess_arm_executor/_chess_arm_executor_s.ep.rosidl_typesupport_fastrtps_c.c.o[0m
[30.437s] [ 96%] [32m[1mLinking C shared library rosidl_generator_py/chess_arm_executor/chess_arm_executor_s__rosidl_typesupport_fastrtps_c.cpython-310-x86_64-linux-gnu.so[0m
[30.437s] [ 96%] [32m[1mLinking C shared library rosidl_generator_py/chess_arm_executor/chess_arm_executor_s__rosidl_typesupport_introspection_c.cpython-310-x86_64-linux-gnu.so[0m
[30.438s] [ 96%] [32m[1mLinking C shared library rosidl_generator_py/chess_arm_executor/chess_arm_executor_s__rosidl_typesupport_c.cpython-310-x86_64-linux-gnu.so[0m
[30.632s] [ 96%] Built target chess_arm_executor__rosidl_typesupport_c__pyext
[30.633s] [ 96%] Built target chess_arm_executor__rosidl_typesupport_fastrtps_c__pyext
[30.642s] [ 96%] Built target chess_arm_executor__rosidl_typesupport_introspection_c__pyext
[44.490s] [100%] [32m[1mLinking CXX executable arm_controller_node[0m
[45.879s] [100%] Built target arm_controller_node
[45.905s] Invoked command in '/home/ryanl/4231/MTRN4231_Project/build/chess_arm_executor' returned '0': CMAKE_PREFIX_PATH=/opt/ros/humble /usr/bin/cmake --build /home/ryanl/4231/MTRN4231_Project/build/chess_arm_executor -- -j16 -l16
[45.926s] Invoking command in '/home/ryanl/4231/MTRN4231_Project/build/chess_arm_executor': CMAKE_PREFIX_PATH=/opt/ros/humble /usr/bin/cmake --install /home/ryanl/4231/MTRN4231_Project/build/chess_arm_executor
[45.939s] -- Install configuration: ""
[45.944s] -- Installing: /home/ryanl/4231/MTRN4231_Project/install/chess_arm_executor/share/ament_index/resource_index/rosidl_interfaces/chess_arm_executor
[45.944s] -- Installing: /home/ryanl/4231/MTRN4231_Project/install/chess_arm_executor/include/chess_arm_executor/chess_arm_executor
[45.946s] -- Installing: /home/ryanl/4231/MTRN4231_Project/install/chess_arm_executor/include/chess_arm_executor/chess_arm_executor/action
[45.947s] -- Installing: /home/ryanl/4231/MTRN4231_Project/install/chess_arm_executor/include/chess_arm_executor/chess_arm_executor/action/detail
[45.947s] -- Installing: /home/ryanl/4231/MTRN4231_Project/install/chess_arm_executor/include/chess_arm_executor/chess_arm_executor/action/detail/execute_move__functions.h
[45.948s] -- Installing: /home/ryanl/4231/MTRN4231_Project/install/chess_arm_executor/include/chess_arm_executor/chess_arm_executor/action/detail/execute_move__struct.h
[45.948s] -- Installing: /home/ryanl/4231/MTRN4231_Project/install/chess_arm_executor/include/chess_arm_executor/chess_arm_executor/action/detail/execute_move__functions.c
[45.948s] -- Installing: /home/ryanl/4231/MTRN4231_Project/install/chess_arm_executor/include/chess_arm_executor/chess_arm_executor/action/detail/execute_move__type_support.h
[45.949s] -- Installing: /home/ryanl/4231/MTRN4231_Project/install/chess_arm_executor/include/chess_arm_executor/chess_arm_executor/action/execute_move.h
[45.949s] -- Installing: /home/ryanl/4231/MTRN4231_Project/install/chess_arm_executor/include/chess_arm_executor/chess_arm_executor/msg
[45.950s] -- Installing: /home/ryanl/4231/MTRN4231_Project/install/chess_arm_executor/include/chess_arm_executor/chess_arm_executor/msg/rosidl_generator_c__visibility_control.h
[45.951s] -- Installing: /home/ryanl/4231/MTRN4231_Project/install/chess_arm_executor/share/chess_arm_executor/environment/library_path.sh
[45.952s] -- Installing: /home/ryanl/4231/MTRN4231_Project/install/chess_arm_executor/share/chess_arm_executor/environment/library_path.dsv
[45.953s] -- Installing: /home/ryanl/4231/MTRN4231_Project/install/chess_arm_executor/lib/libchess_arm_executor__rosidl_generator_c.so
[45.954s] -- Set runtime path of "/home/ryanl/4231/MTRN4231_Project/install/chess_arm_executor/lib/libchess_arm_executor__rosidl_generator_c.so" to ""
[45.954s] -- Up-to-date: /home/ryanl/4231/MTRN4231_Project/install/chess_arm_executor/include/chess_arm_executor/chess_arm_executor
[45.954s] -- Up-to-date: /home/ryanl/4231/MTRN4231_Project/install/chess_arm_executor/include/chess_arm_executor/chess_arm_executor/action
[45.954s] -- Up-to-date: /home/ryanl/4231/MTRN4231_Project/install/chess_arm_executor/include/chess_arm_executor/chess_arm_executor/action/detail
[45.954s] -- Installing: /home/ryanl/4231/MTRN4231_Project/install/chess_arm_executor/include/chess_arm_executor/chess_arm_executor/action/detail/execute_move__rosidl_typesupport_fastrtps_c.h
[45.955s] -- Up-to-date: /home/ryanl/4231/MTRN4231_Project/install/chess_arm_executor/include/chess_arm_executor/chess_arm_executor/msg
[45.955s] -- Installing: /home/ryanl/4231/MTRN4231_Project/install/chess_arm_executor/include/chess_arm_executor/chess_arm_executor/msg/rosidl_typesupport_fastrtps_c__visibility_control.h
[45.955s] -- Installing: /home/ryanl/4231/MTRN4231_Project/install/chess_arm_executor/lib/libchess_arm_executor__rosidl_typesupport_fastrtps_c.so
[45.956s] -- Set runtime path of "/home/ryanl/4231/MTRN4231_Project/install/chess_arm_executor/lib/libchess_arm_executor__rosidl_typesupport_fastrtps_c.so" to ""
[45.956s] -- Up-to-date: /home/ryanl/4231/MTRN4231_Project/install/chess_arm_executor/include/chess_arm_executor/chess_arm_executor
[45.956s] -- Up-to-date: /home/ryanl/4231/MTRN4231_Project/install/chess_arm_executor/include/chess_arm_executor/chess_arm_executor/action
[45.956s] -- Up-to-date: /home/ryanl/4231/MTRN4231_Project/install/chess_arm_executor/include/chess_arm_executor/chess_arm_executor/action/detail
[45.957s] -- Installing: /home/ryanl/4231/MTRN4231_Project/install/chess_arm_executor/include/chess_arm_executor/chess_arm_executor/action/detail/execute_move__builder.hpp
[45.957s] -- Installing: /home/ryanl/4231/MTRN4231_Project/install/chess_arm_executor/include/chess_arm_executor/chess_arm_executor/action/detail/execute_move__struct.hpp
[45.957s] -- Installing: /home/ryanl/4231/MTRN4231_Project/install/chess_arm_executor/include/chess_arm_executor/chess_arm_executor/action/detail/execute_move__type_support.hpp
[45.957s] -- Installing: /home/ryanl/4231/MTRN4231_Project/install/chess_arm_executor/include/chess_arm_executor/chess_arm_executor/action/detail/execute_move__traits.hpp
[45.957s] -- Installing: /home/ryanl/4231/MTRN4231_Project/install/chess_arm_executor/include/chess_arm_executor/chess_arm_executor/action/execute_move.hpp
[45.958s] -- Up-to-date: /home/ryanl/4231/MTRN4231_Project/install/chess_arm_executor/include/chess_arm_executor/chess_arm_executor/msg
[45.958s] -- Installing: /home/ryanl/4231/MTRN4231_Project/install/chess_arm_executor/include/chess_arm_executor/chess_arm_executor/msg/rosidl_generator_cpp__visibility_control.hpp
[45.958s] -- Up-to-date: /home/ryanl/4231/MTRN4231_Project/install/chess_arm_executor/include/chess_arm_executor/chess_arm_executor
[45.958s] -- Up-to-date: /home/ryanl/4231/MTRN4231_Project/install/chess_arm_executor/include/chess_arm_executor/chess_arm_executor/action
[45.959s] -- Up-to-date: /home/ryanl/4231/MTRN4231_Project/install/chess_arm_executor/include/chess_arm_executor/chess_arm_executor/action/detail
[45.959s] -- Installing: /home/ryanl/4231/MTRN4231_Project/install/chess_arm_executor/include/chess_arm_executor/chess_arm_executor/action/detail/execute_move__rosidl_typesupport_fastrtps_cpp.hpp
[45.959s] -- Installing: /home/ryanl/4231/MTRN4231_Project/install/chess_arm_executor/include/chess_arm_executor/chess_arm_executor/action/detail/dds_fastrtps
[45.960s] -- Up-to-date: /home/ryanl/4231/MTRN4231_Project/install/chess_arm_executor/include/chess_arm_executor/chess_arm_executor/msg
[45.960s] -- Installing: /home/ryanl/4231/MTRN4231_Project/install/chess_arm_executor/include/chess_arm_executor/chess_arm_executor/msg/rosidl_typesupport_fastrtps_cpp__visibility_control.h
[45.961s] -- Installing: /home/ryanl/4231/MTRN4231_Project/install/chess_arm_executor/lib/libchess_arm_executor__rosidl_typesupport_fastrtps_cpp.so
[45.962s] -- Set runtime path of "/home/ryanl/4231/MTRN4231_Project/install/chess_arm_executor/lib/libchess_arm_executor__rosidl_typesupport_fastrtps_cpp.so" to ""
[45.962s] -- Up-to-date: /home/ryanl/4231/MTRN4231_Project/install/chess_arm_executor/include/chess_arm_executor/chess_arm_executor
[45.962s] -- Up-to-date: /home/ryanl/4231/MTRN4231_Project/install/chess_arm_executor/include/chess_arm_executor/chess_arm_executor/action
[45.962s] -- Up-to-date: /home/ryanl/4231/MTRN4231_Project/install/chess_arm_executor/include/chess_arm_executor/chess_arm_executor/action/detail
[45.963s] -- Installing: /home/ryanl/4231/MTRN4231_Project/install/chess_arm_executor/include/chess_arm_executor/chess_arm_executor/action/detail/execute_move__rosidl_typesupport_introspection_c.h
[45.963s] -- Installing: /home/ryanl/4231/MTRN4231_Project/install/chess_arm_executor/include/chess_arm_executor/chess_arm_executor/action/detail/execute_move__type_support.c
[45.963s] -- Up-to-date: /home/ryanl/4231/MTRN4231_Project/install/chess_arm_executor/include/chess_arm_executor/chess_arm_executor/msg
[45.963s] -- Installing: /home/ryanl/4231/MTRN4231_Project/install/chess_arm_executor/include/chess_arm_executor/chess_arm_executor/msg/rosidl_typesupport_introspection_c__visibility_control.h
[45.963s] -- Installing: /home/ryanl/4231/MTRN4231_Project/install/chess_arm_executor/lib/libchess_arm_executor__rosidl_typesupport_introspection_c.so
[45.964s] -- Set runtime path of "/home/ryanl/4231/MTRN4231_Project/install/chess_arm_executor/lib/libchess_arm_executor__rosidl_typesupport_introspection_c.so" to ""
[45.964s] -- Installing: /home/ryanl/4231/MTRN4231_Project/install/chess_arm_executor/lib/libchess_arm_executor__rosidl_typesupport_c.so
[45.965s] -- Set runtime path of "/home/ryanl/4231/MTRN4231_Project/install/chess_arm_executor/lib/libchess_arm_executor__rosidl_typesupport_c.so" to ""
[45.965s] -- Up-to-date: /home/ryanl/4231/MTRN4231_Project/install/chess_arm_executor/include/chess_arm_executor/chess_arm_executor
[45.965s] -- Up-to-date: /home/ryanl/4231/MTRN4231_Project/install/chess_arm_executor/include/chess_arm_executor/chess_arm_executor/action
[45.966s] -- Up-to-date: /home/ryanl/4231/MTRN4231_Project/install/chess_arm_executor/include/chess_arm_executor/chess_arm_executor/action/detail
[45.966s] -- Installing: /home/ryanl/4231/MTRN4231_Project/install/chess_arm_executor/include/chess_arm_executor/chess_arm_executor/action/detail/execute_move__type_support.cpp
[45.966s] -- Installing: /home/ryanl/4231/MTRN4231_Project/install/chess_arm_executor/include/chess_arm_executor/chess_arm_executor/action/detail/execute_move__rosidl_typesupport_introspection_cpp.hpp
[45.966s] -- Installing: /home/ryanl/4231/MTRN4231_Project/install/chess_arm_executor/lib/libchess_arm_executor__rosidl_typesupport_introspection_cpp.so
[45.967s] -- Set runtime path of "/home/ryanl/4231/MTRN4231_Project/install/chess_arm_executor/lib/libchess_arm_executor__rosidl_typesupport_introspection_cpp.so" to ""
[45.967s] -- Installing: /home/ryanl/4231/MTRN4231_Project/install/chess_arm_executor/lib/libchess_arm_executor__rosidl_typesupport_cpp.so
[45.968s] -- Set runtime path of "/home/ryanl/4231/MTRN4231_Project/install/chess_arm_executor/lib/libchess_arm_executor__rosidl_typesupport_cpp.so" to ""
[45.968s] -- Installing: /home/ryanl/4231/MTRN4231_Project/install/chess_arm_executor/share/chess_arm_executor/environment/pythonpath.sh
[45.969s] -- Installing: /home/ryanl/4231/MTRN4231_Project/install/chess_arm_executor/share/chess_arm_executor/environment/pythonpath.dsv
[45.969s] -- Installing: /home/ryanl/4231/MTRN4231_Project/install/chess_arm_executor/local/lib/python3.10/dist-packages/chess_arm_executor-0.0.2-py3.10.egg-info
[45.973s] -- Installing: /home/ryanl/4231/MTRN4231_Project/install/chess_arm_executor/local/lib/python3.10/dist-packages/chess_arm_executor-0.0.2-py3.10.egg-info/top_level.txt
[45.973s] -- Installing: /home/ryanl/4231/MTRN4231_Project/install/chess_arm_executor/local/lib/python3.10/dist-packages/chess_arm_executor-0.0.2-py3.10.egg-info/SOURCES.txt
[45.973s] -- Installing: /home/ryanl/4231/MTRN4231_Project/install/chess_arm_executor/local/lib/python3.10/dist-packages/chess_arm_executor-0.0.2-py3.10.egg-info/dependency_links.txt
[45.973s] -- Installing: /home/ryanl/4231/MTRN4231_Project/install/chess_arm_executor/local/lib/python3.10/dist-packages/chess_arm_executor-0.0.2-py3.10.egg-info/PKG-INFO
[45.974s] -- Installing: /home/ryanl/4231/MTRN4231_Project/install/chess_arm_executor/local/lib/python3.10/dist-packages/chess_arm_executor
[45.975s] -- Installing: /home/ryanl/4231/MTRN4231_Project/install/chess_arm_executor/local/lib/python3.10/dist-packages/chess_arm_executor/chess_arm_executor_s__rosidl_typesupport_introspection_c.cpython-310-x86_64-linux-gnu.so
[45.975s] -- Installing: /home/ryanl/4231/MTRN4231_Project/install/chess_arm_executor/local/lib/python3.10/dist-packages/chess_arm_executor/__init__.py
[45.975s] -- Installing: /home/ryanl/4231/MTRN4231_Project/install/chess_arm_executor/local/lib/python3.10/dist-packages/chess_arm_executor/_chess_arm_executor_s.ep.rosidl_typesupport_introspection_c.c
[45.976s] -- Installing: /home/ryanl/4231/MTRN4231_Project/install/chess_arm_executor/local/lib/python3.10/dist-packages/chess_arm_executor/libchess_arm_executor__rosidl_generator_py.so
[45.976s] -- Installing: /home/ryanl/4231/MTRN4231_Project/install/chess_arm_executor/local/lib/python3.10/dist-packages/chess_arm_executor/action
[45.977s] -- Installing: /home/ryanl/4231/MTRN4231_Project/install/chess_arm_executor/local/lib/python3.10/dist-packages/chess_arm_executor/action/_execute_move_s.c
[45.977s] -- Installing: /home/ryanl/4231/MTRN4231_Project/install/chess_arm_executor/local/lib/python3.10/dist-packages/chess_arm_executor/action/__init__.py
[45.978s] -- Installing: /home/ryanl/4231/MTRN4231_Project/install/chess_arm_executor/local/lib/python3.10/dist-packages/chess_arm_executor/action/_execute_move.py
[45.978s] -- Installing: /home/ryanl/4231/MTRN4231_Project/install/chess_arm_executor/local/lib/python3.10/dist-packages/chess_arm_executor/_chess_arm_executor_s.ep.rosidl_typesupport_fastrtps_c.c
[45.979s] -- Installing: /home/ryanl/4231/MTRN4231_Project/install/chess_arm_executor/local/lib/python3.10/dist-packages/chess_arm_executor/_chess_arm_executor_s.ep.rosidl_typesupport_c.c
[45.979s] -- Installing: /home/ryanl/4231/MTRN4231_Project/install/chess_arm_executor/local/lib/python3.10/dist-packages/chess_arm_executor/chess_arm_executor_s__rosidl_typesupport_c.cpython-310-x86_64-linux-gnu.so
[45.979s] -- Installing: /home/ryanl/4231/MTRN4231_Project/install/chess_arm_executor/local/lib/python3.10/dist-packages/chess_arm_executor/chess_arm_executor_s__rosidl_typesupport_fastrtps_c.cpython-310-x86_64-linux-gnu.so
[46.047s] Listing '/home/ryanl/4231/MTRN4231_Project/install/chess_arm_executor/local/lib/python3.10/dist-packages/chess_arm_executor'...
[46.047s] Compiling '/home/ryanl/4231/MTRN4231_Project/install/chess_arm_executor/local/lib/python3.10/dist-packages/chess_arm_executor/__init__.py'...
[46.047s] Listing '/home/ryanl/4231/MTRN4231_Project/install/chess_arm_executor/local/lib/python3.10/dist-packages/chess_arm_executor/action'...
[46.047s] Compiling '/home/ryanl/4231/MTRN4231_Project/install/chess_arm_executor/local/lib/python3.10/dist-packages/chess_arm_executor/action/__init__.py'...
[46.047s] Compiling '/home/ryanl/4231/MTRN4231_Project/install/chess_arm_executor/local/lib/python3.10/dist-packages/chess_arm_executor/action/_execute_move.py'...
[46.056s] -- Installing: /home/ryanl/4231/MTRN4231_Project/install/chess_arm_executor/local/lib/python3.10/dist-packages/chess_arm_executor/chess_arm_executor_s__rosidl_typesupport_fastrtps_c.cpython-310-x86_64-linux-gnu.so
[46.057s] -- Set runtime path of "/home/ryanl/4231/MTRN4231_Project/install/chess_arm_executor/local/lib/python3.10/dist-packages/chess_arm_executor/chess_arm_executor_s__rosidl_typesupport_fastrtps_c.cpython-310-x86_64-linux-gnu.so" to ""
[46.057s] -- Installing: /home/ryanl/4231/MTRN4231_Project/install/chess_arm_executor/local/lib/python3.10/dist-packages/chess_arm_executor/chess_arm_executor_s__rosidl_typesupport_introspection_c.cpython-310-x86_64-linux-gnu.so
[46.058s] -- Set runtime path of "/home/ryanl/4231/MTRN4231_Project/install/chess_arm_executor/local/lib/python3.10/dist-packages/chess_arm_executor/chess_arm_executor_s__rosidl_typesupport_introspection_c.cpython-310-x86_64-linux-gnu.so" to ""
[46.058s] -- Installing: /home/ryanl/4231/MTRN4231_Project/install/chess_arm_executor/local/lib/python3.10/dist-packages/chess_arm_executor/chess_arm_executor_s__rosidl_typesupport_c.cpython-310-x86_64-linux-gnu.so
[46.059s] -- Set runtime path of "/home/ryanl/4231/MTRN4231_Project/install/chess_arm_executor/local/lib/python3.10/dist-packages/chess_arm_executor/chess_arm_executor_s__rosidl_typesupport_c.cpython-310-x86_64-linux-gnu.so" to ""
[46.059s] -- Installing: /home/ryanl/4231/MTRN4231_Project/install/chess_arm_executor/lib/libchess_arm_executor__rosidl_generator_py.so
[46.060s] -- Set runtime path of "/home/ryanl/4231/MTRN4231_Project/install/chess_arm_executor/lib/libchess_arm_executor__rosidl_generator_py.so" to ""
[46.061s] -- Installing: /home/ryanl/4231/MTRN4231_Project/install/chess_arm_executor/share/chess_arm_executor/action/ExecuteMove.idl
[46.061s] -- Installing: /home/ryanl/4231/MTRN4231_Project/install/chess_arm_executor/share/chess_arm_executor/action/ExecuteMove.action
[46.062s] -- Installing: /home/ryanl/4231/MTRN4231_Project/install/chess_arm_executor/lib/chess_arm_executor/arm_controller_node
[46.066s] -- Set runtime path of "/home/ryanl/4231/MTRN4231_Project/install/chess_arm_executor/lib/chess_arm_executor/arm_controller_node" to ""
[46.066s] -- Installing: /home/ryanl/4231/MTRN4231_Project/install/chess_arm_executor/share/chess_arm_executor/launch
[46.067s] -- Installing: /home/ryanl/4231/MTRN4231_Project/install/chess_arm_executor/share/chess_arm_executor/launch/chess_arm.launch.py
[46.071s] -- Installing: /home/ryanl/4231/MTRN4231_Project/install/chess_arm_executor/share/chess_arm_executor/config
[46.072s] -- Installing: /home/ryanl/4231/MTRN4231_Project/install/chess_arm_executor/share/chess_arm_executor/config/params.yaml
[46.073s] -- Up-to-date: /home/ryanl/4231/MTRN4231_Project/install/chess_arm_executor/share/chess_arm_executor/action
[46.073s] -- Up-to-date: /home/ryanl/4231/MTRN4231_Project/install/chess_arm_executor/share/chess_arm_executor/action/ExecuteMove.action
[46.074s] -- Installing: /home/ryanl/4231/MTRN4231_Project/install/chess_arm_executor/share/ament_index/resource_index/package_run_dependencies/chess_arm_executor
[46.075s] -- Installing: /home/ryanl/4231/MTRN4231_Project/install/chess_arm_executor/share/ament_index/resource_index/parent_prefix_path/chess_arm_executor
[46.075s] -- Installing: /home/ryanl/4231/MTRN4231_Project/install/chess_arm_executor/share/chess_arm_executor/environment/ament_prefix_path.sh
[46.076s] -- Installing: /home/ryanl/4231/MTRN4231_Project/install/chess_arm_executor/share/chess_arm_executor/environment/ament_prefix_path.dsv
[46.076s] -- Installing: /home/ryanl/4231/MTRN4231_Project/install/chess_arm_executor/share/chess_arm_executor/environment/path.sh
[46.076s] -- Installing: /home/ryanl/4231/MTRN4231_Project/install/chess_arm_executor/share/chess_arm_executor/environment/path.dsv
[46.077s] -- Installing: /home/ryanl/4231/MTRN4231_Project/install/chess_arm_executor/share/chess_arm_executor/local_setup.bash
[46.077s] -- Installing: /home/ryanl/4231/MTRN4231_Project/install/chess_arm_executor/share/chess_arm_executor/local_setup.sh
[46.078s] -- Installing: /home/ryanl/4231/MTRN4231_Project/install/chess_arm_executor/share/chess_arm_executor/local_setup.zsh
[46.078s] -- Installing: /home/ryanl/4231/MTRN4231_Project/install/chess_arm_executor/share/chess_arm_executor/local_setup.dsv
[46.078s] -- Installing: /home/ryanl/4231/MTRN4231_Project/install/chess_arm_executor/share/chess_arm_executor/package.dsv
[46.079s] -- Installing: /home/ryanl/4231/MTRN4231_Project/install/chess_arm_executor/share/ament_index/resource_index/packages/chess_arm_executor
[46.081s] -- Installing: /home/ryanl/4231/MTRN4231_Project/install/chess_arm_executor/share/chess_arm_executor/cmake/export_chess_arm_executor__rosidl_generator_cExport.cmake
[46.081s] -- Installing: /home/ryanl/4231/MTRN4231_Project/install/chess_arm_executor/share/chess_arm_executor/cmake/export_chess_arm_executor__rosidl_generator_cExport-noconfig.cmake
[46.082s] -- Installing: /home/ryanl/4231/MTRN4231_Project/install/chess_arm_executor/share/chess_arm_executor/cmake/export_chess_arm_executor__rosidl_typesupport_fastrtps_cExport.cmake
[46.083s] -- Installing: /home/ryanl/4231/MTRN4231_Project/install/chess_arm_executor/share/chess_arm_executor/cmake/export_chess_arm_executor__rosidl_typesupport_fastrtps_cExport-noconfig.cmake
[46.083s] -- Installing: /home/ryanl/4231/MTRN4231_Project/install/chess_arm_executor/share/chess_arm_executor/cmake/export_chess_arm_executor__rosidl_generator_cppExport.cmake
[46.084s] -- Installing: /home/ryanl/4231/MTRN4231_Project/install/chess_arm_executor/share/chess_arm_executor/cmake/export_chess_arm_executor__rosidl_typesupport_fastrtps_cppExport.cmake
[46.086s] -- Installing: /home/ryanl/4231/MTRN4231_Project/install/chess_arm_executor/share/chess_arm_executor/cmake/export_chess_arm_executor__rosidl_typesupport_fastrtps_cppExport-noconfig.cmake
[46.086s] -- Installing: /home/ryanl/4231/MTRN4231_Project/install/chess_arm_executor/share/chess_arm_executor/cmake/chess_arm_executor__rosidl_typesupport_introspection_cExport.cmake
[46.086s] -- Installing: /home/ryanl/4231/MTRN4231_Project/install/chess_arm_executor/share/chess_arm_executor/cmake/chess_arm_executor__rosidl_typesupport_introspection_cExport-noconfig.cmake
[46.087s] -- Installing: /home/ryanl/4231/MTRN4231_Project/install/chess_arm_executor/share/chess_arm_executor/cmake/chess_arm_executor__rosidl_typesupport_cExport.cmake
[46.087s] -- Installing: /home/ryanl/4231/MTRN4231_Project/install/chess_arm_executor/share/chess_arm_executor/cmake/chess_arm_executor__rosidl_typesupport_cExport-noconfig.cmake
[46.087s] -- Installing: /home/ryanl/4231/MTRN4231_Project/install/chess_arm_executor/share/chess_arm_executor/cmake/chess_arm_executor__rosidl_typesupport_introspection_cppExport.cmake
[46.088s] -- Installing: /home/ryanl/4231/MTRN4231_Project/install/chess_arm_executor/share/chess_arm_executor/cmake/chess_arm_executor__rosidl_typesupport_introspection_cppExport-noconfig.cmake
[46.088s] -- Installing: /home/ryanl/4231/MTRN4231_Project/install/chess_arm_executor/share/chess_arm_executor/cmake/chess_arm_executor__rosidl_typesupport_cppExport.cmake
[46.088s] -- Installing: /home/ryanl/4231/MTRN4231_Project/install/chess_arm_executor/share/chess_arm_executor/cmake/chess_arm_executor__rosidl_typesupport_cppExport-noconfig.cmake
[46.089s] -- Installing: /home/ryanl/4231/MTRN4231_Project/install/chess_arm_executor/share/chess_arm_executor/cmake/export_chess_arm_executor__rosidl_generator_pyExport.cmake
[46.089s] -- Installing: /home/ryanl/4231/MTRN4231_Project/install/chess_arm_executor/share/chess_arm_executor/cmake/export_chess_arm_executor__rosidl_generator_pyExport-noconfig.cmake
[46.089s] -- Installing: /home/ryanl/4231/MTRN4231_Project/install/chess_arm_executor/share/chess_arm_executor/cmake/rosidl_cmake-extras.cmake
[46.092s] -- Installing: /home/ryanl/4231/MTRN4231_Project/install/chess_arm_executor/share/chess_arm_executor/cmake/ament_cmake_export_dependencies-extras.cmake
[46.092s] -- Installing: /home/ryanl/4231/MTRN4231_Project/install/chess_arm_executor/share/chess_arm_executor/cmake/ament_cmake_export_include_directories-extras.cmake
[46.093s] -- Installing: /home/ryanl/4231/MTRN4231_Project/install/chess_arm_executor/share/chess_arm_executor/cmake/ament_cmake_export_libraries-extras.cmake
[46.093s] -- Installing: /home/ryanl/4231/MTRN4231_Project/install/chess_arm_executor/share/chess_arm_executor/cmake/ament_cmake_export_targets-extras.cmake
[46.093s] -- Installing: /home/ryanl/4231/MTRN4231_Project/install/chess_arm_executor/share/chess_arm_executor/cmake/rosidl_cmake_export_typesupport_targets-extras.cmake
[46.094s] -- Installing: /home/ryanl/4231/MTRN4231_Project/install/chess_arm_executor/share/chess_arm_executor/cmake/rosidl_cmake_export_typesupport_libraries-extras.cmake
[46.094s] -- Installing: /home/ryanl/4231/MTRN4231_Project/install/chess_arm_executor/share/chess_arm_executor/cmake/chess_arm_executorConfig.cmake
[46.094s] -- Installing: /home/ryanl/4231/MTRN4231_Project/install/chess_arm_executor/share/chess_arm_executor/cmake/chess_arm_executorConfig-version.cmake
[46.095s] -- Installing: /home/ryanl/4231/MTRN4231_Project/install/chess_arm_executor/share/chess_arm_executor/package.xml
[46.100s] Invoked command in '/home/ryanl/4231/MTRN4231_Project/build/chess_arm_executor' returned '0': CMAKE_PREFIX_PATH=/opt/ros/humble /usr/bin/cmake --install /home/ryanl/4231/MTRN4231_Project/build/chess_arm_executor
