[0.037s] Invoking command in '/home/ryanl/4231/MTRN4231_Project/build/move_to_marker': CMAKE_PREFIX_PATH=/opt/ros/humble /usr/bin/cmake --build /home/ryanl/4231/MTRN4231_Project/build/move_to_marker -- -j16 -l16
[0.211s] [100%] Built target move_to_pose
[0.240s] Invoked command in '/home/ryanl/4231/MTRN4231_Project/build/move_to_marker' returned '0': CMAKE_PREFIX_PATH=/opt/ros/humble /usr/bin/cmake --build /home/ryanl/4231/MTRN4231_Project/build/move_to_marker -- -j16 -l16
[0.245s] Invoking command in '/home/ryanl/4231/MTRN4231_Project/build/move_to_marker': CMAKE_PREFIX_PATH=/opt/ros/humble /usr/bin/cmake --install /home/ryanl/4231/MTRN4231_Project/build/move_to_marker
[0.263s] -- Install configuration: ""
[0.266s] -- Execute custom install script
[0.267s] -- Up-to-date symlink: /home/ryanl/4231/MTRN4231_Project/install/move_to_marker/lib/move_to_marker/move_to_pose
[0.267s] -- Up-to-date symlink: /home/ryanl/4231/MTRN4231_Project/install/move_to_marker/share/move_to_marker/launch/bringup_moveit_ur5e.launch.py
[0.268s] -- Up-to-date symlink: /home/ryanl/4231/MTRN4231_Project/install/move_to_marker/share/ament_index/resource_index/package_run_dependencies/move_to_marker
[0.268s] -- Up-to-date symlink: /home/ryanl/4231/MTRN4231_Project/install/move_to_marker/share/ament_index/resource_index/parent_prefix_path/move_to_marker
[0.269s] -- Up-to-date symlink: /home/ryanl/4231/MTRN4231_Project/install/move_to_marker/share/move_to_marker/environment/ament_prefix_path.sh
[0.269s] -- Up-to-date symlink: /home/ryanl/4231/MTRN4231_Project/install/move_to_marker/share/move_to_marker/environment/ament_prefix_path.dsv
[0.269s] -- Up-to-date symlink: /home/ryanl/4231/MTRN4231_Project/install/move_to_marker/share/move_to_marker/environment/path.sh
[0.269s] -- Up-to-date symlink: /home/ryanl/4231/MTRN4231_Project/install/move_to_marker/share/move_to_marker/environment/path.dsv
[0.270s] -- Up-to-date symlink: /home/ryanl/4231/MTRN4231_Project/install/move_to_marker/share/move_to_marker/local_setup.bash
[0.270s] -- Up-to-date symlink: /home/ryanl/4231/MTRN4231_Project/install/move_to_marker/share/move_to_marker/local_setup.sh
[0.270s] -- Up-to-date symlink: /home/ryanl/4231/MTRN4231_Project/install/move_to_marker/share/move_to_marker/local_setup.zsh
[0.271s] -- Up-to-date symlink: /home/ryanl/4231/MTRN4231_Project/install/move_to_marker/share/move_to_marker/local_setup.dsv
[0.271s] -- Symlinking: /home/ryanl/4231/MTRN4231_Project/install/move_to_marker/share/move_to_marker/package.dsv
[0.294s] -- Up-to-date symlink: /home/ryanl/4231/MTRN4231_Project/install/move_to_marker/share/ament_index/resource_index/packages/move_to_marker
[0.295s] -- Up-to-date symlink: /home/ryanl/4231/MTRN4231_Project/install/move_to_marker/share/move_to_marker/cmake/move_to_markerConfig.cmake
[0.295s] -- Up-to-date symlink: /home/ryanl/4231/MTRN4231_Project/install/move_to_marker/share/move_to_marker/cmake/move_to_markerConfig-version.cmake
[0.296s] -- Up-to-date symlink: /home/ryanl/4231/MTRN4231_Project/install/move_to_marker/share/move_to_marker/package.xml
[0.301s] Invoked command in '/home/ryanl/4231/MTRN4231_Project/build/move_to_marker' returned '0': CMAKE_PREFIX_PATH=/opt/ros/humble /usr/bin/cmake --install /home/ryanl/4231/MTRN4231_Project/build/move_to_marker
