[0.064s] Invoking command in '/home/ryanl/4231/MTRN4231_Project/build/custom_interfaces': CMAKE_PREFIX_PATH=${CMAKE_PREFIX_PATH}:/opt/ros/humble /usr/bin/cmake --build /home/ryanl/4231/MTRN4231_Project/build/custom_interfaces -- -j16 -l16
[0.221s] [  2%] Built target custom_interfaces__cpp
[0.225s] [ 12%] Built target custom_interfaces__rosidl_generator_c
[0.244s] [ 12%] Built target ament_cmake_python_symlink_custom_interfaces
[0.283s] [ 43%] Built target custom_interfaces__rosidl_typesupport_introspection_c
[0.283s] [ 43%] Built target custom_interfaces__rosidl_typesupport_cpp
[0.283s] [ 43%] Built target custom_interfaces__rosidl_typesupport_fastrtps_cpp
[0.284s] [ 61%] Built target custom_interfaces__rosidl_typesupport_introspection_cpp
[0.284s] [ 64%] Built target custom_interfaces__rosidl_typesupport_c
[0.287s] [ 74%] Built target custom_interfaces__rosidl_typesupport_fastrtps_c
[0.335s] [ 74%] Built target custom_interfaces
[0.383s] [ 76%] Built target custom_interfaces__py
[0.434s] [ 84%] Built target custom_interfaces__rosidl_generator_py
[0.483s] [ 89%] Built target custom_interfaces__rosidl_typesupport_fastrtps_c__pyext
[0.486s] [100%] Built target custom_interfaces__rosidl_typesupport_c__pyext
[0.486s] [100%] Built target custom_interfaces__rosidl_typesupport_introspection_c__pyext
[0.729s] running egg_info
[0.730s] writing custom_interfaces.egg-info/PKG-INFO
[0.731s] writing dependency_links to custom_interfaces.egg-info/dependency_links.txt
[0.731s] writing top-level names to custom_interfaces.egg-info/top_level.txt
[0.739s] reading manifest file 'custom_interfaces.egg-info/SOURCES.txt'
[0.741s] writing manifest file 'custom_interfaces.egg-info/SOURCES.txt'
[0.791s] [100%] Built target ament_cmake_python_build_custom_interfaces_egg
[0.817s] Invoked command in '/home/ryanl/4231/MTRN4231_Project/build/custom_interfaces' returned '0': CMAKE_PREFIX_PATH=${CMAKE_PREFIX_PATH}:/opt/ros/humble /usr/bin/cmake --build /home/ryanl/4231/MTRN4231_Project/build/custom_interfaces -- -j16 -l16
[0.821s] Invoking command in '/home/ryanl/4231/MTRN4231_Project/build/custom_interfaces': CMAKE_PREFIX_PATH=${CMAKE_PREFIX_PATH}:/opt/ros/humble /usr/bin/cmake --install /home/ryanl/4231/MTRN4231_Project/build/custom_interfaces
[0.838s] -- Install configuration: ""
[0.840s] -- Execute custom install script
[0.841s] -- Up-to-date symlink: /home/ryanl/4231/MTRN4231_Project/install/custom_interfaces/share/ament_index/resource_index/rosidl_interfaces/custom_interfaces
[0.843s] -- Up-to-date symlink: /home/ryanl/4231/MTRN4231_Project/install/custom_interfaces/include/custom_interfaces/custom_interfaces/action/detail/gripper_command__functions.h
[0.843s] -- Up-to-date symlink: /home/ryanl/4231/MTRN4231_Project/install/custom_interfaces/include/custom_interfaces/custom_interfaces/action/detail/gripper_command__struct.h
[0.844s] -- Up-to-date symlink: /home/ryanl/4231/MTRN4231_Project/install/custom_interfaces/include/custom_interfaces/custom_interfaces/action/detail/gripper_command__type_support.h
[0.845s] -- Up-to-date symlink: /home/ryanl/4231/MTRN4231_Project/install/custom_interfaces/include/custom_interfaces/custom_interfaces/action/detail/move_tcp__functions.h
[0.846s] -- Up-to-date symlink: /home/ryanl/4231/MTRN4231_Project/install/custom_interfaces/include/custom_interfaces/custom_interfaces/action/detail/move_tcp__struct.h
[0.847s] -- Up-to-date symlink: /home/ryanl/4231/MTRN4231_Project/install/custom_interfaces/include/custom_interfaces/custom_interfaces/action/detail/move_tcp__type_support.h
[0.847s] -- Up-to-date symlink: /home/ryanl/4231/MTRN4231_Project/install/custom_interfaces/include/custom_interfaces/custom_interfaces/action/gripper_command.h
[0.848s] -- Up-to-date symlink: /home/ryanl/4231/MTRN4231_Project/install/custom_interfaces/include/custom_interfaces/custom_interfaces/action/move_tcp.h
[0.849s] -- Up-to-date symlink: /home/ryanl/4231/MTRN4231_Project/install/custom_interfaces/include/custom_interfaces/custom_interfaces/msg/rosidl_generator_c__visibility_control.h
[0.850s] -- Up-to-date symlink: /home/ryanl/4231/MTRN4231_Project/install/custom_interfaces/share/custom_interfaces/environment/library_path.sh
[0.850s] -- Up-to-date symlink: /home/ryanl/4231/MTRN4231_Project/install/custom_interfaces/share/custom_interfaces/environment/library_path.dsv
[0.852s] -- Up-to-date symlink: /home/ryanl/4231/MTRN4231_Project/install/custom_interfaces/include/custom_interfaces/custom_interfaces/action/detail/gripper_command__rosidl_typesupport_fastrtps_c.h
[0.853s] -- Up-to-date symlink: /home/ryanl/4231/MTRN4231_Project/install/custom_interfaces/include/custom_interfaces/custom_interfaces/action/detail/move_tcp__rosidl_typesupport_fastrtps_c.h
[0.854s] -- Up-to-date symlink: /home/ryanl/4231/MTRN4231_Project/install/custom_interfaces/include/custom_interfaces/custom_interfaces/msg/rosidl_typesupport_fastrtps_c__visibility_control.h
[0.855s] -- Up-to-date symlink: /home/ryanl/4231/MTRN4231_Project/install/custom_interfaces/include/custom_interfaces/custom_interfaces/action/detail/gripper_command__rosidl_typesupport_introspection_c.h
[0.856s] -- Up-to-date symlink: /home/ryanl/4231/MTRN4231_Project/install/custom_interfaces/include/custom_interfaces/custom_interfaces/action/detail/move_tcp__rosidl_typesupport_introspection_c.h
[0.857s] -- Up-to-date symlink: /home/ryanl/4231/MTRN4231_Project/install/custom_interfaces/include/custom_interfaces/custom_interfaces/msg/rosidl_typesupport_introspection_c__visibility_control.h
[0.858s] -- Up-to-date symlink: /home/ryanl/4231/MTRN4231_Project/install/custom_interfaces/include/custom_interfaces/custom_interfaces/action/detail/gripper_command__builder.hpp
[0.859s] -- Up-to-date symlink: /home/ryanl/4231/MTRN4231_Project/install/custom_interfaces/include/custom_interfaces/custom_interfaces/action/detail/gripper_command__struct.hpp
[0.859s] -- Up-to-date symlink: /home/ryanl/4231/MTRN4231_Project/install/custom_interfaces/include/custom_interfaces/custom_interfaces/action/detail/gripper_command__traits.hpp
[0.860s] -- Up-to-date symlink: /home/ryanl/4231/MTRN4231_Project/install/custom_interfaces/include/custom_interfaces/custom_interfaces/action/detail/gripper_command__type_support.hpp
[0.861s] -- Up-to-date symlink: /home/ryanl/4231/MTRN4231_Project/install/custom_interfaces/include/custom_interfaces/custom_interfaces/action/detail/move_tcp__builder.hpp
[0.861s] -- Up-to-date symlink: /home/ryanl/4231/MTRN4231_Project/install/custom_interfaces/include/custom_interfaces/custom_interfaces/action/detail/move_tcp__struct.hpp
[0.862s] -- Up-to-date symlink: /home/ryanl/4231/MTRN4231_Project/install/custom_interfaces/include/custom_interfaces/custom_interfaces/action/detail/move_tcp__traits.hpp
[0.863s] -- Up-to-date symlink: /home/ryanl/4231/MTRN4231_Project/install/custom_interfaces/include/custom_interfaces/custom_interfaces/action/detail/move_tcp__type_support.hpp
[0.864s] -- Up-to-date symlink: /home/ryanl/4231/MTRN4231_Project/install/custom_interfaces/include/custom_interfaces/custom_interfaces/action/gripper_command.hpp
[0.865s] -- Up-to-date symlink: /home/ryanl/4231/MTRN4231_Project/install/custom_interfaces/include/custom_interfaces/custom_interfaces/action/move_tcp.hpp
[0.865s] -- Up-to-date symlink: /home/ryanl/4231/MTRN4231_Project/install/custom_interfaces/include/custom_interfaces/custom_interfaces/msg/rosidl_generator_cpp__visibility_control.hpp
[0.867s] -- Up-to-date symlink: /home/ryanl/4231/MTRN4231_Project/install/custom_interfaces/include/custom_interfaces/custom_interfaces/action/detail/gripper_command__rosidl_typesupport_fastrtps_cpp.hpp
[0.868s] -- Up-to-date symlink: /home/ryanl/4231/MTRN4231_Project/install/custom_interfaces/include/custom_interfaces/custom_interfaces/action/detail/move_tcp__rosidl_typesupport_fastrtps_cpp.hpp
[0.868s] -- Up-to-date symlink: /home/ryanl/4231/MTRN4231_Project/install/custom_interfaces/include/custom_interfaces/custom_interfaces/msg/rosidl_typesupport_fastrtps_cpp__visibility_control.h
[0.869s] -- Up-to-date symlink: /home/ryanl/4231/MTRN4231_Project/install/custom_interfaces/include/custom_interfaces/custom_interfaces/action/detail/gripper_command__rosidl_typesupport_introspection_cpp.hpp
[0.870s] -- Up-to-date symlink: /home/ryanl/4231/MTRN4231_Project/install/custom_interfaces/include/custom_interfaces/custom_interfaces/action/detail/move_tcp__rosidl_typesupport_introspection_cpp.hpp
[0.871s] -- Up-to-date symlink: /home/ryanl/4231/MTRN4231_Project/install/custom_interfaces/share/custom_interfaces/environment/pythonpath.sh
[0.871s] -- Up-to-date symlink: /home/ryanl/4231/MTRN4231_Project/install/custom_interfaces/share/custom_interfaces/environment/pythonpath.dsv
[0.872s] -- Up-to-date symlink: /home/ryanl/4231/MTRN4231_Project/install/custom_interfaces/local/lib/python3.10/dist-packages/custom_interfaces-0.0.0-py3.10.egg-info/PKG-INFO
[0.873s] -- Up-to-date symlink: /home/ryanl/4231/MTRN4231_Project/install/custom_interfaces/local/lib/python3.10/dist-packages/custom_interfaces-0.0.0-py3.10.egg-info/SOURCES.txt
[0.873s] -- Up-to-date symlink: /home/ryanl/4231/MTRN4231_Project/install/custom_interfaces/local/lib/python3.10/dist-packages/custom_interfaces-0.0.0-py3.10.egg-info/dependency_links.txt
[0.874s] -- Up-to-date symlink: /home/ryanl/4231/MTRN4231_Project/install/custom_interfaces/local/lib/python3.10/dist-packages/custom_interfaces-0.0.0-py3.10.egg-info/top_level.txt
[0.876s] -- Up-to-date symlink: /home/ryanl/4231/MTRN4231_Project/install/custom_interfaces/local/lib/python3.10/dist-packages/custom_interfaces/__init__.py
[0.876s] -- Up-to-date symlink: /home/ryanl/4231/MTRN4231_Project/install/custom_interfaces/local/lib/python3.10/dist-packages/custom_interfaces/_custom_interfaces_s.ep.rosidl_typesupport_c.c
[0.877s] -- Up-to-date symlink: /home/ryanl/4231/MTRN4231_Project/install/custom_interfaces/local/lib/python3.10/dist-packages/custom_interfaces/_custom_interfaces_s.ep.rosidl_typesupport_fastrtps_c.c
[0.878s] -- Up-to-date symlink: /home/ryanl/4231/MTRN4231_Project/install/custom_interfaces/local/lib/python3.10/dist-packages/custom_interfaces/_custom_interfaces_s.ep.rosidl_typesupport_introspection_c.c
[0.878s] -- Up-to-date symlink: /home/ryanl/4231/MTRN4231_Project/install/custom_interfaces/local/lib/python3.10/dist-packages/custom_interfaces/action/__init__.py
[0.879s] -- Up-to-date symlink: /home/ryanl/4231/MTRN4231_Project/install/custom_interfaces/local/lib/python3.10/dist-packages/custom_interfaces/action/_gripper_command.py
[0.880s] -- Up-to-date symlink: /home/ryanl/4231/MTRN4231_Project/install/custom_interfaces/local/lib/python3.10/dist-packages/custom_interfaces/action/_gripper_command_s.c
[0.880s] -- Up-to-date symlink: /home/ryanl/4231/MTRN4231_Project/install/custom_interfaces/local/lib/python3.10/dist-packages/custom_interfaces/action/_move_tcp.py
[0.881s] -- Up-to-date symlink: /home/ryanl/4231/MTRN4231_Project/install/custom_interfaces/local/lib/python3.10/dist-packages/custom_interfaces/action/_move_tcp_s.c
[0.882s] -- Up-to-date symlink: /home/ryanl/4231/MTRN4231_Project/install/custom_interfaces/local/lib/python3.10/dist-packages/custom_interfaces/custom_interfaces_s__rosidl_typesupport_c.cpython-310-x86_64-linux-gnu.so
[0.882s] -- Up-to-date symlink: /home/ryanl/4231/MTRN4231_Project/install/custom_interfaces/local/lib/python3.10/dist-packages/custom_interfaces/custom_interfaces_s__rosidl_typesupport_fastrtps_c.cpython-310-x86_64-linux-gnu.so
[0.883s] -- Up-to-date symlink: /home/ryanl/4231/MTRN4231_Project/install/custom_interfaces/local/lib/python3.10/dist-packages/custom_interfaces/custom_interfaces_s__rosidl_typesupport_introspection_c.cpython-310-x86_64-linux-gnu.so
[0.884s] -- Up-to-date symlink: /home/ryanl/4231/MTRN4231_Project/install/custom_interfaces/local/lib/python3.10/dist-packages/custom_interfaces/libcustom_interfaces__rosidl_generator_py.so
[0.885s] -- Up-to-date symlink: /home/ryanl/4231/MTRN4231_Project/install/custom_interfaces/local/lib/python3.10/dist-packages/custom_interfaces/custom_interfaces_s__rosidl_typesupport_fastrtps_c.cpython-310-x86_64-linux-gnu.so
[0.886s] -- Up-to-date symlink: /home/ryanl/4231/MTRN4231_Project/install/custom_interfaces/local/lib/python3.10/dist-packages/custom_interfaces/custom_interfaces_s__rosidl_typesupport_introspection_c.cpython-310-x86_64-linux-gnu.so
[0.886s] -- Up-to-date symlink: /home/ryanl/4231/MTRN4231_Project/install/custom_interfaces/local/lib/python3.10/dist-packages/custom_interfaces/custom_interfaces_s__rosidl_typesupport_c.cpython-310-x86_64-linux-gnu.so
[0.887s] -- Up-to-date symlink: /home/ryanl/4231/MTRN4231_Project/install/custom_interfaces/share/custom_interfaces/action/MoveTCP.idl
[0.888s] -- Up-to-date symlink: /home/ryanl/4231/MTRN4231_Project/install/custom_interfaces/share/custom_interfaces/action/GripperCommand.idl
[0.889s] -- Up-to-date symlink: /home/ryanl/4231/MTRN4231_Project/install/custom_interfaces/share/custom_interfaces/action/MoveTCP.action
[0.889s] -- Up-to-date symlink: /home/ryanl/4231/MTRN4231_Project/install/custom_interfaces/share/custom_interfaces/action/GripperCommand.action
[0.890s] -- Up-to-date symlink: /home/ryanl/4231/MTRN4231_Project/install/custom_interfaces/share/custom_interfaces/action/GripperCommand.action
[0.890s] -- Up-to-date symlink: /home/ryanl/4231/MTRN4231_Project/install/custom_interfaces/share/custom_interfaces/action/MoveTCP.action
[0.891s] -- Up-to-date symlink: /home/ryanl/4231/MTRN4231_Project/install/custom_interfaces/share/ament_index/resource_index/package_run_dependencies/custom_interfaces
[0.891s] -- Up-to-date symlink: /home/ryanl/4231/MTRN4231_Project/install/custom_interfaces/share/ament_index/resource_index/parent_prefix_path/custom_interfaces
[0.892s] -- Up-to-date symlink: /home/ryanl/4231/MTRN4231_Project/install/custom_interfaces/share/custom_interfaces/environment/ament_prefix_path.sh
[0.893s] -- Up-to-date symlink: /home/ryanl/4231/MTRN4231_Project/install/custom_interfaces/share/custom_interfaces/environment/ament_prefix_path.dsv
[0.894s] -- Up-to-date symlink: /home/ryanl/4231/MTRN4231_Project/install/custom_interfaces/share/custom_interfaces/environment/path.sh
[0.894s] -- Up-to-date symlink: /home/ryanl/4231/MTRN4231_Project/install/custom_interfaces/share/custom_interfaces/environment/path.dsv
[0.895s] -- Up-to-date symlink: /home/ryanl/4231/MTRN4231_Project/install/custom_interfaces/share/custom_interfaces/local_setup.bash
[0.896s] -- Up-to-date symlink: /home/ryanl/4231/MTRN4231_Project/install/custom_interfaces/share/custom_interfaces/local_setup.sh
[0.897s] -- Up-to-date symlink: /home/ryanl/4231/MTRN4231_Project/install/custom_interfaces/share/custom_interfaces/local_setup.zsh
[0.898s] -- Up-to-date symlink: /home/ryanl/4231/MTRN4231_Project/install/custom_interfaces/share/custom_interfaces/local_setup.dsv
[0.898s] -- Symlinking: /home/ryanl/4231/MTRN4231_Project/install/custom_interfaces/share/custom_interfaces/package.dsv
[0.921s] -- Up-to-date symlink: /home/ryanl/4231/MTRN4231_Project/install/custom_interfaces/share/ament_index/resource_index/packages/custom_interfaces
[0.921s] -- Up-to-date symlink: /home/ryanl/4231/MTRN4231_Project/install/custom_interfaces/share/custom_interfaces/cmake/rosidl_cmake-extras.cmake
[0.922s] -- Up-to-date symlink: /home/ryanl/4231/MTRN4231_Project/install/custom_interfaces/share/custom_interfaces/cmake/ament_cmake_export_dependencies-extras.cmake
[0.923s] -- Up-to-date symlink: /home/ryanl/4231/MTRN4231_Project/install/custom_interfaces/share/custom_interfaces/cmake/ament_cmake_export_include_directories-extras.cmake
[0.924s] -- Up-to-date symlink: /home/ryanl/4231/MTRN4231_Project/install/custom_interfaces/share/custom_interfaces/cmake/ament_cmake_export_libraries-extras.cmake
[0.925s] -- Up-to-date symlink: /home/ryanl/4231/MTRN4231_Project/install/custom_interfaces/share/custom_interfaces/cmake/ament_cmake_export_targets-extras.cmake
[0.925s] -- Up-to-date symlink: /home/ryanl/4231/MTRN4231_Project/install/custom_interfaces/share/custom_interfaces/cmake/rosidl_cmake_export_typesupport_targets-extras.cmake
[0.926s] -- Up-to-date symlink: /home/ryanl/4231/MTRN4231_Project/install/custom_interfaces/share/custom_interfaces/cmake/rosidl_cmake_export_typesupport_libraries-extras.cmake
[0.927s] -- Up-to-date symlink: /home/ryanl/4231/MTRN4231_Project/install/custom_interfaces/share/custom_interfaces/cmake/custom_interfacesConfig.cmake
[0.928s] -- Up-to-date symlink: /home/ryanl/4231/MTRN4231_Project/install/custom_interfaces/share/custom_interfaces/cmake/custom_interfacesConfig-version.cmake
[0.928s] -- Up-to-date symlink: /home/ryanl/4231/MTRN4231_Project/install/custom_interfaces/share/custom_interfaces/package.xml
[0.931s] -- Up-to-date: /home/ryanl/4231/MTRN4231_Project/install/custom_interfaces/lib/libcustom_interfaces__rosidl_generator_c.so
[0.933s] -- Up-to-date: /home/ryanl/4231/MTRN4231_Project/install/custom_interfaces/lib/libcustom_interfaces__rosidl_typesupport_fastrtps_c.so
[0.935s] -- Up-to-date: /home/ryanl/4231/MTRN4231_Project/install/custom_interfaces/lib/libcustom_interfaces__rosidl_typesupport_introspection_c.so
[0.937s] -- Up-to-date: /home/ryanl/4231/MTRN4231_Project/install/custom_interfaces/lib/libcustom_interfaces__rosidl_typesupport_c.so
[0.939s] -- Up-to-date: /home/ryanl/4231/MTRN4231_Project/install/custom_interfaces/lib/libcustom_interfaces__rosidl_typesupport_fastrtps_cpp.so
[0.941s] -- Up-to-date: /home/ryanl/4231/MTRN4231_Project/install/custom_interfaces/lib/libcustom_interfaces__rosidl_typesupport_introspection_cpp.so
[0.944s] -- Up-to-date: /home/ryanl/4231/MTRN4231_Project/install/custom_interfaces/lib/libcustom_interfaces__rosidl_typesupport_cpp.so
[1.013s] Listing '/home/ryanl/4231/MTRN4231_Project/install/custom_interfaces/local/lib/python3.10/dist-packages/custom_interfaces'...
[1.013s] Listing '/home/ryanl/4231/MTRN4231_Project/install/custom_interfaces/local/lib/python3.10/dist-packages/custom_interfaces/action'...
[1.025s] -- Up-to-date: /home/ryanl/4231/MTRN4231_Project/install/custom_interfaces/lib/libcustom_interfaces__rosidl_generator_py.so
[1.026s] -- Up-to-date: /home/ryanl/4231/MTRN4231_Project/install/custom_interfaces/share/custom_interfaces/cmake/export_custom_interfaces__rosidl_generator_cExport.cmake
[1.026s] -- Up-to-date: /home/ryanl/4231/MTRN4231_Project/install/custom_interfaces/share/custom_interfaces/cmake/export_custom_interfaces__rosidl_generator_cExport-noconfig.cmake
[1.027s] -- Up-to-date: /home/ryanl/4231/MTRN4231_Project/install/custom_interfaces/share/custom_interfaces/cmake/export_custom_interfaces__rosidl_typesupport_fastrtps_cExport.cmake
[1.027s] -- Up-to-date: /home/ryanl/4231/MTRN4231_Project/install/custom_interfaces/share/custom_interfaces/cmake/export_custom_interfaces__rosidl_typesupport_fastrtps_cExport-noconfig.cmake
[1.028s] -- Up-to-date: /home/ryanl/4231/MTRN4231_Project/install/custom_interfaces/share/custom_interfaces/cmake/custom_interfaces__rosidl_typesupport_introspection_cExport.cmake
[1.029s] -- Up-to-date: /home/ryanl/4231/MTRN4231_Project/install/custom_interfaces/share/custom_interfaces/cmake/custom_interfaces__rosidl_typesupport_introspection_cExport-noconfig.cmake
[1.030s] -- Up-to-date: /home/ryanl/4231/MTRN4231_Project/install/custom_interfaces/share/custom_interfaces/cmake/custom_interfaces__rosidl_typesupport_cExport.cmake
[1.030s] -- Up-to-date: /home/ryanl/4231/MTRN4231_Project/install/custom_interfaces/share/custom_interfaces/cmake/custom_interfaces__rosidl_typesupport_cExport-noconfig.cmake
[1.031s] -- Up-to-date: /home/ryanl/4231/MTRN4231_Project/install/custom_interfaces/share/custom_interfaces/cmake/export_custom_interfaces__rosidl_generator_cppExport.cmake
[1.032s] -- Up-to-date: /home/ryanl/4231/MTRN4231_Project/install/custom_interfaces/share/custom_interfaces/cmake/export_custom_interfaces__rosidl_typesupport_fastrtps_cppExport.cmake
[1.032s] -- Up-to-date: /home/ryanl/4231/MTRN4231_Project/install/custom_interfaces/share/custom_interfaces/cmake/export_custom_interfaces__rosidl_typesupport_fastrtps_cppExport-noconfig.cmake
[1.033s] -- Up-to-date: /home/ryanl/4231/MTRN4231_Project/install/custom_interfaces/share/custom_interfaces/cmake/custom_interfaces__rosidl_typesupport_introspection_cppExport.cmake
[1.033s] -- Up-to-date: /home/ryanl/4231/MTRN4231_Project/install/custom_interfaces/share/custom_interfaces/cmake/custom_interfaces__rosidl_typesupport_introspection_cppExport-noconfig.cmake
[1.034s] -- Up-to-date: /home/ryanl/4231/MTRN4231_Project/install/custom_interfaces/share/custom_interfaces/cmake/custom_interfaces__rosidl_typesupport_cppExport.cmake
[1.034s] -- Up-to-date: /home/ryanl/4231/MTRN4231_Project/install/custom_interfaces/share/custom_interfaces/cmake/custom_interfaces__rosidl_typesupport_cppExport-noconfig.cmake
[1.035s] -- Up-to-date: /home/ryanl/4231/MTRN4231_Project/install/custom_interfaces/share/custom_interfaces/cmake/export_custom_interfaces__rosidl_generator_pyExport.cmake
[1.035s] -- Up-to-date: /home/ryanl/4231/MTRN4231_Project/install/custom_interfaces/share/custom_interfaces/cmake/export_custom_interfaces__rosidl_generator_pyExport-noconfig.cmake
[1.042s] Invoked command in '/home/ryanl/4231/MTRN4231_Project/build/custom_interfaces' returned '0': CMAKE_PREFIX_PATH=${CMAKE_PREFIX_PATH}:/opt/ros/humble /usr/bin/cmake --install /home/ryanl/4231/MTRN4231_Project/build/custom_interfaces
