[35m[1mConsolidate compiler generated dependencies of target arm_controller_node[0m
[ 50%] [32mBuilding CXX object CMakeFiles/arm_controller_node.dir/src/arm_controller_node.cpp.o[0m
[100%] [32m[1mLinking CXX executable arm_controller_node[0m
[100%] Built target arm_controller_node
-- Install configuration: ""
-- Installing: /home/ryanl/4231/MTRN4231_Project/install/arm_controller/lib/arm_controller/arm_controller_node
-- Set runtime path of "/home/ryanl/4231/MTRN4231_Project/install/arm_controller/lib/arm_controller/arm_controller_node" to ""
-- Up-to-date: /home/ryanl/4231/MTRN4231_Project/install/arm_controller/share/arm_controller/launch
-- Up-to-date: /home/ryanl/4231/MTRN4231_Project/install/arm_controller/share/arm_controller/launch/arm_controller.launch.py
-- Up-to-date: /home/ryanl/4231/MTRN4231_Project/install/arm_controller/share/arm_controller/config
-- Up-to-date: /home/ryanl/4231/MTRN4231_Project/install/arm_controller/share/arm_controller/config/params.yaml
-- Up-to-date: /home/ryanl/4231/MTRN4231_Project/install/arm_controller/share/ament_index/resource_index/package_run_dependencies/arm_controller
-- Up-to-date: /home/ryanl/4231/MTRN4231_Project/install/arm_controller/share/ament_index/resource_index/parent_prefix_path/arm_controller
-- Up-to-date: /home/ryanl/4231/MTRN4231_Project/install/arm_controller/share/arm_controller/environment/ament_prefix_path.sh
-- Up-to-date: /home/ryanl/4231/MTRN4231_Project/install/arm_controller/share/arm_controller/environment/ament_prefix_path.dsv
-- Up-to-date: /home/ryanl/4231/MTRN4231_Project/install/arm_controller/share/arm_controller/environment/path.sh
-- Up-to-date: /home/ryanl/4231/MTRN4231_Project/install/arm_controller/share/arm_controller/environment/path.dsv
-- Up-to-date: /home/ryanl/4231/MTRN4231_Project/install/arm_controller/share/arm_controller/local_setup.bash
-- Up-to-date: /home/ryanl/4231/MTRN4231_Project/install/arm_controller/share/arm_controller/local_setup.sh
-- Up-to-date: /home/ryanl/4231/MTRN4231_Project/install/arm_controller/share/arm_controller/local_setup.zsh
-- Up-to-date: /home/ryanl/4231/MTRN4231_Project/install/arm_controller/share/arm_controller/local_setup.dsv
-- Installing: /home/ryanl/4231/MTRN4231_Project/install/arm_controller/share/arm_controller/package.dsv
-- Up-to-date: /home/ryanl/4231/MTRN4231_Project/install/arm_controller/share/ament_index/resource_index/packages/arm_controller
-- Up-to-date: /home/ryanl/4231/MTRN4231_Project/install/arm_controller/share/arm_controller/cmake/arm_controllerConfig.cmake
-- Up-to-date: /home/ryanl/4231/MTRN4231_Project/install/arm_controller/share/arm_controller/cmake/arm_controllerConfig-version.cmake
-- Up-to-date: /home/ryanl/4231/MTRN4231_Project/install/arm_controller/share/arm_controller/package.xml
