[0.397s] [34mcolcon[0m [1;30mDEBUG[0m [32mCommand line arguments: ['/usr/bin/colcon', 'build', '--symlink-install'][0m
[0.397s] [34mcolcon[0m [1;30mDEBUG[0m [32mParsed command line arguments: Namespace(log_base=None, log_level=None, verb_name='build', build_base='build', install_base='install', merge_install=False, symlink_install=True, test_result_base=None, continue_on_error=False, executor='parallel', parallel_workers=16, event_handlers=None, ignore_user_meta=False, metas=['./colcon.meta'], base_paths=['.'], packages_ignore=None, packages_ignore_regex=None, paths=None, packages_up_to=None, packages_up_to_regex=None, packages_above=None, packages_above_and_dependencies=None, packages_above_depth=None, packages_select_by_dep=None, packages_skip_by_dep=None, packages_skip_up_to=None, packages_select_build_failed=False, packages_skip_build_finished=False, packages_select_test_failures=False, packages_skip_test_passed=False, packages_select=None, packages_skip=None, packages_select_regex=None, packages_skip_regex=None, packages_start=None, packages_end=None, allow_overriding=[], cmake_args=None, cmake_target=None, cmake_target_skip_unavailable=False, cmake_clean_cache=False, cmake_clean_first=False, cmake_force_configure=False, ament_cmake_args=None, catkin_cmake_args=None, catkin_skip_building_tests=False, mixin_files=None, mixin=None, verb_parser=<colcon_mixin.mixin.mixin_argument.MixinArgumentDecorator object at 0x7bd584848b80>, verb_extension=<colcon_core.verb.build.BuildVerb object at 0x7bd584945ab0>, main=<bound method BuildVerb.main of <colcon_core.verb.build.BuildVerb object at 0x7bd584945ab0>>, mixin_verb=('build',))[0m
[0.700s] [34mcolcon.colcon_core.package_discovery[0m [1;30mLevel 1[0m discover_packages(colcon_meta) check parameters
[0.700s] [34mcolcon.colcon_core.package_discovery[0m [1;30mLevel 1[0m discover_packages(recursive) check parameters
[0.700s] [34mcolcon.colcon_core.package_discovery[0m [1;30mLevel 1[0m discover_packages(ignore) check parameters
[0.700s] [34mcolcon.colcon_core.package_discovery[0m [1;30mLevel 1[0m discover_packages(path) check parameters
[0.700s] [34mcolcon.colcon_core.package_discovery[0m [1;30mLevel 1[0m discover_packages(colcon_meta) discover
[0.701s] [34mcolcon.colcon_core.package_discovery[0m [1;30mLevel 1[0m discover_packages(recursive) discover
[0.701s] [34mcolcon.colcon_core.package_discovery[0m [1;30mINFO[0m Crawling recursively for packages in '/home/ryanl/4231/MTRN4231_Project'
[0.701s] [34mcolcon.colcon_core.package_identification[0m [1;30mLevel 1[0m _identify(.) by extensions ['ignore', 'ignore_ament_install']
[0.701s] [34mcolcon.colcon_core.package_identification[0m [1;30mLevel 1[0m _identify(.) by extension 'ignore'
[0.701s] [34mcolcon.colcon_core.package_identification[0m [1;30mLevel 1[0m _identify(.) by extension 'ignore_ament_install'
[0.701s] [34mcolcon.colcon_core.package_identification[0m [1;30mLevel 1[0m _identify(.) by extensions ['colcon_pkg']
[0.701s] [34mcolcon.colcon_core.package_identification[0m [1;30mLevel 1[0m _identify(.) by extension 'colcon_pkg'
[0.701s] [34mcolcon.colcon_core.package_identification[0m [1;30mLevel 1[0m _identify(.) by extensions ['colcon_meta']
[0.701s] [34mcolcon.colcon_core.package_identification[0m [1;30mLevel 1[0m _identify(.) by extension 'colcon_meta'
[0.702s] [34mcolcon.colcon_core.package_identification[0m [1;30mLevel 1[0m _identify(.) by extensions ['ros']
[0.702s] [34mcolcon.colcon_core.package_identification[0m [1;30mLevel 1[0m _identify(.) by extension 'ros'
[0.754s] [34mcolcon.colcon_core.package_identification[0m [1;30mLevel 1[0m _identify(.) by extensions ['cmake', 'python']
[0.754s] [34mcolcon.colcon_core.package_identification[0m [1;30mLevel 1[0m _identify(.) by extension 'cmake'
[0.754s] [34mcolcon.colcon_core.package_identification[0m [1;30mLevel 1[0m _identify(.) by extension 'python'
[0.754s] [34mcolcon.colcon_core.package_identification[0m [1;30mLevel 1[0m _identify(.) by extensions ['python_setup_py']
[0.754s] [34mcolcon.colcon_core.package_identification[0m [1;30mLevel 1[0m _identify(.) by extension 'python_setup_py'
[0.754s] [34mcolcon.colcon_core.package_identification[0m [1;30mLevel 1[0m _identify(build) by extensions ['ignore', 'ignore_ament_install']
[0.755s] [34mcolcon.colcon_core.package_identification[0m [1;30mLevel 1[0m _identify(build) by extension 'ignore'
[0.755s] [34mcolcon.colcon_core.package_identification[0m [1;30mLevel 1[0m _identify(build) ignored
[0.755s] [34mcolcon.colcon_core.package_identification[0m [1;30mLevel 1[0m _identify(install) by extensions ['ignore', 'ignore_ament_install']
[0.755s] [34mcolcon.colcon_core.package_identification[0m [1;30mLevel 1[0m _identify(install) by extension 'ignore'
[0.755s] [34mcolcon.colcon_core.package_identification[0m [1;30mLevel 1[0m _identify(install) ignored
[0.756s] [34mcolcon.colcon_core.package_identification[0m [1;30mLevel 1[0m _identify(log) by extensions ['ignore', 'ignore_ament_install']
[0.756s] [34mcolcon.colcon_core.package_identification[0m [1;30mLevel 1[0m _identify(log) by extension 'ignore'
[0.756s] [34mcolcon.colcon_core.package_identification[0m [1;30mLevel 1[0m _identify(log) ignored
[0.756s] [34mcolcon.colcon_core.package_identification[0m [1;30mLevel 1[0m _identify(src) by extensions ['ignore', 'ignore_ament_install']
[0.756s] [34mcolcon.colcon_core.package_identification[0m [1;30mLevel 1[0m _identify(src) by extension 'ignore'
[0.756s] [34mcolcon.colcon_core.package_identification[0m [1;30mLevel 1[0m _identify(src) by extension 'ignore_ament_install'
[0.757s] [34mcolcon.colcon_core.package_identification[0m [1;30mLevel 1[0m _identify(src) by extensions ['colcon_pkg']
[0.757s] [34mcolcon.colcon_core.package_identification[0m [1;30mLevel 1[0m _identify(src) by extension 'colcon_pkg'
[0.757s] [34mcolcon.colcon_core.package_identification[0m [1;30mLevel 1[0m _identify(src) by extensions ['colcon_meta']
[0.757s] [34mcolcon.colcon_core.package_identification[0m [1;30mLevel 1[0m _identify(src) by extension 'colcon_meta'
[0.757s] [34mcolcon.colcon_core.package_identification[0m [1;30mLevel 1[0m _identify(src) by extensions ['ros']
[0.757s] [34mcolcon.colcon_core.package_identification[0m [1;30mLevel 1[0m _identify(src) by extension 'ros'
[0.757s] [34mcolcon.colcon_core.package_identification[0m [1;30mLevel 1[0m _identify(src) by extensions ['cmake', 'python']
[0.757s] [34mcolcon.colcon_core.package_identification[0m [1;30mLevel 1[0m _identify(src) by extension 'cmake'
[0.757s] [34mcolcon.colcon_core.package_identification[0m [1;30mLevel 1[0m _identify(src) by extension 'python'
[0.757s] [34mcolcon.colcon_core.package_identification[0m [1;30mLevel 1[0m _identify(src) by extensions ['python_setup_py']
[0.757s] [34mcolcon.colcon_core.package_identification[0m [1;30mLevel 1[0m _identify(src) by extension 'python_setup_py'
[0.758s] [34mcolcon.colcon_core.package_identification[0m [1;30mLevel 1[0m _identify(src/arm_controller) by extensions ['ignore', 'ignore_ament_install']
[0.758s] [34mcolcon.colcon_core.package_identification[0m [1;30mLevel 1[0m _identify(src/arm_controller) by extension 'ignore'
[0.758s] [34mcolcon.colcon_core.package_identification[0m [1;30mLevel 1[0m _identify(src/arm_controller) by extension 'ignore_ament_install'
[0.758s] [34mcolcon.colcon_core.package_identification[0m [1;30mLevel 1[0m _identify(src/arm_controller) by extensions ['colcon_pkg']
[0.758s] [34mcolcon.colcon_core.package_identification[0m [1;30mLevel 1[0m _identify(src/arm_controller) by extension 'colcon_pkg'
[0.758s] [34mcolcon.colcon_core.package_identification[0m [1;30mLevel 1[0m _identify(src/arm_controller) by extensions ['colcon_meta']
[0.758s] [34mcolcon.colcon_core.package_identification[0m [1;30mLevel 1[0m _identify(src/arm_controller) by extension 'colcon_meta'
[0.758s] [34mcolcon.colcon_core.package_identification[0m [1;30mLevel 1[0m _identify(src/arm_controller) by extensions ['ros']
[0.759s] [34mcolcon.colcon_core.package_identification[0m [1;30mLevel 1[0m _identify(src/arm_controller) by extension 'ros'
[0.767s] [34mcolcon.colcon_core.package_identification[0m [1;30mDEBUG[0m [32mPackage 'src/arm_controller' with type 'ros.ament_cmake' and name 'arm_controller'[0m
[0.767s] [34mcolcon.colcon_core.package_identification[0m [1;30mLevel 1[0m _identify(src/custom_interfaces) by extensions ['ignore', 'ignore_ament_install']
[0.768s] [34mcolcon.colcon_core.package_identification[0m [1;30mLevel 1[0m _identify(src/custom_interfaces) by extension 'ignore'
[0.768s] [34mcolcon.colcon_core.package_identification[0m [1;30mLevel 1[0m _identify(src/custom_interfaces) by extension 'ignore_ament_install'
[0.768s] [34mcolcon.colcon_core.package_identification[0m [1;30mLevel 1[0m _identify(src/custom_interfaces) by extensions ['colcon_pkg']
[0.768s] [34mcolcon.colcon_core.package_identification[0m [1;30mLevel 1[0m _identify(src/custom_interfaces) by extension 'colcon_pkg'
[0.768s] [34mcolcon.colcon_core.package_identification[0m [1;30mLevel 1[0m _identify(src/custom_interfaces) by extensions ['colcon_meta']
[0.768s] [34mcolcon.colcon_core.package_identification[0m [1;30mLevel 1[0m _identify(src/custom_interfaces) by extension 'colcon_meta'
[0.768s] [34mcolcon.colcon_core.package_identification[0m [1;30mLevel 1[0m _identify(src/custom_interfaces) by extensions ['ros']
[0.768s] [34mcolcon.colcon_core.package_identification[0m [1;30mLevel 1[0m _identify(src/custom_interfaces) by extension 'ros'
[0.770s] [34mcolcon.colcon_core.package_identification[0m [1;30mDEBUG[0m [32mPackage 'src/custom_interfaces' with type 'ros.ament_cmake' and name 'custom_interfaces'[0m
[0.770s] [34mcolcon.colcon_core.package_identification[0m [1;30mLevel 1[0m _identify(src/end_effector_description) by extensions ['ignore', 'ignore_ament_install']
[0.770s] [34mcolcon.colcon_core.package_identification[0m [1;30mLevel 1[0m _identify(src/end_effector_description) by extension 'ignore'
[0.770s] [34mcolcon.colcon_core.package_identification[0m [1;30mLevel 1[0m _identify(src/end_effector_description) by extension 'ignore_ament_install'
[0.771s] [34mcolcon.colcon_core.package_identification[0m [1;30mLevel 1[0m _identify(src/end_effector_description) by extensions ['colcon_pkg']
[0.771s] [34mcolcon.colcon_core.package_identification[0m [1;30mLevel 1[0m _identify(src/end_effector_description) by extension 'colcon_pkg'
[0.771s] [34mcolcon.colcon_core.package_identification[0m [1;30mLevel 1[0m _identify(src/end_effector_description) by extensions ['colcon_meta']
[0.771s] [34mcolcon.colcon_core.package_identification[0m [1;30mLevel 1[0m _identify(src/end_effector_description) by extension 'colcon_meta'
[0.771s] [34mcolcon.colcon_core.package_identification[0m [1;30mLevel 1[0m _identify(src/end_effector_description) by extensions ['ros']
[0.771s] [34mcolcon.colcon_core.package_identification[0m [1;30mLevel 1[0m _identify(src/end_effector_description) by extension 'ros'
[0.772s] [34mcolcon.colcon_core.package_identification[0m [1;30mDEBUG[0m [32mPackage 'src/end_effector_description' with type 'ros.ament_cmake' and name 'end_effector_description'[0m
[0.772s] [34mcolcon.colcon_core.package_identification[0m [1;30mLevel 1[0m _identify(src/move_to_marker) by extensions ['ignore', 'ignore_ament_install']
[0.772s] [34mcolcon.colcon_core.package_identification[0m [1;30mLevel 1[0m _identify(src/move_to_marker) by extension 'ignore'
[0.773s] [34mcolcon.colcon_core.package_identification[0m [1;30mLevel 1[0m _identify(src/move_to_marker) by extension 'ignore_ament_install'
[0.773s] [34mcolcon.colcon_core.package_identification[0m [1;30mLevel 1[0m _identify(src/move_to_marker) by extensions ['colcon_pkg']
[0.773s] [34mcolcon.colcon_core.package_identification[0m [1;30mLevel 1[0m _identify(src/move_to_marker) by extension 'colcon_pkg'
[0.773s] [34mcolcon.colcon_core.package_identification[0m [1;30mLevel 1[0m _identify(src/move_to_marker) by extensions ['colcon_meta']
[0.773s] [34mcolcon.colcon_core.package_identification[0m [1;30mLevel 1[0m _identify(src/move_to_marker) by extension 'colcon_meta'
[0.773s] [34mcolcon.colcon_core.package_identification[0m [1;30mLevel 1[0m _identify(src/move_to_marker) by extensions ['ros']
[0.773s] [34mcolcon.colcon_core.package_identification[0m [1;30mLevel 1[0m _identify(src/move_to_marker) by extension 'ros'
[0.775s] [34mcolcon.colcon_core.package_identification[0m [1;30mDEBUG[0m [32mPackage 'src/move_to_marker' with type 'ros.ament_cmake' and name 'move_to_marker'[0m
[0.776s] [34mcolcon.colcon_core.package_discovery[0m [1;30mLevel 1[0m discover_packages(recursive) using defaults
[0.776s] [34mcolcon.colcon_core.package_discovery[0m [1;30mLevel 1[0m discover_packages(ignore) discover
[0.776s] [34mcolcon.colcon_core.package_discovery[0m [1;30mLevel 1[0m discover_packages(ignore) using defaults
[0.776s] [34mcolcon.colcon_core.package_discovery[0m [1;30mLevel 1[0m discover_packages(path) discover
[0.776s] [34mcolcon.colcon_core.package_discovery[0m [1;30mLevel 1[0m discover_packages(path) using defaults
[0.805s] [34mcolcon.colcon_core.package_discovery[0m [1;30mLevel 1[0m discover_packages(prefix_path) check parameters
[0.805s] [34mcolcon.colcon_core.package_discovery[0m [1;30mLevel 1[0m discover_packages(prefix_path) discover
[0.808s] [34mcolcon.colcon_installed_package_information.package_discovery[0m [1;30mDEBUG[0m [32mFound 4 installed packages in /home/ryanl/4231/MTRN4231_Project/install[0m
[0.811s] [34mcolcon.colcon_installed_package_information.package_discovery[0m [1;30mDEBUG[0m [32mFound 392 installed packages in /opt/ros/humble[0m
[0.815s] [34mcolcon.colcon_core.package_discovery[0m [1;30mLevel 1[0m discover_packages(prefix_path) using defaults
[0.897s] [34mcolcon.colcon_core.verb[0m [1;30mLevel 5[0m set package 'custom_interfaces' build argument 'cmake_args' from command line to 'None'
[0.897s] [34mcolcon.colcon_core.verb[0m [1;30mLevel 5[0m set package 'custom_interfaces' build argument 'cmake_target' from command line to 'None'
[0.897s] [34mcolcon.colcon_core.verb[0m [1;30mLevel 5[0m set package 'custom_interfaces' build argument 'cmake_target_skip_unavailable' from command line to 'False'
[0.897s] [34mcolcon.colcon_core.verb[0m [1;30mLevel 5[0m set package 'custom_interfaces' build argument 'cmake_clean_cache' from command line to 'False'
[0.897s] [34mcolcon.colcon_core.verb[0m [1;30mLevel 5[0m set package 'custom_interfaces' build argument 'cmake_clean_first' from command line to 'False'
[0.897s] [34mcolcon.colcon_core.verb[0m [1;30mLevel 5[0m set package 'custom_interfaces' build argument 'cmake_force_configure' from command line to 'False'
[0.897s] [34mcolcon.colcon_core.verb[0m [1;30mLevel 5[0m set package 'custom_interfaces' build argument 'ament_cmake_args' from command line to 'None'
[0.897s] [34mcolcon.colcon_core.verb[0m [1;30mLevel 5[0m set package 'custom_interfaces' build argument 'catkin_cmake_args' from command line to 'None'
[0.897s] [34mcolcon.colcon_core.verb[0m [1;30mLevel 5[0m set package 'custom_interfaces' build argument 'catkin_skip_building_tests' from command line to 'False'
[0.897s] [34mcolcon.colcon_core.verb[0m [1;30mDEBUG[0m [32mBuilding package 'custom_interfaces' with the following arguments: {'ament_cmake_args': None, 'build_base': '/home/ryanl/4231/MTRN4231_Project/build/custom_interfaces', 'catkin_cmake_args': None, 'catkin_skip_building_tests': False, 'cmake_args': None, 'cmake_clean_cache': False, 'cmake_clean_first': False, 'cmake_force_configure': False, 'cmake_target': None, 'cmake_target_skip_unavailable': False, 'install_base': '/home/ryanl/4231/MTRN4231_Project/install/custom_interfaces', 'merge_install': False, 'path': '/home/ryanl/4231/MTRN4231_Project/src/custom_interfaces', 'symlink_install': True, 'test_result_base': None}[0m
[0.898s] [34mcolcon.colcon_core.verb[0m [1;30mLevel 5[0m set package 'end_effector_description' build argument 'cmake_args' from command line to 'None'
[0.898s] [34mcolcon.colcon_core.verb[0m [1;30mLevel 5[0m set package 'end_effector_description' build argument 'cmake_target' from command line to 'None'
[0.898s] [34mcolcon.colcon_core.verb[0m [1;30mLevel 5[0m set package 'end_effector_description' build argument 'cmake_target_skip_unavailable' from command line to 'False'
[0.898s] [34mcolcon.colcon_core.verb[0m [1;30mLevel 5[0m set package 'end_effector_description' build argument 'cmake_clean_cache' from command line to 'False'
[0.898s] [34mcolcon.colcon_core.verb[0m [1;30mLevel 5[0m set package 'end_effector_description' build argument 'cmake_clean_first' from command line to 'False'
[0.898s] [34mcolcon.colcon_core.verb[0m [1;30mLevel 5[0m set package 'end_effector_description' build argument 'cmake_force_configure' from command line to 'False'
[0.898s] [34mcolcon.colcon_core.verb[0m [1;30mLevel 5[0m set package 'end_effector_description' build argument 'ament_cmake_args' from command line to 'None'
[0.898s] [34mcolcon.colcon_core.verb[0m [1;30mLevel 5[0m set package 'end_effector_description' build argument 'catkin_cmake_args' from command line to 'None'
[0.898s] [34mcolcon.colcon_core.verb[0m [1;30mLevel 5[0m set package 'end_effector_description' build argument 'catkin_skip_building_tests' from command line to 'False'
[0.898s] [34mcolcon.colcon_core.verb[0m [1;30mDEBUG[0m [32mBuilding package 'end_effector_description' with the following arguments: {'ament_cmake_args': None, 'build_base': '/home/ryanl/4231/MTRN4231_Project/build/end_effector_description', 'catkin_cmake_args': None, 'catkin_skip_building_tests': False, 'cmake_args': None, 'cmake_clean_cache': False, 'cmake_clean_first': False, 'cmake_force_configure': False, 'cmake_target': None, 'cmake_target_skip_unavailable': False, 'install_base': '/home/ryanl/4231/MTRN4231_Project/install/end_effector_description', 'merge_install': False, 'path': '/home/ryanl/4231/MTRN4231_Project/src/end_effector_description', 'symlink_install': True, 'test_result_base': None}[0m
[0.899s] [34mcolcon.colcon_core.verb[0m [1;30mLevel 5[0m set package 'move_to_marker' build argument 'cmake_args' from command line to 'None'
[0.899s] [34mcolcon.colcon_core.verb[0m [1;30mLevel 5[0m set package 'move_to_marker' build argument 'cmake_target' from command line to 'None'
[0.899s] [34mcolcon.colcon_core.verb[0m [1;30mLevel 5[0m set package 'move_to_marker' build argument 'cmake_target_skip_unavailable' from command line to 'False'
[0.899s] [34mcolcon.colcon_core.verb[0m [1;30mLevel 5[0m set package 'move_to_marker' build argument 'cmake_clean_cache' from command line to 'False'
[0.899s] [34mcolcon.colcon_core.verb[0m [1;30mLevel 5[0m set package 'move_to_marker' build argument 'cmake_clean_first' from command line to 'False'
[0.899s] [34mcolcon.colcon_core.verb[0m [1;30mLevel 5[0m set package 'move_to_marker' build argument 'cmake_force_configure' from command line to 'False'
[0.899s] [34mcolcon.colcon_core.verb[0m [1;30mLevel 5[0m set package 'move_to_marker' build argument 'ament_cmake_args' from command line to 'None'
[0.899s] [34mcolcon.colcon_core.verb[0m [1;30mLevel 5[0m set package 'move_to_marker' build argument 'catkin_cmake_args' from command line to 'None'
[0.899s] [34mcolcon.colcon_core.verb[0m [1;30mLevel 5[0m set package 'move_to_marker' build argument 'catkin_skip_building_tests' from command line to 'False'
[0.900s] [34mcolcon.colcon_core.verb[0m [1;30mDEBUG[0m [32mBuilding package 'move_to_marker' with the following arguments: {'ament_cmake_args': None, 'build_base': '/home/ryanl/4231/MTRN4231_Project/build/move_to_marker', 'catkin_cmake_args': None, 'catkin_skip_building_tests': False, 'cmake_args': None, 'cmake_clean_cache': False, 'cmake_clean_first': False, 'cmake_force_configure': False, 'cmake_target': None, 'cmake_target_skip_unavailable': False, 'install_base': '/home/ryanl/4231/MTRN4231_Project/install/move_to_marker', 'merge_install': False, 'path': '/home/ryanl/4231/MTRN4231_Project/src/move_to_marker', 'symlink_install': True, 'test_result_base': None}[0m
[0.900s] [34mcolcon.colcon_core.verb[0m [1;30mLevel 5[0m set package 'arm_controller' build argument 'cmake_args' from command line to 'None'
[0.901s] [34mcolcon.colcon_core.verb[0m [1;30mLevel 5[0m set package 'arm_controller' build argument 'cmake_target' from command line to 'None'
[0.901s] [34mcolcon.colcon_core.verb[0m [1;30mLevel 5[0m set package 'arm_controller' build argument 'cmake_target_skip_unavailable' from command line to 'False'
[0.901s] [34mcolcon.colcon_core.verb[0m [1;30mLevel 5[0m set package 'arm_controller' build argument 'cmake_clean_cache' from command line to 'False'
[0.901s] [34mcolcon.colcon_core.verb[0m [1;30mLevel 5[0m set package 'arm_controller' build argument 'cmake_clean_first' from command line to 'False'
[0.901s] [34mcolcon.colcon_core.verb[0m [1;30mLevel 5[0m set package 'arm_controller' build argument 'cmake_force_configure' from command line to 'False'
[0.901s] [34mcolcon.colcon_core.verb[0m [1;30mLevel 5[0m set package 'arm_controller' build argument 'ament_cmake_args' from command line to 'None'
[0.901s] [34mcolcon.colcon_core.verb[0m [1;30mLevel 5[0m set package 'arm_controller' build argument 'catkin_cmake_args' from command line to 'None'
[0.901s] [34mcolcon.colcon_core.verb[0m [1;30mLevel 5[0m set package 'arm_controller' build argument 'catkin_skip_building_tests' from command line to 'False'
[0.901s] [34mcolcon.colcon_core.verb[0m [1;30mDEBUG[0m [32mBuilding package 'arm_controller' with the following arguments: {'ament_cmake_args': None, 'build_base': '/home/ryanl/4231/MTRN4231_Project/build/arm_controller', 'catkin_cmake_args': None, 'catkin_skip_building_tests': False, 'cmake_args': None, 'cmake_clean_cache': False, 'cmake_clean_first': False, 'cmake_force_configure': False, 'cmake_target': None, 'cmake_target_skip_unavailable': False, 'install_base': '/home/ryanl/4231/MTRN4231_Project/install/arm_controller', 'merge_install': False, 'path': '/home/ryanl/4231/MTRN4231_Project/src/arm_controller', 'symlink_install': True, 'test_result_base': None}[0m
[0.901s] [34mcolcon.colcon_core.executor[0m [1;30mINFO[0m Executing jobs using 'parallel' executor
[0.903s] [34mcolcon.colcon_parallel_executor.executor.parallel[0m [1;30mDEBUG[0m [32mrun_until_complete[0m
[0.904s] [34mcolcon.colcon_ros.task.ament_cmake.build[0m [1;30mINFO[0m Building ROS package in '/home/ryanl/4231/MTRN4231_Project/src/custom_interfaces' with build type 'ament_cmake'
[0.904s] [34mcolcon.colcon_cmake.task.cmake.build[0m [1;30mINFO[0m Building CMake package in '/home/ryanl/4231/MTRN4231_Project/src/custom_interfaces'
[0.908s] [34mcolcon.colcon_core.plugin_system[0m [1;30mINFO[0m Skipping extension 'colcon_core.shell.bat': Not used on non-Windows systems
[0.908s] [34mcolcon.colcon_core.shell[0m [1;30mINFO[0m Skip shell extension 'powershell' for command environment: Not usable outside of PowerShell
[0.908s] [34mcolcon.colcon_core.shell[0m [1;30mDEBUG[0m [32mSkip shell extension 'dsv' for command environment[0m
[0.916s] [34mcolcon.colcon_ros.task.ament_cmake.build[0m [1;30mINFO[0m Building ROS package in '/home/ryanl/4231/MTRN4231_Project/src/end_effector_description' with build type 'ament_cmake'
[0.917s] [34mcolcon.colcon_cmake.task.cmake.build[0m [1;30mINFO[0m Building CMake package in '/home/ryanl/4231/MTRN4231_Project/src/end_effector_description'
[0.917s] [34mcolcon.colcon_core.shell[0m [1;30mINFO[0m Skip shell extension 'powershell' for command environment: Not usable outside of PowerShell
[0.918s] [34mcolcon.colcon_core.shell[0m [1;30mDEBUG[0m [32mSkip shell extension 'dsv' for command environment[0m
[0.926s] [34mcolcon.colcon_ros.task.ament_cmake.build[0m [1;30mINFO[0m Building ROS package in '/home/ryanl/4231/MTRN4231_Project/src/move_to_marker' with build type 'ament_cmake'
[0.927s] [34mcolcon.colcon_cmake.task.cmake.build[0m [1;30mINFO[0m Building CMake package in '/home/ryanl/4231/MTRN4231_Project/src/move_to_marker'
[0.928s] [34mcolcon.colcon_core.shell[0m [1;30mINFO[0m Skip shell extension 'powershell' for command environment: Not usable outside of PowerShell
[0.929s] [34mcolcon.colcon_core.shell[0m [1;30mDEBUG[0m [32mSkip shell extension 'dsv' for command environment[0m
[0.948s] [34mcolcon.colcon_core.event_handler.log_command[0m [1;30mDEBUG[0m [32mInvoking command in '/home/ryanl/4231/MTRN4231_Project/build/custom_interfaces': CMAKE_PREFIX_PATH=${CMAKE_PREFIX_PATH}:/opt/ros/humble /usr/bin/cmake --build /home/ryanl/4231/MTRN4231_Project/build/custom_interfaces -- -j16 -l16[0m
[0.958s] [34mcolcon.colcon_core.event_handler.log_command[0m [1;30mDEBUG[0m [32mInvoking command in '/home/ryanl/4231/MTRN4231_Project/build/end_effector_description': CMAKE_PREFIX_PATH=${CMAKE_PREFIX_PATH}:/opt/ros/humble /usr/bin/cmake --build /home/ryanl/4231/MTRN4231_Project/build/end_effector_description -- -j16 -l16[0m
[0.966s] [34mcolcon.colcon_core.event_handler.log_command[0m [1;30mDEBUG[0m [32mInvoking command in '/home/ryanl/4231/MTRN4231_Project/build/move_to_marker': CMAKE_PREFIX_PATH=${CMAKE_PREFIX_PATH}:/opt/ros/humble /usr/bin/cmake --build /home/ryanl/4231/MTRN4231_Project/build/move_to_marker -- -j16 -l16[0m
[1.041s] [34mcolcon.colcon_core.event_handler.log_command[0m [1;30mDEBUG[0m [32mInvoked command in '/home/ryanl/4231/MTRN4231_Project/build/end_effector_description' returned '0': CMAKE_PREFIX_PATH=${CMAKE_PREFIX_PATH}:/opt/ros/humble /usr/bin/cmake --build /home/ryanl/4231/MTRN4231_Project/build/end_effector_description -- -j16 -l16[0m
[1.067s] [34mcolcon.colcon_core.event_handler.log_command[0m [1;30mDEBUG[0m [32mInvoking command in '/home/ryanl/4231/MTRN4231_Project/build/end_effector_description': CMAKE_PREFIX_PATH=${CMAKE_PREFIX_PATH}:/opt/ros/humble /usr/bin/cmake --install /home/ryanl/4231/MTRN4231_Project/build/end_effector_description[0m
[1.130s] [34mcolcon.colcon_core.environment[0m [1;30mLevel 1[0m create_environment_scripts_only(end_effector_description)
[1.133s] [34mcolcon.colcon_core.event_handler.log_command[0m [1;30mDEBUG[0m [32mInvoked command in '/home/ryanl/4231/MTRN4231_Project/build/end_effector_description' returned '0': CMAKE_PREFIX_PATH=${CMAKE_PREFIX_PATH}:/opt/ros/humble /usr/bin/cmake --install /home/ryanl/4231/MTRN4231_Project/build/end_effector_description[0m
[1.138s] [34mcolcon.colcon_core.environment[0m [1;30mLevel 1[0m checking '/home/ryanl/4231/MTRN4231_Project/install/end_effector_description' for CMake module files
[1.140s] [34mcolcon.colcon_core.environment[0m [1;30mLevel 1[0m checking '/home/ryanl/4231/MTRN4231_Project/install/end_effector_description' for CMake config files
[1.140s] [34mcolcon.colcon_core.shell[0m [1;30mLevel 1[0m create_environment_hook('end_effector_description', 'cmake_prefix_path')
[1.140s] [34mcolcon.colcon_core.shell[0m [1;30mINFO[0m Creating environment hook '/home/ryanl/4231/MTRN4231_Project/install/end_effector_description/share/end_effector_description/hook/cmake_prefix_path.ps1'
[1.141s] [34mcolcon.colcon_core.shell[0m [1;30mINFO[0m Creating environment descriptor '/home/ryanl/4231/MTRN4231_Project/install/end_effector_description/share/end_effector_description/hook/cmake_prefix_path.dsv'
[1.143s] [34mcolcon.colcon_core.shell[0m [1;30mINFO[0m Creating environment hook '/home/ryanl/4231/MTRN4231_Project/install/end_effector_description/share/end_effector_description/hook/cmake_prefix_path.sh'
[1.144s] [34mcolcon.colcon_core.environment[0m [1;30mLevel 1[0m checking '/home/ryanl/4231/MTRN4231_Project/install/end_effector_description/bin'
[1.145s] [34mcolcon.colcon_core.environment[0m [1;30mLevel 1[0m checking '/home/ryanl/4231/MTRN4231_Project/install/end_effector_description/lib/pkgconfig/end_effector_description.pc'
[1.145s] [34mcolcon.colcon_core.environment[0m [1;30mLevel 1[0m checking '/home/ryanl/4231/MTRN4231_Project/install/end_effector_description/lib/python3.10/site-packages'
[1.145s] [34mcolcon.colcon_core.environment[0m [1;30mLevel 1[0m checking '/home/ryanl/4231/MTRN4231_Project/install/end_effector_description/bin'
[1.146s] [34mcolcon.colcon_core.shell[0m [1;30mINFO[0m Creating package script '/home/ryanl/4231/MTRN4231_Project/install/end_effector_description/share/end_effector_description/package.ps1'
[1.147s] [34mcolcon.colcon_core.shell[0m [1;30mINFO[0m Creating package descriptor '/home/ryanl/4231/MTRN4231_Project/install/end_effector_description/share/end_effector_description/package.dsv'
[1.148s] [34mcolcon.colcon_core.shell[0m [1;30mINFO[0m Creating package script '/home/ryanl/4231/MTRN4231_Project/install/end_effector_description/share/end_effector_description/package.sh'
[1.149s] [34mcolcon.colcon_core.shell[0m [1;30mINFO[0m Creating package script '/home/ryanl/4231/MTRN4231_Project/install/end_effector_description/share/end_effector_description/package.bash'
[1.151s] [34mcolcon.colcon_core.shell[0m [1;30mINFO[0m Creating package script '/home/ryanl/4231/MTRN4231_Project/install/end_effector_description/share/end_effector_description/package.zsh'
[1.152s] [34mcolcon.colcon_core.environment[0m [1;30mLevel 1[0m create_file_with_runtime_dependencies(/home/ryanl/4231/MTRN4231_Project/install/end_effector_description/share/colcon-core/packages/end_effector_description)
[1.154s] [34mcolcon.colcon_core.environment[0m [1;30mLevel 1[0m create_environment_scripts_only(end_effector_description)
[1.154s] [34mcolcon.colcon_core.environment[0m [1;30mLevel 1[0m checking '/home/ryanl/4231/MTRN4231_Project/install/end_effector_description' for CMake module files
[1.155s] [34mcolcon.colcon_core.environment[0m [1;30mLevel 1[0m checking '/home/ryanl/4231/MTRN4231_Project/install/end_effector_description' for CMake config files
[1.155s] [34mcolcon.colcon_core.shell[0m [1;30mLevel 1[0m create_environment_hook('end_effector_description', 'cmake_prefix_path')
[1.155s] [34mcolcon.colcon_core.shell[0m [1;30mINFO[0m Creating environment hook '/home/ryanl/4231/MTRN4231_Project/install/end_effector_description/share/end_effector_description/hook/cmake_prefix_path.ps1'
[1.156s] [34mcolcon.colcon_core.shell[0m [1;30mINFO[0m Creating environment descriptor '/home/ryanl/4231/MTRN4231_Project/install/end_effector_description/share/end_effector_description/hook/cmake_prefix_path.dsv'
[1.157s] [34mcolcon.colcon_core.shell[0m [1;30mINFO[0m Creating environment hook '/home/ryanl/4231/MTRN4231_Project/install/end_effector_description/share/end_effector_description/hook/cmake_prefix_path.sh'
[1.158s] [34mcolcon.colcon_core.environment[0m [1;30mLevel 1[0m checking '/home/ryanl/4231/MTRN4231_Project/install/end_effector_description/bin'
[1.158s] [34mcolcon.colcon_core.environment[0m [1;30mLevel 1[0m checking '/home/ryanl/4231/MTRN4231_Project/install/end_effector_description/lib/pkgconfig/end_effector_description.pc'
[1.158s] [34mcolcon.colcon_core.environment[0m [1;30mLevel 1[0m checking '/home/ryanl/4231/MTRN4231_Project/install/end_effector_description/lib/python3.10/site-packages'
[1.158s] [34mcolcon.colcon_core.environment[0m [1;30mLevel 1[0m checking '/home/ryanl/4231/MTRN4231_Project/install/end_effector_description/bin'
[1.159s] [34mcolcon.colcon_core.shell[0m [1;30mINFO[0m Creating package script '/home/ryanl/4231/MTRN4231_Project/install/end_effector_description/share/end_effector_description/package.ps1'
[1.160s] [34mcolcon.colcon_core.shell[0m [1;30mINFO[0m Creating package descriptor '/home/ryanl/4231/MTRN4231_Project/install/end_effector_description/share/end_effector_description/package.dsv'
[1.161s] [34mcolcon.colcon_core.shell[0m [1;30mINFO[0m Creating package script '/home/ryanl/4231/MTRN4231_Project/install/end_effector_description/share/end_effector_description/package.sh'
[1.161s] [34mcolcon.colcon_core.shell[0m [1;30mINFO[0m Creating package script '/home/ryanl/4231/MTRN4231_Project/install/end_effector_description/share/end_effector_description/package.bash'
[1.162s] [34mcolcon.colcon_core.shell[0m [1;30mINFO[0m Creating package script '/home/ryanl/4231/MTRN4231_Project/install/end_effector_description/share/end_effector_description/package.zsh'
[1.163s] [34mcolcon.colcon_core.environment[0m [1;30mLevel 1[0m create_file_with_runtime_dependencies(/home/ryanl/4231/MTRN4231_Project/install/end_effector_description/share/colcon-core/packages/end_effector_description)
[1.166s] [34mcolcon.colcon_core.event_handler.log_command[0m [1;30mDEBUG[0m [32mInvoked command in '/home/ryanl/4231/MTRN4231_Project/build/move_to_marker' returned '0': CMAKE_PREFIX_PATH=${CMAKE_PREFIX_PATH}:/opt/ros/humble /usr/bin/cmake --build /home/ryanl/4231/MTRN4231_Project/build/move_to_marker -- -j16 -l16[0m
[1.169s] [34mcolcon.colcon_core.event_handler.log_command[0m [1;30mDEBUG[0m [32mInvoking command in '/home/ryanl/4231/MTRN4231_Project/build/move_to_marker': CMAKE_PREFIX_PATH=${CMAKE_PREFIX_PATH}:/opt/ros/humble /usr/bin/cmake --install /home/ryanl/4231/MTRN4231_Project/build/move_to_marker[0m
[1.210s] [34mcolcon.colcon_core.environment[0m [1;30mLevel 1[0m create_environment_scripts_only(move_to_marker)
[1.210s] [34mcolcon.colcon_core.environment[0m [1;30mLevel 1[0m checking '/home/ryanl/4231/MTRN4231_Project/install/move_to_marker' for CMake module files
[1.211s] [34mcolcon.colcon_core.event_handler.log_command[0m [1;30mDEBUG[0m [32mInvoked command in '/home/ryanl/4231/MTRN4231_Project/build/move_to_marker' returned '0': CMAKE_PREFIX_PATH=${CMAKE_PREFIX_PATH}:/opt/ros/humble /usr/bin/cmake --install /home/ryanl/4231/MTRN4231_Project/build/move_to_marker[0m
[1.212s] [34mcolcon.colcon_core.environment[0m [1;30mLevel 1[0m checking '/home/ryanl/4231/MTRN4231_Project/install/move_to_marker' for CMake config files
[1.213s] [34mcolcon.colcon_core.shell[0m [1;30mLevel 1[0m create_environment_hook('move_to_marker', 'cmake_prefix_path')
[1.213s] [34mcolcon.colcon_core.shell[0m [1;30mINFO[0m Creating environment hook '/home/ryanl/4231/MTRN4231_Project/install/move_to_marker/share/move_to_marker/hook/cmake_prefix_path.ps1'
[1.214s] [34mcolcon.colcon_core.shell[0m [1;30mINFO[0m Creating environment descriptor '/home/ryanl/4231/MTRN4231_Project/install/move_to_marker/share/move_to_marker/hook/cmake_prefix_path.dsv'
[1.215s] [34mcolcon.colcon_core.shell[0m [1;30mINFO[0m Creating environment hook '/home/ryanl/4231/MTRN4231_Project/install/move_to_marker/share/move_to_marker/hook/cmake_prefix_path.sh'
[1.216s] [34mcolcon.colcon_core.environment[0m [1;30mLevel 1[0m checking '/home/ryanl/4231/MTRN4231_Project/install/move_to_marker/lib'
[1.216s] [34mcolcon.colcon_core.environment[0m [1;30mLevel 1[0m checking '/home/ryanl/4231/MTRN4231_Project/install/move_to_marker/bin'
[1.217s] [34mcolcon.colcon_core.environment[0m [1;30mLevel 1[0m checking '/home/ryanl/4231/MTRN4231_Project/install/move_to_marker/lib/pkgconfig/move_to_marker.pc'
[1.217s] [34mcolcon.colcon_core.environment[0m [1;30mLevel 1[0m checking '/home/ryanl/4231/MTRN4231_Project/install/move_to_marker/lib/python3.10/site-packages'
[1.217s] [34mcolcon.colcon_core.environment[0m [1;30mLevel 1[0m checking '/home/ryanl/4231/MTRN4231_Project/install/move_to_marker/bin'
[1.218s] [34mcolcon.colcon_core.shell[0m [1;30mINFO[0m Creating package script '/home/ryanl/4231/MTRN4231_Project/install/move_to_marker/share/move_to_marker/package.ps1'
[1.218s] [34mcolcon.colcon_core.shell[0m [1;30mINFO[0m Creating package descriptor '/home/ryanl/4231/MTRN4231_Project/install/move_to_marker/share/move_to_marker/package.dsv'
[1.219s] [34mcolcon.colcon_core.shell[0m [1;30mINFO[0m Creating package script '/home/ryanl/4231/MTRN4231_Project/install/move_to_marker/share/move_to_marker/package.sh'
[1.220s] [34mcolcon.colcon_core.shell[0m [1;30mINFO[0m Creating package script '/home/ryanl/4231/MTRN4231_Project/install/move_to_marker/share/move_to_marker/package.bash'
[1.222s] [34mcolcon.colcon_core.shell[0m [1;30mINFO[0m Creating package script '/home/ryanl/4231/MTRN4231_Project/install/move_to_marker/share/move_to_marker/package.zsh'
[1.222s] [34mcolcon.colcon_core.environment[0m [1;30mLevel 1[0m create_file_with_runtime_dependencies(/home/ryanl/4231/MTRN4231_Project/install/move_to_marker/share/colcon-core/packages/move_to_marker)
[1.224s] [34mcolcon.colcon_core.environment[0m [1;30mLevel 1[0m create_environment_scripts_only(move_to_marker)
[1.224s] [34mcolcon.colcon_core.environment[0m [1;30mLevel 1[0m checking '/home/ryanl/4231/MTRN4231_Project/install/move_to_marker' for CMake module files
[1.225s] [34mcolcon.colcon_core.environment[0m [1;30mLevel 1[0m checking '/home/ryanl/4231/MTRN4231_Project/install/move_to_marker' for CMake config files
[1.226s] [34mcolcon.colcon_core.shell[0m [1;30mLevel 1[0m create_environment_hook('move_to_marker', 'cmake_prefix_path')
[1.226s] [34mcolcon.colcon_core.shell[0m [1;30mINFO[0m Creating environment hook '/home/ryanl/4231/MTRN4231_Project/install/move_to_marker/share/move_to_marker/hook/cmake_prefix_path.ps1'
[1.228s] [34mcolcon.colcon_core.shell[0m [1;30mINFO[0m Creating environment descriptor '/home/ryanl/4231/MTRN4231_Project/install/move_to_marker/share/move_to_marker/hook/cmake_prefix_path.dsv'
[1.229s] [34mcolcon.colcon_core.shell[0m [1;30mINFO[0m Creating environment hook '/home/ryanl/4231/MTRN4231_Project/install/move_to_marker/share/move_to_marker/hook/cmake_prefix_path.sh'
[1.230s] [34mcolcon.colcon_core.environment[0m [1;30mLevel 1[0m checking '/home/ryanl/4231/MTRN4231_Project/install/move_to_marker/lib'
[1.230s] [34mcolcon.colcon_core.environment[0m [1;30mLevel 1[0m checking '/home/ryanl/4231/MTRN4231_Project/install/move_to_marker/bin'
[1.230s] [34mcolcon.colcon_core.environment[0m [1;30mLevel 1[0m checking '/home/ryanl/4231/MTRN4231_Project/install/move_to_marker/lib/pkgconfig/move_to_marker.pc'
[1.230s] [34mcolcon.colcon_core.environment[0m [1;30mLevel 1[0m checking '/home/ryanl/4231/MTRN4231_Project/install/move_to_marker/lib/python3.10/site-packages'
[1.231s] [34mcolcon.colcon_core.environment[0m [1;30mLevel 1[0m checking '/home/ryanl/4231/MTRN4231_Project/install/move_to_marker/bin'
[1.231s] [34mcolcon.colcon_core.shell[0m [1;30mINFO[0m Creating package script '/home/ryanl/4231/MTRN4231_Project/install/move_to_marker/share/move_to_marker/package.ps1'
[1.232s] [34mcolcon.colcon_core.shell[0m [1;30mINFO[0m Creating package descriptor '/home/ryanl/4231/MTRN4231_Project/install/move_to_marker/share/move_to_marker/package.dsv'
[1.233s] [34mcolcon.colcon_core.shell[0m [1;30mINFO[0m Creating package script '/home/ryanl/4231/MTRN4231_Project/install/move_to_marker/share/move_to_marker/package.sh'
[1.234s] [34mcolcon.colcon_core.shell[0m [1;30mINFO[0m Creating package script '/home/ryanl/4231/MTRN4231_Project/install/move_to_marker/share/move_to_marker/package.bash'
[1.234s] [34mcolcon.colcon_core.shell[0m [1;30mINFO[0m Creating package script '/home/ryanl/4231/MTRN4231_Project/install/move_to_marker/share/move_to_marker/package.zsh'
[1.235s] [34mcolcon.colcon_core.environment[0m [1;30mLevel 1[0m create_file_with_runtime_dependencies(/home/ryanl/4231/MTRN4231_Project/install/move_to_marker/share/colcon-core/packages/move_to_marker)
[1.626s] [34mcolcon.colcon_core.event_handler.log_command[0m [1;30mDEBUG[0m [32mInvoked command in '/home/ryanl/4231/MTRN4231_Project/build/custom_interfaces' returned '0': CMAKE_PREFIX_PATH=${CMAKE_PREFIX_PATH}:/opt/ros/humble /usr/bin/cmake --build /home/ryanl/4231/MTRN4231_Project/build/custom_interfaces -- -j16 -l16[0m
[1.629s] [34mcolcon.colcon_core.event_handler.log_command[0m [1;30mDEBUG[0m [32mInvoking command in '/home/ryanl/4231/MTRN4231_Project/build/custom_interfaces': CMAKE_PREFIX_PATH=${CMAKE_PREFIX_PATH}:/opt/ros/humble /usr/bin/cmake --install /home/ryanl/4231/MTRN4231_Project/build/custom_interfaces[0m
[1.762s] [34mcolcon.colcon_core.environment[0m [1;30mLevel 1[0m create_environment_scripts_only(custom_interfaces)
[1.763s] [34mcolcon.colcon_core.environment[0m [1;30mLevel 1[0m checking '/home/ryanl/4231/MTRN4231_Project/install/custom_interfaces' for CMake module files
[1.764s] [34mcolcon.colcon_core.event_handler.log_command[0m [1;30mDEBUG[0m [32mInvoked command in '/home/ryanl/4231/MTRN4231_Project/build/custom_interfaces' returned '0': CMAKE_PREFIX_PATH=${CMAKE_PREFIX_PATH}:/opt/ros/humble /usr/bin/cmake --install /home/ryanl/4231/MTRN4231_Project/build/custom_interfaces[0m
[1.765s] [34mcolcon.colcon_core.environment[0m [1;30mLevel 1[0m checking '/home/ryanl/4231/MTRN4231_Project/install/custom_interfaces' for CMake config files
[1.766s] [34mcolcon.colcon_core.shell[0m [1;30mLevel 1[0m create_environment_hook('custom_interfaces', 'cmake_prefix_path')
[1.766s] [34mcolcon.colcon_core.shell[0m [1;30mINFO[0m Creating environment hook '/home/ryanl/4231/MTRN4231_Project/install/custom_interfaces/share/custom_interfaces/hook/cmake_prefix_path.ps1'
[1.767s] [34mcolcon.colcon_core.shell[0m [1;30mINFO[0m Creating environment descriptor '/home/ryanl/4231/MTRN4231_Project/install/custom_interfaces/share/custom_interfaces/hook/cmake_prefix_path.dsv'
[1.768s] [34mcolcon.colcon_core.shell[0m [1;30mINFO[0m Creating environment hook '/home/ryanl/4231/MTRN4231_Project/install/custom_interfaces/share/custom_interfaces/hook/cmake_prefix_path.sh'
[1.769s] [34mcolcon.colcon_core.environment[0m [1;30mLevel 1[0m checking '/home/ryanl/4231/MTRN4231_Project/install/custom_interfaces/lib'
[1.769s] [34mcolcon.colcon_core.shell[0m [1;30mLevel 1[0m create_environment_hook('custom_interfaces', 'ld_library_path_lib')
[1.770s] [34mcolcon.colcon_core.shell[0m [1;30mINFO[0m Creating environment hook '/home/ryanl/4231/MTRN4231_Project/install/custom_interfaces/share/custom_interfaces/hook/ld_library_path_lib.ps1'
[1.770s] [34mcolcon.colcon_core.shell[0m [1;30mINFO[0m Creating environment descriptor '/home/ryanl/4231/MTRN4231_Project/install/custom_interfaces/share/custom_interfaces/hook/ld_library_path_lib.dsv'
[1.771s] [34mcolcon.colcon_core.shell[0m [1;30mINFO[0m Creating environment hook '/home/ryanl/4231/MTRN4231_Project/install/custom_interfaces/share/custom_interfaces/hook/ld_library_path_lib.sh'
[1.772s] [34mcolcon.colcon_core.environment[0m [1;30mLevel 1[0m checking '/home/ryanl/4231/MTRN4231_Project/install/custom_interfaces/bin'
[1.772s] [34mcolcon.colcon_core.environment[0m [1;30mLevel 1[0m checking '/home/ryanl/4231/MTRN4231_Project/install/custom_interfaces/lib/pkgconfig/custom_interfaces.pc'
[1.772s] [34mcolcon.colcon_core.environment[0m [1;30mLevel 1[0m checking '/home/ryanl/4231/MTRN4231_Project/install/custom_interfaces/lib/python3.10/site-packages'
[1.772s] [34mcolcon.colcon_core.environment[0m [1;30mLevel 1[0m checking '/home/ryanl/4231/MTRN4231_Project/install/custom_interfaces/bin'
[1.773s] [34mcolcon.colcon_core.shell[0m [1;30mINFO[0m Creating package script '/home/ryanl/4231/MTRN4231_Project/install/custom_interfaces/share/custom_interfaces/package.ps1'
[1.774s] [34mcolcon.colcon_core.shell[0m [1;30mINFO[0m Creating package descriptor '/home/ryanl/4231/MTRN4231_Project/install/custom_interfaces/share/custom_interfaces/package.dsv'
[1.775s] [34mcolcon.colcon_core.shell[0m [1;30mINFO[0m Creating package script '/home/ryanl/4231/MTRN4231_Project/install/custom_interfaces/share/custom_interfaces/package.sh'
[1.775s] [34mcolcon.colcon_core.shell[0m [1;30mINFO[0m Creating package script '/home/ryanl/4231/MTRN4231_Project/install/custom_interfaces/share/custom_interfaces/package.bash'
[1.776s] [34mcolcon.colcon_core.shell[0m [1;30mINFO[0m Creating package script '/home/ryanl/4231/MTRN4231_Project/install/custom_interfaces/share/custom_interfaces/package.zsh'
[1.777s] [34mcolcon.colcon_core.environment[0m [1;30mLevel 1[0m create_file_with_runtime_dependencies(/home/ryanl/4231/MTRN4231_Project/install/custom_interfaces/share/colcon-core/packages/custom_interfaces)
[1.778s] [34mcolcon.colcon_core.environment[0m [1;30mLevel 1[0m create_environment_scripts_only(custom_interfaces)
[1.778s] [34mcolcon.colcon_core.environment[0m [1;30mLevel 1[0m checking '/home/ryanl/4231/MTRN4231_Project/install/custom_interfaces' for CMake module files
[1.779s] [34mcolcon.colcon_core.environment[0m [1;30mLevel 1[0m checking '/home/ryanl/4231/MTRN4231_Project/install/custom_interfaces' for CMake config files
[1.780s] [34mcolcon.colcon_core.shell[0m [1;30mLevel 1[0m create_environment_hook('custom_interfaces', 'cmake_prefix_path')
[1.780s] [34mcolcon.colcon_core.shell[0m [1;30mINFO[0m Creating environment hook '/home/ryanl/4231/MTRN4231_Project/install/custom_interfaces/share/custom_interfaces/hook/cmake_prefix_path.ps1'
[1.781s] [34mcolcon.colcon_core.shell[0m [1;30mINFO[0m Creating environment descriptor '/home/ryanl/4231/MTRN4231_Project/install/custom_interfaces/share/custom_interfaces/hook/cmake_prefix_path.dsv'
[1.782s] [34mcolcon.colcon_core.shell[0m [1;30mINFO[0m Creating environment hook '/home/ryanl/4231/MTRN4231_Project/install/custom_interfaces/share/custom_interfaces/hook/cmake_prefix_path.sh'
[1.783s] [34mcolcon.colcon_core.environment[0m [1;30mLevel 1[0m checking '/home/ryanl/4231/MTRN4231_Project/install/custom_interfaces/lib'
[1.783s] [34mcolcon.colcon_core.shell[0m [1;30mLevel 1[0m create_environment_hook('custom_interfaces', 'ld_library_path_lib')
[1.783s] [34mcolcon.colcon_core.shell[0m [1;30mINFO[0m Creating environment hook '/home/ryanl/4231/MTRN4231_Project/install/custom_interfaces/share/custom_interfaces/hook/ld_library_path_lib.ps1'
[1.784s] [34mcolcon.colcon_core.shell[0m [1;30mINFO[0m Creating environment descriptor '/home/ryanl/4231/MTRN4231_Project/install/custom_interfaces/share/custom_interfaces/hook/ld_library_path_lib.dsv'
[1.785s] [34mcolcon.colcon_core.shell[0m [1;30mINFO[0m Creating environment hook '/home/ryanl/4231/MTRN4231_Project/install/custom_interfaces/share/custom_interfaces/hook/ld_library_path_lib.sh'
[1.785s] [34mcolcon.colcon_core.environment[0m [1;30mLevel 1[0m checking '/home/ryanl/4231/MTRN4231_Project/install/custom_interfaces/bin'
[1.785s] [34mcolcon.colcon_core.environment[0m [1;30mLevel 1[0m checking '/home/ryanl/4231/MTRN4231_Project/install/custom_interfaces/lib/pkgconfig/custom_interfaces.pc'
[1.786s] [34mcolcon.colcon_core.environment[0m [1;30mLevel 1[0m checking '/home/ryanl/4231/MTRN4231_Project/install/custom_interfaces/lib/python3.10/site-packages'
[1.786s] [34mcolcon.colcon_core.environment[0m [1;30mLevel 1[0m checking '/home/ryanl/4231/MTRN4231_Project/install/custom_interfaces/bin'
[1.787s] [34mcolcon.colcon_core.shell[0m [1;30mINFO[0m Creating package script '/home/ryanl/4231/MTRN4231_Project/install/custom_interfaces/share/custom_interfaces/package.ps1'
[1.787s] [34mcolcon.colcon_core.shell[0m [1;30mINFO[0m Creating package descriptor '/home/ryanl/4231/MTRN4231_Project/install/custom_interfaces/share/custom_interfaces/package.dsv'
[1.788s] [34mcolcon.colcon_core.shell[0m [1;30mINFO[0m Creating package script '/home/ryanl/4231/MTRN4231_Project/install/custom_interfaces/share/custom_interfaces/package.sh'
[1.789s] [34mcolcon.colcon_core.shell[0m [1;30mINFO[0m Creating package script '/home/ryanl/4231/MTRN4231_Project/install/custom_interfaces/share/custom_interfaces/package.bash'
[1.790s] [34mcolcon.colcon_core.shell[0m [1;30mINFO[0m Creating package script '/home/ryanl/4231/MTRN4231_Project/install/custom_interfaces/share/custom_interfaces/package.zsh'
[1.791s] [34mcolcon.colcon_core.environment[0m [1;30mLevel 1[0m create_file_with_runtime_dependencies(/home/ryanl/4231/MTRN4231_Project/install/custom_interfaces/share/colcon-core/packages/custom_interfaces)
[1.792s] [34mcolcon.colcon_ros.task.ament_cmake.build[0m [1;30mINFO[0m Building ROS package in '/home/ryanl/4231/MTRN4231_Project/src/arm_controller' with build type 'ament_cmake'
[1.792s] [34mcolcon.colcon_cmake.task.cmake.build[0m [1;30mINFO[0m Building CMake package in '/home/ryanl/4231/MTRN4231_Project/src/arm_controller'
[1.793s] [34mcolcon.colcon_core.shell[0m [1;30mINFO[0m Skip shell extension 'powershell' for command environment: Not usable outside of PowerShell
[1.793s] [34mcolcon.colcon_core.shell[0m [1;30mDEBUG[0m [32mSkip shell extension 'dsv' for command environment[0m
[1.979s] [34mcolcon.colcon_core.event_handler.log_command[0m [1;30mDEBUG[0m [32mInvoking command in '/home/ryanl/4231/MTRN4231_Project/build/arm_controller': CMAKE_PREFIX_PATH=/home/ryanl/4231/MTRN4231_Project/install/custom_interfaces:/home/ryanl/4231/MTRN4231_Project/install/move_to_marker:/home/ryanl/4231/MTRN4231_Project/install/end_effector_description:/home/ryanl/4231/MTRN4231_Project/install/arm_controller:/opt/ros/humble /usr/bin/cmake --build /home/ryanl/4231/MTRN4231_Project/build/arm_controller -- -j16 -l16[0m
[55.936s] [34mcolcon.colcon_core.event_handler.log_command[0m [1;30mDEBUG[0m [32mInvoked command in '/home/ryanl/4231/MTRN4231_Project/build/arm_controller' returned '0': CMAKE_PREFIX_PATH=/home/ryanl/4231/MTRN4231_Project/install/custom_interfaces:/home/ryanl/4231/MTRN4231_Project/install/move_to_marker:/home/ryanl/4231/MTRN4231_Project/install/end_effector_description:/home/ryanl/4231/MTRN4231_Project/install/arm_controller:/opt/ros/humble /usr/bin/cmake --build /home/ryanl/4231/MTRN4231_Project/build/arm_controller -- -j16 -l16[0m
[55.941s] [34mcolcon.colcon_core.event_handler.log_command[0m [1;30mDEBUG[0m [32mInvoking command in '/home/ryanl/4231/MTRN4231_Project/build/arm_controller': CMAKE_PREFIX_PATH=/home/ryanl/4231/MTRN4231_Project/install/custom_interfaces:/home/ryanl/4231/MTRN4231_Project/install/move_to_marker:/home/ryanl/4231/MTRN4231_Project/install/end_effector_description:/home/ryanl/4231/MTRN4231_Project/install/arm_controller:/opt/ros/humble /usr/bin/cmake --install /home/ryanl/4231/MTRN4231_Project/build/arm_controller[0m
[55.999s] [34mcolcon.colcon_core.environment[0m [1;30mLevel 1[0m create_environment_scripts_only(arm_controller)
[56.000s] [34mcolcon.colcon_core.environment[0m [1;30mLevel 1[0m checking '/home/ryanl/4231/MTRN4231_Project/install/arm_controller' for CMake module files
[56.001s] [34mcolcon.colcon_core.event_handler.log_command[0m [1;30mDEBUG[0m [32mInvoked command in '/home/ryanl/4231/MTRN4231_Project/build/arm_controller' returned '0': CMAKE_PREFIX_PATH=/home/ryanl/4231/MTRN4231_Project/install/custom_interfaces:/home/ryanl/4231/MTRN4231_Project/install/move_to_marker:/home/ryanl/4231/MTRN4231_Project/install/end_effector_description:/home/ryanl/4231/MTRN4231_Project/install/arm_controller:/opt/ros/humble /usr/bin/cmake --install /home/ryanl/4231/MTRN4231_Project/build/arm_controller[0m
[56.002s] [34mcolcon.colcon_core.environment[0m [1;30mLevel 1[0m checking '/home/ryanl/4231/MTRN4231_Project/install/arm_controller' for CMake config files
[56.002s] [34mcolcon.colcon_core.shell[0m [1;30mLevel 1[0m create_environment_hook('arm_controller', 'cmake_prefix_path')
[56.003s] [34mcolcon.colcon_core.shell[0m [1;30mINFO[0m Creating environment hook '/home/ryanl/4231/MTRN4231_Project/install/arm_controller/share/arm_controller/hook/cmake_prefix_path.ps1'
[56.003s] [34mcolcon.colcon_core.shell[0m [1;30mINFO[0m Creating environment descriptor '/home/ryanl/4231/MTRN4231_Project/install/arm_controller/share/arm_controller/hook/cmake_prefix_path.dsv'
[56.004s] [34mcolcon.colcon_core.shell[0m [1;30mINFO[0m Creating environment hook '/home/ryanl/4231/MTRN4231_Project/install/arm_controller/share/arm_controller/hook/cmake_prefix_path.sh'
[56.005s] [34mcolcon.colcon_core.environment[0m [1;30mLevel 1[0m checking '/home/ryanl/4231/MTRN4231_Project/install/arm_controller/lib'
[56.005s] [34mcolcon.colcon_core.environment[0m [1;30mLevel 1[0m checking '/home/ryanl/4231/MTRN4231_Project/install/arm_controller/bin'
[56.005s] [34mcolcon.colcon_core.environment[0m [1;30mLevel 1[0m checking '/home/ryanl/4231/MTRN4231_Project/install/arm_controller/lib/pkgconfig/arm_controller.pc'
[56.006s] [34mcolcon.colcon_core.environment[0m [1;30mLevel 1[0m checking '/home/ryanl/4231/MTRN4231_Project/install/arm_controller/lib/python3.10/site-packages'
[56.006s] [34mcolcon.colcon_core.environment[0m [1;30mLevel 1[0m checking '/home/ryanl/4231/MTRN4231_Project/install/arm_controller/bin'
[56.007s] [34mcolcon.colcon_core.shell[0m [1;30mINFO[0m Creating package script '/home/ryanl/4231/MTRN4231_Project/install/arm_controller/share/arm_controller/package.ps1'
[56.007s] [34mcolcon.colcon_core.shell[0m [1;30mINFO[0m Creating package descriptor '/home/ryanl/4231/MTRN4231_Project/install/arm_controller/share/arm_controller/package.dsv'
[56.008s] [34mcolcon.colcon_core.shell[0m [1;30mINFO[0m Creating package script '/home/ryanl/4231/MTRN4231_Project/install/arm_controller/share/arm_controller/package.sh'
[56.009s] [34mcolcon.colcon_core.shell[0m [1;30mINFO[0m Creating package script '/home/ryanl/4231/MTRN4231_Project/install/arm_controller/share/arm_controller/package.bash'
[56.010s] [34mcolcon.colcon_core.shell[0m [1;30mINFO[0m Creating package script '/home/ryanl/4231/MTRN4231_Project/install/arm_controller/share/arm_controller/package.zsh'
[56.010s] [34mcolcon.colcon_core.environment[0m [1;30mLevel 1[0m create_file_with_runtime_dependencies(/home/ryanl/4231/MTRN4231_Project/install/arm_controller/share/colcon-core/packages/arm_controller)
[56.011s] [34mcolcon.colcon_core.environment[0m [1;30mLevel 1[0m create_environment_scripts_only(arm_controller)
[56.012s] [34mcolcon.colcon_core.environment[0m [1;30mLevel 1[0m checking '/home/ryanl/4231/MTRN4231_Project/install/arm_controller' for CMake module files
[56.013s] [34mcolcon.colcon_core.environment[0m [1;30mLevel 1[0m checking '/home/ryanl/4231/MTRN4231_Project/install/arm_controller' for CMake config files
[56.013s] [34mcolcon.colcon_core.shell[0m [1;30mLevel 1[0m create_environment_hook('arm_controller', 'cmake_prefix_path')
[56.013s] [34mcolcon.colcon_core.shell[0m [1;30mINFO[0m Creating environment hook '/home/ryanl/4231/MTRN4231_Project/install/arm_controller/share/arm_controller/hook/cmake_prefix_path.ps1'
[56.014s] [34mcolcon.colcon_core.shell[0m [1;30mINFO[0m Creating environment descriptor '/home/ryanl/4231/MTRN4231_Project/install/arm_controller/share/arm_controller/hook/cmake_prefix_path.dsv'
[56.015s] [34mcolcon.colcon_core.shell[0m [1;30mINFO[0m Creating environment hook '/home/ryanl/4231/MTRN4231_Project/install/arm_controller/share/arm_controller/hook/cmake_prefix_path.sh'
[56.016s] [34mcolcon.colcon_core.environment[0m [1;30mLevel 1[0m checking '/home/ryanl/4231/MTRN4231_Project/install/arm_controller/lib'
[56.016s] [34mcolcon.colcon_core.environment[0m [1;30mLevel 1[0m checking '/home/ryanl/4231/MTRN4231_Project/install/arm_controller/bin'
[56.016s] [34mcolcon.colcon_core.environment[0m [1;30mLevel 1[0m checking '/home/ryanl/4231/MTRN4231_Project/install/arm_controller/lib/pkgconfig/arm_controller.pc'
[56.016s] [34mcolcon.colcon_core.environment[0m [1;30mLevel 1[0m checking '/home/ryanl/4231/MTRN4231_Project/install/arm_controller/lib/python3.10/site-packages'
[56.016s] [34mcolcon.colcon_core.environment[0m [1;30mLevel 1[0m checking '/home/ryanl/4231/MTRN4231_Project/install/arm_controller/bin'
[56.017s] [34mcolcon.colcon_core.shell[0m [1;30mINFO[0m Creating package script '/home/ryanl/4231/MTRN4231_Project/install/arm_controller/share/arm_controller/package.ps1'
[56.018s] [34mcolcon.colcon_core.shell[0m [1;30mINFO[0m Creating package descriptor '/home/ryanl/4231/MTRN4231_Project/install/arm_controller/share/arm_controller/package.dsv'
[56.018s] [34mcolcon.colcon_core.shell[0m [1;30mINFO[0m Creating package script '/home/ryanl/4231/MTRN4231_Project/install/arm_controller/share/arm_controller/package.sh'
[56.019s] [34mcolcon.colcon_core.shell[0m [1;30mINFO[0m Creating package script '/home/ryanl/4231/MTRN4231_Project/install/arm_controller/share/arm_controller/package.bash'
[56.019s] [34mcolcon.colcon_core.shell[0m [1;30mINFO[0m Creating package script '/home/ryanl/4231/MTRN4231_Project/install/arm_controller/share/arm_controller/package.zsh'
[56.020s] [34mcolcon.colcon_core.environment[0m [1;30mLevel 1[0m create_file_with_runtime_dependencies(/home/ryanl/4231/MTRN4231_Project/install/arm_controller/share/colcon-core/packages/arm_controller)
[56.021s] [34mcolcon.colcon_parallel_executor.executor.parallel[0m [1;30mDEBUG[0m [32mclosing loop[0m
[56.021s] [34mcolcon.colcon_parallel_executor.executor.parallel[0m [1;30mDEBUG[0m [32mloop closed[0m
[56.022s] [34mcolcon.colcon_parallel_executor.executor.parallel[0m [1;30mDEBUG[0m [32mrun_until_complete finished with '0'[0m
[56.022s] [34mcolcon.colcon_core.event_reactor[0m [1;30mDEBUG[0m [32mjoining thread[0m
[56.114s] [34mcolcon.colcon_core.plugin_system[0m [1;30mINFO[0m Skipping extension 'colcon_notification.desktop_notification.notify_send': Could not find 'notify-send'
[56.114s] [34mcolcon.colcon_core.plugin_system[0m [1;30mINFO[0m Skipping extension 'colcon_notification.desktop_notification.terminal_notifier': Not used on non-Darwin systems
[56.114s] [34mcolcon.colcon_core.plugin_system[0m [1;30mINFO[0m Skipping extension 'colcon_notification.desktop_notification.win32': Not used on non-Windows systems
[56.115s] [34mcolcon.colcon_notification.desktop_notification[0m [1;30mINFO[0m Sending desktop notification using 'notify2'
[56.115s] [34mcolcon.colcon_notification.desktop_notification.notify2[0m [1;30mDEBUG[0m [32mFailed to initialize notify2: org.freedesktop.DBus.Error.FileNotFound: Failed to connect to socket /run/user/1000/bus: No such file or directory[0m
[56.115s] [34mcolcon.colcon_core.event_reactor[0m [1;30mDEBUG[0m [32mjoined thread[0m
[56.116s] [34mcolcon.colcon_core.shell[0m [1;30mINFO[0m Creating prefix script '/home/ryanl/4231/MTRN4231_Project/install/local_setup.ps1'
[56.118s] [34mcolcon.colcon_core.shell[0m [1;30mINFO[0m Creating prefix util module '/home/ryanl/4231/MTRN4231_Project/install/_local_setup_util_ps1.py'
[56.121s] [34mcolcon.colcon_core.shell[0m [1;30mINFO[0m Creating prefix chain script '/home/ryanl/4231/MTRN4231_Project/install/setup.ps1'
[56.123s] [34mcolcon.colcon_core.shell[0m [1;30mINFO[0m Creating prefix script '/home/ryanl/4231/MTRN4231_Project/install/local_setup.sh'
[56.124s] [34mcolcon.colcon_core.shell[0m [1;30mINFO[0m Creating prefix util module '/home/ryanl/4231/MTRN4231_Project/install/_local_setup_util_sh.py'
[56.125s] [34mcolcon.colcon_core.shell[0m [1;30mINFO[0m Creating prefix chain script '/home/ryanl/4231/MTRN4231_Project/install/setup.sh'
[56.127s] [34mcolcon.colcon_core.shell[0m [1;30mINFO[0m Creating prefix script '/home/ryanl/4231/MTRN4231_Project/install/local_setup.bash'
[56.128s] [34mcolcon.colcon_core.shell[0m [1;30mINFO[0m Creating prefix chain script '/home/ryanl/4231/MTRN4231_Project/install/setup.bash'
[56.130s] [34mcolcon.colcon_core.shell[0m [1;30mINFO[0m Creating prefix script '/home/ryanl/4231/MTRN4231_Project/install/local_setup.zsh'
[56.131s] [34mcolcon.colcon_core.shell[0m [1;30mINFO[0m Creating prefix chain script '/home/ryanl/4231/MTRN4231_Project/install/setup.zsh'
