[0.034s] Invoking command in '/home/ryanl/4231/MTRN4231_Project/build/arm_interfaces': /usr/bin/cmake --build /home/ryanl/4231/MTRN4231_Project/build/arm_interfaces -- -j16 -l16
[0.204s] [  3%] Built target arm_interfaces__cpp
[0.205s] [ 12%] Built target arm_interfaces__rosidl_generator_c
[0.240s] [ 12%] Built target ament_cmake_python_copy_arm_interfaces
[0.265s] [ 41%] Built target arm_interfaces__rosidl_typesupport_cpp
[0.266s] [ 41%] Built target arm_interfaces__rosidl_typesupport_introspection_cpp
[0.266s] [ 41%] Built target arm_interfaces__rosidl_typesupport_fastrtps_cpp
[0.292s] [ 51%] Built target arm_interfaces__rosidl_typesupport_introspection_c
[0.293s] [ 61%] Built target arm_interfaces__rosidl_typesupport_c
[0.295s] [ 70%] Built target arm_interfaces__rosidl_typesupport_fastrtps_c
[0.341s] [ 70%] Built target arm_interfaces
[0.388s] [ 74%] Built target arm_interfaces__py
[0.439s] [ 80%] Built target arm_interfaces__rosidl_generator_py
[0.490s] [ 87%] Built target arm_interfaces__rosidl_typesupport_c__pyext
[0.490s] [ 93%] Built target arm_interfaces__rosidl_typesupport_fastrtps_c__pyext
[0.495s] [100%] Built target arm_interfaces__rosidl_typesupport_introspection_c__pyext
[0.709s] running egg_info
[0.711s] writing arm_interfaces.egg-info/PKG-INFO
[0.712s] writing dependency_links to arm_interfaces.egg-info/dependency_links.txt
[0.712s] writing top-level names to arm_interfaces.egg-info/top_level.txt
[0.727s] reading manifest file 'arm_interfaces.egg-info/SOURCES.txt'
[0.728s] writing manifest file 'arm_interfaces.egg-info/SOURCES.txt'
[0.784s] [100%] Built target ament_cmake_python_build_arm_interfaces_egg
