[0.034s] Invoking command in '/home/ryanl/4231/MTRN4231_Project/build/end_effector_description': CMAKE_PREFIX_PATH=/home/ryanl/4231/MTRN4231_Project/install/end_effector_description:/opt/ros/humble:/home/ryanl/4231/MTRN4231_Project/install/ur5e_robot_config:/home/ryanl/4231/MTRN4231_Project/install/arm_controller:/home/ryanl/4231/MTRN4231_Project/install/arm_interfaces /usr/bin/cmake /home/ryanl/4231/MTRN4231_Project/src/end_effector_description -DAMENT_CMAKE_SYMLINK_INSTALL=1 -DCMAKE_INSTALL_PREFIX=/home/ryanl/4231/MTRN4231_Project/install/end_effector_description
[0.096s] -- Found ament_cmake: 1.3.12 (/opt/ros/humble/share/ament_cmake/cmake)
[0.376s] -- Override CMake install command with custom implementation using symlinks instead of copying resources
[0.560s] -- Configuring done
[0.574s] -- Generating done
[0.577s] -- Build files have been written to: /home/ryanl/4231/MTRN4231_Project/build/end_effector_description
[0.583s] Invoked command in '/home/ryanl/4231/MTRN4231_Project/build/end_effector_description' returned '0': CMAKE_PREFIX_PATH=/home/ryanl/4231/MTRN4231_Project/install/end_effector_description:/opt/ros/humble:/home/ryanl/4231/MTRN4231_Project/install/ur5e_robot_config:/home/ryanl/4231/MTRN4231_Project/install/arm_controller:/home/ryanl/4231/MTRN4231_Project/install/arm_interfaces /usr/bin/cmake /home/ryanl/4231/MTRN4231_Project/src/end_effector_description -DAMENT_CMAKE_SYMLINK_INSTALL=1 -DCMAKE_INSTALL_PREFIX=/home/ryanl/4231/MTRN4231_Project/install/end_effector_description
[0.586s] Invoking command in '/home/ryanl/4231/MTRN4231_Project/build/end_effector_description': CMAKE_PREFIX_PATH=/home/ryanl/4231/MTRN4231_Project/install/end_effector_description:/opt/ros/humble:/home/ryanl/4231/MTRN4231_Project/install/ur5e_robot_config:/home/ryanl/4231/MTRN4231_Project/install/arm_controller:/home/ryanl/4231/MTRN4231_Project/install/arm_interfaces /usr/bin/cmake --build /home/ryanl/4231/MTRN4231_Project/build/end_effector_description -- -j16 -l16
[0.667s] Invoked command in '/home/ryanl/4231/MTRN4231_Project/build/end_effector_description' returned '0': CMAKE_PREFIX_PATH=/home/ryanl/4231/MTRN4231_Project/install/end_effector_description:/opt/ros/humble:/home/ryanl/4231/MTRN4231_Project/install/ur5e_robot_config:/home/ryanl/4231/MTRN4231_Project/install/arm_controller:/home/ryanl/4231/MTRN4231_Project/install/arm_interfaces /usr/bin/cmake --build /home/ryanl/4231/MTRN4231_Project/build/end_effector_description -- -j16 -l16
[0.688s] Invoking command in '/home/ryanl/4231/MTRN4231_Project/build/end_effector_description': CMAKE_PREFIX_PATH=/home/ryanl/4231/MTRN4231_Project/install/end_effector_description:/opt/ros/humble:/home/ryanl/4231/MTRN4231_Project/install/ur5e_robot_config:/home/ryanl/4231/MTRN4231_Project/install/arm_controller:/home/ryanl/4231/MTRN4231_Project/install/arm_interfaces /usr/bin/cmake --install /home/ryanl/4231/MTRN4231_Project/build/end_effector_description
[0.703s] -- Install configuration: ""
[0.703s] -- Execute custom install script
[0.705s] -- Up-to-date symlink: /home/ryanl/4231/MTRN4231_Project/install/end_effector_description/share/end_effector_description/launch/auxiliary.launch.py
[0.705s] -- Up-to-date symlink: /home/ryanl/4231/MTRN4231_Project/install/end_effector_description/share/end_effector_description/launch/display.launch.py
[0.706s] -- Up-to-date symlink: /home/ryanl/4231/MTRN4231_Project/install/end_effector_description/share/end_effector_description/rviz/default.rviz
[0.707s] -- Up-to-date symlink: /home/ryanl/4231/MTRN4231_Project/install/end_effector_description/share/end_effector_description/rviz/end_effector_only.rviz
[0.708s] -- Up-to-date symlink: /home/ryanl/4231/MTRN4231_Project/install/end_effector_description/share/end_effector_description/rviz/end_effector_withModel.rviz
[0.708s] -- Up-to-date symlink: /home/ryanl/4231/MTRN4231_Project/install/end_effector_description/share/end_effector_description/urdf/end_effector_withDriverSupport.xacro
[0.709s] -- Up-to-date symlink: /home/ryanl/4231/MTRN4231_Project/install/end_effector_description/share/end_effector_description/etc/robot_calibration.yaml
[0.710s] -- Up-to-date symlink: /home/ryanl/4231/MTRN4231_Project/install/end_effector_description/share/ament_index/resource_index/package_run_dependencies/end_effector_description
[0.711s] -- Up-to-date symlink: /home/ryanl/4231/MTRN4231_Project/install/end_effector_description/share/ament_index/resource_index/parent_prefix_path/end_effector_description
[0.711s] -- Up-to-date symlink: /home/ryanl/4231/MTRN4231_Project/install/end_effector_description/share/end_effector_description/environment/ament_prefix_path.sh
[0.712s] -- Up-to-date symlink: /home/ryanl/4231/MTRN4231_Project/install/end_effector_description/share/end_effector_description/environment/ament_prefix_path.dsv
[0.713s] -- Up-to-date symlink: /home/ryanl/4231/MTRN4231_Project/install/end_effector_description/share/end_effector_description/environment/path.sh
[0.714s] -- Up-to-date symlink: /home/ryanl/4231/MTRN4231_Project/install/end_effector_description/share/end_effector_description/environment/path.dsv
[0.715s] -- Up-to-date symlink: /home/ryanl/4231/MTRN4231_Project/install/end_effector_description/share/end_effector_description/local_setup.bash
[0.715s] -- Up-to-date symlink: /home/ryanl/4231/MTRN4231_Project/install/end_effector_description/share/end_effector_description/local_setup.sh
[0.716s] -- Up-to-date symlink: /home/ryanl/4231/MTRN4231_Project/install/end_effector_description/share/end_effector_description/local_setup.zsh
[0.717s] -- Up-to-date symlink: /home/ryanl/4231/MTRN4231_Project/install/end_effector_description/share/end_effector_description/local_setup.dsv
[0.717s] -- Symlinking: /home/ryanl/4231/MTRN4231_Project/install/end_effector_description/share/end_effector_description/package.dsv
[0.736s] -- Up-to-date symlink: /home/ryanl/4231/MTRN4231_Project/install/end_effector_description/share/ament_index/resource_index/packages/end_effector_description
[0.737s] -- Up-to-date symlink: /home/ryanl/4231/MTRN4231_Project/install/end_effector_description/share/end_effector_description/cmake/end_effector_descriptionConfig.cmake
[0.738s] -- Up-to-date symlink: /home/ryanl/4231/MTRN4231_Project/install/end_effector_description/share/end_effector_description/cmake/end_effector_descriptionConfig-version.cmake
[0.738s] -- Up-to-date symlink: /home/ryanl/4231/MTRN4231_Project/install/end_effector_description/share/end_effector_description/package.xml
[0.743s] Invoked command in '/home/ryanl/4231/MTRN4231_Project/build/end_effector_description' returned '0': CMAKE_PREFIX_PATH=/home/ryanl/4231/MTRN4231_Project/install/end_effector_description:/opt/ros/humble:/home/ryanl/4231/MTRN4231_Project/install/ur5e_robot_config:/home/ryanl/4231/MTRN4231_Project/install/arm_controller:/home/ryanl/4231/MTRN4231_Project/install/arm_interfaces /usr/bin/cmake --install /home/ryanl/4231/MTRN4231_Project/build/end_effector_description
