-- The C compiler identification is GNU 11.4.0
-- The CXX compiler identification is GNU 11.4.0
-- Detecting C compiler ABI info
-- Detecting C compiler ABI info - done
-- Check for working C compiler: /usr/bin/cc - skipped
-- Detecting C compile features
-- Detecting C compile features - done
-- Detecting CXX compiler ABI info
-- Detecting CXX compiler ABI info - done
-- Check for working CXX compiler: /usr/bin/c++ - skipped
-- Detecting CXX compile features
-- Detecting CXX compile features - done
-- Found ament_cmake: 1.3.12 (/opt/ros/humble/share/ament_cmake/cmake)
-- Found Python3: /usr/bin/python3 (found version "3.10.12") found components: Interpreter 
-- Override CMake install command with custom implementation using symlinks instead of copying resources
-- Found rclcpp: 16.0.14 (/opt/ros/humble/share/rclcpp/cmake)
-- Found rosidl_generator_c: 3.1.7 (/opt/ros/humble/share/rosidl_generator_c/cmake)
-- Found rosidl_adapter: 3.1.7 (/opt/ros/humble/share/rosidl_adapter/cmake)
-- Found rosidl_generator_cpp: 3.1.7 (/opt/ros/humble/share/rosidl_generator_cpp/cmake)
-- Using all available rosidl_typesupport_c: rosidl_typesupport_fastrtps_c;rosidl_typesupport_introspection_c
-- Using all available rosidl_typesupport_cpp: rosidl_typesupport_fastrtps_cpp;rosidl_typesupport_introspection_cpp
-- Found rmw_implementation_cmake: 6.1.2 (/opt/ros/humble/share/rmw_implementation_cmake/cmake)
-- Found rmw_fastrtps_cpp: 6.2.8 (/opt/ros/humble/share/rmw_fastrtps_cpp/cmake)
-- Found OpenSSL: /usr/lib/x86_64-linux-gnu/libcrypto.so (found version "3.0.2")  
-- Found FastRTPS: /opt/ros/humble/include  
-- Using RMW implementation 'rmw_fastrtps_cpp' as default
-- Looking for pthread.h
-- Looking for pthread.h - found
-- Performing Test CMAKE_HAVE_LIBC_PTHREAD
-- Performing Test CMAKE_HAVE_LIBC_PTHREAD - Success
-- Found Threads: TRUE  
-- Found rclcpp_action: 16.0.15 (/opt/ros/humble/share/rclcpp_action/cmake)
-- Found tf2_ros: 0.25.15 (/opt/ros/humble/share/tf2_ros/cmake)
-- Found tf2_geometry_msgs: 0.25.15 (/opt/ros/humble/share/tf2_geometry_msgs/cmake)
-- Found eigen3_cmake_module: 0.1.1 (/opt/ros/humble/share/eigen3_cmake_module/cmake)
-- Found Eigen3: TRUE (found version "3.4.0") 
-- Ensuring Eigen3 include directory is part of orocos-kdl CMake target
-- Found moveit_ros_planning_interface: 2.5.9 (/opt/ros/humble/share/moveit_ros_planning_interface/cmake)
-- Found Boost: /usr/lib/x86_64-linux-gnu/cmake/Boost-1.74.0/BoostConfig.cmake (found version "1.74.0") found components: date_time filesystem program_options system thread 
-- Found Boost: /usr/lib/x86_64-linux-gnu/cmake/Boost-1.74.0/BoostConfig.cmake (found version "1.74.0") found components: chrono date_time filesystem iostreams program_options regex serialization system thread 
-- Found parameter_traits: 0.5.0 (/opt/ros/humble/share/parameter_traits/cmake)
-- Found rclcpp_lifecycle: 16.0.14 (/opt/ros/humble/share/rclcpp_lifecycle/cmake)
-- Found Boost: /usr/lib/x86_64-linux-gnu/cmake/Boost-1.74.0/BoostConfig.cmake (found version "1.74.0") found components: filesystem 
-- library: /usr/lib/x86_64-linux-gnu/libcurl.so
-- Found Boost: /usr/lib/x86_64-linux-gnu/cmake/Boost-1.74.0/BoostConfig.cmake (found version "1.74.0") found components: system filesystem date_time program_options thread chrono 
-- Found Boost: /usr/lib/x86_64-linux-gnu/cmake/Boost-1.74.0/BoostConfig.cmake (found version "1.74.0") found components: thread system filesystem regex date_time program_options 
-- Found Boost: /usr/lib/x86_64-linux-gnu/cmake/Boost-1.74.0/BoostConfig.cmake (found version "1.74.0") found components: system filesystem date_time program_options thread 
-- Found custom_interfaces: 0.0.0 (/home/ryanl/4231/MTRN4231_Project/install/custom_interfaces/share/custom_interfaces/cmake)
-- Configuring done
-- Generating done
-- Build files have been written to: /home/ryanl/4231/MTRN4231_Project/build/arm_controller
[ 50%] [32mBuilding CXX object CMakeFiles/arm_controller_node.dir/src/arm_controller_node.cpp.o[0m
[100%] [32m[1mLinking CXX executable arm_controller_node[0m
[100%] Built target arm_controller_node
-- Install configuration: ""
-- Execute custom install script
-- Symlinking: /home/ryanl/4231/MTRN4231_Project/install/arm_controller/lib/arm_controller/arm_controller_node
-- Symlinking: /home/ryanl/4231/MTRN4231_Project/install/arm_controller/share/arm_controller/launch/arm_controller.launch.py
-- Symlinking: /home/ryanl/4231/MTRN4231_Project/install/arm_controller/share/arm_controller/launch/arm_controller_with_moveit_params.launch.py
-- Symlinking: /home/ryanl/4231/MTRN4231_Project/install/arm_controller/share/arm_controller/launch/bringup_fake_and_arm.launch.py
-- Symlinking: /home/ryanl/4231/MTRN4231_Project/install/arm_controller/share/arm_controller/launch/moveit_rviz.launch.py
-- Symlinking: /home/ryanl/4231/MTRN4231_Project/install/arm_controller/share/arm_controller/urdf/ur5e_with_tool.urdf.xacro
-- Symlinking: /home/ryanl/4231/MTRN4231_Project/install/arm_controller/share/arm_controller/srdf/ur5e_with_tool.srdf
-- Symlinking: /home/ryanl/4231/MTRN4231_Project/install/arm_controller/share/arm_controller/config/controllers.yaml
-- Symlinking: /home/ryanl/4231/MTRN4231_Project/install/arm_controller/share/arm_controller/config/end_effector_withDriverSupport.srdf
-- Symlinking: /home/ryanl/4231/MTRN4231_Project/install/arm_controller/share/arm_controller/config/joint_limits.yaml
-- Symlinking: /home/ryanl/4231/MTRN4231_Project/install/arm_controller/share/arm_controller/config/kinematics.yaml
-- Symlinking: /home/ryanl/4231/MTRN4231_Project/install/arm_controller/share/arm_controller/config/moveit.rviz
-- Symlinking: /home/ryanl/4231/MTRN4231_Project/install/arm_controller/share/arm_controller/config/moveit_controllers.yaml
-- Symlinking: /home/ryanl/4231/MTRN4231_Project/install/arm_controller/share/arm_controller/config/params.yaml
-- Symlinking: /home/ryanl/4231/MTRN4231_Project/install/arm_controller/share/arm_controller/config/pilz_cartesian_limits.yaml
-- Symlinking: /home/ryanl/4231/MTRN4231_Project/install/arm_controller/share/ament_index/resource_index/package_run_dependencies/arm_controller
-- Symlinking: /home/ryanl/4231/MTRN4231_Project/install/arm_controller/share/ament_index/resource_index/parent_prefix_path/arm_controller
-- Symlinking: /home/ryanl/4231/MTRN4231_Project/install/arm_controller/share/arm_controller/environment/ament_prefix_path.sh
-- Symlinking: /home/ryanl/4231/MTRN4231_Project/install/arm_controller/share/arm_controller/environment/ament_prefix_path.dsv
-- Symlinking: /home/ryanl/4231/MTRN4231_Project/install/arm_controller/share/arm_controller/environment/path.sh
-- Symlinking: /home/ryanl/4231/MTRN4231_Project/install/arm_controller/share/arm_controller/environment/path.dsv
-- Symlinking: /home/ryanl/4231/MTRN4231_Project/install/arm_controller/share/arm_controller/local_setup.bash
-- Symlinking: /home/ryanl/4231/MTRN4231_Project/install/arm_controller/share/arm_controller/local_setup.sh
-- Symlinking: /home/ryanl/4231/MTRN4231_Project/install/arm_controller/share/arm_controller/local_setup.zsh
-- Symlinking: /home/ryanl/4231/MTRN4231_Project/install/arm_controller/share/arm_controller/local_setup.dsv
-- Symlinking: /home/ryanl/4231/MTRN4231_Project/install/arm_controller/share/arm_controller/package.dsv
-- Symlinking: /home/ryanl/4231/MTRN4231_Project/install/arm_controller/share/ament_index/resource_index/packages/arm_controller
-- Symlinking: /home/ryanl/4231/MTRN4231_Project/install/arm_controller/share/arm_controller/cmake/arm_controllerConfig.cmake
-- Symlinking: /home/ryanl/4231/MTRN4231_Project/install/arm_controller/share/arm_controller/cmake/arm_controllerConfig-version.cmake
-- Symlinking: /home/ryanl/4231/MTRN4231_Project/install/arm_controller/share/arm_controller/package.xml
