[0.632s] Invoking command in '/home/ryanl/4231/MTRN4231_Project/build/arm_controller': CMAKE_PREFIX_PATH=/opt/ros/humble:/home/ryanl/4231/MTRN4231_Project/install/arm_interfaces:/home/ryanl/4231/MTRN4231_Project/install/ur5e_robot_config:/home/ryanl/4231/MTRN4231_Project/install/chess_arm_executor:/home/ryanl/4231/MTRN4231_Project/install/arm_controller LD_LIBRARY_PATH=/home/ryanl/4231/MTRN4231_Project/install/arm_interfaces/lib:/home/ryanl/4231/MTRN4231_Project/install/chess_arm_executor/lib:/opt/ros/humble/opt/rviz_ogre_vendor/lib:/opt/ros/humble/lib/x86_64-linux-gnu:/opt/ros/humble/lib PKG_CONFIG_PATH=/home/ryanl/4231/MTRN4231_Project/install/arm_interfaces/lib/x86_64-linux-gnu/pkgconfig:/home/ryanl/4231/MTRN4231_Project/install/arm_interfaces/lib/pkgconfig:/home/ryanl/4231/MTRN4231_Project/install/ur5e_robot_config/lib/x86_64-linux-gnu/pkgconfig:/home/ryanl/4231/MTRN4231_Project/install/ur5e_robot_config/lib/pkgconfig PYTHONPATH=/home/ryanl/4231/MTRN4231_Project/install/arm_interfaces/local/lib/python3.10/dist-packages:/home/ryanl/4231/MTRN4231_Project/install/chess_arm_executor/local/lib/python3.10/dist-packages:/opt/ros/humble/lib/python3.10/site-packages:/opt/ros/humble/local/lib/python3.10/dist-packages ROS_PACKAGE_PATH=/home/ryanl/4231/MTRN4231_Project/install/arm_interfaces/share:/home/ryanl/4231/MTRN4231_Project/install/ur5e_robot_config/share /usr/bin/cmake /home/ryanl/4231/MTRN4231_Project/src/arm_controller -DAMENT_CMAKE_SYMLINK_INSTALL=1 -DCMAKE_INSTALL_PREFIX=/home/ryanl/4231/MTRN4231_Project/install/arm_controller
[0.967s] -- The C compiler identification is GNU 11.4.0
[2.175s] -- The CXX compiler identification is GNU 11.4.0
[3.309s] -- Detecting C compiler ABI info
[3.706s] -- Detecting C compiler ABI info - done
[3.717s] -- Check for working C compiler: /usr/bin/cc - skipped
[3.717s] -- Detecting C compile features
[3.718s] -- Detecting C compile features - done
[3.724s] -- Detecting CXX compiler ABI info
[4.118s] -- Detecting CXX compiler ABI info - done
[4.129s] -- Check for working CXX compiler: /usr/bin/c++ - skipped
[4.129s] -- Detecting CXX compile features
[4.129s] -- Detecting CXX compile features - done
[4.135s] -- Found ament_cmake: 1.3.12 (/opt/ros/humble/share/ament_cmake/cmake)
[4.405s] -- Found Python3: /usr/bin/python3 (found version "3.10.12") found components: Interpreter 
[4.542s] -- Override CMake install command with custom implementation using symlinks instead of copying resources
[4.605s] -- Found rclcpp: 16.0.14 (/opt/ros/humble/share/rclcpp/cmake)
[4.974s] -- Found rosidl_generator_c: 3.1.7 (/opt/ros/humble/share/rosidl_generator_c/cmake)
[4.985s] -- Found rosidl_adapter: 3.1.7 (/opt/ros/humble/share/rosidl_adapter/cmake)
[5.003s] -- Found rosidl_generator_cpp: 3.1.7 (/opt/ros/humble/share/rosidl_generator_cpp/cmake)
[5.032s] -- Using all available rosidl_typesupport_c: rosidl_typesupport_fastrtps_c;rosidl_typesupport_introspection_c
[5.070s] -- Using all available rosidl_typesupport_cpp: rosidl_typesupport_fastrtps_cpp;rosidl_typesupport_introspection_cpp
[5.172s] -- Found rmw_implementation_cmake: 6.1.2 (/opt/ros/humble/share/rmw_implementation_cmake/cmake)
[5.178s] -- Found rmw_fastrtps_cpp: 6.2.8 (/opt/ros/humble/share/rmw_fastrtps_cpp/cmake)
[8.779s] -- Found OpenSSL: /usr/lib/x86_64-linux-gnu/libcrypto.so (found version "3.0.2")  
[12.221s] -- Found FastRTPS: /opt/ros/humble/include  
[18.407s] -- Using RMW implementation 'rmw_fastrtps_cpp' as default
[18.424s] -- Looking for pthread.h
[18.757s] -- Looking for pthread.h - found
[18.758s] -- Performing Test CMAKE_HAVE_LIBC_PTHREAD
[19.114s] -- Performing Test CMAKE_HAVE_LIBC_PTHREAD - Success
[19.117s] -- Found Threads: TRUE  
[19.221s] -- Found rclcpp_action: 16.0.15 (/opt/ros/humble/share/rclcpp_action/cmake)
[19.289s] -- Found tf2_ros: 0.25.15 (/opt/ros/humble/share/tf2_ros/cmake)
[19.429s] -- Found tf2_geometry_msgs: 0.25.15 (/opt/ros/humble/share/tf2_geometry_msgs/cmake)
[19.543s] -- Found eigen3_cmake_module: 0.1.1 (/opt/ros/humble/share/eigen3_cmake_module/cmake)
[19.545s] -- Found Eigen3: TRUE (found version "3.4.0") 
[19.545s] -- Ensuring Eigen3 include directory is part of orocos-kdl CMake target
[19.550s] -- Found moveit_ros_planning_interface: 2.5.9 (/opt/ros/humble/share/moveit_ros_planning_interface/cmake)
[19.594s] -- Found Boost: /usr/lib/x86_64-linux-gnu/cmake/Boost-1.74.0/BoostConfig.cmake (found version "1.74.0") found components: date_time filesystem program_options system thread 
[19.810s] -- Found Boost: /usr/lib/x86_64-linux-gnu/cmake/Boost-1.74.0/BoostConfig.cmake (found version "1.74.0") found components: chrono date_time filesystem iostreams program_options regex serialization system thread 
[22.845s] -- Found parameter_traits: 0.5.0 (/opt/ros/humble/share/parameter_traits/cmake)
[22.867s] -- Found rclcpp_lifecycle: 16.0.14 (/opt/ros/humble/share/rclcpp_lifecycle/cmake)
[22.908s] -- Found Boost: /usr/lib/x86_64-linux-gnu/cmake/Boost-1.74.0/BoostConfig.cmake (found version "1.74.0") found components: filesystem 
[26.299s] -- library: /usr/lib/x86_64-linux-gnu/libcurl.so
[29.520s] -- Found Boost: /usr/lib/x86_64-linux-gnu/cmake/Boost-1.74.0/BoostConfig.cmake (found version "1.74.0") found components: system filesystem date_time program_options thread chrono 
[29.565s] -- Found Boost: /usr/lib/x86_64-linux-gnu/cmake/Boost-1.74.0/BoostConfig.cmake (found version "1.74.0") found components: thread system filesystem regex date_time program_options 
[29.600s] -- Found Boost: /usr/lib/x86_64-linux-gnu/cmake/Boost-1.74.0/BoostConfig.cmake (found version "1.74.0") found components: system filesystem date_time program_options thread 
[29.641s] -- Found arm_interfaces: 0.0.1 (/home/ryanl/4231/MTRN4231_Project/install/arm_interfaces/share/arm_interfaces/cmake)
[29.781s] -- Configuring done
[29.847s] -- Generating done
[29.862s] -- Build files have been written to: /home/ryanl/4231/MTRN4231_Project/build/arm_controller
[29.894s] Invoked command in '/home/ryanl/4231/MTRN4231_Project/build/arm_controller' returned '0': CMAKE_PREFIX_PATH=/opt/ros/humble:/home/ryanl/4231/MTRN4231_Project/install/arm_interfaces:/home/ryanl/4231/MTRN4231_Project/install/ur5e_robot_config:/home/ryanl/4231/MTRN4231_Project/install/chess_arm_executor:/home/ryanl/4231/MTRN4231_Project/install/arm_controller LD_LIBRARY_PATH=/home/ryanl/4231/MTRN4231_Project/install/arm_interfaces/lib:/home/ryanl/4231/MTRN4231_Project/install/chess_arm_executor/lib:/opt/ros/humble/opt/rviz_ogre_vendor/lib:/opt/ros/humble/lib/x86_64-linux-gnu:/opt/ros/humble/lib PKG_CONFIG_PATH=/home/ryanl/4231/MTRN4231_Project/install/arm_interfaces/lib/x86_64-linux-gnu/pkgconfig:/home/ryanl/4231/MTRN4231_Project/install/arm_interfaces/lib/pkgconfig:/home/ryanl/4231/MTRN4231_Project/install/ur5e_robot_config/lib/x86_64-linux-gnu/pkgconfig:/home/ryanl/4231/MTRN4231_Project/install/ur5e_robot_config/lib/pkgconfig PYTHONPATH=/home/ryanl/4231/MTRN4231_Project/install/arm_interfaces/local/lib/python3.10/dist-packages:/home/ryanl/4231/MTRN4231_Project/install/chess_arm_executor/local/lib/python3.10/dist-packages:/opt/ros/humble/lib/python3.10/site-packages:/opt/ros/humble/local/lib/python3.10/dist-packages ROS_PACKAGE_PATH=/home/ryanl/4231/MTRN4231_Project/install/arm_interfaces/share:/home/ryanl/4231/MTRN4231_Project/install/ur5e_robot_config/share /usr/bin/cmake /home/ryanl/4231/MTRN4231_Project/src/arm_controller -DAMENT_CMAKE_SYMLINK_INSTALL=1 -DCMAKE_INSTALL_PREFIX=/home/ryanl/4231/MTRN4231_Project/install/arm_controller
[29.898s] Invoking command in '/home/ryanl/4231/MTRN4231_Project/build/arm_controller': CMAKE_PREFIX_PATH=/opt/ros/humble:/home/ryanl/4231/MTRN4231_Project/install/arm_interfaces:/home/ryanl/4231/MTRN4231_Project/install/ur5e_robot_config:/home/ryanl/4231/MTRN4231_Project/install/chess_arm_executor:/home/ryanl/4231/MTRN4231_Project/install/arm_controller LD_LIBRARY_PATH=/home/ryanl/4231/MTRN4231_Project/install/arm_interfaces/lib:/home/ryanl/4231/MTRN4231_Project/install/chess_arm_executor/lib:/opt/ros/humble/opt/rviz_ogre_vendor/lib:/opt/ros/humble/lib/x86_64-linux-gnu:/opt/ros/humble/lib PKG_CONFIG_PATH=/home/ryanl/4231/MTRN4231_Project/install/arm_interfaces/lib/x86_64-linux-gnu/pkgconfig:/home/ryanl/4231/MTRN4231_Project/install/arm_interfaces/lib/pkgconfig:/home/ryanl/4231/MTRN4231_Project/install/ur5e_robot_config/lib/x86_64-linux-gnu/pkgconfig:/home/ryanl/4231/MTRN4231_Project/install/ur5e_robot_config/lib/pkgconfig PYTHONPATH=/home/ryanl/4231/MTRN4231_Project/install/arm_interfaces/local/lib/python3.10/dist-packages:/home/ryanl/4231/MTRN4231_Project/install/chess_arm_executor/local/lib/python3.10/dist-packages:/opt/ros/humble/lib/python3.10/site-packages:/opt/ros/humble/local/lib/python3.10/dist-packages ROS_PACKAGE_PATH=/home/ryanl/4231/MTRN4231_Project/install/arm_interfaces/share:/home/ryanl/4231/MTRN4231_Project/install/ur5e_robot_config/share /usr/bin/cmake --build /home/ryanl/4231/MTRN4231_Project/build/arm_controller -- -j16 -l16
[30.016s] [ 50%] [32mBuilding CXX object CMakeFiles/arm_controller_node.dir/src/arm_controller_node.cpp.o[0m
[45.639s] [100%] [32m[1mLinking CXX executable arm_controller_node[0m
[46.408s] [100%] Built target arm_controller_node
[46.430s] Invoked command in '/home/ryanl/4231/MTRN4231_Project/build/arm_controller' returned '0': CMAKE_PREFIX_PATH=/opt/ros/humble:/home/ryanl/4231/MTRN4231_Project/install/arm_interfaces:/home/ryanl/4231/MTRN4231_Project/install/ur5e_robot_config:/home/ryanl/4231/MTRN4231_Project/install/chess_arm_executor:/home/ryanl/4231/MTRN4231_Project/install/arm_controller LD_LIBRARY_PATH=/home/ryanl/4231/MTRN4231_Project/install/arm_interfaces/lib:/home/ryanl/4231/MTRN4231_Project/install/chess_arm_executor/lib:/opt/ros/humble/opt/rviz_ogre_vendor/lib:/opt/ros/humble/lib/x86_64-linux-gnu:/opt/ros/humble/lib PKG_CONFIG_PATH=/home/ryanl/4231/MTRN4231_Project/install/arm_interfaces/lib/x86_64-linux-gnu/pkgconfig:/home/ryanl/4231/MTRN4231_Project/install/arm_interfaces/lib/pkgconfig:/home/ryanl/4231/MTRN4231_Project/install/ur5e_robot_config/lib/x86_64-linux-gnu/pkgconfig:/home/ryanl/4231/MTRN4231_Project/install/ur5e_robot_config/lib/pkgconfig PYTHONPATH=/home/ryanl/4231/MTRN4231_Project/install/arm_interfaces/local/lib/python3.10/dist-packages:/home/ryanl/4231/MTRN4231_Project/install/chess_arm_executor/local/lib/python3.10/dist-packages:/opt/ros/humble/lib/python3.10/site-packages:/opt/ros/humble/local/lib/python3.10/dist-packages ROS_PACKAGE_PATH=/home/ryanl/4231/MTRN4231_Project/install/arm_interfaces/share:/home/ryanl/4231/MTRN4231_Project/install/ur5e_robot_config/share /usr/bin/cmake --build /home/ryanl/4231/MTRN4231_Project/build/arm_controller -- -j16 -l16
[46.434s] Invoking command in '/home/ryanl/4231/MTRN4231_Project/build/arm_controller': CMAKE_PREFIX_PATH=/opt/ros/humble:/home/ryanl/4231/MTRN4231_Project/install/arm_interfaces:/home/ryanl/4231/MTRN4231_Project/install/ur5e_robot_config:/home/ryanl/4231/MTRN4231_Project/install/chess_arm_executor:/home/ryanl/4231/MTRN4231_Project/install/arm_controller LD_LIBRARY_PATH=/home/ryanl/4231/MTRN4231_Project/install/arm_interfaces/lib:/home/ryanl/4231/MTRN4231_Project/install/chess_arm_executor/lib:/opt/ros/humble/opt/rviz_ogre_vendor/lib:/opt/ros/humble/lib/x86_64-linux-gnu:/opt/ros/humble/lib PKG_CONFIG_PATH=/home/ryanl/4231/MTRN4231_Project/install/arm_interfaces/lib/x86_64-linux-gnu/pkgconfig:/home/ryanl/4231/MTRN4231_Project/install/arm_interfaces/lib/pkgconfig:/home/ryanl/4231/MTRN4231_Project/install/ur5e_robot_config/lib/x86_64-linux-gnu/pkgconfig:/home/ryanl/4231/MTRN4231_Project/install/ur5e_robot_config/lib/pkgconfig PYTHONPATH=/home/ryanl/4231/MTRN4231_Project/install/arm_interfaces/local/lib/python3.10/dist-packages:/home/ryanl/4231/MTRN4231_Project/install/chess_arm_executor/local/lib/python3.10/dist-packages:/opt/ros/humble/lib/python3.10/site-packages:/opt/ros/humble/local/lib/python3.10/dist-packages ROS_PACKAGE_PATH=/home/ryanl/4231/MTRN4231_Project/install/arm_interfaces/share:/home/ryanl/4231/MTRN4231_Project/install/ur5e_robot_config/share /usr/bin/cmake --install /home/ryanl/4231/MTRN4231_Project/build/arm_controller
[46.449s] -- Install configuration: ""
[46.450s] -- Execute custom install script
[46.454s] -- Symlinking: /home/ryanl/4231/MTRN4231_Project/install/arm_controller/lib/arm_controller/arm_controller_node
[46.475s] -- Symlinking: /home/ryanl/4231/MTRN4231_Project/install/arm_controller/share/arm_controller/launch/arm_controller.launch.py
[46.493s] -- Symlinking: /home/ryanl/4231/MTRN4231_Project/install/arm_controller/share/arm_controller/config/params.yaml
[46.517s] -- Symlinking: /home/ryanl/4231/MTRN4231_Project/install/arm_controller/share/ament_index/resource_index/package_run_dependencies/arm_controller
[46.539s] -- Symlinking: /home/ryanl/4231/MTRN4231_Project/install/arm_controller/share/ament_index/resource_index/parent_prefix_path/arm_controller
[46.561s] -- Symlinking: /home/ryanl/4231/MTRN4231_Project/install/arm_controller/share/arm_controller/environment/ament_prefix_path.sh
[46.580s] -- Symlinking: /home/ryanl/4231/MTRN4231_Project/install/arm_controller/share/arm_controller/environment/ament_prefix_path.dsv
[46.599s] -- Symlinking: /home/ryanl/4231/MTRN4231_Project/install/arm_controller/share/arm_controller/environment/path.sh
[46.617s] -- Symlinking: /home/ryanl/4231/MTRN4231_Project/install/arm_controller/share/arm_controller/environment/path.dsv
[46.634s] -- Symlinking: /home/ryanl/4231/MTRN4231_Project/install/arm_controller/share/arm_controller/local_setup.bash
[46.651s] -- Symlinking: /home/ryanl/4231/MTRN4231_Project/install/arm_controller/share/arm_controller/local_setup.sh
[46.670s] -- Symlinking: /home/ryanl/4231/MTRN4231_Project/install/arm_controller/share/arm_controller/local_setup.zsh
[46.687s] -- Symlinking: /home/ryanl/4231/MTRN4231_Project/install/arm_controller/share/arm_controller/local_setup.dsv
[46.707s] -- Symlinking: /home/ryanl/4231/MTRN4231_Project/install/arm_controller/share/arm_controller/package.dsv
[46.727s] -- Symlinking: /home/ryanl/4231/MTRN4231_Project/install/arm_controller/share/ament_index/resource_index/packages/arm_controller
[46.745s] -- Symlinking: /home/ryanl/4231/MTRN4231_Project/install/arm_controller/share/arm_controller/cmake/arm_controllerConfig.cmake
[46.763s] -- Symlinking: /home/ryanl/4231/MTRN4231_Project/install/arm_controller/share/arm_controller/cmake/arm_controllerConfig-version.cmake
[46.780s] -- Symlinking: /home/ryanl/4231/MTRN4231_Project/install/arm_controller/share/arm_controller/package.xml
[46.802s] Invoked command in '/home/ryanl/4231/MTRN4231_Project/build/arm_controller' returned '0': CMAKE_PREFIX_PATH=/opt/ros/humble:/home/ryanl/4231/MTRN4231_Project/install/arm_interfaces:/home/ryanl/4231/MTRN4231_Project/install/ur5e_robot_config:/home/ryanl/4231/MTRN4231_Project/install/chess_arm_executor:/home/ryanl/4231/MTRN4231_Project/install/arm_controller LD_LIBRARY_PATH=/home/ryanl/4231/MTRN4231_Project/install/arm_interfaces/lib:/home/ryanl/4231/MTRN4231_Project/install/chess_arm_executor/lib:/opt/ros/humble/opt/rviz_ogre_vendor/lib:/opt/ros/humble/lib/x86_64-linux-gnu:/opt/ros/humble/lib PKG_CONFIG_PATH=/home/ryanl/4231/MTRN4231_Project/install/arm_interfaces/lib/x86_64-linux-gnu/pkgconfig:/home/ryanl/4231/MTRN4231_Project/install/arm_interfaces/lib/pkgconfig:/home/ryanl/4231/MTRN4231_Project/install/ur5e_robot_config/lib/x86_64-linux-gnu/pkgconfig:/home/ryanl/4231/MTRN4231_Project/install/ur5e_robot_config/lib/pkgconfig PYTHONPATH=/home/ryanl/4231/MTRN4231_Project/install/arm_interfaces/local/lib/python3.10/dist-packages:/home/ryanl/4231/MTRN4231_Project/install/chess_arm_executor/local/lib/python3.10/dist-packages:/opt/ros/humble/lib/python3.10/site-packages:/opt/ros/humble/local/lib/python3.10/dist-packages ROS_PACKAGE_PATH=/home/ryanl/4231/MTRN4231_Project/install/arm_interfaces/share:/home/ryanl/4231/MTRN4231_Project/install/ur5e_robot_config/share /usr/bin/cmake --install /home/ryanl/4231/MTRN4231_Project/build/arm_controller
