[0.031s] Invoking command in '/home/ryanl/4231/MTRN4231_Project/build/arm_interfaces': /usr/bin/cmake --build /home/ryanl/4231/MTRN4231_Project/build/arm_interfaces -- -j16 -l16
[0.171s] [35m[1mConsolidate compiler generated dependencies of target arm_interfaces__rosidl_generator_c[0m
[0.195s] [  3%] Built target arm_interfaces__cpp
[0.198s] [ 12%] Built target arm_interfaces__rosidl_generator_c
[0.224s] [35m[1mConsolidate compiler generated dependencies of target arm_interfaces__rosidl_typesupport_cpp[0m
[0.227s] [35m[1mConsolidate compiler generated dependencies of target arm_interfaces__rosidl_typesupport_introspection_c[0m
[0.228s] [35m[1mConsolidate compiler generated dependencies of target arm_interfaces__rosidl_typesupport_fastrtps_c[0m
[0.228s] [35m[1mConsolidate compiler generated dependencies of target arm_interfaces__rosidl_typesupport_fastrtps_cpp[0m
[0.228s] [35m[1mConsolidate compiler generated dependencies of target arm_interfaces__rosidl_typesupport_introspection_cpp[0m
[0.230s] [ 12%] Built target ament_cmake_python_copy_arm_interfaces
[0.233s] [35m[1mConsolidate compiler generated dependencies of target arm_interfaces__rosidl_typesupport_c[0m
[0.261s] [ 32%] Built target arm_interfaces__rosidl_typesupport_cpp
[0.262s] [ 32%] Built target arm_interfaces__rosidl_typesupport_introspection_c
[0.262s] [ 41%] Built target arm_interfaces__rosidl_typesupport_introspection_cpp
[0.262s] [ 51%] Built target arm_interfaces__rosidl_typesupport_c
[0.262s] [ 61%] Built target arm_interfaces__rosidl_typesupport_fastrtps_c
[0.264s] [ 70%] Built target arm_interfaces__rosidl_typesupport_fastrtps_cpp
[0.309s] [ 70%] Built target arm_interfaces
[0.356s] [ 74%] Built target arm_interfaces__py
[0.381s] [35m[1mConsolidate compiler generated dependencies of target arm_interfaces__rosidl_generator_py[0m
[0.407s] [ 80%] Built target arm_interfaces__rosidl_generator_py
[0.432s] [35m[1mConsolidate compiler generated dependencies of target arm_interfaces__rosidl_typesupport_introspection_c__pyext[0m
[0.432s] [35m[1mConsolidate compiler generated dependencies of target arm_interfaces__rosidl_typesupport_fastrtps_c__pyext[0m
[0.432s] [35m[1mConsolidate compiler generated dependencies of target arm_interfaces__rosidl_typesupport_c__pyext[0m
[0.457s] [ 87%] Built target arm_interfaces__rosidl_typesupport_c__pyext
[0.458s] [ 93%] Built target arm_interfaces__rosidl_typesupport_fastrtps_c__pyext
[0.459s] [100%] Built target arm_interfaces__rosidl_typesupport_introspection_c__pyext
[0.731s] running egg_info
[0.732s] writing arm_interfaces.egg-info/PKG-INFO
[0.732s] writing dependency_links to arm_interfaces.egg-info/dependency_links.txt
[0.733s] writing top-level names to arm_interfaces.egg-info/top_level.txt
[0.740s] reading manifest file 'arm_interfaces.egg-info/SOURCES.txt'
[0.741s] writing manifest file 'arm_interfaces.egg-info/SOURCES.txt'
[0.785s] [100%] Built target ament_cmake_python_build_arm_interfaces_egg
[0.809s] Invoked command in '/home/ryanl/4231/MTRN4231_Project/build/arm_interfaces' returned '0': /usr/bin/cmake --build /home/ryanl/4231/MTRN4231_Project/build/arm_interfaces -- -j16 -l16
[0.833s] Invoking command in '/home/ryanl/4231/MTRN4231_Project/build/arm_interfaces': /usr/bin/cmake --install /home/ryanl/4231/MTRN4231_Project/build/arm_interfaces
[0.849s] -- Install configuration: ""
[0.850s] -- Up-to-date: /home/ryanl/4231/MTRN4231_Project/install/arm_interfaces/share/ament_index/resource_index/rosidl_interfaces/arm_interfaces
[0.851s] -- Up-to-date: /home/ryanl/4231/MTRN4231_Project/install/arm_interfaces/include/arm_interfaces/arm_interfaces
[0.851s] -- Up-to-date: /home/ryanl/4231/MTRN4231_Project/install/arm_interfaces/include/arm_interfaces/arm_interfaces/action
[0.851s] -- Up-to-date: /home/ryanl/4231/MTRN4231_Project/install/arm_interfaces/include/arm_interfaces/arm_interfaces/action/detail
[0.851s] -- Up-to-date: /home/ryanl/4231/MTRN4231_Project/install/arm_interfaces/include/arm_interfaces/arm_interfaces/action/detail/pick_place__functions.h
[0.852s] -- Up-to-date: /home/ryanl/4231/MTRN4231_Project/install/arm_interfaces/include/arm_interfaces/arm_interfaces/action/detail/pick_place__struct.h
[0.852s] -- Up-to-date: /home/ryanl/4231/MTRN4231_Project/install/arm_interfaces/include/arm_interfaces/arm_interfaces/action/detail/pick_place__type_support.h
[0.852s] -- Up-to-date: /home/ryanl/4231/MTRN4231_Project/install/arm_interfaces/include/arm_interfaces/arm_interfaces/action/detail/pick_place__functions.c
[0.852s] -- Up-to-date: /home/ryanl/4231/MTRN4231_Project/install/arm_interfaces/include/arm_interfaces/arm_interfaces/action/pick_place.h
[0.852s] -- Up-to-date: /home/ryanl/4231/MTRN4231_Project/install/arm_interfaces/include/arm_interfaces/arm_interfaces/msg
[0.852s] -- Up-to-date: /home/ryanl/4231/MTRN4231_Project/install/arm_interfaces/include/arm_interfaces/arm_interfaces/msg/rosidl_generator_c__visibility_control.h
[0.852s] -- Up-to-date: /home/ryanl/4231/MTRN4231_Project/install/arm_interfaces/share/arm_interfaces/environment/library_path.sh
[0.852s] -- Up-to-date: /home/ryanl/4231/MTRN4231_Project/install/arm_interfaces/share/arm_interfaces/environment/library_path.dsv
[0.854s] -- Up-to-date: /home/ryanl/4231/MTRN4231_Project/install/arm_interfaces/lib/libarm_interfaces__rosidl_generator_c.so
[0.854s] -- Up-to-date: /home/ryanl/4231/MTRN4231_Project/install/arm_interfaces/include/arm_interfaces/arm_interfaces
[0.854s] -- Up-to-date: /home/ryanl/4231/MTRN4231_Project/install/arm_interfaces/include/arm_interfaces/arm_interfaces/action
[0.855s] -- Up-to-date: /home/ryanl/4231/MTRN4231_Project/install/arm_interfaces/include/arm_interfaces/arm_interfaces/action/detail
[0.855s] -- Up-to-date: /home/ryanl/4231/MTRN4231_Project/install/arm_interfaces/include/arm_interfaces/arm_interfaces/action/detail/pick_place__rosidl_typesupport_fastrtps_c.h
[0.855s] -- Up-to-date: /home/ryanl/4231/MTRN4231_Project/install/arm_interfaces/include/arm_interfaces/arm_interfaces/msg
[0.855s] -- Up-to-date: /home/ryanl/4231/MTRN4231_Project/install/arm_interfaces/include/arm_interfaces/arm_interfaces/msg/rosidl_typesupport_fastrtps_c__visibility_control.h
[0.856s] -- Up-to-date: /home/ryanl/4231/MTRN4231_Project/install/arm_interfaces/lib/libarm_interfaces__rosidl_typesupport_fastrtps_c.so
[0.857s] -- Up-to-date: /home/ryanl/4231/MTRN4231_Project/install/arm_interfaces/include/arm_interfaces/arm_interfaces
[0.857s] -- Up-to-date: /home/ryanl/4231/MTRN4231_Project/install/arm_interfaces/include/arm_interfaces/arm_interfaces/action
[0.857s] -- Up-to-date: /home/ryanl/4231/MTRN4231_Project/install/arm_interfaces/include/arm_interfaces/arm_interfaces/action/detail
[0.858s] -- Up-to-date: /home/ryanl/4231/MTRN4231_Project/install/arm_interfaces/include/arm_interfaces/arm_interfaces/action/detail/pick_place__type_support.c
[0.858s] -- Up-to-date: /home/ryanl/4231/MTRN4231_Project/install/arm_interfaces/include/arm_interfaces/arm_interfaces/action/detail/pick_place__rosidl_typesupport_introspection_c.h
[0.858s] -- Up-to-date: /home/ryanl/4231/MTRN4231_Project/install/arm_interfaces/include/arm_interfaces/arm_interfaces/msg
[0.858s] -- Up-to-date: /home/ryanl/4231/MTRN4231_Project/install/arm_interfaces/include/arm_interfaces/arm_interfaces/msg/rosidl_typesupport_introspection_c__visibility_control.h
[0.859s] -- Up-to-date: /home/ryanl/4231/MTRN4231_Project/install/arm_interfaces/lib/libarm_interfaces__rosidl_typesupport_introspection_c.so
[0.861s] -- Up-to-date: /home/ryanl/4231/MTRN4231_Project/install/arm_interfaces/lib/libarm_interfaces__rosidl_typesupport_c.so
[0.862s] -- Up-to-date: /home/ryanl/4231/MTRN4231_Project/install/arm_interfaces/include/arm_interfaces/arm_interfaces
[0.862s] -- Up-to-date: /home/ryanl/4231/MTRN4231_Project/install/arm_interfaces/include/arm_interfaces/arm_interfaces/action
[0.862s] -- Up-to-date: /home/ryanl/4231/MTRN4231_Project/install/arm_interfaces/include/arm_interfaces/arm_interfaces/action/pick_place.hpp
[0.863s] -- Up-to-date: /home/ryanl/4231/MTRN4231_Project/install/arm_interfaces/include/arm_interfaces/arm_interfaces/action/detail
[0.863s] -- Up-to-date: /home/ryanl/4231/MTRN4231_Project/install/arm_interfaces/include/arm_interfaces/arm_interfaces/action/detail/pick_place__traits.hpp
[0.863s] -- Up-to-date: /home/ryanl/4231/MTRN4231_Project/install/arm_interfaces/include/arm_interfaces/arm_interfaces/action/detail/pick_place__struct.hpp
[0.864s] -- Up-to-date: /home/ryanl/4231/MTRN4231_Project/install/arm_interfaces/include/arm_interfaces/arm_interfaces/action/detail/pick_place__builder.hpp
[0.864s] -- Up-to-date: /home/ryanl/4231/MTRN4231_Project/install/arm_interfaces/include/arm_interfaces/arm_interfaces/action/detail/pick_place__type_support.hpp
[0.864s] -- Up-to-date: /home/ryanl/4231/MTRN4231_Project/install/arm_interfaces/include/arm_interfaces/arm_interfaces/msg
[0.864s] -- Up-to-date: /home/ryanl/4231/MTRN4231_Project/install/arm_interfaces/include/arm_interfaces/arm_interfaces/msg/rosidl_generator_cpp__visibility_control.hpp
[0.865s] -- Up-to-date: /home/ryanl/4231/MTRN4231_Project/install/arm_interfaces/include/arm_interfaces/arm_interfaces
[0.865s] -- Up-to-date: /home/ryanl/4231/MTRN4231_Project/install/arm_interfaces/include/arm_interfaces/arm_interfaces/action
[0.865s] -- Up-to-date: /home/ryanl/4231/MTRN4231_Project/install/arm_interfaces/include/arm_interfaces/arm_interfaces/action/detail
[0.866s] -- Up-to-date: /home/ryanl/4231/MTRN4231_Project/install/arm_interfaces/include/arm_interfaces/arm_interfaces/action/detail/pick_place__rosidl_typesupport_fastrtps_cpp.hpp
[0.866s] -- Up-to-date: /home/ryanl/4231/MTRN4231_Project/install/arm_interfaces/include/arm_interfaces/arm_interfaces/action/detail/dds_fastrtps
[0.866s] -- Up-to-date: /home/ryanl/4231/MTRN4231_Project/install/arm_interfaces/include/arm_interfaces/arm_interfaces/msg
[0.867s] -- Up-to-date: /home/ryanl/4231/MTRN4231_Project/install/arm_interfaces/include/arm_interfaces/arm_interfaces/msg/rosidl_typesupport_fastrtps_cpp__visibility_control.h
[0.867s] -- Up-to-date: /home/ryanl/4231/MTRN4231_Project/install/arm_interfaces/lib/libarm_interfaces__rosidl_typesupport_fastrtps_cpp.so
[0.867s] -- Up-to-date: /home/ryanl/4231/MTRN4231_Project/install/arm_interfaces/include/arm_interfaces/arm_interfaces
[0.867s] -- Up-to-date: /home/ryanl/4231/MTRN4231_Project/install/arm_interfaces/include/arm_interfaces/arm_interfaces/action
[0.867s] -- Up-to-date: /home/ryanl/4231/MTRN4231_Project/install/arm_interfaces/include/arm_interfaces/arm_interfaces/action/detail
[0.867s] -- Up-to-date: /home/ryanl/4231/MTRN4231_Project/install/arm_interfaces/include/arm_interfaces/arm_interfaces/action/detail/pick_place__rosidl_typesupport_introspection_cpp.hpp
[0.868s] -- Up-to-date: /home/ryanl/4231/MTRN4231_Project/install/arm_interfaces/include/arm_interfaces/arm_interfaces/action/detail/pick_place__type_support.cpp
[0.868s] -- Up-to-date: /home/ryanl/4231/MTRN4231_Project/install/arm_interfaces/lib/libarm_interfaces__rosidl_typesupport_introspection_cpp.so
[0.870s] -- Up-to-date: /home/ryanl/4231/MTRN4231_Project/install/arm_interfaces/lib/libarm_interfaces__rosidl_typesupport_cpp.so
[0.870s] -- Up-to-date: /home/ryanl/4231/MTRN4231_Project/install/arm_interfaces/share/arm_interfaces/environment/pythonpath.sh
[0.871s] -- Up-to-date: /home/ryanl/4231/MTRN4231_Project/install/arm_interfaces/share/arm_interfaces/environment/pythonpath.dsv
[0.871s] -- Up-to-date: /home/ryanl/4231/MTRN4231_Project/install/arm_interfaces/local/lib/python3.10/dist-packages/arm_interfaces-0.0.0-py3.10.egg-info
[0.871s] -- Installing: /home/ryanl/4231/MTRN4231_Project/install/arm_interfaces/local/lib/python3.10/dist-packages/arm_interfaces-0.0.0-py3.10.egg-info/top_level.txt
[0.872s] -- Installing: /home/ryanl/4231/MTRN4231_Project/install/arm_interfaces/local/lib/python3.10/dist-packages/arm_interfaces-0.0.0-py3.10.egg-info/SOURCES.txt
[0.873s] -- Installing: /home/ryanl/4231/MTRN4231_Project/install/arm_interfaces/local/lib/python3.10/dist-packages/arm_interfaces-0.0.0-py3.10.egg-info/dependency_links.txt
[0.873s] -- Installing: /home/ryanl/4231/MTRN4231_Project/install/arm_interfaces/local/lib/python3.10/dist-packages/arm_interfaces-0.0.0-py3.10.egg-info/PKG-INFO
[0.874s] -- Up-to-date: /home/ryanl/4231/MTRN4231_Project/install/arm_interfaces/local/lib/python3.10/dist-packages/arm_interfaces
[0.874s] -- Up-to-date: /home/ryanl/4231/MTRN4231_Project/install/arm_interfaces/local/lib/python3.10/dist-packages/arm_interfaces/_arm_interfaces_s.ep.rosidl_typesupport_fastrtps_c.c
[0.874s] -- Up-to-date: /home/ryanl/4231/MTRN4231_Project/install/arm_interfaces/local/lib/python3.10/dist-packages/arm_interfaces/arm_interfaces_s__rosidl_typesupport_fastrtps_c.cpython-310-x86_64-linux-gnu.so
[0.874s] -- Up-to-date: /home/ryanl/4231/MTRN4231_Project/install/arm_interfaces/local/lib/python3.10/dist-packages/arm_interfaces/__init__.py
[0.875s] -- Up-to-date: /home/ryanl/4231/MTRN4231_Project/install/arm_interfaces/local/lib/python3.10/dist-packages/arm_interfaces/libarm_interfaces__rosidl_generator_py.so
[0.875s] -- Up-to-date: /home/ryanl/4231/MTRN4231_Project/install/arm_interfaces/local/lib/python3.10/dist-packages/arm_interfaces/arm_interfaces_s__rosidl_typesupport_introspection_c.cpython-310-x86_64-linux-gnu.so
[0.875s] -- Up-to-date: /home/ryanl/4231/MTRN4231_Project/install/arm_interfaces/local/lib/python3.10/dist-packages/arm_interfaces/action
[0.875s] -- Up-to-date: /home/ryanl/4231/MTRN4231_Project/install/arm_interfaces/local/lib/python3.10/dist-packages/arm_interfaces/action/_pick_place.py
[0.876s] -- Up-to-date: /home/ryanl/4231/MTRN4231_Project/install/arm_interfaces/local/lib/python3.10/dist-packages/arm_interfaces/action/__init__.py
[0.876s] -- Up-to-date: /home/ryanl/4231/MTRN4231_Project/install/arm_interfaces/local/lib/python3.10/dist-packages/arm_interfaces/action/_pick_place_s.c
[0.876s] -- Up-to-date: /home/ryanl/4231/MTRN4231_Project/install/arm_interfaces/local/lib/python3.10/dist-packages/arm_interfaces/_arm_interfaces_s.ep.rosidl_typesupport_introspection_c.c
[0.876s] -- Up-to-date: /home/ryanl/4231/MTRN4231_Project/install/arm_interfaces/local/lib/python3.10/dist-packages/arm_interfaces/arm_interfaces_s__rosidl_typesupport_c.cpython-310-x86_64-linux-gnu.so
[0.876s] -- Up-to-date: /home/ryanl/4231/MTRN4231_Project/install/arm_interfaces/local/lib/python3.10/dist-packages/arm_interfaces/_arm_interfaces_s.ep.rosidl_typesupport_c.c
[0.940s] Listing '/home/ryanl/4231/MTRN4231_Project/install/arm_interfaces/local/lib/python3.10/dist-packages/arm_interfaces'...
[0.940s] Listing '/home/ryanl/4231/MTRN4231_Project/install/arm_interfaces/local/lib/python3.10/dist-packages/arm_interfaces/action'...
[0.949s] -- Up-to-date: /home/ryanl/4231/MTRN4231_Project/install/arm_interfaces/local/lib/python3.10/dist-packages/arm_interfaces/arm_interfaces_s__rosidl_typesupport_fastrtps_c.cpython-310-x86_64-linux-gnu.so
[0.951s] -- Up-to-date: /home/ryanl/4231/MTRN4231_Project/install/arm_interfaces/local/lib/python3.10/dist-packages/arm_interfaces/arm_interfaces_s__rosidl_typesupport_introspection_c.cpython-310-x86_64-linux-gnu.so
[0.952s] -- Up-to-date: /home/ryanl/4231/MTRN4231_Project/install/arm_interfaces/local/lib/python3.10/dist-packages/arm_interfaces/arm_interfaces_s__rosidl_typesupport_c.cpython-310-x86_64-linux-gnu.so
[0.954s] -- Up-to-date: /home/ryanl/4231/MTRN4231_Project/install/arm_interfaces/lib/libarm_interfaces__rosidl_generator_py.so
[0.954s] -- Up-to-date: /home/ryanl/4231/MTRN4231_Project/install/arm_interfaces/share/arm_interfaces/action/PickPlace.idl
[0.955s] -- Up-to-date: /home/ryanl/4231/MTRN4231_Project/install/arm_interfaces/share/arm_interfaces/action/PickPlace.action
[0.955s] -- Up-to-date: /home/ryanl/4231/MTRN4231_Project/install/arm_interfaces/share/ament_index/resource_index/package_run_dependencies/arm_interfaces
[0.955s] -- Up-to-date: /home/ryanl/4231/MTRN4231_Project/install/arm_interfaces/share/ament_index/resource_index/parent_prefix_path/arm_interfaces
[0.956s] -- Up-to-date: /home/ryanl/4231/MTRN4231_Project/install/arm_interfaces/share/arm_interfaces/environment/ament_prefix_path.sh
[0.956s] -- Up-to-date: /home/ryanl/4231/MTRN4231_Project/install/arm_interfaces/share/arm_interfaces/environment/ament_prefix_path.dsv
[0.956s] -- Up-to-date: /home/ryanl/4231/MTRN4231_Project/install/arm_interfaces/share/arm_interfaces/environment/path.sh
[0.956s] -- Up-to-date: /home/ryanl/4231/MTRN4231_Project/install/arm_interfaces/share/arm_interfaces/environment/path.dsv
[0.957s] -- Up-to-date: /home/ryanl/4231/MTRN4231_Project/install/arm_interfaces/share/arm_interfaces/local_setup.bash
[0.957s] -- Up-to-date: /home/ryanl/4231/MTRN4231_Project/install/arm_interfaces/share/arm_interfaces/local_setup.sh
[0.957s] -- Up-to-date: /home/ryanl/4231/MTRN4231_Project/install/arm_interfaces/share/arm_interfaces/local_setup.zsh
[0.957s] -- Up-to-date: /home/ryanl/4231/MTRN4231_Project/install/arm_interfaces/share/arm_interfaces/local_setup.dsv
[0.958s] -- Installing: /home/ryanl/4231/MTRN4231_Project/install/arm_interfaces/share/arm_interfaces/package.dsv
[0.958s] -- Up-to-date: /home/ryanl/4231/MTRN4231_Project/install/arm_interfaces/share/ament_index/resource_index/packages/arm_interfaces
[0.958s] -- Up-to-date: /home/ryanl/4231/MTRN4231_Project/install/arm_interfaces/share/arm_interfaces/cmake/export_arm_interfaces__rosidl_generator_cExport.cmake
[0.958s] -- Up-to-date: /home/ryanl/4231/MTRN4231_Project/install/arm_interfaces/share/arm_interfaces/cmake/export_arm_interfaces__rosidl_generator_cExport-noconfig.cmake
[0.959s] -- Up-to-date: /home/ryanl/4231/MTRN4231_Project/install/arm_interfaces/share/arm_interfaces/cmake/export_arm_interfaces__rosidl_typesupport_fastrtps_cExport.cmake
[0.959s] -- Up-to-date: /home/ryanl/4231/MTRN4231_Project/install/arm_interfaces/share/arm_interfaces/cmake/export_arm_interfaces__rosidl_typesupport_fastrtps_cExport-noconfig.cmake
[0.960s] -- Up-to-date: /home/ryanl/4231/MTRN4231_Project/install/arm_interfaces/share/arm_interfaces/cmake/arm_interfaces__rosidl_typesupport_introspection_cExport.cmake
[0.960s] -- Up-to-date: /home/ryanl/4231/MTRN4231_Project/install/arm_interfaces/share/arm_interfaces/cmake/arm_interfaces__rosidl_typesupport_introspection_cExport-noconfig.cmake
[0.961s] -- Up-to-date: /home/ryanl/4231/MTRN4231_Project/install/arm_interfaces/share/arm_interfaces/cmake/arm_interfaces__rosidl_typesupport_cExport.cmake
[0.961s] -- Up-to-date: /home/ryanl/4231/MTRN4231_Project/install/arm_interfaces/share/arm_interfaces/cmake/arm_interfaces__rosidl_typesupport_cExport-noconfig.cmake
[0.962s] -- Up-to-date: /home/ryanl/4231/MTRN4231_Project/install/arm_interfaces/share/arm_interfaces/cmake/export_arm_interfaces__rosidl_generator_cppExport.cmake
[0.963s] -- Up-to-date: /home/ryanl/4231/MTRN4231_Project/install/arm_interfaces/share/arm_interfaces/cmake/export_arm_interfaces__rosidl_typesupport_fastrtps_cppExport.cmake
[0.964s] -- Up-to-date: /home/ryanl/4231/MTRN4231_Project/install/arm_interfaces/share/arm_interfaces/cmake/export_arm_interfaces__rosidl_typesupport_fastrtps_cppExport-noconfig.cmake
[0.964s] -- Up-to-date: /home/ryanl/4231/MTRN4231_Project/install/arm_interfaces/share/arm_interfaces/cmake/arm_interfaces__rosidl_typesupport_introspection_cppExport.cmake
[0.965s] -- Up-to-date: /home/ryanl/4231/MTRN4231_Project/install/arm_interfaces/share/arm_interfaces/cmake/arm_interfaces__rosidl_typesupport_introspection_cppExport-noconfig.cmake
[0.966s] -- Up-to-date: /home/ryanl/4231/MTRN4231_Project/install/arm_interfaces/share/arm_interfaces/cmake/arm_interfaces__rosidl_typesupport_cppExport.cmake
[0.966s] -- Up-to-date: /home/ryanl/4231/MTRN4231_Project/install/arm_interfaces/share/arm_interfaces/cmake/arm_interfaces__rosidl_typesupport_cppExport-noconfig.cmake
[0.967s] -- Up-to-date: /home/ryanl/4231/MTRN4231_Project/install/arm_interfaces/share/arm_interfaces/cmake/export_arm_interfaces__rosidl_generator_pyExport.cmake
[0.967s] -- Up-to-date: /home/ryanl/4231/MTRN4231_Project/install/arm_interfaces/share/arm_interfaces/cmake/export_arm_interfaces__rosidl_generator_pyExport-noconfig.cmake
[0.967s] -- Up-to-date: /home/ryanl/4231/MTRN4231_Project/install/arm_interfaces/share/arm_interfaces/cmake/rosidl_cmake-extras.cmake
[0.968s] -- Up-to-date: /home/ryanl/4231/MTRN4231_Project/install/arm_interfaces/share/arm_interfaces/cmake/ament_cmake_export_dependencies-extras.cmake
[0.968s] -- Up-to-date: /home/ryanl/4231/MTRN4231_Project/install/arm_interfaces/share/arm_interfaces/cmake/ament_cmake_export_include_directories-extras.cmake
[0.968s] -- Up-to-date: /home/ryanl/4231/MTRN4231_Project/install/arm_interfaces/share/arm_interfaces/cmake/ament_cmake_export_libraries-extras.cmake
[0.969s] -- Up-to-date: /home/ryanl/4231/MTRN4231_Project/install/arm_interfaces/share/arm_interfaces/cmake/ament_cmake_export_targets-extras.cmake
[0.969s] -- Up-to-date: /home/ryanl/4231/MTRN4231_Project/install/arm_interfaces/share/arm_interfaces/cmake/rosidl_cmake_export_typesupport_targets-extras.cmake
[0.969s] -- Up-to-date: /home/ryanl/4231/MTRN4231_Project/install/arm_interfaces/share/arm_interfaces/cmake/rosidl_cmake_export_typesupport_libraries-extras.cmake
[0.969s] -- Up-to-date: /home/ryanl/4231/MTRN4231_Project/install/arm_interfaces/share/arm_interfaces/cmake/arm_interfacesConfig.cmake
[0.969s] -- Up-to-date: /home/ryanl/4231/MTRN4231_Project/install/arm_interfaces/share/arm_interfaces/cmake/arm_interfacesConfig-version.cmake
[0.969s] -- Up-to-date: /home/ryanl/4231/MTRN4231_Project/install/arm_interfaces/share/arm_interfaces/package.xml
[0.973s] Invoked command in '/home/ryanl/4231/MTRN4231_Project/build/arm_interfaces' returned '0': /usr/bin/cmake --install /home/ryanl/4231/MTRN4231_Project/build/arm_interfaces
