[0.032s] Invoking command in '/home/ryanl/4231/MTRN4231_Project/build/ur5e_robot_config': /usr/bin/cmake /home/ryanl/4231/MTRN4231_Project/src/ur5e_robot_config -DCATKIN_INSTALL_INTO_PREFIX_ROOT=0 -DCATKIN_SYMLINK_INSTALL=ON -DCMAKE_INSTALL_PREFIX=/home/ryanl/4231/MTRN4231_Project/install/ur5e_robot_config
[0.279s] -- The C compiler identification is GNU 11.4.0
[1.223s] -- The CXX compiler identification is GNU 11.4.0
[1.938s] -- Detecting C compiler ABI info
[2.216s] -- Detecting C compiler ABI info - done
[2.226s] -- Check for working C compiler: /usr/bin/cc - skipped
[2.227s] -- Detecting C compile features
[2.228s] -- Detecting C compile features - done
[2.233s] -- Detecting CXX compiler ABI info
[2.521s] -- Detecting CXX compiler ABI info - done
[2.533s] -- Check for working CXX compiler: /usr/bin/c++ - skipped
[2.534s] -- Detecting CXX compile features
[2.535s] -- Detecting CXX compile features - done
[2.541s] -- Found ament_cmake: 1.3.12 (/opt/ros/humble/share/ament_cmake/cmake)
[2.821s] -- Found Python3: /usr/bin/python3 (found version "3.10.12") found components: Interpreter 
[3.081s] -- Configuring done
[3.095s] -- Generating done
[3.096s] [33mCMake Warning:
[3.096s]   Manually-specified variables were not used by the project:
[3.096s] 
[3.097s]     CATKIN_INSTALL_INTO_PREFIX_ROOT
[3.097s]     CATKIN_SYMLINK_INSTALL
[3.097s] 
[3.097s] [0m
[3.100s] -- Build files have been written to: /home/ryanl/4231/MTRN4231_Project/build/ur5e_robot_config
[3.110s] Invoked command in '/home/ryanl/4231/MTRN4231_Project/build/ur5e_robot_config' returned '0': /usr/bin/cmake /home/ryanl/4231/MTRN4231_Project/src/ur5e_robot_config -DCATKIN_INSTALL_INTO_PREFIX_ROOT=0 -DCATKIN_SYMLINK_INSTALL=ON -DCMAKE_INSTALL_PREFIX=/home/ryanl/4231/MTRN4231_Project/install/ur5e_robot_config
[3.114s] Invoking command in '/home/ryanl/4231/MTRN4231_Project/build/ur5e_robot_config': /usr/bin/cmake --build /home/ryanl/4231/MTRN4231_Project/build/ur5e_robot_config -- -j16 -l16
[3.195s] Invoked command in '/home/ryanl/4231/MTRN4231_Project/build/ur5e_robot_config' returned '0': /usr/bin/cmake --build /home/ryanl/4231/MTRN4231_Project/build/ur5e_robot_config -- -j16 -l16
[3.215s] Invoking command in '/home/ryanl/4231/MTRN4231_Project/build/ur5e_robot_config': /usr/bin/cmake --install /home/ryanl/4231/MTRN4231_Project/build/ur5e_robot_config
[3.231s] -- Install configuration: ""
[3.231s] -- Installing: /home/ryanl/4231/MTRN4231_Project/install/ur5e_robot_config/share/ur5e_robot_config/urdf
[3.234s] -- Installing: /home/ryanl/4231/MTRN4231_Project/install/ur5e_robot_config/share/ur5e_robot_config/urdf/ur5e_with_tool.urdf.xacro
[3.235s] -- Installing: /home/ryanl/4231/MTRN4231_Project/install/ur5e_robot_config/share/ur5e_robot_config/urdf/my_gripper.xacro
[3.235s] -- Installing: /home/ryanl/4231/MTRN4231_Project/install/ur5e_robot_config/share/ur5e_robot_config/config
[3.236s] -- Installing: /home/ryanl/4231/MTRN4231_Project/install/ur5e_robot_config/share/ur5e_robot_config/config/controllers.yaml
[3.237s] -- Installing: /home/ryanl/4231/MTRN4231_Project/install/ur5e_robot_config/share/ur5e_robot_config/launch
[3.238s] -- Installing: /home/ryanl/4231/MTRN4231_Project/install/ur5e_robot_config/share/ur5e_robot_config/launch/fake_control_and_rsp.launch.py
[3.239s] -- Installing: /home/ryanl/4231/MTRN4231_Project/install/ur5e_robot_config/share/ur5e_robot_config/launch/bringup.launch.py
[3.239s] -- Installing: /home/ryanl/4231/MTRN4231_Project/install/ur5e_robot_config/share/ur5e_robot_config/rviz
[3.242s] -- Installing: /home/ryanl/4231/MTRN4231_Project/install/ur5e_robot_config/share/ament_index/resource_index/package_run_dependencies/ur5e_robot_config
[3.243s] -- Installing: /home/ryanl/4231/MTRN4231_Project/install/ur5e_robot_config/share/ament_index/resource_index/parent_prefix_path/ur5e_robot_config
[3.245s] -- Installing: /home/ryanl/4231/MTRN4231_Project/install/ur5e_robot_config/share/ur5e_robot_config/environment/ament_prefix_path.sh
[3.245s] -- Installing: /home/ryanl/4231/MTRN4231_Project/install/ur5e_robot_config/share/ur5e_robot_config/environment/ament_prefix_path.dsv
[3.246s] -- Installing: /home/ryanl/4231/MTRN4231_Project/install/ur5e_robot_config/share/ur5e_robot_config/environment/path.sh
[3.247s] -- Installing: /home/ryanl/4231/MTRN4231_Project/install/ur5e_robot_config/share/ur5e_robot_config/environment/path.dsv
[3.247s] -- Installing: /home/ryanl/4231/MTRN4231_Project/install/ur5e_robot_config/share/ur5e_robot_config/local_setup.bash
[3.247s] -- Installing: /home/ryanl/4231/MTRN4231_Project/install/ur5e_robot_config/share/ur5e_robot_config/local_setup.sh
[3.248s] -- Installing: /home/ryanl/4231/MTRN4231_Project/install/ur5e_robot_config/share/ur5e_robot_config/local_setup.zsh
[3.249s] -- Installing: /home/ryanl/4231/MTRN4231_Project/install/ur5e_robot_config/share/ur5e_robot_config/local_setup.dsv
[3.249s] -- Installing: /home/ryanl/4231/MTRN4231_Project/install/ur5e_robot_config/share/ur5e_robot_config/package.dsv
[3.250s] -- Installing: /home/ryanl/4231/MTRN4231_Project/install/ur5e_robot_config/share/ament_index/resource_index/packages/ur5e_robot_config
[3.252s] -- Installing: /home/ryanl/4231/MTRN4231_Project/install/ur5e_robot_config/share/ur5e_robot_config/cmake/ur5e_robot_configConfig.cmake
[3.253s] -- Installing: /home/ryanl/4231/MTRN4231_Project/install/ur5e_robot_config/share/ur5e_robot_config/cmake/ur5e_robot_configConfig-version.cmake
[3.253s] -- Installing: /home/ryanl/4231/MTRN4231_Project/install/ur5e_robot_config/share/ur5e_robot_config/package.xml
[3.258s] Invoked command in '/home/ryanl/4231/MTRN4231_Project/build/ur5e_robot_config' returned '0': /usr/bin/cmake --install /home/ryanl/4231/MTRN4231_Project/build/ur5e_robot_config
