[0.049s] Invoking command in '/home/ryanl/4231/MTRN4231_Project/build/arm_interfaces': /usr/bin/cmake --build /home/ryanl/4231/MTRN4231_Project/build/arm_interfaces -- -j16 -l16
[0.182s] -- Found ament_cmake: 1.3.12 (/opt/ros/humble/share/ament_cmake/cmake)
[0.472s] -- Found rosidl_default_generators: 1.2.0 (/opt/ros/humble/share/rosidl_default_generators/cmake)
[0.481s] -- Using all available rosidl_typesupport_c: rosidl_typesupport_fastrtps_c;rosidl_typesupport_introspection_c
[0.489s] -- Found rosidl_adapter: 3.1.7 (/opt/ros/humble/share/rosidl_adapter/cmake)
[0.888s] -- Using all available rosidl_typesupport_cpp: rosidl_typesupport_fastrtps_cpp;rosidl_typesupport_introspection_cpp
[0.952s] -- Found geometry_msgs: 4.9.0 (/opt/ros/humble/share/geometry_msgs/cmake)
[1.679s] -- Found ament_cmake_ros: 0.10.0 (/opt/ros/humble/share/ament_cmake_ros/cmake)
[2.107s] -- Using all available rosidl_typesupport_c: rosidl_typesupport_fastrtps_c;rosidl_typesupport_introspection_c
[2.665s] -- Using all available rosidl_typesupport_cpp: rosidl_typesupport_fastrtps_cpp;rosidl_typesupport_introspection_cpp
[2.709s] -- Found python_cmake_module: 0.10.0 (/opt/ros/humble/share/python_cmake_module/cmake)
[2.755s] -- Using PYTHON_EXECUTABLE: /usr/bin/python3
[2.755s] -- Using PYTHON_INCLUDE_DIRS: /usr/include/python3.10
[2.755s] -- Using PYTHON_LIBRARIES: /usr/lib/x86_64-linux-gnu/libpython3.10.so
[2.833s] -- Configuring done
[2.923s] -- Generating done
[2.956s] -- Build files have been written to: /home/ryanl/4231/MTRN4231_Project/build/arm_interfaces
[3.013s] [35m[1mConsolidate compiler generated dependencies of target arm_interfaces__rosidl_generator_c[0m
[3.039s] [  3%] Built target arm_interfaces__cpp
[3.039s] [  6%] [32mBuilding C object CMakeFiles/arm_interfaces__rosidl_generator_c.dir/rosidl_generator_c/arm_interfaces/action/detail/pick_place__functions.c.o[0m
[3.063s] [  6%] Built target ament_cmake_python_copy_arm_interfaces
[3.064s] [35m[1mConsolidate compiler generated dependencies of target arm_interfaces__rosidl_typesupport_cpp[0m
[3.066s] [35m[1mConsolidate compiler generated dependencies of target arm_interfaces__rosidl_typesupport_fastrtps_cpp[0m
[3.068s] [35m[1mConsolidate compiler generated dependencies of target arm_interfaces__rosidl_typesupport_introspection_cpp[0m
[3.102s] [  9%] [32mBuilding CXX object CMakeFiles/arm_interfaces__rosidl_typesupport_cpp.dir/rosidl_typesupport_cpp/arm_interfaces/action/pick_place__type_support.cpp.o[0m
[3.104s] [ 12%] [32mBuilding CXX object CMakeFiles/arm_interfaces__rosidl_typesupport_introspection_cpp.dir/rosidl_typesupport_introspection_cpp/arm_interfaces/action/detail/pick_place__type_support.cpp.o[0m
[3.107s] [ 16%] [32mBuilding CXX object CMakeFiles/arm_interfaces__rosidl_typesupport_fastrtps_cpp.dir/rosidl_typesupport_fastrtps_cpp/arm_interfaces/action/detail/dds_fastrtps/pick_place__type_support.cpp.o[0m
[3.483s] [ 19%] [32m[1mLinking C shared library libarm_interfaces__rosidl_generator_c.so[0m
[3.586s] running egg_info
[3.588s] writing arm_interfaces.egg-info/PKG-INFO
[3.588s] writing dependency_links to arm_interfaces.egg-info/dependency_links.txt
[3.589s] writing top-level names to arm_interfaces.egg-info/top_level.txt
[3.598s] reading manifest file 'arm_interfaces.egg-info/SOURCES.txt'
[3.599s] writing manifest file 'arm_interfaces.egg-info/SOURCES.txt'
[3.658s] [ 19%] Built target ament_cmake_python_build_arm_interfaces_egg
[3.785s] [ 22%] Built target arm_interfaces__rosidl_generator_c
[3.809s] [35m[1mConsolidate compiler generated dependencies of target arm_interfaces__rosidl_typesupport_c[0m
[3.810s] [35m[1mConsolidate compiler generated dependencies of target arm_interfaces__rosidl_typesupport_introspection_c[0m
[3.810s] [35m[1mConsolidate compiler generated dependencies of target arm_interfaces__rosidl_typesupport_fastrtps_c[0m
[3.838s] [ 25%] [32mBuilding C object CMakeFiles/arm_interfaces__rosidl_typesupport_introspection_c.dir/rosidl_typesupport_introspection_c/arm_interfaces/action/detail/pick_place__type_support.c.o[0m
[3.839s] [ 29%] [32mBuilding CXX object CMakeFiles/arm_interfaces__rosidl_typesupport_c.dir/rosidl_typesupport_c/arm_interfaces/action/pick_place__type_support.cpp.o[0m
[3.844s] [ 32%] [32mBuilding CXX object CMakeFiles/arm_interfaces__rosidl_typesupport_fastrtps_c.dir/rosidl_typesupport_fastrtps_c/arm_interfaces/action/detail/pick_place__type_support_c.cpp.o[0m
[3.966s] [ 35%] [32m[1mLinking C shared library libarm_interfaces__rosidl_typesupport_introspection_c.so[0m
[3.971s] [ 38%] [32m[1mLinking CXX shared library libarm_interfaces__rosidl_typesupport_c.so[0m
[4.203s] [ 41%] Built target arm_interfaces__rosidl_typesupport_introspection_c
[4.226s] [ 48%] [32m[1mLinking CXX shared library libarm_interfaces__rosidl_typesupport_cpp.so[0m
[4.226s] [ 48%] Built target arm_interfaces__rosidl_typesupport_c
[4.393s] [ 51%] [32m[1mLinking CXX shared library libarm_interfaces__rosidl_typesupport_fastrtps_cpp.so[0m
[4.462s] [ 54%] [32m[1mLinking CXX shared library libarm_interfaces__rosidl_typesupport_introspection_cpp.so[0m
[4.525s] [ 58%] Built target arm_interfaces__rosidl_typesupport_cpp
[4.664s] [ 61%] [32m[1mLinking CXX shared library libarm_interfaces__rosidl_typesupport_fastrtps_c.so[0m
[4.747s] [ 64%] Built target arm_interfaces__rosidl_typesupport_fastrtps_cpp
[4.806s] [ 67%] Built target arm_interfaces__rosidl_typesupport_introspection_cpp
[4.997s] [ 70%] Built target arm_interfaces__rosidl_typesupport_fastrtps_c
[5.043s] [ 70%] Built target arm_interfaces
[5.100s] [ 74%] Built target arm_interfaces__py
[5.121s] [35m[1mConsolidate compiler generated dependencies of target arm_interfaces__rosidl_generator_py[0m
[5.152s] [ 77%] [32mBuilding C object CMakeFiles/arm_interfaces__rosidl_generator_py.dir/rosidl_generator_py/arm_interfaces/action/_pick_place_s.c.o[0m
[5.524s] [ 80%] [32m[1mLinking C shared library rosidl_generator_py/arm_interfaces/libarm_interfaces__rosidl_generator_py.so[0m
[5.789s] [ 80%] Built target arm_interfaces__rosidl_generator_py
[5.810s] [35m[1mConsolidate compiler generated dependencies of target arm_interfaces__rosidl_typesupport_c__pyext[0m
[5.810s] [35m[1mConsolidate compiler generated dependencies of target arm_interfaces__rosidl_typesupport_introspection_c__pyext[0m
[5.812s] [35m[1mConsolidate compiler generated dependencies of target arm_interfaces__rosidl_typesupport_fastrtps_c__pyext[0m
[5.838s] [ 87%] [32mBuilding C object CMakeFiles/arm_interfaces__rosidl_typesupport_introspection_c__pyext.dir/rosidl_generator_py/arm_interfaces/_arm_interfaces_s.ep.rosidl_typesupport_introspection_c.c.o[0m
[5.838s] [ 87%] [32mBuilding C object CMakeFiles/arm_interfaces__rosidl_typesupport_c__pyext.dir/rosidl_generator_py/arm_interfaces/_arm_interfaces_s.ep.rosidl_typesupport_c.c.o[0m
[5.841s] [ 90%] [32mBuilding C object CMakeFiles/arm_interfaces__rosidl_typesupport_fastrtps_c__pyext.dir/rosidl_generator_py/arm_interfaces/_arm_interfaces_s.ep.rosidl_typesupport_fastrtps_c.c.o[0m
[6.090s] [ 93%] [32m[1mLinking C shared library rosidl_generator_py/arm_interfaces/arm_interfaces_s__rosidl_typesupport_c.cpython-310-x86_64-linux-gnu.so[0m
[6.105s] [ 96%] [32m[1mLinking C shared library rosidl_generator_py/arm_interfaces/arm_interfaces_s__rosidl_typesupport_introspection_c.cpython-310-x86_64-linux-gnu.so[0m
[6.112s] [100%] [32m[1mLinking C shared library rosidl_generator_py/arm_interfaces/arm_interfaces_s__rosidl_typesupport_fastrtps_c.cpython-310-x86_64-linux-gnu.so[0m
[6.326s] [100%] Built target arm_interfaces__rosidl_typesupport_c__pyext
[6.327s] [100%] Built target arm_interfaces__rosidl_typesupport_fastrtps_c__pyext
[6.360s] [100%] Built target arm_interfaces__rosidl_typesupport_introspection_c__pyext
