[0.038s] Invoking command in '/home/ryanl/4231/MTRN4231_Project/build/ur5e_robot_config': CMAKE_PREFIX_PATH=/opt/ros/humble:${CMAKE_PREFIX_PATH} /usr/bin/cmake --build /home/ryanl/4231/MTRN4231_Project/build/ur5e_robot_config -- -j16 -l16
[0.153s] Invoked command in '/home/ryanl/4231/MTRN4231_Project/build/ur5e_robot_config' returned '0': CMAKE_PREFIX_PATH=/opt/ros/humble:${CMAKE_PREFIX_PATH} /usr/bin/cmake --build /home/ryanl/4231/MTRN4231_Project/build/ur5e_robot_config -- -j16 -l16
[0.186s] Invoking command in '/home/ryanl/4231/MTRN4231_Project/build/ur5e_robot_config': CMAKE_PREFIX_PATH=/opt/ros/humble:${CMAKE_PREFIX_PATH} /usr/bin/cmake --install /home/ryanl/4231/MTRN4231_Project/build/ur5e_robot_config
[0.211s] -- Install configuration: ""
[0.212s] -- Execute custom install script
[0.213s] -- Up-to-date symlink: /home/ryanl/4231/MTRN4231_Project/install/ur5e_robot_config/share/ament_index/resource_index/package_run_dependencies/ur5e_robot_config
[0.214s] -- Up-to-date symlink: /home/ryanl/4231/MTRN4231_Project/install/ur5e_robot_config/share/ament_index/resource_index/parent_prefix_path/ur5e_robot_config
[0.214s] -- Up-to-date symlink: /home/ryanl/4231/MTRN4231_Project/install/ur5e_robot_config/share/ur5e_robot_config/environment/ament_prefix_path.sh
[0.215s] -- Up-to-date symlink: /home/ryanl/4231/MTRN4231_Project/install/ur5e_robot_config/share/ur5e_robot_config/environment/ament_prefix_path.dsv
[0.216s] -- Up-to-date symlink: /home/ryanl/4231/MTRN4231_Project/install/ur5e_robot_config/share/ur5e_robot_config/environment/path.sh
[0.216s] -- Up-to-date symlink: /home/ryanl/4231/MTRN4231_Project/install/ur5e_robot_config/share/ur5e_robot_config/environment/path.dsv
[0.216s] -- Up-to-date symlink: /home/ryanl/4231/MTRN4231_Project/install/ur5e_robot_config/share/ur5e_robot_config/local_setup.bash
[0.217s] -- Up-to-date symlink: /home/ryanl/4231/MTRN4231_Project/install/ur5e_robot_config/share/ur5e_robot_config/local_setup.sh
[0.218s] -- Up-to-date symlink: /home/ryanl/4231/MTRN4231_Project/install/ur5e_robot_config/share/ur5e_robot_config/local_setup.zsh
[0.218s] -- Up-to-date symlink: /home/ryanl/4231/MTRN4231_Project/install/ur5e_robot_config/share/ur5e_robot_config/local_setup.dsv
[0.218s] -- Symlinking: /home/ryanl/4231/MTRN4231_Project/install/ur5e_robot_config/share/ur5e_robot_config/package.dsv
[0.253s] -- Up-to-date symlink: /home/ryanl/4231/MTRN4231_Project/install/ur5e_robot_config/share/ament_index/resource_index/packages/ur5e_robot_config
[0.254s] -- Up-to-date symlink: /home/ryanl/4231/MTRN4231_Project/install/ur5e_robot_config/share/ur5e_robot_config/cmake/ur5e_robot_configConfig.cmake
[0.254s] -- Up-to-date symlink: /home/ryanl/4231/MTRN4231_Project/install/ur5e_robot_config/share/ur5e_robot_config/cmake/ur5e_robot_configConfig-version.cmake
[0.254s] -- Up-to-date symlink: /home/ryanl/4231/MTRN4231_Project/install/ur5e_robot_config/share/ur5e_robot_config/package.xml
[0.257s] -- Up-to-date symlink: /home/ryanl/4231/MTRN4231_Project/install/ur5e_robot_config/share/ur5e_robot_config/launch/bringup.launch.py
[0.258s] -- Up-to-date symlink: /home/ryanl/4231/MTRN4231_Project/install/ur5e_robot_config/share/ur5e_robot_config/launch/move_group.launch.py
[0.259s] -- Up-to-date symlink: /home/ryanl/4231/MTRN4231_Project/install/ur5e_robot_config/share/ur5e_robot_config/launch/moveit_rviz.launch.py
[0.259s] -- Up-to-date symlink: /home/ryanl/4231/MTRN4231_Project/install/ur5e_robot_config/share/ur5e_robot_config/launch/setup_assistant.launch.py
[0.259s] -- Up-to-date symlink: /home/ryanl/4231/MTRN4231_Project/install/ur5e_robot_config/share/ur5e_robot_config/config/controllers.yaml
[0.259s] -- Up-to-date symlink: /home/ryanl/4231/MTRN4231_Project/install/ur5e_robot_config/share/ur5e_robot_config/config/end_effector_withDriverSupport.srdf
[0.259s] -- Up-to-date symlink: /home/ryanl/4231/MTRN4231_Project/install/ur5e_robot_config/share/ur5e_robot_config/config/joint_limits.yaml
[0.260s] -- Up-to-date symlink: /home/ryanl/4231/MTRN4231_Project/install/ur5e_robot_config/share/ur5e_robot_config/config/kinematics.yaml
[0.264s] -- Up-to-date symlink: /home/ryanl/4231/MTRN4231_Project/install/ur5e_robot_config/share/ur5e_robot_config/config/moveit.rviz
[0.264s] -- Up-to-date symlink: /home/ryanl/4231/MTRN4231_Project/install/ur5e_robot_config/share/ur5e_robot_config/config/moveit_controllers.yaml
[0.265s] -- Up-to-date symlink: /home/ryanl/4231/MTRN4231_Project/install/ur5e_robot_config/share/ur5e_robot_config/config/pilz_cartesian_limits.yaml
[0.265s] -- Up-to-date symlink: /home/ryanl/4231/MTRN4231_Project/install/ur5e_robot_config/share/ur5e_robot_config/.setup_assistant
[0.267s] Invoked command in '/home/ryanl/4231/MTRN4231_Project/build/ur5e_robot_config' returned '0': CMAKE_PREFIX_PATH=/opt/ros/humble:${CMAKE_PREFIX_PATH} /usr/bin/cmake --install /home/ryanl/4231/MTRN4231_Project/build/ur5e_robot_config
