[0.598s] [34mcolcon[0m [1;30mDEBUG[0m [32mCommand line arguments: ['/usr/bin/colcon', 'build', '--symlink-install'][0m
[0.599s] [34mcolcon[0m [1;30mDEBUG[0m [32mParsed command line arguments: Namespace(log_base=None, log_level=None, verb_name='build', build_base='build', install_base='install', merge_install=False, symlink_install=True, test_result_base=None, continue_on_error=False, executor='parallel', parallel_workers=16, event_handlers=None, ignore_user_meta=False, metas=['./colcon.meta'], base_paths=['.'], packages_ignore=None, packages_ignore_regex=None, paths=None, packages_up_to=None, packages_up_to_regex=None, packages_above=None, packages_above_and_dependencies=None, packages_above_depth=None, packages_select_by_dep=None, packages_skip_by_dep=None, packages_skip_up_to=None, packages_select_build_failed=False, packages_skip_build_finished=False, packages_select_test_failures=False, packages_skip_test_passed=False, packages_select=None, packages_skip=None, packages_select_regex=None, packages_skip_regex=None, packages_start=None, packages_end=None, allow_overriding=[], cmake_args=None, cmake_target=None, cmake_target_skip_unavailable=False, cmake_clean_cache=False, cmake_clean_first=False, cmake_force_configure=False, ament_cmake_args=None, catkin_cmake_args=None, catkin_skip_building_tests=False, mixin_files=None, mixin=None, verb_parser=<colcon_mixin.mixin.mixin_argument.MixinArgumentDecorator object at 0x7ba804134be0>, verb_extension=<colcon_core.verb.build.BuildVerb object at 0x7ba804231b10>, main=<bound method BuildVerb.main of <colcon_core.verb.build.BuildVerb object at 0x7ba804231b10>>, mixin_verb=('build',))[0m
[1.226s] [34mcolcon.colcon_core.package_discovery[0m [1;30mLevel 1[0m discover_packages(colcon_meta) check parameters
[1.226s] [34mcolcon.colcon_core.package_discovery[0m [1;30mLevel 1[0m discover_packages(recursive) check parameters
[1.226s] [34mcolcon.colcon_core.package_discovery[0m [1;30mLevel 1[0m discover_packages(ignore) check parameters
[1.226s] [34mcolcon.colcon_core.package_discovery[0m [1;30mLevel 1[0m discover_packages(path) check parameters
[1.226s] [34mcolcon.colcon_core.package_discovery[0m [1;30mLevel 1[0m discover_packages(colcon_meta) discover
[1.227s] [34mcolcon.colcon_core.package_discovery[0m [1;30mLevel 1[0m discover_packages(recursive) discover
[1.227s] [34mcolcon.colcon_core.package_discovery[0m [1;30mINFO[0m Crawling recursively for packages in '/home/ryanl/4231/MTRN4231_Project'
[1.227s] [34mcolcon.colcon_core.package_identification[0m [1;30mLevel 1[0m _identify(.) by extensions ['ignore', 'ignore_ament_install']
[1.227s] [34mcolcon.colcon_core.package_identification[0m [1;30mLevel 1[0m _identify(.) by extension 'ignore'
[1.228s] [34mcolcon.colcon_core.package_identification[0m [1;30mLevel 1[0m _identify(.) by extension 'ignore_ament_install'
[1.228s] [34mcolcon.colcon_core.package_identification[0m [1;30mLevel 1[0m _identify(.) by extensions ['colcon_pkg']
[1.228s] [34mcolcon.colcon_core.package_identification[0m [1;30mLevel 1[0m _identify(.) by extension 'colcon_pkg'
[1.228s] [34mcolcon.colcon_core.package_identification[0m [1;30mLevel 1[0m _identify(.) by extensions ['colcon_meta']
[1.228s] [34mcolcon.colcon_core.package_identification[0m [1;30mLevel 1[0m _identify(.) by extension 'colcon_meta'
[1.228s] [34mcolcon.colcon_core.package_identification[0m [1;30mLevel 1[0m _identify(.) by extensions ['ros']
[1.228s] [34mcolcon.colcon_core.package_identification[0m [1;30mLevel 1[0m _identify(.) by extension 'ros'
[1.279s] [34mcolcon.colcon_core.package_identification[0m [1;30mLevel 1[0m _identify(.) by extensions ['cmake', 'python']
[1.280s] [34mcolcon.colcon_core.package_identification[0m [1;30mLevel 1[0m _identify(.) by extension 'cmake'
[1.280s] [34mcolcon.colcon_core.package_identification[0m [1;30mLevel 1[0m _identify(.) by extension 'python'
[1.280s] [34mcolcon.colcon_core.package_identification[0m [1;30mLevel 1[0m _identify(.) by extensions ['python_setup_py']
[1.280s] [34mcolcon.colcon_core.package_identification[0m [1;30mLevel 1[0m _identify(.) by extension 'python_setup_py'
[1.280s] [34mcolcon.colcon_core.package_identification[0m [1;30mLevel 1[0m _identify(build) by extensions ['ignore', 'ignore_ament_install']
[1.280s] [34mcolcon.colcon_core.package_identification[0m [1;30mLevel 1[0m _identify(build) by extension 'ignore'
[1.280s] [34mcolcon.colcon_core.package_identification[0m [1;30mLevel 1[0m _identify(build) ignored
[1.281s] [34mcolcon.colcon_core.package_identification[0m [1;30mLevel 1[0m _identify(install) by extensions ['ignore', 'ignore_ament_install']
[1.281s] [34mcolcon.colcon_core.package_identification[0m [1;30mLevel 1[0m _identify(install) by extension 'ignore'
[1.281s] [34mcolcon.colcon_core.package_identification[0m [1;30mLevel 1[0m _identify(install) ignored
[1.281s] [34mcolcon.colcon_core.package_identification[0m [1;30mLevel 1[0m _identify(log) by extensions ['ignore', 'ignore_ament_install']
[1.281s] [34mcolcon.colcon_core.package_identification[0m [1;30mLevel 1[0m _identify(log) by extension 'ignore'
[1.281s] [34mcolcon.colcon_core.package_identification[0m [1;30mLevel 1[0m _identify(log) ignored
[1.282s] [34mcolcon.colcon_core.package_identification[0m [1;30mLevel 1[0m _identify(src) by extensions ['ignore', 'ignore_ament_install']
[1.282s] [34mcolcon.colcon_core.package_identification[0m [1;30mLevel 1[0m _identify(src) by extension 'ignore'
[1.282s] [34mcolcon.colcon_core.package_identification[0m [1;30mLevel 1[0m _identify(src) by extension 'ignore_ament_install'
[1.282s] [34mcolcon.colcon_core.package_identification[0m [1;30mLevel 1[0m _identify(src) by extensions ['colcon_pkg']
[1.282s] [34mcolcon.colcon_core.package_identification[0m [1;30mLevel 1[0m _identify(src) by extension 'colcon_pkg'
[1.282s] [34mcolcon.colcon_core.package_identification[0m [1;30mLevel 1[0m _identify(src) by extensions ['colcon_meta']
[1.282s] [34mcolcon.colcon_core.package_identification[0m [1;30mLevel 1[0m _identify(src) by extension 'colcon_meta'
[1.283s] [34mcolcon.colcon_core.package_identification[0m [1;30mLevel 1[0m _identify(src) by extensions ['ros']
[1.283s] [34mcolcon.colcon_core.package_identification[0m [1;30mLevel 1[0m _identify(src) by extension 'ros'
[1.283s] [34mcolcon.colcon_core.package_identification[0m [1;30mLevel 1[0m _identify(src) by extensions ['cmake', 'python']
[1.283s] [34mcolcon.colcon_core.package_identification[0m [1;30mLevel 1[0m _identify(src) by extension 'cmake'
[1.283s] [34mcolcon.colcon_core.package_identification[0m [1;30mLevel 1[0m _identify(src) by extension 'python'
[1.283s] [34mcolcon.colcon_core.package_identification[0m [1;30mLevel 1[0m _identify(src) by extensions ['python_setup_py']
[1.283s] [34mcolcon.colcon_core.package_identification[0m [1;30mLevel 1[0m _identify(src) by extension 'python_setup_py'
[1.284s] [34mcolcon.colcon_core.package_identification[0m [1;30mLevel 1[0m _identify(src/arm_controller) by extensions ['ignore', 'ignore_ament_install']
[1.284s] [34mcolcon.colcon_core.package_identification[0m [1;30mLevel 1[0m _identify(src/arm_controller) by extension 'ignore'
[1.284s] [34mcolcon.colcon_core.package_identification[0m [1;30mLevel 1[0m _identify(src/arm_controller) by extension 'ignore_ament_install'
[1.284s] [34mcolcon.colcon_core.package_identification[0m [1;30mLevel 1[0m _identify(src/arm_controller) by extensions ['colcon_pkg']
[1.284s] [34mcolcon.colcon_core.package_identification[0m [1;30mLevel 1[0m _identify(src/arm_controller) by extension 'colcon_pkg'
[1.284s] [34mcolcon.colcon_core.package_identification[0m [1;30mLevel 1[0m _identify(src/arm_controller) by extensions ['colcon_meta']
[1.284s] [34mcolcon.colcon_core.package_identification[0m [1;30mLevel 1[0m _identify(src/arm_controller) by extension 'colcon_meta'
[1.284s] [34mcolcon.colcon_core.package_identification[0m [1;30mLevel 1[0m _identify(src/arm_controller) by extensions ['ros']
[1.284s] [34mcolcon.colcon_core.package_identification[0m [1;30mLevel 1[0m _identify(src/arm_controller) by extension 'ros'
[1.291s] [34mcolcon.colcon_core.package_identification[0m [1;30mDEBUG[0m [32mPackage 'src/arm_controller' with type 'ros.ament_cmake' and name 'arm_controller'[0m
[1.291s] [34mcolcon.colcon_core.package_identification[0m [1;30mLevel 1[0m _identify(src/custom_interfaces) by extensions ['ignore', 'ignore_ament_install']
[1.292s] [34mcolcon.colcon_core.package_identification[0m [1;30mLevel 1[0m _identify(src/custom_interfaces) by extension 'ignore'
[1.292s] [34mcolcon.colcon_core.package_identification[0m [1;30mLevel 1[0m _identify(src/custom_interfaces) by extension 'ignore_ament_install'
[1.292s] [34mcolcon.colcon_core.package_identification[0m [1;30mLevel 1[0m _identify(src/custom_interfaces) by extensions ['colcon_pkg']
[1.292s] [34mcolcon.colcon_core.package_identification[0m [1;30mLevel 1[0m _identify(src/custom_interfaces) by extension 'colcon_pkg'
[1.292s] [34mcolcon.colcon_core.package_identification[0m [1;30mLevel 1[0m _identify(src/custom_interfaces) by extensions ['colcon_meta']
[1.292s] [34mcolcon.colcon_core.package_identification[0m [1;30mLevel 1[0m _identify(src/custom_interfaces) by extension 'colcon_meta'
[1.292s] [34mcolcon.colcon_core.package_identification[0m [1;30mLevel 1[0m _identify(src/custom_interfaces) by extensions ['ros']
[1.292s] [34mcolcon.colcon_core.package_identification[0m [1;30mLevel 1[0m _identify(src/custom_interfaces) by extension 'ros'
[1.294s] [34mcolcon.colcon_core.package_identification[0m [1;30mDEBUG[0m [32mPackage 'src/custom_interfaces' with type 'ros.ament_cmake' and name 'custom_interfaces'[0m
[1.294s] [34mcolcon.colcon_core.package_identification[0m [1;30mLevel 1[0m _identify(src/end_effector_description) by extensions ['ignore', 'ignore_ament_install']
[1.294s] [34mcolcon.colcon_core.package_identification[0m [1;30mLevel 1[0m _identify(src/end_effector_description) by extension 'ignore'
[1.294s] [34mcolcon.colcon_core.package_identification[0m [1;30mLevel 1[0m _identify(src/end_effector_description) by extension 'ignore_ament_install'
[1.294s] [34mcolcon.colcon_core.package_identification[0m [1;30mLevel 1[0m _identify(src/end_effector_description) by extensions ['colcon_pkg']
[1.294s] [34mcolcon.colcon_core.package_identification[0m [1;30mLevel 1[0m _identify(src/end_effector_description) by extension 'colcon_pkg'
[1.294s] [34mcolcon.colcon_core.package_identification[0m [1;30mLevel 1[0m _identify(src/end_effector_description) by extensions ['colcon_meta']
[1.295s] [34mcolcon.colcon_core.package_identification[0m [1;30mLevel 1[0m _identify(src/end_effector_description) by extension 'colcon_meta'
[1.295s] [34mcolcon.colcon_core.package_identification[0m [1;30mLevel 1[0m _identify(src/end_effector_description) by extensions ['ros']
[1.295s] [34mcolcon.colcon_core.package_identification[0m [1;30mLevel 1[0m _identify(src/end_effector_description) by extension 'ros'
[1.296s] [34mcolcon.colcon_core.package_identification[0m [1;30mDEBUG[0m [32mPackage 'src/end_effector_description' with type 'ros.ament_cmake' and name 'end_effector_description'[0m
[1.296s] [34mcolcon.colcon_core.package_discovery[0m [1;30mLevel 1[0m discover_packages(recursive) using defaults
[1.296s] [34mcolcon.colcon_core.package_discovery[0m [1;30mLevel 1[0m discover_packages(ignore) discover
[1.296s] [34mcolcon.colcon_core.package_discovery[0m [1;30mLevel 1[0m discover_packages(ignore) using defaults
[1.296s] [34mcolcon.colcon_core.package_discovery[0m [1;30mLevel 1[0m discover_packages(path) discover
[1.296s] [34mcolcon.colcon_core.package_discovery[0m [1;30mLevel 1[0m discover_packages(path) using defaults
[1.338s] [34mcolcon.colcon_core.package_discovery[0m [1;30mLevel 1[0m discover_packages(prefix_path) check parameters
[1.338s] [34mcolcon.colcon_core.package_discovery[0m [1;30mLevel 1[0m discover_packages(prefix_path) discover
[1.342s] [34mcolcon.colcon_ros.prefix_path.ament[0m [1;30mWARNING[0m [33mThe path '/home/ryanl/4231/MTRN4231_Project/install/ur5e_robot_config' in the environment variable AMENT_PREFIX_PATH doesn't exist[0m
[1.343s] [34mcolcon.colcon_ros.prefix_path.catkin[0m [1;30mWARNING[0m [33mThe path '/home/ryanl/4231/MTRN4231_Project/install/ur5e_robot_config' in the environment variable CMAKE_PREFIX_PATH doesn't exist[0m
[1.345s] [34mcolcon.colcon_installed_package_information.package_discovery[0m [1;30mDEBUG[0m [32mFound 3 installed packages in /home/ryanl/4231/MTRN4231_Project/install[0m
[1.350s] [34mcolcon.colcon_installed_package_information.package_discovery[0m [1;30mDEBUG[0m [32mFound 390 installed packages in /opt/ros/humble[0m
[1.355s] [34mcolcon.colcon_core.package_discovery[0m [1;30mLevel 1[0m discover_packages(prefix_path) using defaults
[1.562s] [34mcolcon.colcon_core.verb[0m [1;30mLevel 5[0m set package 'custom_interfaces' build argument 'cmake_args' from command line to 'None'
[1.562s] [34mcolcon.colcon_core.verb[0m [1;30mLevel 5[0m set package 'custom_interfaces' build argument 'cmake_target' from command line to 'None'
[1.562s] [34mcolcon.colcon_core.verb[0m [1;30mLevel 5[0m set package 'custom_interfaces' build argument 'cmake_target_skip_unavailable' from command line to 'False'
[1.562s] [34mcolcon.colcon_core.verb[0m [1;30mLevel 5[0m set package 'custom_interfaces' build argument 'cmake_clean_cache' from command line to 'False'
[1.562s] [34mcolcon.colcon_core.verb[0m [1;30mLevel 5[0m set package 'custom_interfaces' build argument 'cmake_clean_first' from command line to 'False'
[1.562s] [34mcolcon.colcon_core.verb[0m [1;30mLevel 5[0m set package 'custom_interfaces' build argument 'cmake_force_configure' from command line to 'False'
[1.563s] [34mcolcon.colcon_core.verb[0m [1;30mLevel 5[0m set package 'custom_interfaces' build argument 'ament_cmake_args' from command line to 'None'
[1.563s] [34mcolcon.colcon_core.verb[0m [1;30mLevel 5[0m set package 'custom_interfaces' build argument 'catkin_cmake_args' from command line to 'None'
[1.563s] [34mcolcon.colcon_core.verb[0m [1;30mLevel 5[0m set package 'custom_interfaces' build argument 'catkin_skip_building_tests' from command line to 'False'
[1.563s] [34mcolcon.colcon_core.verb[0m [1;30mDEBUG[0m [32mBuilding package 'custom_interfaces' with the following arguments: {'ament_cmake_args': None, 'build_base': '/home/ryanl/4231/MTRN4231_Project/build/custom_interfaces', 'catkin_cmake_args': None, 'catkin_skip_building_tests': False, 'cmake_args': None, 'cmake_clean_cache': False, 'cmake_clean_first': False, 'cmake_force_configure': False, 'cmake_target': None, 'cmake_target_skip_unavailable': False, 'install_base': '/home/ryanl/4231/MTRN4231_Project/install/custom_interfaces', 'merge_install': False, 'path': '/home/ryanl/4231/MTRN4231_Project/src/custom_interfaces', 'symlink_install': True, 'test_result_base': None}[0m
[1.564s] [34mcolcon.colcon_core.verb[0m [1;30mLevel 5[0m set package 'end_effector_description' build argument 'cmake_args' from command line to 'None'
[1.564s] [34mcolcon.colcon_core.verb[0m [1;30mLevel 5[0m set package 'end_effector_description' build argument 'cmake_target' from command line to 'None'
[1.564s] [34mcolcon.colcon_core.verb[0m [1;30mLevel 5[0m set package 'end_effector_description' build argument 'cmake_target_skip_unavailable' from command line to 'False'
[1.564s] [34mcolcon.colcon_core.verb[0m [1;30mLevel 5[0m set package 'end_effector_description' build argument 'cmake_clean_cache' from command line to 'False'
[1.564s] [34mcolcon.colcon_core.verb[0m [1;30mLevel 5[0m set package 'end_effector_description' build argument 'cmake_clean_first' from command line to 'False'
[1.564s] [34mcolcon.colcon_core.verb[0m [1;30mLevel 5[0m set package 'end_effector_description' build argument 'cmake_force_configure' from command line to 'False'
[1.564s] [34mcolcon.colcon_core.verb[0m [1;30mLevel 5[0m set package 'end_effector_description' build argument 'ament_cmake_args' from command line to 'None'
[1.564s] [34mcolcon.colcon_core.verb[0m [1;30mLevel 5[0m set package 'end_effector_description' build argument 'catkin_cmake_args' from command line to 'None'
[1.564s] [34mcolcon.colcon_core.verb[0m [1;30mLevel 5[0m set package 'end_effector_description' build argument 'catkin_skip_building_tests' from command line to 'False'
[1.564s] [34mcolcon.colcon_core.verb[0m [1;30mDEBUG[0m [32mBuilding package 'end_effector_description' with the following arguments: {'ament_cmake_args': None, 'build_base': '/home/ryanl/4231/MTRN4231_Project/build/end_effector_description', 'catkin_cmake_args': None, 'catkin_skip_building_tests': False, 'cmake_args': None, 'cmake_clean_cache': False, 'cmake_clean_first': False, 'cmake_force_configure': False, 'cmake_target': None, 'cmake_target_skip_unavailable': False, 'install_base': '/home/ryanl/4231/MTRN4231_Project/install/end_effector_description', 'merge_install': False, 'path': '/home/ryanl/4231/MTRN4231_Project/src/end_effector_description', 'symlink_install': True, 'test_result_base': None}[0m
[1.565s] [34mcolcon.colcon_core.verb[0m [1;30mLevel 5[0m set package 'arm_controller' build argument 'cmake_args' from command line to 'None'
[1.565s] [34mcolcon.colcon_core.verb[0m [1;30mLevel 5[0m set package 'arm_controller' build argument 'cmake_target' from command line to 'None'
[1.566s] [34mcolcon.colcon_core.verb[0m [1;30mLevel 5[0m set package 'arm_controller' build argument 'cmake_target_skip_unavailable' from command line to 'False'
[1.566s] [34mcolcon.colcon_core.verb[0m [1;30mLevel 5[0m set package 'arm_controller' build argument 'cmake_clean_cache' from command line to 'False'
[1.566s] [34mcolcon.colcon_core.verb[0m [1;30mLevel 5[0m set package 'arm_controller' build argument 'cmake_clean_first' from command line to 'False'
[1.566s] [34mcolcon.colcon_core.verb[0m [1;30mLevel 5[0m set package 'arm_controller' build argument 'cmake_force_configure' from command line to 'False'
[1.566s] [34mcolcon.colcon_core.verb[0m [1;30mLevel 5[0m set package 'arm_controller' build argument 'ament_cmake_args' from command line to 'None'
[1.566s] [34mcolcon.colcon_core.verb[0m [1;30mLevel 5[0m set package 'arm_controller' build argument 'catkin_cmake_args' from command line to 'None'
[1.566s] [34mcolcon.colcon_core.verb[0m [1;30mLevel 5[0m set package 'arm_controller' build argument 'catkin_skip_building_tests' from command line to 'False'
[1.566s] [34mcolcon.colcon_core.verb[0m [1;30mDEBUG[0m [32mBuilding package 'arm_controller' with the following arguments: {'ament_cmake_args': None, 'build_base': '/home/ryanl/4231/MTRN4231_Project/build/arm_controller', 'catkin_cmake_args': None, 'catkin_skip_building_tests': False, 'cmake_args': None, 'cmake_clean_cache': False, 'cmake_clean_first': False, 'cmake_force_configure': False, 'cmake_target': None, 'cmake_target_skip_unavailable': False, 'install_base': '/home/ryanl/4231/MTRN4231_Project/install/arm_controller', 'merge_install': False, 'path': '/home/ryanl/4231/MTRN4231_Project/src/arm_controller', 'symlink_install': True, 'test_result_base': None}[0m
[1.566s] [34mcolcon.colcon_core.executor[0m [1;30mINFO[0m Executing jobs using 'parallel' executor
[1.569s] [34mcolcon.colcon_parallel_executor.executor.parallel[0m [1;30mDEBUG[0m [32mrun_until_complete[0m
[1.570s] [34mcolcon.colcon_ros.task.ament_cmake.build[0m [1;30mINFO[0m Building ROS package in '/home/ryanl/4231/MTRN4231_Project/src/custom_interfaces' with build type 'ament_cmake'
[1.570s] [34mcolcon.colcon_cmake.task.cmake.build[0m [1;30mINFO[0m Building CMake package in '/home/ryanl/4231/MTRN4231_Project/src/custom_interfaces'
[1.580s] [34mcolcon.colcon_core.plugin_system[0m [1;30mINFO[0m Skipping extension 'colcon_core.shell.bat': Not used on non-Windows systems
[1.580s] [34mcolcon.colcon_core.shell[0m [1;30mINFO[0m Skip shell extension 'powershell' for command environment: Not usable outside of PowerShell
[1.581s] [34mcolcon.colcon_core.shell[0m [1;30mDEBUG[0m [32mSkip shell extension 'dsv' for command environment[0m
[1.590s] [34mcolcon.colcon_ros.task.ament_cmake.build[0m [1;30mINFO[0m Building ROS package in '/home/ryanl/4231/MTRN4231_Project/src/end_effector_description' with build type 'ament_cmake'
[1.591s] [34mcolcon.colcon_cmake.task.cmake.build[0m [1;30mINFO[0m Building CMake package in '/home/ryanl/4231/MTRN4231_Project/src/end_effector_description'
[1.592s] [34mcolcon.colcon_core.shell[0m [1;30mINFO[0m Skip shell extension 'powershell' for command environment: Not usable outside of PowerShell
[1.593s] [34mcolcon.colcon_core.shell[0m [1;30mDEBUG[0m [32mSkip shell extension 'dsv' for command environment[0m
[1.613s] [34mcolcon.colcon_core.event_handler.log_command[0m [1;30mDEBUG[0m [32mInvoking command in '/home/ryanl/4231/MTRN4231_Project/build/custom_interfaces': CMAKE_PREFIX_PATH=${CMAKE_PREFIX_PATH}:/opt/ros/humble /usr/bin/cmake --build /home/ryanl/4231/MTRN4231_Project/build/custom_interfaces -- -j16 -l16[0m
[1.622s] [34mcolcon.colcon_core.event_handler.log_command[0m [1;30mDEBUG[0m [32mInvoking command in '/home/ryanl/4231/MTRN4231_Project/build/end_effector_description': CMAKE_PREFIX_PATH=${CMAKE_PREFIX_PATH}:/opt/ros/humble /usr/bin/cmake --build /home/ryanl/4231/MTRN4231_Project/build/end_effector_description -- -j16 -l16[0m
[1.753s] [34mcolcon.colcon_core.event_handler.log_command[0m [1;30mDEBUG[0m [32mInvoked command in '/home/ryanl/4231/MTRN4231_Project/build/end_effector_description' returned '0': CMAKE_PREFIX_PATH=${CMAKE_PREFIX_PATH}:/opt/ros/humble /usr/bin/cmake --build /home/ryanl/4231/MTRN4231_Project/build/end_effector_description -- -j16 -l16[0m
[1.776s] [34mcolcon.colcon_core.event_handler.log_command[0m [1;30mDEBUG[0m [32mInvoking command in '/home/ryanl/4231/MTRN4231_Project/build/end_effector_description': CMAKE_PREFIX_PATH=${CMAKE_PREFIX_PATH}:/opt/ros/humble /usr/bin/cmake --install /home/ryanl/4231/MTRN4231_Project/build/end_effector_description[0m
[1.856s] [34mcolcon.colcon_core.environment[0m [1;30mLevel 1[0m create_environment_scripts_only(end_effector_description)
[1.857s] [34mcolcon.colcon_core.event_handler.log_command[0m [1;30mDEBUG[0m [32mInvoked command in '/home/ryanl/4231/MTRN4231_Project/build/end_effector_description' returned '0': CMAKE_PREFIX_PATH=${CMAKE_PREFIX_PATH}:/opt/ros/humble /usr/bin/cmake --install /home/ryanl/4231/MTRN4231_Project/build/end_effector_description[0m
[1.867s] [34mcolcon.colcon_core.environment[0m [1;30mLevel 1[0m checking '/home/ryanl/4231/MTRN4231_Project/install/end_effector_description' for CMake module files
[1.868s] [34mcolcon.colcon_core.environment[0m [1;30mLevel 1[0m checking '/home/ryanl/4231/MTRN4231_Project/install/end_effector_description' for CMake config files
[1.868s] [34mcolcon.colcon_core.shell[0m [1;30mLevel 1[0m create_environment_hook('end_effector_description', 'cmake_prefix_path')
[1.868s] [34mcolcon.colcon_core.shell[0m [1;30mINFO[0m Creating environment hook '/home/ryanl/4231/MTRN4231_Project/install/end_effector_description/share/end_effector_description/hook/cmake_prefix_path.ps1'
[1.870s] [34mcolcon.colcon_core.shell[0m [1;30mINFO[0m Creating environment descriptor '/home/ryanl/4231/MTRN4231_Project/install/end_effector_description/share/end_effector_description/hook/cmake_prefix_path.dsv'
[1.872s] [34mcolcon.colcon_core.shell[0m [1;30mINFO[0m Creating environment hook '/home/ryanl/4231/MTRN4231_Project/install/end_effector_description/share/end_effector_description/hook/cmake_prefix_path.sh'
[1.875s] [34mcolcon.colcon_core.environment[0m [1;30mLevel 1[0m checking '/home/ryanl/4231/MTRN4231_Project/install/end_effector_description/bin'
[1.876s] [34mcolcon.colcon_core.environment[0m [1;30mLevel 1[0m checking '/home/ryanl/4231/MTRN4231_Project/install/end_effector_description/lib/pkgconfig/end_effector_description.pc'
[1.876s] [34mcolcon.colcon_core.environment[0m [1;30mLevel 1[0m checking '/home/ryanl/4231/MTRN4231_Project/install/end_effector_description/lib/python3.10/site-packages'
[1.876s] [34mcolcon.colcon_core.environment[0m [1;30mLevel 1[0m checking '/home/ryanl/4231/MTRN4231_Project/install/end_effector_description/bin'
[1.877s] [34mcolcon.colcon_core.shell[0m [1;30mINFO[0m Creating package script '/home/ryanl/4231/MTRN4231_Project/install/end_effector_description/share/end_effector_description/package.ps1'
[1.879s] [34mcolcon.colcon_core.shell[0m [1;30mINFO[0m Creating package descriptor '/home/ryanl/4231/MTRN4231_Project/install/end_effector_description/share/end_effector_description/package.dsv'
[1.881s] [34mcolcon.colcon_core.shell[0m [1;30mINFO[0m Creating package script '/home/ryanl/4231/MTRN4231_Project/install/end_effector_description/share/end_effector_description/package.sh'
[1.884s] [34mcolcon.colcon_core.shell[0m [1;30mINFO[0m Creating package script '/home/ryanl/4231/MTRN4231_Project/install/end_effector_description/share/end_effector_description/package.bash'
[1.886s] [34mcolcon.colcon_core.shell[0m [1;30mINFO[0m Creating package script '/home/ryanl/4231/MTRN4231_Project/install/end_effector_description/share/end_effector_description/package.zsh'
[1.887s] [34mcolcon.colcon_core.environment[0m [1;30mLevel 1[0m create_file_with_runtime_dependencies(/home/ryanl/4231/MTRN4231_Project/install/end_effector_description/share/colcon-core/packages/end_effector_description)
[1.889s] [34mcolcon.colcon_core.environment[0m [1;30mLevel 1[0m create_environment_scripts_only(end_effector_description)
[1.889s] [34mcolcon.colcon_core.environment[0m [1;30mLevel 1[0m checking '/home/ryanl/4231/MTRN4231_Project/install/end_effector_description' for CMake module files
[1.890s] [34mcolcon.colcon_core.environment[0m [1;30mLevel 1[0m checking '/home/ryanl/4231/MTRN4231_Project/install/end_effector_description' for CMake config files
[1.890s] [34mcolcon.colcon_core.shell[0m [1;30mLevel 1[0m create_environment_hook('end_effector_description', 'cmake_prefix_path')
[1.891s] [34mcolcon.colcon_core.shell[0m [1;30mINFO[0m Creating environment hook '/home/ryanl/4231/MTRN4231_Project/install/end_effector_description/share/end_effector_description/hook/cmake_prefix_path.ps1'
[1.891s] [34mcolcon.colcon_core.shell[0m [1;30mINFO[0m Creating environment descriptor '/home/ryanl/4231/MTRN4231_Project/install/end_effector_description/share/end_effector_description/hook/cmake_prefix_path.dsv'
[1.892s] [34mcolcon.colcon_core.shell[0m [1;30mINFO[0m Creating environment hook '/home/ryanl/4231/MTRN4231_Project/install/end_effector_description/share/end_effector_description/hook/cmake_prefix_path.sh'
[1.893s] [34mcolcon.colcon_core.environment[0m [1;30mLevel 1[0m checking '/home/ryanl/4231/MTRN4231_Project/install/end_effector_description/bin'
[1.893s] [34mcolcon.colcon_core.environment[0m [1;30mLevel 1[0m checking '/home/ryanl/4231/MTRN4231_Project/install/end_effector_description/lib/pkgconfig/end_effector_description.pc'
[1.894s] [34mcolcon.colcon_core.environment[0m [1;30mLevel 1[0m checking '/home/ryanl/4231/MTRN4231_Project/install/end_effector_description/lib/python3.10/site-packages'
[1.894s] [34mcolcon.colcon_core.environment[0m [1;30mLevel 1[0m checking '/home/ryanl/4231/MTRN4231_Project/install/end_effector_description/bin'
[1.895s] [34mcolcon.colcon_core.shell[0m [1;30mINFO[0m Creating package script '/home/ryanl/4231/MTRN4231_Project/install/end_effector_description/share/end_effector_description/package.ps1'
[1.897s] [34mcolcon.colcon_core.shell[0m [1;30mINFO[0m Creating package descriptor '/home/ryanl/4231/MTRN4231_Project/install/end_effector_description/share/end_effector_description/package.dsv'
[1.897s] [34mcolcon.colcon_core.shell[0m [1;30mINFO[0m Creating package script '/home/ryanl/4231/MTRN4231_Project/install/end_effector_description/share/end_effector_description/package.sh'
[1.898s] [34mcolcon.colcon_core.shell[0m [1;30mINFO[0m Creating package script '/home/ryanl/4231/MTRN4231_Project/install/end_effector_description/share/end_effector_description/package.bash'
[1.899s] [34mcolcon.colcon_core.shell[0m [1;30mINFO[0m Creating package script '/home/ryanl/4231/MTRN4231_Project/install/end_effector_description/share/end_effector_description/package.zsh'
[1.900s] [34mcolcon.colcon_core.environment[0m [1;30mLevel 1[0m create_file_with_runtime_dependencies(/home/ryanl/4231/MTRN4231_Project/install/end_effector_description/share/colcon-core/packages/end_effector_description)
[2.361s] [34mcolcon.colcon_core.event_handler.log_command[0m [1;30mDEBUG[0m [32mInvoked command in '/home/ryanl/4231/MTRN4231_Project/build/custom_interfaces' returned '0': CMAKE_PREFIX_PATH=${CMAKE_PREFIX_PATH}:/opt/ros/humble /usr/bin/cmake --build /home/ryanl/4231/MTRN4231_Project/build/custom_interfaces -- -j16 -l16[0m
[2.365s] [34mcolcon.colcon_core.event_handler.log_command[0m [1;30mDEBUG[0m [32mInvoking command in '/home/ryanl/4231/MTRN4231_Project/build/custom_interfaces': CMAKE_PREFIX_PATH=${CMAKE_PREFIX_PATH}:/opt/ros/humble /usr/bin/cmake --install /home/ryanl/4231/MTRN4231_Project/build/custom_interfaces[0m
[2.553s] [34mcolcon.colcon_core.environment[0m [1;30mLevel 1[0m create_environment_scripts_only(custom_interfaces)
[2.554s] [34mcolcon.colcon_core.environment[0m [1;30mLevel 1[0m checking '/home/ryanl/4231/MTRN4231_Project/install/custom_interfaces' for CMake module files
[2.555s] [34mcolcon.colcon_core.event_handler.log_command[0m [1;30mDEBUG[0m [32mInvoked command in '/home/ryanl/4231/MTRN4231_Project/build/custom_interfaces' returned '0': CMAKE_PREFIX_PATH=${CMAKE_PREFIX_PATH}:/opt/ros/humble /usr/bin/cmake --install /home/ryanl/4231/MTRN4231_Project/build/custom_interfaces[0m
[2.556s] [34mcolcon.colcon_core.environment[0m [1;30mLevel 1[0m checking '/home/ryanl/4231/MTRN4231_Project/install/custom_interfaces' for CMake config files
[2.557s] [34mcolcon.colcon_core.shell[0m [1;30mLevel 1[0m create_environment_hook('custom_interfaces', 'cmake_prefix_path')
[2.558s] [34mcolcon.colcon_core.shell[0m [1;30mINFO[0m Creating environment hook '/home/ryanl/4231/MTRN4231_Project/install/custom_interfaces/share/custom_interfaces/hook/cmake_prefix_path.ps1'
[2.559s] [34mcolcon.colcon_core.shell[0m [1;30mINFO[0m Creating environment descriptor '/home/ryanl/4231/MTRN4231_Project/install/custom_interfaces/share/custom_interfaces/hook/cmake_prefix_path.dsv'
[2.560s] [34mcolcon.colcon_core.shell[0m [1;30mINFO[0m Creating environment hook '/home/ryanl/4231/MTRN4231_Project/install/custom_interfaces/share/custom_interfaces/hook/cmake_prefix_path.sh'
[2.560s] [34mcolcon.colcon_core.environment[0m [1;30mLevel 1[0m checking '/home/ryanl/4231/MTRN4231_Project/install/custom_interfaces/lib'
[2.561s] [34mcolcon.colcon_core.shell[0m [1;30mLevel 1[0m create_environment_hook('custom_interfaces', 'ld_library_path_lib')
[2.561s] [34mcolcon.colcon_core.shell[0m [1;30mINFO[0m Creating environment hook '/home/ryanl/4231/MTRN4231_Project/install/custom_interfaces/share/custom_interfaces/hook/ld_library_path_lib.ps1'
[2.562s] [34mcolcon.colcon_core.shell[0m [1;30mINFO[0m Creating environment descriptor '/home/ryanl/4231/MTRN4231_Project/install/custom_interfaces/share/custom_interfaces/hook/ld_library_path_lib.dsv'
[2.563s] [34mcolcon.colcon_core.shell[0m [1;30mINFO[0m Creating environment hook '/home/ryanl/4231/MTRN4231_Project/install/custom_interfaces/share/custom_interfaces/hook/ld_library_path_lib.sh'
[2.563s] [34mcolcon.colcon_core.environment[0m [1;30mLevel 1[0m checking '/home/ryanl/4231/MTRN4231_Project/install/custom_interfaces/bin'
[2.563s] [34mcolcon.colcon_core.environment[0m [1;30mLevel 1[0m checking '/home/ryanl/4231/MTRN4231_Project/install/custom_interfaces/lib/pkgconfig/custom_interfaces.pc'
[2.564s] [34mcolcon.colcon_core.environment[0m [1;30mLevel 1[0m checking '/home/ryanl/4231/MTRN4231_Project/install/custom_interfaces/lib/python3.10/site-packages'
[2.564s] [34mcolcon.colcon_core.environment[0m [1;30mLevel 1[0m checking '/home/ryanl/4231/MTRN4231_Project/install/custom_interfaces/bin'
[2.565s] [34mcolcon.colcon_core.shell[0m [1;30mINFO[0m Creating package script '/home/ryanl/4231/MTRN4231_Project/install/custom_interfaces/share/custom_interfaces/package.ps1'
[2.565s] [34mcolcon.colcon_core.shell[0m [1;30mINFO[0m Creating package descriptor '/home/ryanl/4231/MTRN4231_Project/install/custom_interfaces/share/custom_interfaces/package.dsv'
[2.566s] [34mcolcon.colcon_core.shell[0m [1;30mINFO[0m Creating package script '/home/ryanl/4231/MTRN4231_Project/install/custom_interfaces/share/custom_interfaces/package.sh'
[2.567s] [34mcolcon.colcon_core.shell[0m [1;30mINFO[0m Creating package script '/home/ryanl/4231/MTRN4231_Project/install/custom_interfaces/share/custom_interfaces/package.bash'
[2.568s] [34mcolcon.colcon_core.shell[0m [1;30mINFO[0m Creating package script '/home/ryanl/4231/MTRN4231_Project/install/custom_interfaces/share/custom_interfaces/package.zsh'
[2.568s] [34mcolcon.colcon_core.environment[0m [1;30mLevel 1[0m create_file_with_runtime_dependencies(/home/ryanl/4231/MTRN4231_Project/install/custom_interfaces/share/colcon-core/packages/custom_interfaces)
[2.569s] [34mcolcon.colcon_core.environment[0m [1;30mLevel 1[0m create_environment_scripts_only(custom_interfaces)
[2.570s] [34mcolcon.colcon_core.environment[0m [1;30mLevel 1[0m checking '/home/ryanl/4231/MTRN4231_Project/install/custom_interfaces' for CMake module files
[2.572s] [34mcolcon.colcon_core.environment[0m [1;30mLevel 1[0m checking '/home/ryanl/4231/MTRN4231_Project/install/custom_interfaces' for CMake config files
[2.573s] [34mcolcon.colcon_core.shell[0m [1;30mLevel 1[0m create_environment_hook('custom_interfaces', 'cmake_prefix_path')
[2.573s] [34mcolcon.colcon_core.shell[0m [1;30mINFO[0m Creating environment hook '/home/ryanl/4231/MTRN4231_Project/install/custom_interfaces/share/custom_interfaces/hook/cmake_prefix_path.ps1'
[2.574s] [34mcolcon.colcon_core.shell[0m [1;30mINFO[0m Creating environment descriptor '/home/ryanl/4231/MTRN4231_Project/install/custom_interfaces/share/custom_interfaces/hook/cmake_prefix_path.dsv'
[2.575s] [34mcolcon.colcon_core.shell[0m [1;30mINFO[0m Creating environment hook '/home/ryanl/4231/MTRN4231_Project/install/custom_interfaces/share/custom_interfaces/hook/cmake_prefix_path.sh'
[2.576s] [34mcolcon.colcon_core.environment[0m [1;30mLevel 1[0m checking '/home/ryanl/4231/MTRN4231_Project/install/custom_interfaces/lib'
[2.576s] [34mcolcon.colcon_core.shell[0m [1;30mLevel 1[0m create_environment_hook('custom_interfaces', 'ld_library_path_lib')
[2.576s] [34mcolcon.colcon_core.shell[0m [1;30mINFO[0m Creating environment hook '/home/ryanl/4231/MTRN4231_Project/install/custom_interfaces/share/custom_interfaces/hook/ld_library_path_lib.ps1'
[2.577s] [34mcolcon.colcon_core.shell[0m [1;30mINFO[0m Creating environment descriptor '/home/ryanl/4231/MTRN4231_Project/install/custom_interfaces/share/custom_interfaces/hook/ld_library_path_lib.dsv'
[2.577s] [34mcolcon.colcon_core.shell[0m [1;30mINFO[0m Creating environment hook '/home/ryanl/4231/MTRN4231_Project/install/custom_interfaces/share/custom_interfaces/hook/ld_library_path_lib.sh'
[2.578s] [34mcolcon.colcon_core.environment[0m [1;30mLevel 1[0m checking '/home/ryanl/4231/MTRN4231_Project/install/custom_interfaces/bin'
[2.578s] [34mcolcon.colcon_core.environment[0m [1;30mLevel 1[0m checking '/home/ryanl/4231/MTRN4231_Project/install/custom_interfaces/lib/pkgconfig/custom_interfaces.pc'
[2.579s] [34mcolcon.colcon_core.environment[0m [1;30mLevel 1[0m checking '/home/ryanl/4231/MTRN4231_Project/install/custom_interfaces/lib/python3.10/site-packages'
[2.579s] [34mcolcon.colcon_core.environment[0m [1;30mLevel 1[0m checking '/home/ryanl/4231/MTRN4231_Project/install/custom_interfaces/bin'
[2.580s] [34mcolcon.colcon_core.shell[0m [1;30mINFO[0m Creating package script '/home/ryanl/4231/MTRN4231_Project/install/custom_interfaces/share/custom_interfaces/package.ps1'
[2.581s] [34mcolcon.colcon_core.shell[0m [1;30mINFO[0m Creating package descriptor '/home/ryanl/4231/MTRN4231_Project/install/custom_interfaces/share/custom_interfaces/package.dsv'
[2.582s] [34mcolcon.colcon_core.shell[0m [1;30mINFO[0m Creating package script '/home/ryanl/4231/MTRN4231_Project/install/custom_interfaces/share/custom_interfaces/package.sh'
[2.583s] [34mcolcon.colcon_core.shell[0m [1;30mINFO[0m Creating package script '/home/ryanl/4231/MTRN4231_Project/install/custom_interfaces/share/custom_interfaces/package.bash'
[2.583s] [34mcolcon.colcon_core.shell[0m [1;30mINFO[0m Creating package script '/home/ryanl/4231/MTRN4231_Project/install/custom_interfaces/share/custom_interfaces/package.zsh'
[2.584s] [34mcolcon.colcon_core.environment[0m [1;30mLevel 1[0m create_file_with_runtime_dependencies(/home/ryanl/4231/MTRN4231_Project/install/custom_interfaces/share/colcon-core/packages/custom_interfaces)
[2.585s] [34mcolcon.colcon_ros.task.ament_cmake.build[0m [1;30mINFO[0m Building ROS package in '/home/ryanl/4231/MTRN4231_Project/src/arm_controller' with build type 'ament_cmake'
[2.586s] [34mcolcon.colcon_cmake.task.cmake.build[0m [1;30mINFO[0m Building CMake package in '/home/ryanl/4231/MTRN4231_Project/src/arm_controller'
[2.586s] [34mcolcon.colcon_core.shell[0m [1;30mINFO[0m Skip shell extension 'powershell' for command environment: Not usable outside of PowerShell
[2.586s] [34mcolcon.colcon_core.shell[0m [1;30mDEBUG[0m [32mSkip shell extension 'dsv' for command environment[0m
[2.788s] [34mcolcon.colcon_core.event_handler.log_command[0m [1;30mDEBUG[0m [32mInvoking command in '/home/ryanl/4231/MTRN4231_Project/build/arm_controller': CMAKE_PREFIX_PATH=/home/ryanl/4231/MTRN4231_Project/install/custom_interfaces:/home/ryanl/4231/MTRN4231_Project/install/ur5e_robot_config:/home/ryanl/4231/MTRN4231_Project/install/end_effector_description:/home/ryanl/4231/MTRN4231_Project/install/arm_controller:/opt/ros/humble /usr/bin/cmake --build /home/ryanl/4231/MTRN4231_Project/build/arm_controller -- -j16 -l16[0m
[2.953s] [34mcolcon.colcon_core.event_handler.log_command[0m [1;30mDEBUG[0m [32mInvoked command in '/home/ryanl/4231/MTRN4231_Project/build/arm_controller' returned '0': CMAKE_PREFIX_PATH=/home/ryanl/4231/MTRN4231_Project/install/custom_interfaces:/home/ryanl/4231/MTRN4231_Project/install/ur5e_robot_config:/home/ryanl/4231/MTRN4231_Project/install/end_effector_description:/home/ryanl/4231/MTRN4231_Project/install/arm_controller:/opt/ros/humble /usr/bin/cmake --build /home/ryanl/4231/MTRN4231_Project/build/arm_controller -- -j16 -l16[0m
[2.958s] [34mcolcon.colcon_core.event_handler.log_command[0m [1;30mDEBUG[0m [32mInvoking command in '/home/ryanl/4231/MTRN4231_Project/build/arm_controller': CMAKE_PREFIX_PATH=/home/ryanl/4231/MTRN4231_Project/install/custom_interfaces:/home/ryanl/4231/MTRN4231_Project/install/ur5e_robot_config:/home/ryanl/4231/MTRN4231_Project/install/end_effector_description:/home/ryanl/4231/MTRN4231_Project/install/arm_controller:/opt/ros/humble /usr/bin/cmake --install /home/ryanl/4231/MTRN4231_Project/build/arm_controller[0m
[3.022s] [34mcolcon.colcon_core.environment[0m [1;30mLevel 1[0m create_environment_scripts_only(arm_controller)
[3.023s] [34mcolcon.colcon_core.environment[0m [1;30mLevel 1[0m checking '/home/ryanl/4231/MTRN4231_Project/install/arm_controller' for CMake module files
[3.024s] [34mcolcon.colcon_core.event_handler.log_command[0m [1;30mDEBUG[0m [32mInvoked command in '/home/ryanl/4231/MTRN4231_Project/build/arm_controller' returned '0': CMAKE_PREFIX_PATH=/home/ryanl/4231/MTRN4231_Project/install/custom_interfaces:/home/ryanl/4231/MTRN4231_Project/install/ur5e_robot_config:/home/ryanl/4231/MTRN4231_Project/install/end_effector_description:/home/ryanl/4231/MTRN4231_Project/install/arm_controller:/opt/ros/humble /usr/bin/cmake --install /home/ryanl/4231/MTRN4231_Project/build/arm_controller[0m
[3.026s] [34mcolcon.colcon_core.environment[0m [1;30mLevel 1[0m checking '/home/ryanl/4231/MTRN4231_Project/install/arm_controller' for CMake config files
[3.026s] [34mcolcon.colcon_core.shell[0m [1;30mLevel 1[0m create_environment_hook('arm_controller', 'cmake_prefix_path')
[3.027s] [34mcolcon.colcon_core.shell[0m [1;30mINFO[0m Creating environment hook '/home/ryanl/4231/MTRN4231_Project/install/arm_controller/share/arm_controller/hook/cmake_prefix_path.ps1'
[3.028s] [34mcolcon.colcon_core.shell[0m [1;30mINFO[0m Creating environment descriptor '/home/ryanl/4231/MTRN4231_Project/install/arm_controller/share/arm_controller/hook/cmake_prefix_path.dsv'
[3.029s] [34mcolcon.colcon_core.shell[0m [1;30mINFO[0m Creating environment hook '/home/ryanl/4231/MTRN4231_Project/install/arm_controller/share/arm_controller/hook/cmake_prefix_path.sh'
[3.030s] [34mcolcon.colcon_core.environment[0m [1;30mLevel 1[0m checking '/home/ryanl/4231/MTRN4231_Project/install/arm_controller/lib'
[3.030s] [34mcolcon.colcon_core.environment[0m [1;30mLevel 1[0m checking '/home/ryanl/4231/MTRN4231_Project/install/arm_controller/bin'
[3.030s] [34mcolcon.colcon_core.environment[0m [1;30mLevel 1[0m checking '/home/ryanl/4231/MTRN4231_Project/install/arm_controller/lib/pkgconfig/arm_controller.pc'
[3.030s] [34mcolcon.colcon_core.environment[0m [1;30mLevel 1[0m checking '/home/ryanl/4231/MTRN4231_Project/install/arm_controller/lib/python3.10/site-packages'
[3.031s] [34mcolcon.colcon_core.environment[0m [1;30mLevel 1[0m checking '/home/ryanl/4231/MTRN4231_Project/install/arm_controller/bin'
[3.031s] [34mcolcon.colcon_core.shell[0m [1;30mINFO[0m Creating package script '/home/ryanl/4231/MTRN4231_Project/install/arm_controller/share/arm_controller/package.ps1'
[3.032s] [34mcolcon.colcon_core.shell[0m [1;30mINFO[0m Creating package descriptor '/home/ryanl/4231/MTRN4231_Project/install/arm_controller/share/arm_controller/package.dsv'
[3.033s] [34mcolcon.colcon_core.shell[0m [1;30mINFO[0m Creating package script '/home/ryanl/4231/MTRN4231_Project/install/arm_controller/share/arm_controller/package.sh'
[3.034s] [34mcolcon.colcon_core.shell[0m [1;30mINFO[0m Creating package script '/home/ryanl/4231/MTRN4231_Project/install/arm_controller/share/arm_controller/package.bash'
[3.035s] [34mcolcon.colcon_core.shell[0m [1;30mINFO[0m Creating package script '/home/ryanl/4231/MTRN4231_Project/install/arm_controller/share/arm_controller/package.zsh'
[3.036s] [34mcolcon.colcon_core.environment[0m [1;30mLevel 1[0m create_file_with_runtime_dependencies(/home/ryanl/4231/MTRN4231_Project/install/arm_controller/share/colcon-core/packages/arm_controller)
[3.037s] [34mcolcon.colcon_core.environment[0m [1;30mLevel 1[0m create_environment_scripts_only(arm_controller)
[3.038s] [34mcolcon.colcon_core.environment[0m [1;30mLevel 1[0m checking '/home/ryanl/4231/MTRN4231_Project/install/arm_controller' for CMake module files
[3.039s] [34mcolcon.colcon_core.environment[0m [1;30mLevel 1[0m checking '/home/ryanl/4231/MTRN4231_Project/install/arm_controller' for CMake config files
[3.039s] [34mcolcon.colcon_core.shell[0m [1;30mLevel 1[0m create_environment_hook('arm_controller', 'cmake_prefix_path')
[3.039s] [34mcolcon.colcon_core.shell[0m [1;30mINFO[0m Creating environment hook '/home/ryanl/4231/MTRN4231_Project/install/arm_controller/share/arm_controller/hook/cmake_prefix_path.ps1'
[3.040s] [34mcolcon.colcon_core.shell[0m [1;30mINFO[0m Creating environment descriptor '/home/ryanl/4231/MTRN4231_Project/install/arm_controller/share/arm_controller/hook/cmake_prefix_path.dsv'
[3.041s] [34mcolcon.colcon_core.shell[0m [1;30mINFO[0m Creating environment hook '/home/ryanl/4231/MTRN4231_Project/install/arm_controller/share/arm_controller/hook/cmake_prefix_path.sh'
[3.043s] [34mcolcon.colcon_core.environment[0m [1;30mLevel 1[0m checking '/home/ryanl/4231/MTRN4231_Project/install/arm_controller/lib'
[3.043s] [34mcolcon.colcon_core.environment[0m [1;30mLevel 1[0m checking '/home/ryanl/4231/MTRN4231_Project/install/arm_controller/bin'
[3.043s] [34mcolcon.colcon_core.environment[0m [1;30mLevel 1[0m checking '/home/ryanl/4231/MTRN4231_Project/install/arm_controller/lib/pkgconfig/arm_controller.pc'
[3.043s] [34mcolcon.colcon_core.environment[0m [1;30mLevel 1[0m checking '/home/ryanl/4231/MTRN4231_Project/install/arm_controller/lib/python3.10/site-packages'
[3.044s] [34mcolcon.colcon_core.environment[0m [1;30mLevel 1[0m checking '/home/ryanl/4231/MTRN4231_Project/install/arm_controller/bin'
[3.044s] [34mcolcon.colcon_core.shell[0m [1;30mINFO[0m Creating package script '/home/ryanl/4231/MTRN4231_Project/install/arm_controller/share/arm_controller/package.ps1'
[3.045s] [34mcolcon.colcon_core.shell[0m [1;30mINFO[0m Creating package descriptor '/home/ryanl/4231/MTRN4231_Project/install/arm_controller/share/arm_controller/package.dsv'
[3.046s] [34mcolcon.colcon_core.shell[0m [1;30mINFO[0m Creating package script '/home/ryanl/4231/MTRN4231_Project/install/arm_controller/share/arm_controller/package.sh'
[3.047s] [34mcolcon.colcon_core.shell[0m [1;30mINFO[0m Creating package script '/home/ryanl/4231/MTRN4231_Project/install/arm_controller/share/arm_controller/package.bash'
[3.047s] [34mcolcon.colcon_core.shell[0m [1;30mINFO[0m Creating package script '/home/ryanl/4231/MTRN4231_Project/install/arm_controller/share/arm_controller/package.zsh'
[3.048s] [34mcolcon.colcon_core.environment[0m [1;30mLevel 1[0m create_file_with_runtime_dependencies(/home/ryanl/4231/MTRN4231_Project/install/arm_controller/share/colcon-core/packages/arm_controller)
[3.049s] [34mcolcon.colcon_parallel_executor.executor.parallel[0m [1;30mDEBUG[0m [32mclosing loop[0m
[3.050s] [34mcolcon.colcon_parallel_executor.executor.parallel[0m [1;30mDEBUG[0m [32mloop closed[0m
[3.050s] [34mcolcon.colcon_parallel_executor.executor.parallel[0m [1;30mDEBUG[0m [32mrun_until_complete finished with '0'[0m
[3.050s] [34mcolcon.colcon_core.event_reactor[0m [1;30mDEBUG[0m [32mjoining thread[0m
[3.152s] [34mcolcon.colcon_core.plugin_system[0m [1;30mINFO[0m Skipping extension 'colcon_notification.desktop_notification.notify_send': Could not find 'notify-send'
[3.152s] [34mcolcon.colcon_core.plugin_system[0m [1;30mINFO[0m Skipping extension 'colcon_notification.desktop_notification.terminal_notifier': Not used on non-Darwin systems
[3.152s] [34mcolcon.colcon_core.plugin_system[0m [1;30mINFO[0m Skipping extension 'colcon_notification.desktop_notification.win32': Not used on non-Windows systems
[3.153s] [34mcolcon.colcon_notification.desktop_notification[0m [1;30mINFO[0m Sending desktop notification using 'notify2'
[3.153s] [34mcolcon.colcon_notification.desktop_notification.notify2[0m [1;30mDEBUG[0m [32mFailed to initialize notify2: org.freedesktop.DBus.Error.FileNotFound: Failed to connect to socket /run/user/1000/bus: No such file or directory[0m
[3.153s] [34mcolcon.colcon_core.event_reactor[0m [1;30mDEBUG[0m [32mjoined thread[0m
[3.154s] [34mcolcon.colcon_core.shell[0m [1;30mINFO[0m Creating prefix script '/home/ryanl/4231/MTRN4231_Project/install/local_setup.ps1'
[3.156s] [34mcolcon.colcon_core.shell[0m [1;30mINFO[0m Creating prefix util module '/home/ryanl/4231/MTRN4231_Project/install/_local_setup_util_ps1.py'
[3.159s] [34mcolcon.colcon_core.shell[0m [1;30mINFO[0m Creating prefix chain script '/home/ryanl/4231/MTRN4231_Project/install/setup.ps1'
[3.161s] [34mcolcon.colcon_core.shell[0m [1;30mINFO[0m Creating prefix script '/home/ryanl/4231/MTRN4231_Project/install/local_setup.sh'
[3.162s] [34mcolcon.colcon_core.shell[0m [1;30mINFO[0m Creating prefix util module '/home/ryanl/4231/MTRN4231_Project/install/_local_setup_util_sh.py'
[3.163s] [34mcolcon.colcon_core.shell[0m [1;30mINFO[0m Creating prefix chain script '/home/ryanl/4231/MTRN4231_Project/install/setup.sh'
[3.165s] [34mcolcon.colcon_core.shell[0m [1;30mINFO[0m Creating prefix script '/home/ryanl/4231/MTRN4231_Project/install/local_setup.bash'
[3.167s] [34mcolcon.colcon_core.shell[0m [1;30mINFO[0m Creating prefix chain script '/home/ryanl/4231/MTRN4231_Project/install/setup.bash'
[3.169s] [34mcolcon.colcon_core.shell[0m [1;30mINFO[0m Creating prefix script '/home/ryanl/4231/MTRN4231_Project/install/local_setup.zsh'
[3.170s] [34mcolcon.colcon_core.shell[0m [1;30mINFO[0m Creating prefix chain script '/home/ryanl/4231/MTRN4231_Project/install/setup.zsh'
