[0.518s] Invoking command in '/home/ryanl/4231/MTRN4231_Project/build/arm_controller': CMAKE_PREFIX_PATH=/opt/ros/humble:/home/ryanl/4231/MTRN4231_Project/install/arm_interfaces:/home/ryanl/4231/MTRN4231_Project/install/ur5e_robot_config:/home/ryanl/4231/MTRN4231_Project/install/arm_controller /usr/bin/cmake --build /home/ryanl/4231/MTRN4231_Project/build/arm_controller -- -j16 -l16
[0.655s] [100%] Built target arm_controller_node
[0.679s] Invoked command in '/home/ryanl/4231/MTRN4231_Project/build/arm_controller' returned '0': CMAKE_PREFIX_PATH=/opt/ros/humble:/home/ryanl/4231/MTRN4231_Project/install/arm_interfaces:/home/ryanl/4231/MTRN4231_Project/install/ur5e_robot_config:/home/ryanl/4231/MTRN4231_Project/install/arm_controller /usr/bin/cmake --build /home/ryanl/4231/MTRN4231_Project/build/arm_controller -- -j16 -l16
[0.683s] Invoking command in '/home/ryanl/4231/MTRN4231_Project/build/arm_controller': CMAKE_PREFIX_PATH=/opt/ros/humble:/home/ryanl/4231/MTRN4231_Project/install/arm_interfaces:/home/ryanl/4231/MTRN4231_Project/install/ur5e_robot_config:/home/ryanl/4231/MTRN4231_Project/install/arm_controller /usr/bin/cmake --install /home/ryanl/4231/MTRN4231_Project/build/arm_controller
[0.699s] -- Install configuration: ""
[0.701s] -- Execute custom install script
[0.702s] -- Up-to-date symlink: /home/ryanl/4231/MTRN4231_Project/install/arm_controller/lib/arm_controller/arm_controller_node
[0.703s] -- Up-to-date symlink: /home/ryanl/4231/MTRN4231_Project/install/arm_controller/share/arm_controller/launch/arm_controller.launch.py
[0.704s] -- Up-to-date symlink: /home/ryanl/4231/MTRN4231_Project/install/arm_controller/share/arm_controller/config/params.yaml
[0.704s] -- Up-to-date symlink: /home/ryanl/4231/MTRN4231_Project/install/arm_controller/share/ament_index/resource_index/package_run_dependencies/arm_controller
[0.705s] -- Up-to-date symlink: /home/ryanl/4231/MTRN4231_Project/install/arm_controller/share/ament_index/resource_index/parent_prefix_path/arm_controller
[0.706s] -- Up-to-date symlink: /home/ryanl/4231/MTRN4231_Project/install/arm_controller/share/arm_controller/environment/ament_prefix_path.sh
[0.706s] -- Up-to-date symlink: /home/ryanl/4231/MTRN4231_Project/install/arm_controller/share/arm_controller/environment/ament_prefix_path.dsv
[0.707s] -- Up-to-date symlink: /home/ryanl/4231/MTRN4231_Project/install/arm_controller/share/arm_controller/environment/path.sh
[0.708s] -- Up-to-date symlink: /home/ryanl/4231/MTRN4231_Project/install/arm_controller/share/arm_controller/environment/path.dsv
[0.709s] -- Up-to-date symlink: /home/ryanl/4231/MTRN4231_Project/install/arm_controller/share/arm_controller/local_setup.bash
[0.709s] -- Up-to-date symlink: /home/ryanl/4231/MTRN4231_Project/install/arm_controller/share/arm_controller/local_setup.sh
[0.710s] -- Up-to-date symlink: /home/ryanl/4231/MTRN4231_Project/install/arm_controller/share/arm_controller/local_setup.zsh
[0.710s] -- Up-to-date symlink: /home/ryanl/4231/MTRN4231_Project/install/arm_controller/share/arm_controller/local_setup.dsv
[0.711s] -- Symlinking: /home/ryanl/4231/MTRN4231_Project/install/arm_controller/share/arm_controller/package.dsv
[0.731s] -- Up-to-date symlink: /home/ryanl/4231/MTRN4231_Project/install/arm_controller/share/ament_index/resource_index/packages/arm_controller
[0.732s] -- Up-to-date symlink: /home/ryanl/4231/MTRN4231_Project/install/arm_controller/share/arm_controller/cmake/arm_controllerConfig.cmake
[0.732s] -- Up-to-date symlink: /home/ryanl/4231/MTRN4231_Project/install/arm_controller/share/arm_controller/cmake/arm_controllerConfig-version.cmake
[0.733s] -- Up-to-date symlink: /home/ryanl/4231/MTRN4231_Project/install/arm_controller/share/arm_controller/package.xml
[0.739s] Invoked command in '/home/ryanl/4231/MTRN4231_Project/build/arm_controller' returned '0': CMAKE_PREFIX_PATH=/opt/ros/humble:/home/ryanl/4231/MTRN4231_Project/install/arm_interfaces:/home/ryanl/4231/MTRN4231_Project/install/ur5e_robot_config:/home/ryanl/4231/MTRN4231_Project/install/arm_controller /usr/bin/cmake --install /home/ryanl/4231/MTRN4231_Project/build/arm_controller
