[0.026s] Invoking command in '/home/ryanl/4231/MTRN4231_Project/build/end_effector_description': CMAKE_PREFIX_PATH=${CMAKE_PREFIX_PATH}:/opt/ros/humble /usr/bin/cmake --build /home/ryanl/4231/MTRN4231_Project/build/end_effector_description -- -j16 -l16
[0.109s] Invoked command in '/home/ryanl/4231/MTRN4231_Project/build/end_effector_description' returned '0': CMAKE_PREFIX_PATH=${CMAKE_PREFIX_PATH}:/opt/ros/humble /usr/bin/cmake --build /home/ryanl/4231/MTRN4231_Project/build/end_effector_description -- -j16 -l16
[0.133s] Invoking command in '/home/ryanl/4231/MTRN4231_Project/build/end_effector_description': CMAKE_PREFIX_PATH=${CMAKE_PREFIX_PATH}:/opt/ros/humble /usr/bin/cmake --install /home/ryanl/4231/MTRN4231_Project/build/end_effector_description
[0.152s] -- Install configuration: ""
[0.153s] -- Execute custom install script
[0.154s] -- Up-to-date symlink: /home/ryanl/4231/MTRN4231_Project/install/end_effector_description/share/end_effector_description/launch/display.launch.py
[0.155s] -- Up-to-date symlink: /home/ryanl/4231/MTRN4231_Project/install/end_effector_description/share/end_effector_description/launch/display_ee.launch.py
[0.155s] -- Up-to-date symlink: /home/ryanl/4231/MTRN4231_Project/install/end_effector_description/share/end_effector_description/rviz/default.rviz
[0.156s] -- Up-to-date symlink: /home/ryanl/4231/MTRN4231_Project/install/end_effector_description/share/end_effector_description/rviz/ee.rviz
[0.156s] -- Up-to-date symlink: /home/ryanl/4231/MTRN4231_Project/install/end_effector_description/share/end_effector_description/rviz/end_effector_only.rviz
[0.156s] -- Up-to-date symlink: /home/ryanl/4231/MTRN4231_Project/install/end_effector_description/share/end_effector_description/rviz/end_effector_withModel.rviz
[0.157s] -- Up-to-date symlink: /home/ryanl/4231/MTRN4231_Project/install/end_effector_description/share/end_effector_description/urdf/end_effector.urdf.xacro
[0.157s] -- Up-to-date symlink: /home/ryanl/4231/MTRN4231_Project/install/end_effector_description/share/end_effector_description/urdf/end_effector.xacro
[0.158s] -- Up-to-date symlink: /home/ryanl/4231/MTRN4231_Project/install/end_effector_description/share/end_effector_description/urdf/end_effector_standalone.urdf.xacro
[0.159s] -- Up-to-date symlink: /home/ryanl/4231/MTRN4231_Project/install/end_effector_description/share/end_effector_description/urdf/end_effector_withDriverSupport.xacro
[0.160s] -- Up-to-date symlink: /home/ryanl/4231/MTRN4231_Project/install/end_effector_description/share/end_effector_description/meshes/claw_assembly.stl
[0.160s] -- Up-to-date symlink: /home/ryanl/4231/MTRN4231_Project/install/end_effector_description/share/ament_index/resource_index/package_run_dependencies/end_effector_description
[0.161s] -- Up-to-date symlink: /home/ryanl/4231/MTRN4231_Project/install/end_effector_description/share/ament_index/resource_index/parent_prefix_path/end_effector_description
[0.163s] -- Up-to-date symlink: /home/ryanl/4231/MTRN4231_Project/install/end_effector_description/share/end_effector_description/environment/ament_prefix_path.sh
[0.163s] -- Up-to-date symlink: /home/ryanl/4231/MTRN4231_Project/install/end_effector_description/share/end_effector_description/environment/ament_prefix_path.dsv
[0.164s] -- Up-to-date symlink: /home/ryanl/4231/MTRN4231_Project/install/end_effector_description/share/end_effector_description/environment/path.sh
[0.164s] -- Up-to-date symlink: /home/ryanl/4231/MTRN4231_Project/install/end_effector_description/share/end_effector_description/environment/path.dsv
[0.165s] -- Up-to-date symlink: /home/ryanl/4231/MTRN4231_Project/install/end_effector_description/share/end_effector_description/local_setup.bash
[0.165s] -- Up-to-date symlink: /home/ryanl/4231/MTRN4231_Project/install/end_effector_description/share/end_effector_description/local_setup.sh
[0.166s] -- Up-to-date symlink: /home/ryanl/4231/MTRN4231_Project/install/end_effector_description/share/end_effector_description/local_setup.zsh
[0.167s] -- Up-to-date symlink: /home/ryanl/4231/MTRN4231_Project/install/end_effector_description/share/end_effector_description/local_setup.dsv
[0.167s] -- Symlinking: /home/ryanl/4231/MTRN4231_Project/install/end_effector_description/share/end_effector_description/package.dsv
[0.192s] -- Up-to-date symlink: /home/ryanl/4231/MTRN4231_Project/install/end_effector_description/share/ament_index/resource_index/packages/end_effector_description
[0.193s] -- Up-to-date symlink: /home/ryanl/4231/MTRN4231_Project/install/end_effector_description/share/end_effector_description/cmake/end_effector_descriptionConfig.cmake
[0.193s] -- Up-to-date symlink: /home/ryanl/4231/MTRN4231_Project/install/end_effector_description/share/end_effector_description/cmake/end_effector_descriptionConfig-version.cmake
[0.193s] -- Up-to-date symlink: /home/ryanl/4231/MTRN4231_Project/install/end_effector_description/share/end_effector_description/package.xml
[0.201s] Invoked command in '/home/ryanl/4231/MTRN4231_Project/build/end_effector_description' returned '0': CMAKE_PREFIX_PATH=${CMAKE_PREFIX_PATH}:/opt/ros/humble /usr/bin/cmake --install /home/ryanl/4231/MTRN4231_Project/build/end_effector_description
