[0.028s] Invoking command in '/home/ryanl/4231/MTRN4231_Project/build/chess_arm_executor': CMAKE_PREFIX_PATH=${CMAKE_PREFIX_PATH}:/opt/ros/humble /usr/bin/cmake /home/ryanl/4231/MTRN4231_Project/src/chess_arm_executor -DAMENT_CMAKE_SYMLINK_INSTALL=1 -DCMAKE_INSTALL_PREFIX=/home/ryanl/4231/MTRN4231_Project/install/chess_arm_executor
[0.552s] -- The C compiler identification is GNU 11.4.0
[1.728s] -- The CXX compiler identification is GNU 11.4.0
[2.404s] -- Detecting C compiler ABI info
[2.714s] -- Detecting C compiler ABI info - done
[2.725s] -- Check for working C compiler: /usr/bin/cc - skipped
[2.726s] -- Detecting C compile features
[2.727s] -- Detecting C compile features - done
[2.735s] -- Detecting CXX compiler ABI info
[3.075s] -- Detecting CXX compiler ABI info - done
[3.086s] -- Check for working CXX compiler: /usr/bin/c++ - skipped
[3.086s] -- Detecting CXX compile features
[3.087s] -- Detecting CXX compile features - done
[3.188s] -- Found ament_cmake: 1.3.12 (/opt/ros/humble/share/ament_cmake/cmake)
[3.474s] -- Found Python3: /usr/bin/python3 (found version "3.10.12") found components: Interpreter 
[3.599s] -- Override CMake install command with custom implementation using symlinks instead of copying resources
[3.705s] -- Found rclcpp: 16.0.14 (/opt/ros/humble/share/rclcpp/cmake)
[4.213s] -- Found rosidl_generator_c: 3.1.7 (/opt/ros/humble/share/rosidl_generator_c/cmake)
[4.233s] -- Found rosidl_adapter: 3.1.7 (/opt/ros/humble/share/rosidl_adapter/cmake)
[4.262s] -- Found rosidl_generator_cpp: 3.1.7 (/opt/ros/humble/share/rosidl_generator_cpp/cmake)
[4.301s] -- Using all available rosidl_typesupport_c: rosidl_typesupport_fastrtps_c;rosidl_typesupport_introspection_c
[4.348s] -- Using all available rosidl_typesupport_cpp: rosidl_typesupport_fastrtps_cpp;rosidl_typesupport_introspection_cpp
[4.476s] -- Found rmw_implementation_cmake: 6.1.2 (/opt/ros/humble/share/rmw_implementation_cmake/cmake)
[4.485s] -- Found rmw_fastrtps_cpp: 6.2.8 (/opt/ros/humble/share/rmw_fastrtps_cpp/cmake)
[7.320s] -- Found OpenSSL: /usr/lib/x86_64-linux-gnu/libcrypto.so (found version "3.0.2")  
[10.425s] -- Found FastRTPS: /opt/ros/humble/include  
[16.139s] -- Using RMW implementation 'rmw_fastrtps_cpp' as default
[16.235s] -- Looking for pthread.h
[16.566s] -- Looking for pthread.h - found
[16.567s] -- Performing Test CMAKE_HAVE_LIBC_PTHREAD
[16.901s] -- Performing Test CMAKE_HAVE_LIBC_PTHREAD - Success
[16.903s] -- Found Threads: TRUE  
[17.030s] -- Found rclcpp_action: 16.0.15 (/opt/ros/humble/share/rclcpp_action/cmake)
[17.125s] -- Found moveit_ros_planning_interface: 2.5.9 (/opt/ros/humble/share/moveit_ros_planning_interface/cmake)
[17.187s] -- Found Boost: /usr/lib/x86_64-linux-gnu/cmake/Boost-1.74.0/BoostConfig.cmake (found version "1.74.0") found components: date_time filesystem program_options system thread 
[17.554s] -- Found Boost: /usr/lib/x86_64-linux-gnu/cmake/Boost-1.74.0/BoostConfig.cmake (found version "1.74.0") found components: chrono date_time filesystem iostreams program_options regex serialization system thread 
[20.362s] -- Found parameter_traits: 0.5.0 (/opt/ros/humble/share/parameter_traits/cmake)
[20.400s] -- Found rclcpp_lifecycle: 16.0.14 (/opt/ros/humble/share/rclcpp_lifecycle/cmake)
[20.467s] -- Found Boost: /usr/lib/x86_64-linux-gnu/cmake/Boost-1.74.0/BoostConfig.cmake (found version "1.74.0") found components: filesystem 
[23.467s] -- library: /usr/lib/x86_64-linux-gnu/libcurl.so
[23.633s] -- Found Eigen3: TRUE (found version "3.4.0") 
[23.633s] -- Ensuring Eigen3 include directory is part of orocos-kdl CMake target
[26.701s] -- Found Boost: /usr/lib/x86_64-linux-gnu/cmake/Boost-1.74.0/BoostConfig.cmake (found version "1.74.0") found components: system filesystem date_time program_options thread chrono 
[26.759s] -- Found Boost: /usr/lib/x86_64-linux-gnu/cmake/Boost-1.74.0/BoostConfig.cmake (found version "1.74.0") found components: thread system filesystem regex date_time program_options 
[26.812s] -- Found Boost: /usr/lib/x86_64-linux-gnu/cmake/Boost-1.74.0/BoostConfig.cmake (found version "1.74.0") found components: system filesystem date_time program_options thread 
[26.892s] -- Found rosidl_default_generators: 1.2.0 (/opt/ros/humble/share/rosidl_default_generators/cmake)
[27.541s] -- Found ament_cmake_ros: 0.10.0 (/opt/ros/humble/share/ament_cmake_ros/cmake)
[28.111s] -- Using all available rosidl_typesupport_c: rosidl_typesupport_fastrtps_c;rosidl_typesupport_introspection_c
[28.343s] -- Using all available rosidl_typesupport_cpp: rosidl_typesupport_fastrtps_cpp;rosidl_typesupport_introspection_cpp
[28.709s] -- Found PythonInterp: /usr/bin/python3 (found suitable version "3.10.12", minimum required is "3.6") 
[28.779s] -- Found python_cmake_module: 0.10.0 (/opt/ros/humble/share/python_cmake_module/cmake)
[29.610s] -- Found PythonLibs: /usr/lib/x86_64-linux-gnu/libpython3.10.so (found suitable version "3.10.12", minimum required is "3.5") 
[29.610s] -- Using PYTHON_EXECUTABLE: /usr/bin/python3
[29.610s] -- Using PYTHON_INCLUDE_DIRS: /usr/include/python3.10
[29.610s] -- Using PYTHON_LIBRARIES: /usr/lib/x86_64-linux-gnu/libpython3.10.so
[29.649s] -- Found PythonExtra: .so  
[29.839s] -- Configuring done
[30.042s] -- Generating done
[30.077s] -- Build files have been written to: /home/ryanl/4231/MTRN4231_Project/build/chess_arm_executor
[30.113s] Invoked command in '/home/ryanl/4231/MTRN4231_Project/build/chess_arm_executor' returned '0': CMAKE_PREFIX_PATH=${CMAKE_PREFIX_PATH}:/opt/ros/humble /usr/bin/cmake /home/ryanl/4231/MTRN4231_Project/src/chess_arm_executor -DAMENT_CMAKE_SYMLINK_INSTALL=1 -DCMAKE_INSTALL_PREFIX=/home/ryanl/4231/MTRN4231_Project/install/chess_arm_executor
[30.116s] Invoking command in '/home/ryanl/4231/MTRN4231_Project/build/chess_arm_executor': CMAKE_PREFIX_PATH=${CMAKE_PREFIX_PATH}:/opt/ros/humble /usr/bin/cmake --build /home/ryanl/4231/MTRN4231_Project/build/chess_arm_executor -- -j16 -l16
[30.212s] [  3%] [34m[1mGenerating C code for ROS interfaces[0m
[30.236s] [  6%] [34m[1mGenerating C++ code for ROS interfaces[0m
[30.254s] [  6%] Built target ament_cmake_python_symlink_chess_arm_executor
[30.764s] running egg_info
[30.765s] creating chess_arm_executor.egg-info
[30.766s] writing chess_arm_executor.egg-info/PKG-INFO
[30.766s] writing dependency_links to chess_arm_executor.egg-info/dependency_links.txt
[30.766s] writing top-level names to chess_arm_executor.egg-info/top_level.txt
[30.767s] writing manifest file 'chess_arm_executor.egg-info/SOURCES.txt'
[30.773s] reading manifest file 'chess_arm_executor.egg-info/SOURCES.txt'
[30.774s] writing manifest file 'chess_arm_executor.egg-info/SOURCES.txt'
[30.822s] [  6%] Built target ament_cmake_python_build_chess_arm_executor_egg
[31.021s] [  6%] Built target chess_arm_executor__cpp
[31.043s] [ 12%] [32mBuilding C object CMakeFiles/chess_arm_executor__rosidl_generator_c.dir/rosidl_generator_c/chess_arm_executor/action/detail/execute_move__functions.c.o[0m
[31.043s] [ 12%] [34m[1mGenerating C++ type support dispatch for ROS interfaces[0m
[31.044s] [ 15%] [34m[1mGenerating C++ type support for eProsima Fast-RTPS[0m
[31.045s] [ 18%] [34m[1mGenerating C++ introspection for ROS interfaces[0m
[31.307s] [ 21%] [32m[1mLinking C shared library libchess_arm_executor__rosidl_generator_c.so[0m
[31.566s] [ 21%] Built target chess_arm_executor__rosidl_generator_c
[31.590s] [ 24%] [34m[1mGenerating C type support for eProsima Fast-RTPS[0m
[31.590s] [ 27%] [34m[1mGenerating C type support dispatch for ROS interfaces[0m
[31.590s] [ 30%] [34m[1mGenerating C introspection for ROS interfaces[0m
[31.665s] [ 33%] [32mBuilding CXX object CMakeFiles/chess_arm_executor__rosidl_typesupport_cpp.dir/rosidl_typesupport_cpp/chess_arm_executor/action/execute_move__type_support.cpp.o[0m
[31.787s] [ 36%] [32mBuilding CXX object CMakeFiles/chess_arm_executor__rosidl_typesupport_introspection_cpp.dir/rosidl_typesupport_introspection_cpp/chess_arm_executor/action/detail/execute_move__type_support.cpp.o[0m
[31.855s] [ 39%] [32mBuilding CXX object CMakeFiles/chess_arm_executor__rosidl_typesupport_fastrtps_cpp.dir/rosidl_typesupport_fastrtps_cpp/chess_arm_executor/action/detail/dds_fastrtps/execute_move__type_support.cpp.o[0m
[32.212s] [ 42%] [32mBuilding CXX object CMakeFiles/chess_arm_executor__rosidl_typesupport_c.dir/rosidl_typesupport_c/chess_arm_executor/action/execute_move__type_support.cpp.o[0m
[32.334s] [ 45%] [32m[1mLinking CXX shared library libchess_arm_executor__rosidl_typesupport_c.so[0m
[32.334s] [ 48%] [32mBuilding CXX object CMakeFiles/chess_arm_executor__rosidl_typesupport_fastrtps_c.dir/rosidl_typesupport_fastrtps_c/chess_arm_executor/action/detail/execute_move__type_support_c.cpp.o[0m
[32.351s] [ 51%] [32mBuilding C object CMakeFiles/chess_arm_executor__rosidl_typesupport_introspection_c.dir/rosidl_typesupport_introspection_c/chess_arm_executor/action/detail/execute_move__type_support.c.o[0m
[32.467s] [ 54%] [32m[1mLinking C shared library libchess_arm_executor__rosidl_typesupport_introspection_c.so[0m
[32.638s] [ 54%] Built target chess_arm_executor__rosidl_typesupport_c
[32.690s] [ 57%] [32m[1mLinking CXX shared library libchess_arm_executor__rosidl_typesupport_cpp.so[0m
[32.732s] [ 57%] Built target chess_arm_executor__rosidl_typesupport_introspection_c
[32.958s] [ 57%] Built target chess_arm_executor__rosidl_typesupport_cpp
[33.003s] [ 60%] [32m[1mLinking CXX shared library libchess_arm_executor__rosidl_typesupport_introspection_cpp.so[0m
[33.016s] [ 63%] [32mBuilding CXX object CMakeFiles/arm_controller_node.dir/src/arm_controller_node.cpp.o[0m
[33.018s] [ 66%] [32m[1mLinking CXX shared library libchess_arm_executor__rosidl_typesupport_fastrtps_cpp.so[0m
[33.070s] [ 69%] [32m[1mLinking CXX shared library libchess_arm_executor__rosidl_typesupport_fastrtps_c.so[0m
[33.389s] [ 69%] Built target chess_arm_executor__rosidl_typesupport_introspection_cpp
[33.400s] [ 69%] Built target chess_arm_executor__rosidl_typesupport_fastrtps_cpp
[33.449s] [ 69%] Built target chess_arm_executor__rosidl_typesupport_fastrtps_c
[33.494s] [ 69%] Built target chess_arm_executor
[33.537s] [ 72%] [34m[1mGenerating Python code for ROS interfaces[0m
[34.744s] [ 72%] Built target chess_arm_executor__py
[34.790s] [ 75%] [32mBuilding C object CMakeFiles/chess_arm_executor__rosidl_generator_py.dir/rosidl_generator_py/chess_arm_executor/action/_execute_move_s.c.o[0m
[35.086s] [ 78%] [32m[1mLinking C shared library rosidl_generator_py/chess_arm_executor/libchess_arm_executor__rosidl_generator_py.so[0m
[35.347s] [ 78%] Built target chess_arm_executor__rosidl_generator_py
[35.397s] [ 87%] [32mBuilding C object CMakeFiles/chess_arm_executor__rosidl_typesupport_introspection_c__pyext.dir/rosidl_generator_py/chess_arm_executor/_chess_arm_executor_s.ep.rosidl_typesupport_introspection_c.c.o[0m
[35.398s] [ 87%] [32mBuilding C object CMakeFiles/chess_arm_executor__rosidl_typesupport_c__pyext.dir/rosidl_generator_py/chess_arm_executor/_chess_arm_executor_s.ep.rosidl_typesupport_c.c.o[0m
[35.398s] [ 87%] [32mBuilding C object CMakeFiles/chess_arm_executor__rosidl_typesupport_fastrtps_c__pyext.dir/rosidl_generator_py/chess_arm_executor/_chess_arm_executor_s.ep.rosidl_typesupport_fastrtps_c.c.o[0m
[35.699s] [ 93%] [32m[1mLinking C shared library rosidl_generator_py/chess_arm_executor/chess_arm_executor_s__rosidl_typesupport_fastrtps_c.cpython-310-x86_64-linux-gnu.so[0m
[35.699s] [ 93%] [32m[1mLinking C shared library rosidl_generator_py/chess_arm_executor/chess_arm_executor_s__rosidl_typesupport_introspection_c.cpython-310-x86_64-linux-gnu.so[0m
[35.700s] [ 96%] [32m[1mLinking C shared library rosidl_generator_py/chess_arm_executor/chess_arm_executor_s__rosidl_typesupport_c.cpython-310-x86_64-linux-gnu.so[0m
[35.917s] [ 96%] Built target chess_arm_executor__rosidl_typesupport_fastrtps_c__pyext
[35.917s] [ 96%] Built target chess_arm_executor__rosidl_typesupport_introspection_c__pyext
[35.918s] [ 96%] Built target chess_arm_executor__rosidl_typesupport_c__pyext
[49.691s] [100%] [32m[1mLinking CXX executable arm_controller_node[0m
[50.959s] [100%] Built target arm_controller_node
[51.025s] Invoked command in '/home/ryanl/4231/MTRN4231_Project/build/chess_arm_executor' returned '0': CMAKE_PREFIX_PATH=${CMAKE_PREFIX_PATH}:/opt/ros/humble /usr/bin/cmake --build /home/ryanl/4231/MTRN4231_Project/build/chess_arm_executor -- -j16 -l16
[51.050s] Invoking command in '/home/ryanl/4231/MTRN4231_Project/build/chess_arm_executor': CMAKE_PREFIX_PATH=${CMAKE_PREFIX_PATH}:/opt/ros/humble /usr/bin/cmake --install /home/ryanl/4231/MTRN4231_Project/build/chess_arm_executor
[51.067s] -- Install configuration: ""
[51.069s] -- Execute custom install script
[51.073s] -- Symlinking: /home/ryanl/4231/MTRN4231_Project/install/chess_arm_executor/share/ament_index/resource_index/rosidl_interfaces/chess_arm_executor
[51.099s] -- Symlinking: /home/ryanl/4231/MTRN4231_Project/install/chess_arm_executor/include/chess_arm_executor/chess_arm_executor/action/detail/execute_move__functions.h
[51.117s] -- Symlinking: /home/ryanl/4231/MTRN4231_Project/install/chess_arm_executor/include/chess_arm_executor/chess_arm_executor/action/detail/execute_move__struct.h
[51.136s] -- Symlinking: /home/ryanl/4231/MTRN4231_Project/install/chess_arm_executor/include/chess_arm_executor/chess_arm_executor/action/detail/execute_move__type_support.h
[51.156s] -- Symlinking: /home/ryanl/4231/MTRN4231_Project/install/chess_arm_executor/include/chess_arm_executor/chess_arm_executor/action/execute_move.h
[51.176s] -- Symlinking: /home/ryanl/4231/MTRN4231_Project/install/chess_arm_executor/include/chess_arm_executor/chess_arm_executor/msg/rosidl_generator_c__visibility_control.h
[51.195s] -- Symlinking: /home/ryanl/4231/MTRN4231_Project/install/chess_arm_executor/share/chess_arm_executor/environment/library_path.sh
[51.213s] -- Symlinking: /home/ryanl/4231/MTRN4231_Project/install/chess_arm_executor/share/chess_arm_executor/environment/library_path.dsv
[51.233s] -- Symlinking: /home/ryanl/4231/MTRN4231_Project/install/chess_arm_executor/include/chess_arm_executor/chess_arm_executor/action/detail/execute_move__rosidl_typesupport_fastrtps_c.h
[51.252s] -- Symlinking: /home/ryanl/4231/MTRN4231_Project/install/chess_arm_executor/include/chess_arm_executor/chess_arm_executor/msg/rosidl_typesupport_fastrtps_c__visibility_control.h
[51.270s] -- Symlinking: /home/ryanl/4231/MTRN4231_Project/install/chess_arm_executor/include/chess_arm_executor/chess_arm_executor/action/detail/execute_move__builder.hpp
[51.287s] -- Symlinking: /home/ryanl/4231/MTRN4231_Project/install/chess_arm_executor/include/chess_arm_executor/chess_arm_executor/action/detail/execute_move__struct.hpp
[51.305s] -- Symlinking: /home/ryanl/4231/MTRN4231_Project/install/chess_arm_executor/include/chess_arm_executor/chess_arm_executor/action/detail/execute_move__traits.hpp
[51.324s] -- Symlinking: /home/ryanl/4231/MTRN4231_Project/install/chess_arm_executor/include/chess_arm_executor/chess_arm_executor/action/detail/execute_move__type_support.hpp
[51.342s] -- Symlinking: /home/ryanl/4231/MTRN4231_Project/install/chess_arm_executor/include/chess_arm_executor/chess_arm_executor/action/execute_move.hpp
[51.361s] -- Symlinking: /home/ryanl/4231/MTRN4231_Project/install/chess_arm_executor/include/chess_arm_executor/chess_arm_executor/msg/rosidl_generator_cpp__visibility_control.hpp
[51.382s] -- Symlinking: /home/ryanl/4231/MTRN4231_Project/install/chess_arm_executor/include/chess_arm_executor/chess_arm_executor/action/detail/execute_move__rosidl_typesupport_fastrtps_cpp.hpp
[51.403s] -- Symlinking: /home/ryanl/4231/MTRN4231_Project/install/chess_arm_executor/include/chess_arm_executor/chess_arm_executor/msg/rosidl_typesupport_fastrtps_cpp__visibility_control.h
[51.423s] -- Symlinking: /home/ryanl/4231/MTRN4231_Project/install/chess_arm_executor/include/chess_arm_executor/chess_arm_executor/action/detail/execute_move__rosidl_typesupport_introspection_c.h
[51.444s] -- Symlinking: /home/ryanl/4231/MTRN4231_Project/install/chess_arm_executor/include/chess_arm_executor/chess_arm_executor/msg/rosidl_typesupport_introspection_c__visibility_control.h
[51.468s] -- Symlinking: /home/ryanl/4231/MTRN4231_Project/install/chess_arm_executor/include/chess_arm_executor/chess_arm_executor/action/detail/execute_move__rosidl_typesupport_introspection_cpp.hpp
[51.489s] -- Symlinking: /home/ryanl/4231/MTRN4231_Project/install/chess_arm_executor/share/chess_arm_executor/environment/pythonpath.sh
[51.512s] -- Symlinking: /home/ryanl/4231/MTRN4231_Project/install/chess_arm_executor/share/chess_arm_executor/environment/pythonpath.dsv
[51.536s] -- Symlinking: /home/ryanl/4231/MTRN4231_Project/install/chess_arm_executor/local/lib/python3.10/dist-packages/chess_arm_executor-0.0.2-py3.10.egg-info/PKG-INFO
[51.555s] -- Symlinking: /home/ryanl/4231/MTRN4231_Project/install/chess_arm_executor/local/lib/python3.10/dist-packages/chess_arm_executor-0.0.2-py3.10.egg-info/SOURCES.txt
[51.573s] -- Symlinking: /home/ryanl/4231/MTRN4231_Project/install/chess_arm_executor/local/lib/python3.10/dist-packages/chess_arm_executor-0.0.2-py3.10.egg-info/dependency_links.txt
[51.591s] -- Symlinking: /home/ryanl/4231/MTRN4231_Project/install/chess_arm_executor/local/lib/python3.10/dist-packages/chess_arm_executor-0.0.2-py3.10.egg-info/top_level.txt
[51.612s] -- Symlinking: /home/ryanl/4231/MTRN4231_Project/install/chess_arm_executor/local/lib/python3.10/dist-packages/chess_arm_executor/__init__.py
[51.632s] -- Symlinking: /home/ryanl/4231/MTRN4231_Project/install/chess_arm_executor/local/lib/python3.10/dist-packages/chess_arm_executor/_chess_arm_executor_s.ep.rosidl_typesupport_c.c
[51.651s] -- Symlinking: /home/ryanl/4231/MTRN4231_Project/install/chess_arm_executor/local/lib/python3.10/dist-packages/chess_arm_executor/_chess_arm_executor_s.ep.rosidl_typesupport_fastrtps_c.c
[51.671s] -- Symlinking: /home/ryanl/4231/MTRN4231_Project/install/chess_arm_executor/local/lib/python3.10/dist-packages/chess_arm_executor/_chess_arm_executor_s.ep.rosidl_typesupport_introspection_c.c
[51.690s] -- Symlinking: /home/ryanl/4231/MTRN4231_Project/install/chess_arm_executor/local/lib/python3.10/dist-packages/chess_arm_executor/action/__init__.py
[51.709s] -- Symlinking: /home/ryanl/4231/MTRN4231_Project/install/chess_arm_executor/local/lib/python3.10/dist-packages/chess_arm_executor/action/_execute_move.py
[51.731s] -- Symlinking: /home/ryanl/4231/MTRN4231_Project/install/chess_arm_executor/local/lib/python3.10/dist-packages/chess_arm_executor/action/_execute_move_s.c
[51.754s] -- Symlinking: /home/ryanl/4231/MTRN4231_Project/install/chess_arm_executor/local/lib/python3.10/dist-packages/chess_arm_executor/chess_arm_executor_s__rosidl_typesupport_c.cpython-310-x86_64-linux-gnu.so
[51.774s] -- Symlinking: /home/ryanl/4231/MTRN4231_Project/install/chess_arm_executor/local/lib/python3.10/dist-packages/chess_arm_executor/chess_arm_executor_s__rosidl_typesupport_fastrtps_c.cpython-310-x86_64-linux-gnu.so
[51.794s] -- Symlinking: /home/ryanl/4231/MTRN4231_Project/install/chess_arm_executor/local/lib/python3.10/dist-packages/chess_arm_executor/chess_arm_executor_s__rosidl_typesupport_introspection_c.cpython-310-x86_64-linux-gnu.so
[51.814s] -- Symlinking: /home/ryanl/4231/MTRN4231_Project/install/chess_arm_executor/local/lib/python3.10/dist-packages/chess_arm_executor/libchess_arm_executor__rosidl_generator_py.so
[51.837s] -- Up-to-date symlink: /home/ryanl/4231/MTRN4231_Project/install/chess_arm_executor/local/lib/python3.10/dist-packages/chess_arm_executor/chess_arm_executor_s__rosidl_typesupport_fastrtps_c.cpython-310-x86_64-linux-gnu.so
[51.838s] -- Up-to-date symlink: /home/ryanl/4231/MTRN4231_Project/install/chess_arm_executor/local/lib/python3.10/dist-packages/chess_arm_executor/chess_arm_executor_s__rosidl_typesupport_introspection_c.cpython-310-x86_64-linux-gnu.so
[51.838s] -- Up-to-date symlink: /home/ryanl/4231/MTRN4231_Project/install/chess_arm_executor/local/lib/python3.10/dist-packages/chess_arm_executor/chess_arm_executor_s__rosidl_typesupport_c.cpython-310-x86_64-linux-gnu.so
[51.839s] -- Symlinking: /home/ryanl/4231/MTRN4231_Project/install/chess_arm_executor/share/chess_arm_executor/action/ExecuteMove.idl
[51.858s] -- Symlinking: /home/ryanl/4231/MTRN4231_Project/install/chess_arm_executor/share/chess_arm_executor/action/ExecuteMove.action
[51.881s] -- Symlinking: /home/ryanl/4231/MTRN4231_Project/install/chess_arm_executor/lib/chess_arm_executor/arm_controller_node
[51.902s] -- Symlinking: /home/ryanl/4231/MTRN4231_Project/install/chess_arm_executor/share/chess_arm_executor/launch/chess_arm_executor.launch.py
[51.922s] -- Symlinking: /home/ryanl/4231/MTRN4231_Project/install/chess_arm_executor/share/chess_arm_executor/config/chess_arm_executor.yaml
[51.943s] -- Symlinking: /home/ryanl/4231/MTRN4231_Project/install/chess_arm_executor/share/chess_arm_executor/config/params.yaml
[51.964s] -- Up-to-date symlink: /home/ryanl/4231/MTRN4231_Project/install/chess_arm_executor/share/chess_arm_executor/action/ExecuteMove.action
[51.964s] -- Up-to-date symlink: /home/ryanl/4231/MTRN4231_Project/install/chess_arm_executor/share/chess_arm_executor/launch/chess_arm_executor.launch.py
[51.965s] -- Up-to-date symlink: /home/ryanl/4231/MTRN4231_Project/install/chess_arm_executor/share/chess_arm_executor/config/chess_arm_executor.yaml
[51.965s] -- Up-to-date symlink: /home/ryanl/4231/MTRN4231_Project/install/chess_arm_executor/share/chess_arm_executor/config/params.yaml
[51.968s] -- Symlinking: /home/ryanl/4231/MTRN4231_Project/install/chess_arm_executor/share/ament_index/resource_index/package_run_dependencies/chess_arm_executor
[51.994s] -- Symlinking: /home/ryanl/4231/MTRN4231_Project/install/chess_arm_executor/share/ament_index/resource_index/parent_prefix_path/chess_arm_executor
[52.018s] -- Symlinking: /home/ryanl/4231/MTRN4231_Project/install/chess_arm_executor/share/chess_arm_executor/environment/ament_prefix_path.sh
[52.038s] -- Symlinking: /home/ryanl/4231/MTRN4231_Project/install/chess_arm_executor/share/chess_arm_executor/environment/ament_prefix_path.dsv
[52.057s] -- Symlinking: /home/ryanl/4231/MTRN4231_Project/install/chess_arm_executor/share/chess_arm_executor/environment/path.sh
[52.077s] -- Symlinking: /home/ryanl/4231/MTRN4231_Project/install/chess_arm_executor/share/chess_arm_executor/environment/path.dsv
[52.097s] -- Symlinking: /home/ryanl/4231/MTRN4231_Project/install/chess_arm_executor/share/chess_arm_executor/local_setup.bash
[52.117s] -- Symlinking: /home/ryanl/4231/MTRN4231_Project/install/chess_arm_executor/share/chess_arm_executor/local_setup.sh
[52.137s] -- Symlinking: /home/ryanl/4231/MTRN4231_Project/install/chess_arm_executor/share/chess_arm_executor/local_setup.zsh
[52.161s] -- Symlinking: /home/ryanl/4231/MTRN4231_Project/install/chess_arm_executor/share/chess_arm_executor/local_setup.dsv
[52.183s] -- Symlinking: /home/ryanl/4231/MTRN4231_Project/install/chess_arm_executor/share/chess_arm_executor/package.dsv
[52.204s] -- Symlinking: /home/ryanl/4231/MTRN4231_Project/install/chess_arm_executor/share/ament_index/resource_index/packages/chess_arm_executor
[52.225s] -- Symlinking: /home/ryanl/4231/MTRN4231_Project/install/chess_arm_executor/share/chess_arm_executor/cmake/rosidl_cmake-extras.cmake
[52.244s] -- Symlinking: /home/ryanl/4231/MTRN4231_Project/install/chess_arm_executor/share/chess_arm_executor/cmake/ament_cmake_export_dependencies-extras.cmake
[52.268s] -- Symlinking: /home/ryanl/4231/MTRN4231_Project/install/chess_arm_executor/share/chess_arm_executor/cmake/ament_cmake_export_include_directories-extras.cmake
[52.288s] -- Symlinking: /home/ryanl/4231/MTRN4231_Project/install/chess_arm_executor/share/chess_arm_executor/cmake/ament_cmake_export_libraries-extras.cmake
[52.307s] -- Symlinking: /home/ryanl/4231/MTRN4231_Project/install/chess_arm_executor/share/chess_arm_executor/cmake/ament_cmake_export_targets-extras.cmake
[52.328s] -- Symlinking: /home/ryanl/4231/MTRN4231_Project/install/chess_arm_executor/share/chess_arm_executor/cmake/rosidl_cmake_export_typesupport_targets-extras.cmake
[52.347s] -- Symlinking: /home/ryanl/4231/MTRN4231_Project/install/chess_arm_executor/share/chess_arm_executor/cmake/rosidl_cmake_export_typesupport_libraries-extras.cmake
[52.367s] -- Symlinking: /home/ryanl/4231/MTRN4231_Project/install/chess_arm_executor/share/chess_arm_executor/cmake/chess_arm_executorConfig.cmake
[52.386s] -- Symlinking: /home/ryanl/4231/MTRN4231_Project/install/chess_arm_executor/share/chess_arm_executor/cmake/chess_arm_executorConfig-version.cmake
[52.405s] -- Symlinking: /home/ryanl/4231/MTRN4231_Project/install/chess_arm_executor/share/chess_arm_executor/package.xml
[52.424s] -- Installing: /home/ryanl/4231/MTRN4231_Project/install/chess_arm_executor/lib/libchess_arm_executor__rosidl_generator_c.so
[52.425s] -- Set runtime path of "/home/ryanl/4231/MTRN4231_Project/install/chess_arm_executor/lib/libchess_arm_executor__rosidl_generator_c.so" to ""
[52.425s] -- Installing: /home/ryanl/4231/MTRN4231_Project/install/chess_arm_executor/lib/libchess_arm_executor__rosidl_typesupport_fastrtps_c.so
[52.426s] -- Set runtime path of "/home/ryanl/4231/MTRN4231_Project/install/chess_arm_executor/lib/libchess_arm_executor__rosidl_typesupport_fastrtps_c.so" to ""
[52.427s] -- Installing: /home/ryanl/4231/MTRN4231_Project/install/chess_arm_executor/lib/libchess_arm_executor__rosidl_typesupport_fastrtps_cpp.so
[52.427s] -- Set runtime path of "/home/ryanl/4231/MTRN4231_Project/install/chess_arm_executor/lib/libchess_arm_executor__rosidl_typesupport_fastrtps_cpp.so" to ""
[52.428s] -- Installing: /home/ryanl/4231/MTRN4231_Project/install/chess_arm_executor/lib/libchess_arm_executor__rosidl_typesupport_introspection_c.so
[52.429s] -- Set runtime path of "/home/ryanl/4231/MTRN4231_Project/install/chess_arm_executor/lib/libchess_arm_executor__rosidl_typesupport_introspection_c.so" to ""
[52.429s] -- Installing: /home/ryanl/4231/MTRN4231_Project/install/chess_arm_executor/lib/libchess_arm_executor__rosidl_typesupport_c.so
[52.430s] -- Set runtime path of "/home/ryanl/4231/MTRN4231_Project/install/chess_arm_executor/lib/libchess_arm_executor__rosidl_typesupport_c.so" to ""
[52.430s] -- Installing: /home/ryanl/4231/MTRN4231_Project/install/chess_arm_executor/lib/libchess_arm_executor__rosidl_typesupport_introspection_cpp.so
[52.431s] -- Set runtime path of "/home/ryanl/4231/MTRN4231_Project/install/chess_arm_executor/lib/libchess_arm_executor__rosidl_typesupport_introspection_cpp.so" to ""
[52.431s] -- Installing: /home/ryanl/4231/MTRN4231_Project/install/chess_arm_executor/lib/libchess_arm_executor__rosidl_typesupport_cpp.so
[52.432s] -- Set runtime path of "/home/ryanl/4231/MTRN4231_Project/install/chess_arm_executor/lib/libchess_arm_executor__rosidl_typesupport_cpp.so" to ""
[52.574s] Listing '/home/ryanl/4231/MTRN4231_Project/install/chess_arm_executor/local/lib/python3.10/dist-packages/chess_arm_executor'...
[52.574s] Compiling '/home/ryanl/4231/MTRN4231_Project/install/chess_arm_executor/local/lib/python3.10/dist-packages/chess_arm_executor/__init__.py'...
[52.574s] Listing '/home/ryanl/4231/MTRN4231_Project/install/chess_arm_executor/local/lib/python3.10/dist-packages/chess_arm_executor/action'...
[52.574s] Compiling '/home/ryanl/4231/MTRN4231_Project/install/chess_arm_executor/local/lib/python3.10/dist-packages/chess_arm_executor/action/__init__.py'...
[52.574s] Compiling '/home/ryanl/4231/MTRN4231_Project/install/chess_arm_executor/local/lib/python3.10/dist-packages/chess_arm_executor/action/_execute_move.py'...
[52.582s] -- Installing: /home/ryanl/4231/MTRN4231_Project/install/chess_arm_executor/lib/libchess_arm_executor__rosidl_generator_py.so
[52.583s] -- Set runtime path of "/home/ryanl/4231/MTRN4231_Project/install/chess_arm_executor/lib/libchess_arm_executor__rosidl_generator_py.so" to ""
[52.584s] -- Installing: /home/ryanl/4231/MTRN4231_Project/install/chess_arm_executor/share/chess_arm_executor/cmake/export_chess_arm_executor__rosidl_generator_cExport.cmake
[52.584s] -- Installing: /home/ryanl/4231/MTRN4231_Project/install/chess_arm_executor/share/chess_arm_executor/cmake/export_chess_arm_executor__rosidl_generator_cExport-noconfig.cmake
[52.585s] -- Installing: /home/ryanl/4231/MTRN4231_Project/install/chess_arm_executor/share/chess_arm_executor/cmake/export_chess_arm_executor__rosidl_typesupport_fastrtps_cExport.cmake
[52.585s] -- Installing: /home/ryanl/4231/MTRN4231_Project/install/chess_arm_executor/share/chess_arm_executor/cmake/export_chess_arm_executor__rosidl_typesupport_fastrtps_cExport-noconfig.cmake
[52.585s] -- Installing: /home/ryanl/4231/MTRN4231_Project/install/chess_arm_executor/share/chess_arm_executor/cmake/export_chess_arm_executor__rosidl_generator_cppExport.cmake
[52.586s] -- Installing: /home/ryanl/4231/MTRN4231_Project/install/chess_arm_executor/share/chess_arm_executor/cmake/export_chess_arm_executor__rosidl_typesupport_fastrtps_cppExport.cmake
[52.586s] -- Installing: /home/ryanl/4231/MTRN4231_Project/install/chess_arm_executor/share/chess_arm_executor/cmake/export_chess_arm_executor__rosidl_typesupport_fastrtps_cppExport-noconfig.cmake
[52.587s] -- Installing: /home/ryanl/4231/MTRN4231_Project/install/chess_arm_executor/share/chess_arm_executor/cmake/chess_arm_executor__rosidl_typesupport_introspection_cExport.cmake
[52.587s] -- Installing: /home/ryanl/4231/MTRN4231_Project/install/chess_arm_executor/share/chess_arm_executor/cmake/chess_arm_executor__rosidl_typesupport_introspection_cExport-noconfig.cmake
[52.588s] -- Installing: /home/ryanl/4231/MTRN4231_Project/install/chess_arm_executor/share/chess_arm_executor/cmake/chess_arm_executor__rosidl_typesupport_cExport.cmake
[52.588s] -- Installing: /home/ryanl/4231/MTRN4231_Project/install/chess_arm_executor/share/chess_arm_executor/cmake/chess_arm_executor__rosidl_typesupport_cExport-noconfig.cmake
[52.588s] -- Installing: /home/ryanl/4231/MTRN4231_Project/install/chess_arm_executor/share/chess_arm_executor/cmake/chess_arm_executor__rosidl_typesupport_introspection_cppExport.cmake
[52.589s] -- Installing: /home/ryanl/4231/MTRN4231_Project/install/chess_arm_executor/share/chess_arm_executor/cmake/chess_arm_executor__rosidl_typesupport_introspection_cppExport-noconfig.cmake
[52.589s] -- Installing: /home/ryanl/4231/MTRN4231_Project/install/chess_arm_executor/share/chess_arm_executor/cmake/chess_arm_executor__rosidl_typesupport_cppExport.cmake
[52.590s] -- Installing: /home/ryanl/4231/MTRN4231_Project/install/chess_arm_executor/share/chess_arm_executor/cmake/chess_arm_executor__rosidl_typesupport_cppExport-noconfig.cmake
[52.590s] -- Installing: /home/ryanl/4231/MTRN4231_Project/install/chess_arm_executor/share/chess_arm_executor/cmake/export_chess_arm_executor__rosidl_generator_pyExport.cmake
[52.591s] -- Installing: /home/ryanl/4231/MTRN4231_Project/install/chess_arm_executor/share/chess_arm_executor/cmake/export_chess_arm_executor__rosidl_generator_pyExport-noconfig.cmake
[52.596s] Invoked command in '/home/ryanl/4231/MTRN4231_Project/build/chess_arm_executor' returned '0': CMAKE_PREFIX_PATH=${CMAKE_PREFIX_PATH}:/opt/ros/humble /usr/bin/cmake --install /home/ryanl/4231/MTRN4231_Project/build/chess_arm_executor
